[ 2016-01-31T00:02:24+08:00 ] ::1 /workspace/simpsons/trunk/server/Application/Admin/View/default/Public/dwz/themes/default/images/header_bg.png
ERR: 无法加载模块:Application

[ 2016-01-31T00:12:56+08:00 ] ::1 /workspace/simpsons/trunk/server/Application/Admin/View/default/Public/dwz/themes/default/images/header_bg.png
ERR: 无法加载模块:Application

[ 2016-01-31T00:16:19+08:00 ] ::1 /workspace/simpsons/trunk/server/Login/logout
ERR: 无法加载模块:Login

[ 2016-01-31T00:16:32+08:00 ] ::1 /workspace/simpsons/trunk/server/Login/logout
ERR: 无法加载模块:Login

[ 2016-01-31T01:34:56+08:00 ] ::1 /workspace/simpsons/trunk/server/Application/Admin/View/default/Public/dwz/themes/default/images/header_bg.png
ERR: 无法加载模块:Application

[ 2016-01-31T01:38:19+08:00 ] ::1 /workspace/simpsons/trunk/server/Application/Admin/View/default/Public/dwz/themes/default/images/header_bg.png
ERR: 无法加载模块:Application

[ 2016-01-31T01:43:02+08:00 ] ::1 /workspace/simpsons/trunk/server/Application/Admin/View/default/Public/dwz/themes/default/images/header_bg.png
ERR: 无法加载模块:Application

[ 2016-01-31T16:37:27+08:00 ] ::1 /workspace/simpsons/trunk/server/Application/Admin/View/default/Public/dwz/themes/default/images/header_bg.png
ERR: 无法加载模块:Application

[ 2016-01-31T22:39:56+08:00 ] ::1 /workspace/simpsons/trunk/server/Application/Admin/View/default/Public/dwz/themes/default/images/header_bg.png
ERR: 无法加载模块:Application

[ 2016-01-31T23:01:06+08:00 ] ::1 /workspace/simpsons/trunk/server/Application/Admin/View/default/Public/dwz/themes/default/images/header_bg.png
ERR: 无法加载模块:Application

[ 2016-01-31T23:10:27+08:00 ] ::1 /workspace/simpsons/trunk/server/Client/Home/index
ERR: 无法加载模块:Client

