[ 2016-06-15T00:00:46+08:00 ] ::1 /workspace/simpsons/trunk/server/Application/Index/View/default/Public/js/framework/jquerymobile/jquery.mobile-1.4.5.min.map
ERR: 无法加载模块:Application

[ 2016-06-15T00:01:31+08:00 ] ::1 /workspace/simpsons/trunk/server/Application/Index/View/default/Public/js/framework/jquerymobile/jquery.mobile-1.4.5.min.map
ERR: 无法加载模块:Application

[ 2016-06-15T00:02:06+08:00 ] ::1 /workspace/simpsons/trunk/server/Application/Index/View/default/Public/js/framework/jquerymobile/jquery.mobile-1.4.5.min.map
ERR: 无法加载模块:Application

[ 2016-06-15T00:02:29+08:00 ] ::1 /workspace/simpsons/trunk/server/Application/Index/View/default/Public/js/framework/jquerymobile/jquery.mobile-1.4.5.min.map
ERR: 无法加载模块:Application

[ 2016-06-15T00:02:50+08:00 ] ::1 /workspace/simpsons/trunk/server/Application/Index/View/default/Public/js/framework/jquerymobile/jquery.mobile-1.4.5.min.map
ERR: 无法加载模块:Application

[ 2016-06-15T00:03:13+08:00 ] ::1 /workspace/simpsons/trunk/server/Application/Index/View/default/Public/js/framework/jquerymobile/jquery.mobile-1.4.5.min.map
ERR: 无法加载模块:Application

[ 2016-06-15T00:03:41+08:00 ] ::1 /workspace/simpsons/trunk/server/Uploads/Scoreproduct//1461297593.png
ERR: 无法加载模块:Uploads

[ 2016-06-15T00:03:52+08:00 ] 127.0.0.1 /workspace/simpsons/trunk/server/Uploads/Scoreproduct//1459174886.png
ERR: 无法加载模块:Uploads

[ 2016-06-15T00:03:52+08:00 ] 127.0.0.1 /workspace/simpsons/trunk/server/Uploads/Scoreproduct//1461297593.png
ERR: 无法加载模块:Uploads

[ 2016-06-15T00:03:56+08:00 ] 127.0.0.1 /workspace/simpsons/trunk/server/Uploads/Scoreproduct//1459174886.png
ERR: 无法加载模块:Uploads

[ 2016-06-15T00:04:17+08:00 ] ::1 /workspace/simpsons/trunk/server/Uploads/Scoreproduct//1459174886.png
ERR: 无法加载模块:Uploads

[ 2016-06-15T00:04:44+08:00 ] 127.0.0.1 /workspace/simpsons/trunk/server/Uploads/Scoreproduct//1461297593.png
ERR: 无法加载模块:Uploads

[ 2016-06-15T00:04:44+08:00 ] 127.0.0.1 /workspace/simpsons/trunk/server/Uploads/Scoreproduct//1459174886.png
ERR: 无法加载模块:Uploads

[ 2016-06-15T00:04:46+08:00 ] 127.0.0.1 /workspace/simpsons/trunk/server/Uploads/Scoreproduct//1459174886.png
ERR: 无法加载模块:Uploads

[ 2016-06-15T00:05:06+08:00 ] ::1 /workspace/simpsons/trunk/server/Application/Index/View/default/Public/js/framework/jquerymobile/jquery.mobile-1.4.5.min.map
ERR: 无法加载模块:Application

[ 2016-06-15T00:05:47+08:00 ] 127.0.0.1 /workspace/simpsons/trunk/server/Uploads/Scoreproduct//1461297593.png
ERR: 无法加载模块:Uploads

[ 2016-06-15T00:05:47+08:00 ] 127.0.0.1 /workspace/simpsons/trunk/server/Uploads/Scoreproduct//1459174886.png
ERR: 无法加载模块:Uploads

[ 2016-06-15T00:05:50+08:00 ] 127.0.0.1 /workspace/simpsons/trunk/server/Uploads/Scoreproduct//1459174886.png
ERR: 无法加载模块:Uploads

[ 2016-06-15T00:06:04+08:00 ] ::1 /workspace/simpsons/trunk/server/Application/Index/View/default/Public/js/framework/jquerymobile/jquery.mobile-1.4.5.min.map
ERR: 无法加载模块:Application

