[ 2016-03-19T00:49:47+08:00 ] ::1 /workspace/simpsons/trunk/server/workspace/simpsons/trunk/server.html
ERR: 无法加载模块:Workspace

[ 2016-03-19T00:49:48+08:00 ] ::1 /workspace/simpsons/trunk/server/workspace/simpsons/trunk/server.html
ERR: 无法加载模块:Workspace

[ 2016-03-19T00:49:48+08:00 ] ::1 /workspace/simpsons/trunk/server/workspace/simpsons/trunk/server.html
ERR: 无法加载模块:Workspace

[ 2016-03-19T00:49:49+08:00 ] ::1 /workspace/simpsons/trunk/server/workspace/simpsons/trunk/server.html
ERR: 无法加载模块:Workspace

[ 2016-03-19T00:49:49+08:00 ] ::1 /workspace/simpsons/trunk/server/workspace/simpsons/trunk/server.html
ERR: 无法加载模块:Workspace

[ 2016-03-19T01:00:54+08:00 ] ::1 /workspace/simpsons/trunk/server/Application/Admin/View/default/Public/dwz/themes/default/images/header_bg.png
ERR: 无法加载模块:Application

[ 2016-03-19T01:12:55+08:00 ] ::1 /workspace/simpsons/trunk/server/Application/Admin/View/default/Public/dwz/themes/default/images/header_bg.png
ERR: 无法加载模块:Application

[ 2016-03-19T15:23:57+08:00 ] ::1 /workspace/simpsons/trunk/server/Application/Admin/View/default/Public/dwz/themes/default/images/header_bg.png
ERR: 无法加载模块:Application

[ 2016-03-19T22:02:34+08:00 ] ::1 /workspace/simpsons/trunk/server/Application/Admin/View/default/Public/dwz/themes/default/images/header_bg.png
ERR: 无法加载模块:Application

[ 2016-03-19T22:50:57+08:00 ] ::1 /workspace/simpsons/trunk/server/Application/Index/View/default/Public/images/benefitStartButtonDisabled.png
ERR: 无法加载模块:Application

[ 2016-03-19T22:52:36+08:00 ] ::1 /workspace/simpsons/trunk/server/Application/Index/View/default/Public/images/benefitStartButtonDisabled.png
ERR: 无法加载模块:Application

[ 2016-03-19T22:53:03+08:00 ] ::1 /workspace/simpsons/trunk/server/Application/Index/View/default/Public/images/benefitStartButtonDisabled.png
ERR: 无法加载模块:Application

[ 2016-03-19T22:56:24+08:00 ] ::1 /workspace/simpsons/trunk/server/Application/Index/View/default/Public/images/benefitStartButtonDisabled.png
ERR: 无法加载模块:Application

[ 2016-03-19T23:02:44+08:00 ] ::1 /workspace/simpsons/trunk/server/Application/Index/View/default/Public/images/benefitStartButtonDisabled.png
ERR: 无法加载模块:Application

[ 2016-03-19T23:02:49+08:00 ] ::1 /workspace/simpsons/trunk/server/Application/Index/View/default/Public/images/benefitStartButtonDisabled.png
ERR: 无法加载模块:Application

[ 2016-03-19T23:03:20+08:00 ] ::1 /workspace/simpsons/trunk/server/Application/Index/View/default/Public/images/benefitStartButtonDisabled.png
ERR: 无法加载模块:Application

[ 2016-03-19T23:03:32+08:00 ] ::1 /workspace/simpsons/trunk/server/Application/Index/View/default/Public/images/benefitStartButtonDisabled.png
ERR: 无法加载模块:Application

[ 2016-03-19T23:04:22+08:00 ] ::1 /workspace/simpsons/trunk/server/Application/Index/View/default/Public/images/benefitStartButtonDisabled.png
ERR: 无法加载模块:Application

[ 2016-03-19T23:06:44+08:00 ] ::1 /workspace/simpsons/trunk/server/Application/Index/View/default/Public/images/benefitStartButtonDisabled.png
ERR: 无法加载模块:Application

[ 2016-03-19T23:07:03+08:00 ] ::1 /workspace/simpsons/trunk/server/workspace/simpsons/trunk/server.html
ERR: 无法加载模块:Workspace

[ 2016-03-19T23:07:04+08:00 ] ::1 /workspace/simpsons/trunk/server/workspace/simpsons/trunk/server.html
ERR: 无法加载模块:Workspace

[ 2016-03-19T23:07:05+08:00 ] ::1 /workspace/simpsons/trunk/server/workspace/simpsons/trunk/server.html
ERR: 无法加载模块:Workspace

[ 2016-03-19T23:24:37+08:00 ] 127.0.0.1 /workspace/simpsons/trunk/server/Application/Index/View/default/Public/images/benefitStartButtonDisabled.png
ERR: 无法加载模块:Application

[ 2016-03-19T23:25:16+08:00 ] 127.0.0.1 /workspace/simpsons/trunk/server/Application/Index/View/default/Public/images/benefitStartButtonDisabled.png
ERR: 无法加载模块:Application

[ 2016-03-19T23:25:56+08:00 ] 127.0.0.1 /workspace/simpsons/trunk/server/Application/Index/View/default/Public/images/benefitStartButtonDisabled.png
ERR: 无法加载模块:Application

