[ 2016-08-02T00:14:32+08:00 ] ::1 /evaluationSystem/Application/Admin/View/Public/dwz/themes/default/images/grid/tableth.png
ERR: 无法加载模块:Application

[ 2016-08-02T09:11:12+08:00 ] ::1 /evaluationSystem/Application/Admin/View/default/Public/dwz/themes/default/images/header_bg.png
ERR: 无法加载模块:Application

[ 2016-08-02T09:11:21+08:00 ] ::1 /evaluationSystem/Application/Admin/View/Public/dwz/themes/default/images/grid/tableth.png
ERR: 无法加载模块:Application

[ 2016-08-02T09:12:04+08:00 ] ::1 /evaluationSystem/Application/Admin/View/Public/dwz/themes/default/images/grid/tableth.png
ERR: 无法加载模块:Application

[ 2016-08-02T09:58:26+08:00 ] ::1 /evaluationSystem/Public/css/Login.js
ERR: 无法加载模块:Public

[ 2016-08-02T10:00:04+08:00 ] ::1 /evaluationSystem/Application/MODULE_NAME/View/DEFAULT_THEME/Public/css/Login.css
ERR: 无法加载模块:Application

[ 2016-08-02T10:00:04+08:00 ] ::1 /evaluationSystem/Application/MODULE_NAME/View/DEFAULT_THEME/Public/js/Login.js
ERR: 无法加载模块:Application

[ 2016-08-02T10:00:08+08:00 ] ::1 /evaluationSystem/Application/MODULE_NAME/View/DEFAULT_THEME/Public/css/Login.css
ERR: 无法加载模块:Application

[ 2016-08-02T10:00:08+08:00 ] ::1 /evaluationSystem/Application/MODULE_NAME/View/DEFAULT_THEME/Public/js/Login.js
ERR: 无法加载模块:Application

[ 2016-08-02T10:00:32+08:00 ] ::1 /evaluationSystem/Application/Index/View/DEFAULT_THEME/Public/js/Login.js
ERR: 无法加载模块:Application

[ 2016-08-02T10:00:32+08:00 ] ::1 /evaluationSystem/Application/Index/View/DEFAULT_THEME/Public/css/Login.css
ERR: 无法加载模块:Application

[ 2016-08-02T10:00:53+08:00 ] ::1 /evaluationSystem/Application/Index/View/default/Public/css/images/bg.jpg
ERR: 无法加载模块:Application

[ 2016-08-02T10:14:53+08:00 ] ::1 /evaluationSystem/Application/Index/Login/login.html.html
ERR: 无法加载模块:Application

[ 2016-08-02T10:19:47+08:00 ] ::1 /evaluationSystem/Application/Index/Login/login.html
ERR: 无法加载模块:Application

[ 2016-08-02T10:19:56+08:00 ] ::1 /evaluationSystem/Application/Admin/Login/login.html
ERR: 无法加载模块:Application

[ 2016-08-02T10:20:05+08:00 ] ::1 /evaluationSystem/Application/Index/Login/login.html
ERR: 无法加载模块:Application

[ 2016-08-02T10:20:23+08:00 ] ::1 /evaluationSystem/Application/Index/Login/login.html
ERR: 无法加载模块:Application

[ 2016-08-02T10:20:24+08:00 ] ::1 /evaluationSystem/Application/Index/Login/login.html
ERR: 无法加载模块:Application

[ 2016-08-02T10:21:49+08:00 ] ::1 /evaluationSystem/Application/Index/Login/login.html
ERR: 无法加载模块:Application

[ 2016-08-02T10:22:05+08:00 ] ::1 /evaluationSystem/Application/Index/Login/login.html
ERR: 无法加载模块:Application

[ 2016-08-02T10:22:58+08:00 ] ::1 /evaluationSystem/Application/Index/Login/login.html
ERR: 无法加载模块:Application

[ 2016-08-02T10:23:36+08:00 ] ::1 /evaluationSystem/__APP__/Index/Login/login.html
ERR: 无法加载模块:__APP__

[ 2016-08-02T10:23:50+08:00 ] ::1 /evaluationSystem/__APP__/Index/Login/login.html
ERR: 无法加载模块:__APP__

[ 2016-08-02T11:11:14+08:00 ] ::1 /evaluationSystem/Application/Admin/View/default/Public/dwz/themes/default/images/header_bg.png
ERR: 无法加载模块:Application

[ 2016-08-02T15:59:21+08:00 ] ::1 /evaluationSystem/Application/Admin/View/default/Public/dwz/themes/default/images/header_bg.png
ERR: 无法加载模块:Application

[ 2016-08-02T19:00:51+08:00 ] ::1 /evaluationSystem/Application/Admin/View/default/Public/dwz/themes/default/images/header_bg.png
ERR: 无法加载模块:Application

[ 2016-08-02T19:45:39+08:00 ] ::1 /evaluationSystem/Application/Index/View/default/Public/images/ad2
ERR: 无法加载模块:Application

[ 2016-08-02T19:45:39+08:00 ] ::1 /evaluationSystem/Application/Index/View/default/Public/images/ad1
ERR: 无法加载模块:Application

[ 2016-08-02T19:45:39+08:00 ] ::1 /evaluationSystem/Application/Index/View/default/Public/images/ad2
ERR: 无法加载模块:Application

[ 2016-08-02T19:45:39+08:00 ] ::1 /evaluationSystem/Application/Index/View/default/Public/images/ad1
ERR: 无法加载模块:Application

[ 2016-08-02T19:46:59+08:00 ] ::1 /evaluationSystem/Application/Index/View/default/Public/images/ad2
ERR: 无法加载模块:Application

[ 2016-08-02T19:46:59+08:00 ] ::1 /evaluationSystem/Application/Index/View/default/Public/images/ad1
ERR: 无法加载模块:Application

[ 2016-08-02T19:46:59+08:00 ] ::1 /evaluationSystem/Application/Index/View/default/Public/images/ad2
ERR: 无法加载模块:Application

[ 2016-08-02T19:47:24+08:00 ] ::1 /evaluationSystem/Application/Index/View/default/Public/images/ad2
ERR: 无法加载模块:Application

[ 2016-08-02T19:47:24+08:00 ] ::1 /evaluationSystem/Application/Index/View/default/Public/images/ad1
ERR: 无法加载模块:Application

[ 2016-08-02T19:47:25+08:00 ] ::1 /evaluationSystem/Application/Index/View/default/Public/images/ad2
ERR: 无法加载模块:Application

[ 2016-08-02T19:47:26+08:00 ] ::1 /evaluationSystem/Application/Index/View/default/Public/images/ad1
ERR: 无法加载模块:Application

[ 2016-08-02T19:47:26+08:00 ] ::1 /evaluationSystem/Application/Index/View/default/Public/images/ad2
ERR: 无法加载模块:Application

[ 2016-08-02T19:48:45+08:00 ] ::1 /evaluationSystem/Application/Index/View/default/Public/images/ad3
ERR: 无法加载模块:Application

[ 2016-08-02T19:48:46+08:00 ] ::1 /evaluationSystem/Application/Index/View/default/Public/images/ad3
ERR: 无法加载模块:Application

[ 2016-08-02T19:49:31+08:00 ] ::1 /evaluationSystem/Application/Admin/View/default/Public/dwz/themes/default/images/header_bg.png
ERR: 无法加载模块:Application

[ 2016-08-02T19:50:19+08:00 ] ::1 /evaluationSystem/Application/Index/View/default/Public/images/ad3.jpg
ERR: 无法加载模块:Application

[ 2016-08-02T19:50:19+08:00 ] ::1 /evaluationSystem/Application/Index/View/default/Public/images/ad3.jpg
ERR: 无法加载模块:Application

[ 2016-08-02T19:50:26+08:00 ] ::1 /evaluationSystem/Application/Index/View/default/Public/images/ad3.jpg
ERR: 无法加载模块:Application

[ 2016-08-02T19:50:26+08:00 ] ::1 /evaluationSystem/Application/Index/View/default/Public/images/ad3.jpg
ERR: 无法加载模块:Application

[ 2016-08-02T19:50:27+08:00 ] ::1 /evaluationSystem/Application/Index/View/default/Public/images/ad3.jpg
ERR: 无法加载模块:Application

[ 2016-08-02T19:50:27+08:00 ] ::1 /evaluationSystem/Application/Index/View/default/Public/images/ad3.jpg
ERR: 无法加载模块:Application

