[ 2016-06-14T21:07:17+08:00 ] ::1 /workspace/simpsons/trunk/server/Application/Index/View/default/Public/js/framework/jquerymobile/jquery.mobile-1.4.5.min.map
ERR: 无法加载模块:Application

[ 2016-06-14T21:08:15+08:00 ] ::1 /workspace/simpsons/trunk/server/Application/Index/View/default/Public/js/framework/jquerymobile/jquery.mobile-1.4.5.min.map
ERR: 无法加载模块:Application

[ 2016-06-14T21:08:52+08:00 ] ::1 /workspace/simpsons/trunk/server/Application/Index/View/default/Public/js/framework/jquerymobile/jquery.mobile-1.4.5.min.map
ERR: 无法加载模块:Application

[ 2016-06-14T21:16:42+08:00 ] ::1 /workspace/simpsons/trunk/server/Application/Index/View/default/Public/js/framework/jquerymobile/jquery.mobile-1.4.5.min.map
ERR: 无法加载模块:Application

[ 2016-06-14T21:16:54+08:00 ] ::1 /workspace/simpsons/trunk/server/Application/Index/View/default/Public/js/framework/jquerymobile/jquery.mobile-1.4.5.min.map
ERR: 无法加载模块:Application

[ 2016-06-14T21:17:20+08:00 ] ::1 /workspace/simpsons/trunk/server/Application/Index/View/default/Public/js/framework/jquerymobile/jquery.mobile-1.4.5.min.map
ERR: 无法加载模块:Application

[ 2016-06-14T21:17:31+08:00 ] ::1 /workspace/simpsons/trunk/server/Application/Index/View/default/Public/js/framework/jquerymobile/jquery.mobile-1.4.5.min.map
ERR: 无法加载模块:Application

[ 2016-06-14T21:18:14+08:00 ] ::1 /workspace/simpsons/trunk/server/Application/Index/View/default/Public/js/framework/jquerymobile/jquery.mobile-1.4.5.min.map
ERR: 无法加载模块:Application

[ 2016-06-14T21:18:47+08:00 ] ::1 /workspace/simpsons/trunk/server/Application/Index/View/default/Public/js/framework/jquerymobile/jquery.mobile-1.4.5.min.map
ERR: 无法加载模块:Application

[ 2016-06-14T21:45:20+08:00 ] ::1 /workspace/simpsons/trunk/server/Application/Index/View/default/Public/js/framework/jquerymobile/jquery.mobile-1.4.5.min.map
ERR: 无法加载模块:Application

[ 2016-06-14T21:46:10+08:00 ] ::1 /workspace/simpsons/trunk/server/Application/Index/View/default/Public/js/framework/jquerymobile/jquery.mobile-1.4.5.min.map
ERR: 无法加载模块:Application

[ 2016-06-14T21:47:02+08:00 ] ::1 /workspace/simpsons/trunk/server/Application/Index/View/default/Public/js/framework/jquerymobile/jquery.mobile-1.4.5.min.map
ERR: 无法加载模块:Application

[ 2016-06-14T21:48:44+08:00 ] ::1 /workspace/simpsons/trunk/server/Application/Index/View/default/Public/js/framework/jquerymobile/jquery.mobile-1.4.5.min.map
ERR: 无法加载模块:Application

[ 2016-06-14T21:48:53+08:00 ] ::1 /workspace/simpsons/trunk/server/Application/Index/View/default/Public/js/framework/jquerymobile/jquery.mobile-1.4.5.min.map
ERR: 无法加载模块:Application

[ 2016-06-14T22:19:10+08:00 ] ::1 /workspace/simpsons/trunk/server/Application/Index/View/default/Public/js/framework/jquerymobile/jquery.mobile-1.4.5.min.map
ERR: 无法加载模块:Application

[ 2016-06-14T22:20:19+08:00 ] ::1 /workspace/simpsons/trunk/server/Application/Index/View/default/Public/js/framework/jquerymobile/jquery.mobile-1.4.5.min.map
ERR: 无法加载模块:Application

[ 2016-06-14T22:20:39+08:00 ] ::1 /workspace/simpsons/trunk/server/Application/Index/View/default/Public/js/framework/jquerymobile/jquery.mobile-1.4.5.min.map
ERR: 无法加载模块:Application

[ 2016-06-14T22:20:53+08:00 ] ::1 /workspace/simpsons/trunk/server/Application/Index/View/default/Public/js/framework/jquerymobile/jquery.mobile-1.4.5.min.map
ERR: 无法加载模块:Application

[ 2016-06-14T22:21:49+08:00 ] ::1 /workspace/simpsons/trunk/server/Application/Index/View/default/Public/js/framework/jquerymobile/jquery.mobile-1.4.5.min.map
ERR: 无法加载模块:Application

[ 2016-06-14T22:22:09+08:00 ] ::1 /workspace/simpsons/trunk/server/Application/Index/View/default/Public/js/framework/jquerymobile/jquery.mobile-1.4.5.min.map
ERR: 无法加载模块:Application

[ 2016-06-14T22:25:38+08:00 ] ::1 /workspace/simpsons/trunk/server/Application/Admin/View/default/Public/dwz/themes/default/images/header_bg.png
ERR: 无法加载模块:Application

[ 2016-06-14T22:26:56+08:00 ] ::1 /workspace/simpsons/trunk/server/Application/Index/View/default/Public/js/framework/jquerymobile/jquery.mobile-1.4.5.min.map
ERR: 无法加载模块:Application

[ 2016-06-14T22:28:47+08:00 ] ::1 /workspace/simpsons/trunk/server/Application/Index/View/default/Public/js/framework/jquerymobile/jquery.mobile-1.4.5.min.map
ERR: 无法加载模块:Application

[ 2016-06-14T22:29:46+08:00 ] ::1 /workspace/simpsons/trunk/server/Application/Index/View/default/Public/js/framework/jquerymobile/jquery.mobile-1.4.5.min.map
ERR: 无法加载模块:Application

[ 2016-06-14T22:32:36+08:00 ] ::1 /workspace/simpsons/trunk/server/Application/Index/View/default/Public/js/framework/jquerymobile/jquery.mobile-1.4.5.min.map
ERR: 无法加载模块:Application

[ 2016-06-14T22:33:26+08:00 ] ::1 /workspace/simpsons/trunk/server/Application/Index/View/default/Public/js/framework/jquerymobile/jquery.mobile-1.4.5.min.map
ERR: 无法加载模块:Application

[ 2016-06-14T22:34:08+08:00 ] ::1 /workspace/simpsons/trunk/server/Application/Index/View/default/Public/js/framework/jquerymobile/jquery.mobile-1.4.5.min.map
ERR: 无法加载模块:Application

[ 2016-06-14T22:35:16+08:00 ] ::1 /workspace/simpsons/trunk/server/Application/Index/View/default/Public/js/framework/jquerymobile/jquery.mobile-1.4.5.min.map
ERR: 无法加载模块:Application

[ 2016-06-14T22:37:28+08:00 ] ::1 /workspace/simpsons/trunk/server/Application/Index/View/default/Public/js/framework/jquerymobile/jquery.mobile-1.4.5.min.map
ERR: 无法加载模块:Application

[ 2016-06-14T22:38:05+08:00 ] ::1 /workspace/simpsons/trunk/server/Application/Index/View/default/Public/js/framework/jquerymobile/jquery.mobile-1.4.5.min.map
ERR: 无法加载模块:Application

[ 2016-06-14T22:38:54+08:00 ] ::1 /workspace/simpsons/trunk/server/Application/Index/View/default/Public/js/framework/jquerymobile/jquery.mobile-1.4.5.min.map
ERR: 无法加载模块:Application

[ 2016-06-14T23:11:09+08:00 ] ::1 /workspace/simpsons/trunk/server/Application/Index/View/default/Public/js/framework/jquerymobile/jquery.mobile-1.4.5.min.map
ERR: 无法加载模块:Application

[ 2016-06-14T23:12:07+08:00 ] ::1 /workspace/simpsons/trunk/server/Application/Index/View/default/Public/js/framework/jquerymobile/jquery.mobile-1.4.5.min.map
ERR: 无法加载模块:Application

[ 2016-06-14T23:13:19+08:00 ] ::1 /workspace/simpsons/trunk/server/Application/Index/View/default/Public/js/framework/jquerymobile/jquery.mobile-1.4.5.min.map
ERR: 无法加载模块:Application

[ 2016-06-14T23:15:27+08:00 ] ::1 /workspace/simpsons/trunk/server/Application/Index/View/default/Public/js/framework/jquerymobile/jquery.mobile-1.4.5.min.map
ERR: 无法加载模块:Application

[ 2016-06-14T23:17:51+08:00 ] ::1 /workspace/simpsons/trunk/server/Application/Index/View/default/Public/js/framework/jquerymobile/jquery.mobile-1.4.5.min.map
ERR: 无法加载模块:Application

[ 2016-06-14T23:20:24+08:00 ] 127.0.0.1 /workspace/simpsons/trunk/server/Uploads/Scoreproduct//1461297593.png
ERR: 无法加载模块:Uploads

[ 2016-06-14T23:20:24+08:00 ] 127.0.0.1 /workspace/simpsons/trunk/server/Uploads/Scoreproduct//1459174886.png
ERR: 无法加载模块:Uploads

[ 2016-06-14T23:20:52+08:00 ] ::1 /workspace/simpsons/trunk/server/Application/Index/View/default/Public/js/framework/jquerymobile/jquery.mobile-1.4.5.min.map
ERR: 无法加载模块:Application

[ 2016-06-14T23:23:42+08:00 ] ::1 /workspace/simpsons/trunk/server/Application/Index/View/default/Public/js/framework/jquerymobile/jquery.mobile-1.4.5.min.map
ERR: 无法加载模块:Application

[ 2016-06-14T23:24:17+08:00 ] ::1 /workspace/simpsons/trunk/server/Application/Index/View/default/Public/js/framework/jquerymobile/jquery.mobile-1.4.5.min.map
ERR: 无法加载模块:Application

[ 2016-06-14T23:26:49+08:00 ] ::1 /workspace/simpsons/trunk/server/Application/Index/View/default/Public/js/framework/jquerymobile/jquery.mobile-1.4.5.min.map
ERR: 无法加载模块:Application

[ 2016-06-14T23:29:32+08:00 ] ::1 /workspace/simpsons/trunk/server/Application/Index/View/default/Public/js/framework/jquerymobile/jquery.mobile-1.4.5.min.map
ERR: 无法加载模块:Application

[ 2016-06-14T23:29:43+08:00 ] ::1 /workspace/simpsons/trunk/server/Application/Index/View/default/Public/js/framework/jquerymobile/jquery.mobile-1.4.5.min.map
ERR: 无法加载模块:Application

[ 2016-06-14T23:30:10+08:00 ] ::1 /workspace/simpsons/trunk/server/Application/Index/View/default/Public/js/framework/jquerymobile/jquery.mobile-1.4.5.min.map
ERR: 无法加载模块:Application

[ 2016-06-14T23:30:58+08:00 ] ::1 /workspace/simpsons/trunk/server/Application/Index/View/default/Public/js/framework/jquerymobile/jquery.mobile-1.4.5.min.map
ERR: 无法加载模块:Application

[ 2016-06-14T23:32:52+08:00 ] ::1 /workspace/simpsons/trunk/server/Application/Index/View/default/Public/js/framework/jquerymobile/jquery.mobile-1.4.5.min.map
ERR: 无法加载模块:Application

[ 2016-06-14T23:34:13+08:00 ] ::1 /workspace/simpsons/trunk/server/Application/Admin/View/default/Public/dwz/themes/default/images/header_bg.png
ERR: 无法加载模块:Application

[ 2016-06-14T23:35:13+08:00 ] ::1 /workspace/simpsons/trunk/server/Application/Index/View/default/Public/js/framework/jquerymobile/jquery.mobile-1.4.5.min.map
ERR: 无法加载模块:Application

[ 2016-06-14T23:38:27+08:00 ] ::1 /workspace/simpsons/trunk/server/Application/Index/View/default/Public/js/framework/jquerymobile/jquery.mobile-1.4.5.min.map
ERR: 无法加载模块:Application

[ 2016-06-14T23:41:32+08:00 ] ::1 /workspace/simpsons/trunk/server/Application/Index/View/default/Public/js/framework/jquerymobile/jquery.mobile-1.4.5.min.map
ERR: 无法加载模块:Application

[ 2016-06-14T23:42:30+08:00 ] ::1 /workspace/simpsons/trunk/server/Application/Index/View/default/Public/js/framework/jquerymobile/jquery.mobile-1.4.5.min.map
ERR: 无法加载模块:Application

[ 2016-06-14T23:42:57+08:00 ] ::1 /workspace/simpsons/trunk/server/Application/Index/View/default/Public/js/framework/jquerymobile/jquery.mobile-1.4.5.min.map
ERR: 无法加载模块:Application

[ 2016-06-14T23:43:59+08:00 ] ::1 /workspace/simpsons/trunk/server/Application/Index/View/default/Public/js/framework/jquerymobile/jquery.mobile-1.4.5.min.map
ERR: 无法加载模块:Application

[ 2016-06-14T23:47:34+08:00 ] ::1 /workspace/simpsons/trunk/server/Application/Index/View/default/Public/js/framework/jquerymobile/jquery.mobile-1.4.5.min.map
ERR: 无法加载模块:Application

[ 2016-06-14T23:51:29+08:00 ] ::1 /workspace/simpsons/trunk/server/Application/Index/View/default/Public/js/framework/jquerymobile/jquery.mobile-1.4.5.min.map
ERR: 无法加载模块:Application

[ 2016-06-14T23:52:29+08:00 ] ::1 /workspace/simpsons/trunk/server/Application/Index/View/default/Public/js/framework/jquerymobile/jquery.mobile-1.4.5.min.map
ERR: 无法加载模块:Application

[ 2016-06-14T23:53:00+08:00 ] ::1 /workspace/simpsons/trunk/server/Application/Index/View/default/Public/js/framework/jquerymobile/jquery.mobile-1.4.5.min.map
ERR: 无法加载模块:Application

[ 2016-06-14T23:55:21+08:00 ] ::1 /workspace/simpsons/trunk/server/Application/Index/View/default/Public/js/framework/jquerymobile/jquery.mobile-1.4.5.min.map
ERR: 无法加载模块:Application

[ 2016-06-14T23:55:50+08:00 ] ::1 /workspace/simpsons/trunk/server/Application/Index/View/default/Public/js/framework/jquerymobile/jquery.mobile-1.4.5.min.map
ERR: 无法加载模块:Application

[ 2016-06-14T23:56:19+08:00 ] ::1 /workspace/simpsons/trunk/server/Application/Index/View/default/Public/js/framework/jquerymobile/jquery.mobile-1.4.5.min.map
ERR: 无法加载模块:Application

[ 2016-06-14T23:58:22+08:00 ] ::1 /workspace/simpsons/trunk/server/Application/Index/View/default/Public/js/framework/jquerymobile/jquery.mobile-1.4.5.min.map
ERR: 无法加载模块:Application

[ 2016-06-14T23:59:32+08:00 ] ::1 /workspace/simpsons/trunk/server/Application/Index/View/default/Public/js/framework/jquerymobile/jquery.mobile-1.4.5.min.map
ERR: 无法加载模块:Application

