[ 2016-01-30T16:50:40+08:00 ] ::1 /workspace/simpsons/trunk/server/Application/Admin/View/default/Public/dwz/themes/default/images/header_bg.png
ERR: 无法加载模块:Application

[ 2016-01-30T21:57:14+08:00 ] ::1 /workspace/simpsons/trunk/server/Application/Admin/View/Public/dwz/themes/default/images/grid/tableth.png
ERR: 无法加载模块:Application

[ 2016-01-30T21:57:16+08:00 ] ::1 /workspace/simpsons/trunk/server/Application/Admin/View/Public/dwz/themes/default/images/grid/tableth.png
ERR: 无法加载模块:Application

[ 2016-01-30T21:57:26+08:00 ] ::1 /workspace/simpsons/trunk/server/Application/Admin/View/Public/dwz/themes/default/images/grid/tableth.png
ERR: 无法加载模块:Application

[ 2016-01-30T23:22:21+08:00 ] ::1 /workspace/simpsons/trunk/server/Application/Admin/View/default/Public/dwz/themes/purple/images/listLine.png
ERR: 无法加载模块:Application

[ 2016-01-30T23:25:09+08:00 ] ::1 /workspace/simpsons/trunk/server/Public/js/jquery-1.7.1.js
ERR: 无法加载模块:Public

[ 2016-01-30T23:27:52+08:00 ] ::1 /workspace/simpsons/trunk/server/Public/js/jquery-1.7.1.js
ERR: 无法加载模块:Public

[ 2016-01-30T23:29:35+08:00 ] ::1 /workspace/simpsons/trunk/server/Public/js/jquery-1.7.1.js
ERR: 无法加载模块:Public

[ 2016-01-30T23:30:36+08:00 ] ::1 /workspace/simpsons/trunk/server/Public/js/jquery-1.7.1.js
ERR: 无法加载模块:Public

[ 2016-01-30T23:30:46+08:00 ] ::1 /workspace/simpsons/trunk/server/Public/js/jquery-1.7.1.js
ERR: 无法加载模块:Public

[ 2016-01-30T23:31:10+08:00 ] ::1 /workspace/simpsons/trunk/server/Public/js/jquery-1.7.1.js
ERR: 无法加载模块:Public

[ 2016-01-30T23:33:11+08:00 ] ::1 /workspace/simpsons/trunk/server/Public/js/jquery-1.7.1.js
ERR: 无法加载模块:Public

[ 2016-01-30T23:33:39+08:00 ] ::1 /workspace/simpsons/trunk/server/Public/js/jquery-1.7.1.js
ERR: 无法加载模块:Public

[ 2016-01-30T23:34:32+08:00 ] ::1 /workspace/simpsons/trunk/server/Public/js/jquery-1.7.1.js
ERR: 无法加载模块:Public

[ 2016-01-30T23:35:13+08:00 ] ::1 /workspace/simpsons/trunk/server/Public/js/jquery-1.7.1.js
ERR: 无法加载模块:Public

[ 2016-01-30T23:35:26+08:00 ] ::1 /workspace/simpsons/trunk/server/Public/js/jquery-1.7.1.js
ERR: 无法加载模块:Public

[ 2016-01-30T23:36:14+08:00 ] ::1 /workspace/simpsons/trunk/server/Public/js/jquery-1.7.1.js
ERR: 无法加载模块:Public

[ 2016-01-30T23:37:45+08:00 ] ::1 /workspace/simpsons/trunk/server/Public/js/jquery-1.7.1.js
ERR: 无法加载模块:Public

[ 2016-01-30T23:38:10+08:00 ] ::1 /workspace/simpsons/trunk/server/Public/js/jquery-1.7.1.js
ERR: 无法加载模块:Public

[ 2016-01-30T23:39:07+08:00 ] ::1 /workspace/simpsons/trunk/server/Public/js/jquery-1.7.1.js
ERR: 无法加载模块:Public

[ 2016-01-30T23:39:35+08:00 ] ::1 /workspace/simpsons/trunk/server/Public/js/jquery-1.7.1.js
ERR: 无法加载模块:Public

[ 2016-01-30T23:50:22+08:00 ] ::1 /workspace/simpsons/trunk/server/Application/Admin/View/default/Public/dwz/themes/default/images/header_bg.png
ERR: 无法加载模块:Application

[ 2016-01-30T23:50:23+08:00 ] ::1 /workspace/simpsons/trunk/server/Application/Admin/View/default/Public/dwz/themes/default/images/header_bg.png
ERR: 无法加载模块:Application

[ 2016-01-30T23:53:35+08:00 ] ::1 /workspace/simpsons/trunk/server/Application/Admin/View/default/Public/dwz/themes/default/images/header_bg.png
ERR: 无法加载模块:Application

[ 2016-01-30T23:55:39+08:00 ] ::1 /workspace/simpsons/trunk/server/Application/Admin/View/default/Public/dwz/themes/default/images/header_bg.png
ERR: 无法加载模块:Application

