[ 2016-03-20T00:20:04+08:00 ] ::1 /workspace/simpsons/trunk/server/workspace/simpsons/trunk/server.html
ERR: 无法加载模块:Workspace

[ 2016-03-20T00:20:06+08:00 ] ::1 /workspace/simpsons/trunk/server/workspace/simpsons/trunk/server.html
ERR: 无法加载模块:Workspace

[ 2016-03-20T00:20:06+08:00 ] ::1 /workspace/simpsons/trunk/server/workspace/simpsons/trunk/server.html
ERR: 无法加载模块:Workspace

[ 2016-03-20T00:20:07+08:00 ] ::1 /workspace/simpsons/trunk/server/workspace/simpsons/trunk/server.html
ERR: 无法加载模块:Workspace

[ 2016-03-20T00:20:08+08:00 ] ::1 /workspace/simpsons/trunk/server/workspace/simpsons/trunk/server.html
ERR: 无法加载模块:Workspace

[ 2016-03-20T00:37:18+08:00 ] ::1 /workspace/simpsons/trunk/server/workspace/simpsons/trunk/server.html
ERR: 无法加载模块:Workspace

[ 2016-03-20T00:37:20+08:00 ] ::1 /workspace/simpsons/trunk/server/workspace/simpsons/trunk/server.html
ERR: 无法加载模块:Workspace

[ 2016-03-20T00:37:20+08:00 ] ::1 /workspace/simpsons/trunk/server/workspace/simpsons/trunk/server.html
ERR: 无法加载模块:Workspace

[ 2016-03-20T00:37:21+08:00 ] ::1 /workspace/simpsons/trunk/server/workspace/simpsons/trunk/server.html
ERR: 无法加载模块:Workspace

[ 2016-03-20T00:37:21+08:00 ] ::1 /workspace/simpsons/trunk/server/workspace/simpsons/trunk/server.html
ERR: 无法加载模块:Workspace

[ 2016-03-20T00:38:15+08:00 ] ::1 /workspace/simpsons/trunk/server/workspace/simpsons/trunk/server.html
ERR: 无法加载模块:Workspace

[ 2016-03-20T00:58:51+08:00 ] ::1 /workspace/simpsons/trunk/server/workspace/simpsons/trunk/server.html
ERR: 无法加载模块:Workspace

[ 2016-03-20T00:58:52+08:00 ] ::1 /workspace/simpsons/trunk/server/workspace/simpsons/trunk/server.html
ERR: 无法加载模块:Workspace

[ 2016-03-20T00:59:39+08:00 ] ::1 /workspace/simpsons/trunk/server/workspace/simpsons/trunk/server.html
ERR: 无法加载模块:Workspace

[ 2016-03-20T00:59:39+08:00 ] ::1 /workspace/simpsons/trunk/server/workspace/simpsons/trunk/server.html
ERR: 无法加载模块:Workspace

[ 2016-03-20T00:59:40+08:00 ] ::1 /workspace/simpsons/trunk/server/workspace/simpsons/trunk/server.html
ERR: 无法加载模块:Workspace

[ 2016-03-20T15:41:54+08:00 ] ::1 /workspace/simpsons/trunk/server/Application/Index/View/default/Public/images/benefitStartButtonDisabled1.png
ERR: 无法加载模块:Application

[ 2016-03-20T16:44:19+08:00 ] ::1 /workspace/simpsons/trunk/server/Application/Admin/View/default/Public/dwz/themes/default/images/header_bg.png
ERR: 无法加载模块:Application

[ 2016-03-20T20:19:59+08:00 ] ::1 /workspace/simpsons/trunk/server/Application/Index/View/default/Public/images/confirmBuyDisabled.png
ERR: 无法加载模块:Application

[ 2016-03-20T20:44:54+08:00 ] ::1 /workspace/simpsons/trunk/server/workspace/simpsons/trunk/server.html
ERR: 无法加载模块:Workspace

[ 2016-03-20T20:44:55+08:00 ] ::1 /workspace/simpsons/trunk/server/workspace/simpsons/trunk/server.html
ERR: 无法加载模块:Workspace

[ 2016-03-20T20:44:55+08:00 ] ::1 /workspace/simpsons/trunk/server/workspace/simpsons/trunk/server.html
ERR: 无法加载模块:Workspace

[ 2016-03-20T20:44:56+08:00 ] ::1 /workspace/simpsons/trunk/server/workspace/simpsons/trunk/server.html
ERR: 无法加载模块:Workspace

[ 2016-03-20T20:44:56+08:00 ] ::1 /workspace/simpsons/trunk/server/workspace/simpsons/trunk/server.html
ERR: 无法加载模块:Workspace

[ 2016-03-20T20:44:56+08:00 ] ::1 /workspace/simpsons/trunk/server/workspace/simpsons/trunk/server.html
ERR: 无法加载模块:Workspace

[ 2016-03-20T20:45:47+08:00 ] ::1 /workspace/simpsons/trunk/server/workspace/simpsons/trunk/server.html
ERR: 无法加载模块:Workspace

[ 2016-03-20T21:14:32+08:00 ] ::1 /workspace/simpsons/trunk/server/Application/Index/View/default/Public/images/confirmBuyDisabled.png
ERR: 无法加载模块:Application

[ 2016-03-20T22:00:24+08:00 ] ::1 /workspace/simpsons/trunk/server/Application/Index/View/default/Public/images/confirmExchange.png
ERR: 无法加载模块:Application

[ 2016-03-20T22:04:27+08:00 ] ::1 /workspace/simpsons/trunk/server/Application/Index/View/default/Public/images/confirmExchange.png
ERR: 无法加载模块:Application

[ 2016-03-20T22:04:35+08:00 ] ::1 /workspace/simpsons/trunk/server/Application/Index/View/default/Public/images/confirmExchange.png
ERR: 无法加载模块:Application

[ 2016-03-20T22:04:43+08:00 ] ::1 /workspace/simpsons/trunk/server/Application/Index/View/default/Public/images/confirmExchange.png
ERR: 无法加载模块:Application

[ 2016-03-20T22:05:46+08:00 ] 127.0.0.1 /workspace/simpsons/trunk/server/Application/Index/View/default/Public/images/confirmExchange.png
ERR: 无法加载模块:Application

[ 2016-03-20T22:06:46+08:00 ] 127.0.0.1 /workspace/simpsons/trunk/server/Application/Index/View/default/Public/images/confirmExchange.png
ERR: 无法加载模块:Application

