[ 2016-08-08T23:11:10+08:00 ] ::1 /evaluationSystem/Application/Index/View/default/Public/css/jquery-ui/jquery-ui.min.css
ERR: 无法加载模块:Application

[ 2016-08-08T23:11:10+08:00 ] ::1 /evaluationSystem/Application/Index/View/default/Public/css/jquery-ui/jquery-ui.structure.min.css
ERR: 无法加载模块:Application

[ 2016-08-08T23:11:17+08:00 ] ::1 /evaluationSystem/Application/Index/View/default/Public/css/jquery-ui/jquery-ui.structure.min.css
ERR: 无法加载模块:Application

[ 2016-08-08T23:11:17+08:00 ] ::1 /evaluationSystem/Application/Index/View/default/Public/css/jquery-ui/jquery-ui.min.css
ERR: 无法加载模块:Application

[ 2016-08-08T23:13:09+08:00 ] ::1 /evaluationSystem/Application/Index/View/default/Public/css/jquery-ui/images/ui-icons_222222_256x240.png
ERR: 无法加载模块:Application

[ 2016-08-08T23:13:12+08:00 ] ::1 /evaluationSystem/Application/Index/View/default/Public/css/jquery-ui/images/ui-bg_highlight-soft_100_eeeeee_1x100.png
ERR: 无法加载模块:Application

[ 2016-08-08T23:13:12+08:00 ] ::1 /evaluationSystem/Application/Index/View/default/Public/css/jquery-ui/images/ui-bg_gloss-wave_35_f6a828_500x100.png
ERR: 无法加载模块:Application

[ 2016-08-08T23:13:12+08:00 ] ::1 /evaluationSystem/Application/Index/View/default/Public/css/jquery-ui/images/ui-icons_ef8c08_256x240.png
ERR: 无法加载模块:Application

[ 2016-08-08T23:13:12+08:00 ] ::1 /evaluationSystem/Application/Index/View/default/Public/css/jquery-ui/images/ui-bg_glass_100_f6f6f6_1x400.png
ERR: 无法加载模块:Application

[ 2016-08-08T23:13:12+08:00 ] ::1 /evaluationSystem/Application/Index/View/default/Public/css/jquery-ui/images/ui-bg_diagonals-thick_20_666666_40x40.png
ERR: 无法加载模块:Application

[ 2016-08-08T23:13:12+08:00 ] ::1 /evaluationSystem/Application/Index/View/default/Public/css/jquery-ui/images/ui-bg_glass_100_fdf5ce_1x400.png
ERR: 无法加载模块:Application

[ 2016-08-08T23:13:20+08:00 ] ::1 /evaluationSystem/Application/Index/View/default/Public/css/jquery-ui/images/ui-icons_ef8c08_256x240.png
ERR: 无法加载模块:Application

[ 2016-08-08T23:13:20+08:00 ] ::1 /evaluationSystem/Application/Index/View/default/Public/css/jquery-ui/images/ui-bg_glass_65_ffffff_1x400.png
ERR: 无法加载模块:Application

[ 2016-08-08T23:13:20+08:00 ] ::1 /evaluationSystem/Application/Index/View/default/Public/css/jquery-ui/images/ui-icons_ef8c08_256x240.png
ERR: 无法加载模块:Application

