[ 2016-03-17T21:02:01+08:00 ] ::1 /workspace/simpsons/trunk/server/Application/Admin/View/default/Public/dwz/themes/default/images/header_bg.png
ERR: 无法加载模块:Application

[ 2016-03-17T21:06:57+08:00 ] ::1 /workspace/simpsons/trunk/server/workspace/simpsons/trunk/server.html
ERR: 无法加载模块:Workspace

[ 2016-03-17T21:06:58+08:00 ] ::1 /workspace/simpsons/trunk/server/workspace/simpsons/trunk/server.html
ERR: 无法加载模块:Workspace

[ 2016-03-17T21:10:04+08:00 ] ::1 /workspace/simpsons/trunk/server/workspace/simpsons/trunk/server.html
ERR: 无法加载模块:Workspace

[ 2016-03-17T21:10:32+08:00 ] ::1 /workspace/simpsons/trunk/server/workspace/simpsons/trunk/server.html
ERR: 无法加载模块:Workspace

[ 2016-03-17T21:10:53+08:00 ] ::1 /workspace/simpsons/trunk/server/workspace/simpsons/trunk/server.html
ERR: 无法加载模块:Workspace

[ 2016-03-17T21:10:54+08:00 ] ::1 /workspace/simpsons/trunk/server/workspace/simpsons/trunk/server.html
ERR: 无法加载模块:Workspace

[ 2016-03-17T21:11:01+08:00 ] ::1 /workspace/simpsons/trunk/server/workspace/simpsons/trunk/server.html
ERR: 无法加载模块:Workspace

[ 2016-03-17T21:11:01+08:00 ] ::1 /workspace/simpsons/trunk/server/workspace/simpsons/trunk/server.html
ERR: 无法加载模块:Workspace

[ 2016-03-17T21:37:25+08:00 ] ::1 /workspace/simpsons/trunk/server/Application/Index/View/default/Public/js/framework/bootstrap/css/dist/css/bootstrap.css
ERR: 无法加载模块:Application

[ 2016-03-17T21:37:25+08:00 ] ::1 /workspace/simpsons/trunk/server/Application/Index/View/default/Public/js/framework/bootstrap/css/less/alerts.less
ERR: 无法加载模块:Application

[ 2016-03-17T21:37:25+08:00 ] ::1 /workspace/simpsons/trunk/server/Application/Index/View/default/Public/js/framework/bootstrap/css/less/buttons.less
ERR: 无法加载模块:Application

[ 2016-03-17T21:37:25+08:00 ] ::1 /workspace/simpsons/trunk/server/Application/Index/View/default/Public/js/framework/bootstrap/css/less/breadcrumbs.less
ERR: 无法加载模块:Application

[ 2016-03-17T21:37:25+08:00 ] ::1 /workspace/simpsons/trunk/server/Application/Index/View/default/Public/js/framework/bootstrap/css/less/button-groups.less
ERR: 无法加载模块:Application

[ 2016-03-17T21:37:25+08:00 ] ::1 /workspace/simpsons/trunk/server/Application/Index/View/default/Public/js/framework/bootstrap/css/less/badges.less
ERR: 无法加载模块:Application

[ 2016-03-17T21:37:25+08:00 ] ::1 /workspace/simpsons/trunk/server/Application/Index/View/default/Public/js/framework/bootstrap/css/less/carousel.less
ERR: 无法加载模块:Application

[ 2016-03-17T21:37:25+08:00 ] ::1 /workspace/simpsons/trunk/server/Application/Index/View/default/Public/js/framework/bootstrap/css/less/code.less
ERR: 无法加载模块:Application

[ 2016-03-17T21:37:25+08:00 ] ::1 /workspace/simpsons/trunk/server/Application/Index/View/default/Public/js/framework/bootstrap/css/less/component-animations.less
ERR: 无法加载模块:Application

[ 2016-03-17T21:37:25+08:00 ] ::1 /workspace/simpsons/trunk/server/Application/Index/View/default/Public/js/framework/bootstrap/css/less/dropdowns.less
ERR: 无法加载模块:Application

[ 2016-03-17T21:37:26+08:00 ] ::1 /workspace/simpsons/trunk/server/Application/Index/View/default/Public/js/framework/bootstrap/css/less/forms.less
ERR: 无法加载模块:Application

[ 2016-03-17T21:37:26+08:00 ] ::1 /workspace/simpsons/trunk/server/Application/Index/View/default/Public/js/framework/bootstrap/css/less/glyphicons.less
ERR: 无法加载模块:Application

[ 2016-03-17T21:37:26+08:00 ] ::1 /workspace/simpsons/trunk/server/Application/Index/View/default/Public/js/framework/bootstrap/css/less/close.less
ERR: 无法加载模块:Application

[ 2016-03-17T21:37:26+08:00 ] ::1 /workspace/simpsons/trunk/server/Application/Index/View/default/Public/js/framework/bootstrap/css/less/input-groups.less
ERR: 无法加载模块:Application

[ 2016-03-17T21:37:26+08:00 ] ::1 /workspace/simpsons/trunk/server/Application/Index/View/default/Public/js/framework/bootstrap/css/less/grid.less
ERR: 无法加载模块:Application

[ 2016-03-17T21:37:26+08:00 ] ::1 /workspace/simpsons/trunk/server/Application/Index/View/default/Public/js/framework/bootstrap/css/less/jumbotron.less
ERR: 无法加载模块:Application

[ 2016-03-17T21:37:26+08:00 ] ::1 /workspace/simpsons/trunk/server/Application/Index/View/default/Public/js/framework/bootstrap/css/less/labels.less
ERR: 无法加载模块:Application

[ 2016-03-17T21:37:26+08:00 ] ::1 /workspace/simpsons/trunk/server/Application/Index/View/default/Public/js/framework/bootstrap/css/less/list-group.less
ERR: 无法加载模块:Application

[ 2016-03-17T21:37:26+08:00 ] ::1 /workspace/simpsons/trunk/server/Application/Index/View/default/Public/js/framework/bootstrap/css/less/mixins/background-variant.less
ERR: 无法加载模块:Application

[ 2016-03-17T21:37:26+08:00 ] ::1 /workspace/simpsons/trunk/server/Application/Index/View/default/Public/js/framework/bootstrap/css/less/mixins/alerts.less
ERR: 无法加载模块:Application

[ 2016-03-17T21:37:26+08:00 ] ::1 /workspace/simpsons/trunk/server/Application/Index/View/default/Public/js/framework/bootstrap/css/less/media.less
ERR: 无法加载模块:Application

[ 2016-03-17T21:37:26+08:00 ] ::1 /workspace/simpsons/trunk/server/Application/Index/View/default/Public/js/framework/bootstrap/css/less/mixins/center-block.less
ERR: 无法加载模块:Application

[ 2016-03-17T21:37:26+08:00 ] ::1 /workspace/simpsons/trunk/server/Application/Index/View/default/Public/js/framework/bootstrap/css/less/mixins/buttons.less
ERR: 无法加载模块:Application

[ 2016-03-17T21:37:26+08:00 ] ::1 /workspace/simpsons/trunk/server/Application/Index/View/default/Public/js/framework/bootstrap/css/less/mixins/forms.less
ERR: 无法加载模块:Application

[ 2016-03-17T21:37:26+08:00 ] ::1 /workspace/simpsons/trunk/server/Application/Index/View/default/Public/js/framework/bootstrap/css/less/mixins/clearfix.less
ERR: 无法加载模块:Application

[ 2016-03-17T21:37:26+08:00 ] ::1 /workspace/simpsons/trunk/server/Application/Index/View/default/Public/js/framework/bootstrap/css/less/mixins/border-radius.less
ERR: 无法加载模块:Application

[ 2016-03-17T21:37:26+08:00 ] ::1 /workspace/simpsons/trunk/server/Application/Index/View/default/Public/js/framework/bootstrap/css/less/mixins/grid-framework.less
ERR: 无法加载模块:Application

[ 2016-03-17T21:37:26+08:00 ] ::1 /workspace/simpsons/trunk/server/Application/Index/View/default/Public/js/framework/bootstrap/css/less/mixins/gradients.less
ERR: 无法加载模块:Application

[ 2016-03-17T21:37:26+08:00 ] ::1 /workspace/simpsons/trunk/server/Application/Index/View/default/Public/js/framework/bootstrap/css/less/mixins/hide-text.less
ERR: 无法加载模块:Application

[ 2016-03-17T21:37:26+08:00 ] ::1 /workspace/simpsons/trunk/server/Application/Index/View/default/Public/js/framework/bootstrap/css/less/mixins/image.less
ERR: 无法加载模块:Application

[ 2016-03-17T21:37:26+08:00 ] ::1 /workspace/simpsons/trunk/server/Application/Index/View/default/Public/js/framework/bootstrap/css/less/mixins/grid.less
ERR: 无法加载模块:Application

[ 2016-03-17T21:37:26+08:00 ] ::1 /workspace/simpsons/trunk/server/Application/Index/View/default/Public/js/framework/bootstrap/css/less/mixins/list-group.less
ERR: 无法加载模块:Application

[ 2016-03-17T21:37:26+08:00 ] ::1 /workspace/simpsons/trunk/server/Application/Index/View/default/Public/js/framework/bootstrap/css/less/mixins/nav-vertical-align.less
ERR: 无法加载模块:Application

[ 2016-03-17T21:37:26+08:00 ] ::1 /workspace/simpsons/trunk/server/Application/Index/View/default/Public/js/framework/bootstrap/css/less/mixins/nav-divider.less
ERR: 无法加载模块:Application

[ 2016-03-17T21:37:26+08:00 ] ::1 /workspace/simpsons/trunk/server/Application/Index/View/default/Public/js/framework/bootstrap/css/less/mixins/pagination.less
ERR: 无法加载模块:Application

[ 2016-03-17T21:37:26+08:00 ] ::1 /workspace/simpsons/trunk/server/Application/Index/View/default/Public/js/framework/bootstrap/css/less/mixins/opacity.less
ERR: 无法加载模块:Application

[ 2016-03-17T21:37:26+08:00 ] ::1 /workspace/simpsons/trunk/server/Application/Index/View/default/Public/js/framework/bootstrap/css/less/mixins/panels.less
ERR: 无法加载模块:Application

[ 2016-03-17T21:37:26+08:00 ] ::1 /workspace/simpsons/trunk/server/Application/Index/View/default/Public/js/framework/bootstrap/css/less/mixins/progress-bar.less
ERR: 无法加载模块:Application

[ 2016-03-17T21:37:26+08:00 ] ::1 /workspace/simpsons/trunk/server/Application/Index/View/default/Public/js/framework/bootstrap/css/less/mixins/reset-text.less
ERR: 无法加载模块:Application

[ 2016-03-17T21:37:26+08:00 ] ::1 /workspace/simpsons/trunk/server/Application/Index/View/default/Public/js/framework/bootstrap/css/less/mixins/reset-filter.less
ERR: 无法加载模块:Application

[ 2016-03-17T21:37:26+08:00 ] ::1 /workspace/simpsons/trunk/server/Application/Index/View/default/Public/js/framework/bootstrap/css/less/mixins/responsive-visibility.less
ERR: 无法加载模块:Application

[ 2016-03-17T21:37:26+08:00 ] ::1 /workspace/simpsons/trunk/server/Application/Index/View/default/Public/js/framework/bootstrap/css/less/mixins/table-row.less
ERR: 无法加载模块:Application

[ 2016-03-17T21:37:26+08:00 ] ::1 /workspace/simpsons/trunk/server/Application/Index/View/default/Public/js/framework/bootstrap/css/less/mixins/text-emphasis.less
ERR: 无法加载模块:Application

[ 2016-03-17T21:37:26+08:00 ] ::1 /workspace/simpsons/trunk/server/Application/Index/View/default/Public/js/framework/bootstrap/css/less/mixins/text-overflow.less
ERR: 无法加载模块:Application

[ 2016-03-17T21:37:26+08:00 ] ::1 /workspace/simpsons/trunk/server/Application/Index/View/default/Public/js/framework/bootstrap/css/less/mixins/vendor-prefixes.less
ERR: 无法加载模块:Application

[ 2016-03-17T21:37:26+08:00 ] ::1 /workspace/simpsons/trunk/server/Application/Index/View/default/Public/js/framework/bootstrap/css/less/mixins/tab-focus.less
ERR: 无法加载模块:Application

[ 2016-03-17T21:37:26+08:00 ] ::1 /workspace/simpsons/trunk/server/Application/Index/View/default/Public/js/framework/bootstrap/css/less/mixins/labels.less
ERR: 无法加载模块:Application

[ 2016-03-17T21:37:26+08:00 ] ::1 /workspace/simpsons/trunk/server/Application/Index/View/default/Public/js/framework/bootstrap/css/less/navbar.less
ERR: 无法加载模块:Application

[ 2016-03-17T21:37:26+08:00 ] ::1 /workspace/simpsons/trunk/server/Application/Index/View/default/Public/js/framework/bootstrap/css/less/navs.less
ERR: 无法加载模块:Application

[ 2016-03-17T21:37:26+08:00 ] ::1 /workspace/simpsons/trunk/server/Application/Index/View/default/Public/js/framework/bootstrap/css/less/normalize.less
ERR: 无法加载模块:Application

[ 2016-03-17T21:37:26+08:00 ] ::1 /workspace/simpsons/trunk/server/Application/Index/View/default/Public/js/framework/bootstrap/css/less/pagination.less
ERR: 无法加载模块:Application

[ 2016-03-17T21:37:26+08:00 ] ::1 /workspace/simpsons/trunk/server/Application/Index/View/default/Public/js/framework/bootstrap/css/less/popovers.less
ERR: 无法加载模块:Application

[ 2016-03-17T21:37:26+08:00 ] ::1 /workspace/simpsons/trunk/server/Application/Index/View/default/Public/js/framework/bootstrap/css/less/pager.less
ERR: 无法加载模块:Application

[ 2016-03-17T21:37:26+08:00 ] ::1 /workspace/simpsons/trunk/server/Application/Index/View/default/Public/js/framework/bootstrap/css/less/print.less
ERR: 无法加载模块:Application

[ 2016-03-17T21:37:26+08:00 ] ::1 /workspace/simpsons/trunk/server/Application/Index/View/default/Public/js/framework/bootstrap/css/less/panels.less
ERR: 无法加载模块:Application

[ 2016-03-17T21:37:26+08:00 ] ::1 /workspace/simpsons/trunk/server/Application/Index/View/default/Public/js/framework/bootstrap/css/less/responsive-embed.less
ERR: 无法加载模块:Application

[ 2016-03-17T21:37:26+08:00 ] ::1 /workspace/simpsons/trunk/server/Application/Index/View/default/Public/js/framework/bootstrap/css/less/progress-bars.less
ERR: 无法加载模块:Application

[ 2016-03-17T21:37:26+08:00 ] ::1 /workspace/simpsons/trunk/server/Application/Index/View/default/Public/js/framework/bootstrap/css/less/responsive-utilities.less
ERR: 无法加载模块:Application

[ 2016-03-17T21:37:26+08:00 ] ::1 /workspace/simpsons/trunk/server/Application/Index/View/default/Public/js/framework/bootstrap/css/less/thumbnails.less
ERR: 无法加载模块:Application

[ 2016-03-17T21:37:26+08:00 ] ::1 /workspace/simpsons/trunk/server/Application/Index/View/default/Public/js/framework/bootstrap/css/less/tables.less
ERR: 无法加载模块:Application

[ 2016-03-17T21:37:26+08:00 ] ::1 /workspace/simpsons/trunk/server/Application/Index/View/default/Public/js/framework/bootstrap/css/less/scaffolding.less
ERR: 无法加载模块:Application

[ 2016-03-17T21:37:26+08:00 ] ::1 /workspace/simpsons/trunk/server/Application/Index/View/default/Public/js/framework/bootstrap/css/less/theme.less
ERR: 无法加载模块:Application

[ 2016-03-17T21:37:26+08:00 ] ::1 /workspace/simpsons/trunk/server/Application/Index/View/default/Public/js/framework/bootstrap/css/less/tooltip.less
ERR: 无法加载模块:Application

[ 2016-03-17T21:37:26+08:00 ] ::1 /workspace/simpsons/trunk/server/Application/Index/View/default/Public/js/framework/bootstrap/css/less/type.less
ERR: 无法加载模块:Application

[ 2016-03-17T21:37:26+08:00 ] ::1 /workspace/simpsons/trunk/server/Application/Index/View/default/Public/js/framework/bootstrap/css/less/utilities.less
ERR: 无法加载模块:Application

[ 2016-03-17T21:37:26+08:00 ] ::1 /workspace/simpsons/trunk/server/Application/Index/View/default/Public/js/framework/bootstrap/css/less/wells.less
ERR: 无法加载模块:Application

[ 2016-03-17T21:51:32+08:00 ] ::1 /workspace/simpsons/trunk/server/workspace/simpsons/trunk/server.html
ERR: 无法加载模块:Workspace

[ 2016-03-17T21:51:33+08:00 ] ::1 /workspace/simpsons/trunk/server/workspace/simpsons/trunk/server.html
ERR: 无法加载模块:Workspace

[ 2016-03-17T21:51:33+08:00 ] ::1 /workspace/simpsons/trunk/server/workspace/simpsons/trunk/server.html
ERR: 无法加载模块:Workspace

[ 2016-03-17T21:51:34+08:00 ] ::1 /workspace/simpsons/trunk/server/workspace/simpsons/trunk/server.html
ERR: 无法加载模块:Workspace

[ 2016-03-17T21:51:34+08:00 ] ::1 /workspace/simpsons/trunk/server/workspace/simpsons/trunk/server.html
ERR: 无法加载模块:Workspace

[ 2016-03-17T21:51:34+08:00 ] ::1 /workspace/simpsons/trunk/server/workspace/simpsons/trunk/server.html
ERR: 无法加载模块:Workspace

[ 2016-03-17T21:51:58+08:00 ] ::1 /workspace/simpsons/trunk/server/workspace/simpsons/trunk/server.html
ERR: 无法加载模块:Workspace

[ 2016-03-17T22:00:16+08:00 ] ::1 /workspace/simpsons/trunk/server/workspace/simpsons/trunk/server.html
ERR: 无法加载模块:Workspace

[ 2016-03-17T22:00:19+08:00 ] ::1 /workspace/simpsons/trunk/server/workspace/simpsons/trunk/server.html
ERR: 无法加载模块:Workspace

[ 2016-03-17T22:00:20+08:00 ] ::1 /workspace/simpsons/trunk/server/workspace/simpsons/trunk/server.html
ERR: 无法加载模块:Workspace

[ 2016-03-17T22:00:27+08:00 ] ::1 /workspace/simpsons/trunk/server/workspace/simpsons/trunk/server.html
ERR: 无法加载模块:Workspace

[ 2016-03-17T22:23:49+08:00 ] ::1 /workspace/simpsons/trunk/server/workspace/simpsons/trunk/server.html
ERR: 无法加载模块:Workspace

