[ 2016-08-10T20:37:34+08:00 ] ::1 /evaluationSystem/Admin/Index/index.html
INFO: [ app_begin ] --START--
INFO: Run Behavior\ReadHtmlCacheBehavior [ RunTime:0.000000s ]
INFO: [ app_begin ] --END-- [ RunTime:0.002000s ]
SQL: SHOW COLUMNS FROM `es_user` [ RunTime:0.0020s ]
SQL: SELECT * FROM `es_user` WHERE `username` = 'admin' LIMIT 1   [ RunTime:0.0000s ]
INFO: [ view_parse ] --START--
INFO: [ template_filter ] --START--
INFO: Run Behavior\ContentReplaceBehavior [ RunTime:0.000000s ]
INFO: [ template_filter ] --END-- [ RunTime:0.000000s ]
INFO: Run Behavior\ParseTemplateBehavior [ RunTime:0.014000s ]
INFO: [ view_parse ] --END-- [ RunTime:0.014000s ]
INFO: [ view_filter ] --START--
INFO: Run Behavior\WriteHtmlCacheBehavior [ RunTime:0.001000s ]
INFO: [ view_filter ] --END-- [ RunTime:0.001000s ]
INFO: [ app_end ] --START--
INFO: Run Behavior\ShowPageTraceBehavior [ RunTime:0.001000s ]
INFO: [ app_end ] --END-- [ RunTime:0.001000s ]

[ 2016-08-10T20:37:37+08:00 ] ::1 /evaluationSystem/Admin/Rbacrole/index.html?_=1470832657597
INFO: [ app_begin ] --START--
INFO: Run Behavior\ReadHtmlCacheBehavior [ RunTime:0.015600s ]
INFO: [ app_begin ] --END-- [ RunTime:0.015600s ]
SQL: SHOW COLUMNS FROM `es_role` [ RunTime:0.0020s ]
SQL: SELECT COUNT(*) AS tp_count FROM `es_role` LIMIT 1   [ RunTime:0.0000s ]
SQL: SELECT * FROM `es_role` ORDER BY id desc LIMIT 0,10   [ RunTime:0.0000s ]
NOTIC: [8] Undefined variable: search D:\xampp\htdocs\evaluationSystem\Application\Admin\Controller\RbacroleController.class.php 第 270 行.
NOTIC: [8] Undefined index: values D:\xampp\htdocs\evaluationSystem\Application\Admin\Controller\RbacroleController.class.php 第 271 行.
INFO: [ view_parse ] --START--
INFO: [ template_filter ] --START--
INFO: Run Behavior\ContentReplaceBehavior [ RunTime:0.000000s ]
INFO: [ template_filter ] --END-- [ RunTime:0.000000s ]
NOTIC: [8] Undefined index: _order D:\xampp\htdocs\evaluationSystem\Application\Runtime\Cache\Admin\9fcfc2dc1fe33575c952d146d6824da5.php 第 4 行.
NOTIC: [8] Undefined index: _sort D:\xampp\htdocs\evaluationSystem\Application\Runtime\Cache\Admin\9fcfc2dc1fe33575c952d146d6824da5.php 第 5 行.
INFO: Run Behavior\ParseTemplateBehavior [ RunTime:0.020001s ]
INFO: [ view_parse ] --END-- [ RunTime:0.020001s ]
INFO: [ view_filter ] --START--
INFO: Run Behavior\WriteHtmlCacheBehavior [ RunTime:0.001000s ]
INFO: [ view_filter ] --END-- [ RunTime:0.001000s ]
INFO: [ app_end ] --START--
INFO: Run Behavior\ShowPageTraceBehavior [ RunTime:0.000000s ]
INFO: [ app_end ] --END-- [ RunTime:0.000000s ]

[ 2016-08-10T20:37:40+08:00 ] ::1 /evaluationSystem/Admin/Rbacaccess/edit/role_id/9.html?_=1470832660004
INFO: [ app_begin ] --START--
INFO: Run Behavior\ReadHtmlCacheBehavior [ RunTime:0.001000s ]
INFO: [ app_begin ] --END-- [ RunTime:0.002001s ]
SQL: SHOW COLUMNS FROM `es_node` [ RunTime:0.0030s ]
SQL: SELECT `id`,`name`,`title`,`pid` FROM `es_node` ORDER BY sort  [ RunTime:0.0010s ]
SQL: SHOW COLUMNS FROM `es_access` [ RunTime:0.0040s ]
SQL: SELECT `node_id` FROM `es_access` WHERE `role_id` = 9  [ RunTime:0.0010s ]
INFO: [ view_parse ] --START--
INFO: [ template_filter ] --START--
INFO: Run Behavior\ContentReplaceBehavior [ RunTime:0.001000s ]
INFO: [ template_filter ] --END-- [ RunTime:0.001000s ]
INFO: Run Behavior\ParseTemplateBehavior [ RunTime:0.030002s ]
INFO: [ view_parse ] --END-- [ RunTime:0.030002s ]
INFO: [ view_filter ] --START--
INFO: Run Behavior\WriteHtmlCacheBehavior [ RunTime:0.000000s ]
INFO: [ view_filter ] --END-- [ RunTime:0.001000s ]
INFO: [ app_end ] --START--
INFO: Run Behavior\ShowPageTraceBehavior [ RunTime:0.001000s ]
INFO: [ app_end ] --END-- [ RunTime:0.001000s ]

[ 2016-08-10T20:37:43+08:00 ] ::1 /evaluationSystem/Admin/Rbacnode/index.html?_=1470832663816
INFO: [ app_begin ] --START--
INFO: Run Behavior\ReadHtmlCacheBehavior [ RunTime:0.001000s ]
INFO: [ app_begin ] --END-- [ RunTime:0.002000s ]
SQL: SHOW COLUMNS FROM `es_node` [ RunTime:0.0030s ]
SQL: SELECT COUNT(*) AS tp_count FROM `es_node` LIMIT 1   [ RunTime:0.0000s ]
SQL: SELECT * FROM `es_node` ORDER BY id desc LIMIT 0,10   [ RunTime:0.0000s ]
SQL: SHOW COLUMNS FROM `es_node` [ RunTime:0.0020s ]
SQL: SELECT * FROM `es_node` ORDER BY sort  [ RunTime:0.0000s ]
NOTIC: [8] Undefined variable: search D:\xampp\htdocs\evaluationSystem\Application\Admin\Controller\RbacnodeController.class.php 第 307 行.
NOTIC: [8] Undefined index: values D:\xampp\htdocs\evaluationSystem\Application\Admin\Controller\RbacnodeController.class.php 第 308 行.
INFO: [ view_parse ] --START--
INFO: [ template_filter ] --START--
INFO: Run Behavior\ContentReplaceBehavior [ RunTime:0.000000s ]
INFO: [ template_filter ] --END-- [ RunTime:0.000000s ]
NOTIC: [8] Undefined index: _order D:\xampp\htdocs\evaluationSystem\Application\Runtime\Cache\Admin\b1d0ea9fd04a9b1a6ee5cc7e9bdc1e1b.php 第 4 行.
NOTIC: [8] Undefined index: _sort D:\xampp\htdocs\evaluationSystem\Application\Runtime\Cache\Admin\b1d0ea9fd04a9b1a6ee5cc7e9bdc1e1b.php 第 5 行.
NOTIC: [8] Use of undefined constant name - assumed 'name' D:\xampp\htdocs\evaluationSystem\Application\Runtime\Cache\Admin\b1d0ea9fd04a9b1a6ee5cc7e9bdc1e1b.php 第 41 行.
NOTIC: [8] Array to string conversion D:\xampp\htdocs\evaluationSystem\Application\Runtime\Cache\Admin\b1d0ea9fd04a9b1a6ee5cc7e9bdc1e1b.php 第 41 行.
NOTIC: [8] Use of undefined constant name - assumed 'name' D:\xampp\htdocs\evaluationSystem\Application\Runtime\Cache\Admin\b1d0ea9fd04a9b1a6ee5cc7e9bdc1e1b.php 第 41 行.
NOTIC: [8] Array to string conversion D:\xampp\htdocs\evaluationSystem\Application\Runtime\Cache\Admin\b1d0ea9fd04a9b1a6ee5cc7e9bdc1e1b.php 第 41 行.
INFO: Run Behavior\ParseTemplateBehavior [ RunTime:0.019001s ]
INFO: [ view_parse ] --END-- [ RunTime:0.019001s ]
INFO: [ view_filter ] --START--
INFO: Run Behavior\WriteHtmlCacheBehavior [ RunTime:0.000000s ]
INFO: [ view_filter ] --END-- [ RunTime:0.000000s ]
INFO: [ app_end ] --START--
INFO: Run Behavior\ShowPageTraceBehavior [ RunTime:0.001000s ]
INFO: [ app_end ] --END-- [ RunTime:0.001000s ]

[ 2016-08-10T20:37:46+08:00 ] ::1 /evaluationSystem/Admin/Rbacnode/add/level/1?_=1470832666613
INFO: [ app_begin ] --START--
INFO: Run Behavior\ReadHtmlCacheBehavior [ RunTime:0.001000s ]
INFO: [ app_begin ] --END-- [ RunTime:0.001000s ]
INFO: [ view_parse ] --START--
INFO: [ template_filter ] --START--
INFO: Run Behavior\ContentReplaceBehavior [ RunTime:0.000000s ]
INFO: [ template_filter ] --END-- [ RunTime:0.000000s ]
NOTIC: [8] Undefined index: pid D:\xampp\htdocs\evaluationSystem\Application\Runtime\Cache\Admin\e44c9def3d26565592849052e57b91cb.php 第 5 行.
INFO: Run Behavior\ParseTemplateBehavior [ RunTime:0.034001s ]
INFO: [ view_parse ] --END-- [ RunTime:0.034001s ]
INFO: [ view_filter ] --START--
INFO: Run Behavior\WriteHtmlCacheBehavior [ RunTime:0.001001s ]
INFO: [ view_filter ] --END-- [ RunTime:0.001001s ]
INFO: [ app_end ] --START--
INFO: Run Behavior\ShowPageTraceBehavior [ RunTime:0.001000s ]
INFO: [ app_end ] --END-- [ RunTime:0.001000s ]

[ 2016-08-10T20:39:48+08:00 ] ::1 /evaluationSystem/Admin/Rbacnode/insert/navTabId/listnodes/callbackType/closeCurrent
INFO: [ app_begin ] --START--
INFO: Run Behavior\ReadHtmlCacheBehavior [ RunTime:0.001000s ]
INFO: [ app_begin ] --END-- [ RunTime:0.002000s ]
SQL: SHOW COLUMNS FROM `es_node` [ RunTime:0.0050s ]
NOTIC: [8] Undefined index: validate D:\xampp\htdocs\evaluationSystem\ThinkPHP\Library\Think\Model.class.php 第 1185 行.
NOTIC: [8] Undefined index: auto D:\xampp\htdocs\evaluationSystem\ThinkPHP\Library\Think\Model.class.php 第 1128 行.
SQL: INSERT INTO `es_node` (`pid`,`level`,`name`,`title`,`imgsrc`,`status`,`remark`) VALUES ('0','1','评价历史','评价历史','history.png','1','查看个人最近3个月的评价历史') [ RunTime:0.0010s ]
NOTIC: [8] Undefined index: forwardUrl D:\xampp\htdocs\evaluationSystem\ThinkPHP\Library\Think\Controller.class.php 第 220 行.

[ 2016-08-10T20:39:49+08:00 ] ::1 /evaluationSystem/Admin/Rbacnode/index.html
INFO: [ app_begin ] --START--
INFO: Run Behavior\ReadHtmlCacheBehavior [ RunTime:0.001000s ]
INFO: [ app_begin ] --END-- [ RunTime:0.002000s ]
SQL: SHOW COLUMNS FROM `es_node` [ RunTime:0.0030s ]
SQL: SELECT COUNT(*) AS tp_count FROM `es_node` LIMIT 1   [ RunTime:0.0000s ]
SQL: SELECT * FROM `es_node` ORDER BY id desc LIMIT 0,10   [ RunTime:0.0000s ]
SQL: SHOW COLUMNS FROM `es_node` [ RunTime:0.0050s ]
SQL: SELECT * FROM `es_node` ORDER BY sort  [ RunTime:0.0010s ]
NOTIC: [8] Undefined variable: search D:\xampp\htdocs\evaluationSystem\Application\Admin\Controller\RbacnodeController.class.php 第 307 行.
NOTIC: [8] Undefined index: values D:\xampp\htdocs\evaluationSystem\Application\Admin\Controller\RbacnodeController.class.php 第 308 行.
INFO: [ view_parse ] --START--
INFO: [ template_filter ] --START--
INFO: Run Behavior\ContentReplaceBehavior [ RunTime:0.000000s ]
INFO: [ template_filter ] --END-- [ RunTime:0.000000s ]
NOTIC: [8] Use of undefined constant name - assumed 'name' D:\xampp\htdocs\evaluationSystem\Application\Runtime\Cache\Admin\b1d0ea9fd04a9b1a6ee5cc7e9bdc1e1b.php 第 41 行.
NOTIC: [8] Array to string conversion D:\xampp\htdocs\evaluationSystem\Application\Runtime\Cache\Admin\b1d0ea9fd04a9b1a6ee5cc7e9bdc1e1b.php 第 41 行.
NOTIC: [8] Use of undefined constant name - assumed 'name' D:\xampp\htdocs\evaluationSystem\Application\Runtime\Cache\Admin\b1d0ea9fd04a9b1a6ee5cc7e9bdc1e1b.php 第 41 行.
NOTIC: [8] Array to string conversion D:\xampp\htdocs\evaluationSystem\Application\Runtime\Cache\Admin\b1d0ea9fd04a9b1a6ee5cc7e9bdc1e1b.php 第 41 行.
NOTIC: [8] Use of undefined constant name - assumed 'name' D:\xampp\htdocs\evaluationSystem\Application\Runtime\Cache\Admin\b1d0ea9fd04a9b1a6ee5cc7e9bdc1e1b.php 第 41 行.
NOTIC: [8] Array to string conversion D:\xampp\htdocs\evaluationSystem\Application\Runtime\Cache\Admin\b1d0ea9fd04a9b1a6ee5cc7e9bdc1e1b.php 第 41 行.
INFO: Run Behavior\ParseTemplateBehavior [ RunTime:0.013000s ]
INFO: [ view_parse ] --END-- [ RunTime:0.013000s ]
INFO: [ view_filter ] --START--
INFO: Run Behavior\WriteHtmlCacheBehavior [ RunTime:0.000000s ]
INFO: [ view_filter ] --END-- [ RunTime:0.000000s ]
INFO: [ app_end ] --START--
INFO: Run Behavior\ShowPageTraceBehavior [ RunTime:0.001000s ]
INFO: [ app_end ] --END-- [ RunTime:0.001000s ]

[ 2016-08-10T20:39:52+08:00 ] ::1 /evaluationSystem/Admin/Rbacnode/add/pid/33/level/2?_=1470832792791
INFO: [ app_begin ] --START--
INFO: Run Behavior\ReadHtmlCacheBehavior [ RunTime:0.001000s ]
INFO: [ app_begin ] --END-- [ RunTime:0.001000s ]
INFO: [ view_parse ] --START--
INFO: [ template_filter ] --START--
INFO: Run Behavior\ContentReplaceBehavior [ RunTime:0.000000s ]
INFO: [ template_filter ] --END-- [ RunTime:0.000000s ]
INFO: Run Behavior\ParseTemplateBehavior [ RunTime:0.010001s ]
INFO: [ view_parse ] --END-- [ RunTime:0.010001s ]
INFO: [ view_filter ] --START--
INFO: Run Behavior\WriteHtmlCacheBehavior [ RunTime:0.000000s ]
INFO: [ view_filter ] --END-- [ RunTime:0.001000s ]
INFO: [ app_end ] --START--
INFO: Run Behavior\ShowPageTraceBehavior [ RunTime:0.001000s ]
INFO: [ app_end ] --END-- [ RunTime:0.001000s ]

[ 2016-08-10T20:40:08+08:00 ] ::1 /evaluationSystem/Admin/Rbacnode/insert/navTabId/listnodes/callbackType/closeCurrent
INFO: [ app_begin ] --START--
INFO: Run Behavior\ReadHtmlCacheBehavior [ RunTime:0.001000s ]
INFO: [ app_begin ] --END-- [ RunTime:0.001000s ]
SQL: SHOW COLUMNS FROM `es_node` [ RunTime:0.0030s ]
NOTIC: [8] Undefined index: validate D:\xampp\htdocs\evaluationSystem\ThinkPHP\Library\Think\Model.class.php 第 1185 行.
NOTIC: [8] Undefined index: auto D:\xampp\htdocs\evaluationSystem\ThinkPHP\Library\Think\Model.class.php 第 1128 行.
SQL: INSERT INTO `es_node` (`pid`,`level`,`name`,`title`,`imgsrc`,`status`,`remark`) VALUES ('33','2','assessmenthistory','assessmenthistory','','1','') [ RunTime:0.0010s ]
NOTIC: [8] Undefined index: forwardUrl D:\xampp\htdocs\evaluationSystem\ThinkPHP\Library\Think\Controller.class.php 第 220 行.

[ 2016-08-10T20:40:08+08:00 ] ::1 /evaluationSystem/Admin/Rbacnode/index.html
INFO: [ app_begin ] --START--
INFO: Run Behavior\ReadHtmlCacheBehavior [ RunTime:0.001000s ]
INFO: [ app_begin ] --END-- [ RunTime:0.002001s ]
SQL: SHOW COLUMNS FROM `es_node` [ RunTime:0.0030s ]
SQL: SELECT COUNT(*) AS tp_count FROM `es_node` LIMIT 1   [ RunTime:0.0000s ]
SQL: SELECT * FROM `es_node` ORDER BY id desc LIMIT 0,10   [ RunTime:0.0010s ]
SQL: SHOW COLUMNS FROM `es_node` [ RunTime:0.0030s ]
SQL: SELECT * FROM `es_node` ORDER BY sort  [ RunTime:0.0010s ]
NOTIC: [8] Undefined variable: search D:\xampp\htdocs\evaluationSystem\Application\Admin\Controller\RbacnodeController.class.php 第 307 行.
NOTIC: [8] Undefined index: values D:\xampp\htdocs\evaluationSystem\Application\Admin\Controller\RbacnodeController.class.php 第 308 行.
INFO: [ view_parse ] --START--
INFO: [ template_filter ] --START--
INFO: Run Behavior\ContentReplaceBehavior [ RunTime:0.000000s ]
INFO: [ template_filter ] --END-- [ RunTime:0.000000s ]
NOTIC: [8] Use of undefined constant name - assumed 'name' D:\xampp\htdocs\evaluationSystem\Application\Runtime\Cache\Admin\b1d0ea9fd04a9b1a6ee5cc7e9bdc1e1b.php 第 41 行.
NOTIC: [8] Array to string conversion D:\xampp\htdocs\evaluationSystem\Application\Runtime\Cache\Admin\b1d0ea9fd04a9b1a6ee5cc7e9bdc1e1b.php 第 41 行.
NOTIC: [8] Use of undefined constant name - assumed 'name' D:\xampp\htdocs\evaluationSystem\Application\Runtime\Cache\Admin\b1d0ea9fd04a9b1a6ee5cc7e9bdc1e1b.php 第 41 行.
NOTIC: [8] Array to string conversion D:\xampp\htdocs\evaluationSystem\Application\Runtime\Cache\Admin\b1d0ea9fd04a9b1a6ee5cc7e9bdc1e1b.php 第 41 行.
NOTIC: [8] Use of undefined constant name - assumed 'name' D:\xampp\htdocs\evaluationSystem\Application\Runtime\Cache\Admin\b1d0ea9fd04a9b1a6ee5cc7e9bdc1e1b.php 第 41 行.
NOTIC: [8] Array to string conversion D:\xampp\htdocs\evaluationSystem\Application\Runtime\Cache\Admin\b1d0ea9fd04a9b1a6ee5cc7e9bdc1e1b.php 第 41 行.
INFO: Run Behavior\ParseTemplateBehavior [ RunTime:0.011000s ]
INFO: [ view_parse ] --END-- [ RunTime:0.011000s ]
INFO: [ view_filter ] --START--
INFO: Run Behavior\WriteHtmlCacheBehavior [ RunTime:0.001000s ]
INFO: [ view_filter ] --END-- [ RunTime:0.001000s ]
INFO: [ app_end ] --START--
INFO: Run Behavior\ShowPageTraceBehavior [ RunTime:0.001000s ]
INFO: [ app_end ] --END-- [ RunTime:0.001000s ]

[ 2016-08-10T20:40:10+08:00 ] ::1 /evaluationSystem/Admin/Rbacnode/add/pid/31/level/3?_=1470832810896
INFO: [ app_begin ] --START--
INFO: Run Behavior\ReadHtmlCacheBehavior [ RunTime:0.001000s ]
INFO: [ app_begin ] --END-- [ RunTime:0.001000s ]
INFO: [ view_parse ] --START--
INFO: [ template_filter ] --START--
INFO: Run Behavior\ContentReplaceBehavior [ RunTime:0.000000s ]
INFO: [ template_filter ] --END-- [ RunTime:0.000000s ]
INFO: Run Behavior\ParseTemplateBehavior [ RunTime:0.008001s ]
INFO: [ view_parse ] --END-- [ RunTime:0.008001s ]
INFO: [ view_filter ] --START--
INFO: Run Behavior\WriteHtmlCacheBehavior [ RunTime:0.000000s ]
INFO: [ view_filter ] --END-- [ RunTime:0.000000s ]
INFO: [ app_end ] --START--
INFO: Run Behavior\ShowPageTraceBehavior [ RunTime:0.001000s ]
INFO: [ app_end ] --END-- [ RunTime:0.001000s ]

[ 2016-08-10T20:40:18+08:00 ] ::1 /evaluationSystem/Admin/Rbacnode/insert/navTabId/listnodes/callbackType/closeCurrent
INFO: [ app_begin ] --START--
INFO: Run Behavior\ReadHtmlCacheBehavior [ RunTime:0.001000s ]
INFO: [ app_begin ] --END-- [ RunTime:0.002000s ]
SQL: SHOW COLUMNS FROM `es_node` [ RunTime:0.0020s ]
NOTIC: [8] Undefined index: validate D:\xampp\htdocs\evaluationSystem\ThinkPHP\Library\Think\Model.class.php 第 1185 行.
NOTIC: [8] Undefined index: auto D:\xampp\htdocs\evaluationSystem\ThinkPHP\Library\Think\Model.class.php 第 1128 行.
SQL: INSERT INTO `es_node` (`pid`,`level`,`name`,`title`,`imgsrc`,`status`,`remark`) VALUES ('31','3','index','index','','1','') [ RunTime:0.0000s ]
NOTIC: [8] Undefined index: forwardUrl D:\xampp\htdocs\evaluationSystem\ThinkPHP\Library\Think\Controller.class.php 第 220 行.

[ 2016-08-10T20:40:18+08:00 ] ::1 /evaluationSystem/Admin/Rbacnode/index.html
INFO: [ app_begin ] --START--
INFO: Run Behavior\ReadHtmlCacheBehavior [ RunTime:0.000000s ]
INFO: [ app_begin ] --END-- [ RunTime:0.001000s ]
SQL: SHOW COLUMNS FROM `es_node` [ RunTime:0.0030s ]
SQL: SELECT COUNT(*) AS tp_count FROM `es_node` LIMIT 1   [ RunTime:0.0000s ]
SQL: SELECT * FROM `es_node` ORDER BY id desc LIMIT 0,10   [ RunTime:0.0010s ]
SQL: SHOW COLUMNS FROM `es_node` [ RunTime:0.0020s ]
SQL: SELECT * FROM `es_node` ORDER BY sort  [ RunTime:0.0010s ]
NOTIC: [8] Undefined variable: search D:\xampp\htdocs\evaluationSystem\Application\Admin\Controller\RbacnodeController.class.php 第 307 行.
NOTIC: [8] Undefined index: values D:\xampp\htdocs\evaluationSystem\Application\Admin\Controller\RbacnodeController.class.php 第 308 行.
INFO: [ view_parse ] --START--
INFO: [ template_filter ] --START--
INFO: Run Behavior\ContentReplaceBehavior [ RunTime:0.000000s ]
INFO: [ template_filter ] --END-- [ RunTime:0.000000s ]
NOTIC: [8] Use of undefined constant name - assumed 'name' D:\xampp\htdocs\evaluationSystem\Application\Runtime\Cache\Admin\b1d0ea9fd04a9b1a6ee5cc7e9bdc1e1b.php 第 41 行.
NOTIC: [8] Array to string conversion D:\xampp\htdocs\evaluationSystem\Application\Runtime\Cache\Admin\b1d0ea9fd04a9b1a6ee5cc7e9bdc1e1b.php 第 41 行.
NOTIC: [8] Use of undefined constant name - assumed 'name' D:\xampp\htdocs\evaluationSystem\Application\Runtime\Cache\Admin\b1d0ea9fd04a9b1a6ee5cc7e9bdc1e1b.php 第 41 行.
NOTIC: [8] Array to string conversion D:\xampp\htdocs\evaluationSystem\Application\Runtime\Cache\Admin\b1d0ea9fd04a9b1a6ee5cc7e9bdc1e1b.php 第 41 行.
NOTIC: [8] Use of undefined constant name - assumed 'name' D:\xampp\htdocs\evaluationSystem\Application\Runtime\Cache\Admin\b1d0ea9fd04a9b1a6ee5cc7e9bdc1e1b.php 第 41 行.
NOTIC: [8] Array to string conversion D:\xampp\htdocs\evaluationSystem\Application\Runtime\Cache\Admin\b1d0ea9fd04a9b1a6ee5cc7e9bdc1e1b.php 第 41 行.
INFO: Run Behavior\ParseTemplateBehavior [ RunTime:0.012001s ]
INFO: [ view_parse ] --END-- [ RunTime:0.012001s ]
INFO: [ view_filter ] --START--
INFO: Run Behavior\WriteHtmlCacheBehavior [ RunTime:0.000000s ]
INFO: [ view_filter ] --END-- [ RunTime:0.000000s ]
INFO: [ app_end ] --START--
INFO: Run Behavior\ShowPageTraceBehavior [ RunTime:0.001000s ]
INFO: [ app_end ] --END-- [ RunTime:0.001000s ]

[ 2016-08-10T20:40:21+08:00 ] ::1 /evaluationSystem/Admin/Rbacrole/index.html?_=1470832821126
INFO: [ app_begin ] --START--
INFO: Run Behavior\ReadHtmlCacheBehavior [ RunTime:0.001000s ]
INFO: [ app_begin ] --END-- [ RunTime:0.001000s ]
SQL: SHOW COLUMNS FROM `es_role` [ RunTime:0.0020s ]
SQL: SELECT COUNT(*) AS tp_count FROM `es_role` LIMIT 1   [ RunTime:0.0010s ]
SQL: SELECT * FROM `es_role` ORDER BY id desc LIMIT 0,10   [ RunTime:0.0000s ]
NOTIC: [8] Undefined variable: search D:\xampp\htdocs\evaluationSystem\Application\Admin\Controller\RbacroleController.class.php 第 270 行.
NOTIC: [8] Undefined index: values D:\xampp\htdocs\evaluationSystem\Application\Admin\Controller\RbacroleController.class.php 第 271 行.
INFO: [ view_parse ] --START--
INFO: [ template_filter ] --START--
INFO: Run Behavior\ContentReplaceBehavior [ RunTime:0.000000s ]
INFO: [ template_filter ] --END-- [ RunTime:0.000000s ]
NOTIC: [8] Undefined index: _order D:\xampp\htdocs\evaluationSystem\Application\Runtime\Cache\Admin\9fcfc2dc1fe33575c952d146d6824da5.php 第 4 行.
NOTIC: [8] Undefined index: _sort D:\xampp\htdocs\evaluationSystem\Application\Runtime\Cache\Admin\9fcfc2dc1fe33575c952d146d6824da5.php 第 5 行.
INFO: Run Behavior\ParseTemplateBehavior [ RunTime:0.010000s ]
INFO: [ view_parse ] --END-- [ RunTime:0.010000s ]
INFO: [ view_filter ] --START--
INFO: Run Behavior\WriteHtmlCacheBehavior [ RunTime:0.000000s ]
INFO: [ view_filter ] --END-- [ RunTime:0.000000s ]
INFO: [ app_end ] --START--
INFO: Run Behavior\ShowPageTraceBehavior [ RunTime:0.001001s ]
INFO: [ app_end ] --END-- [ RunTime:0.001001s ]

[ 2016-08-10T20:40:22+08:00 ] ::1 /evaluationSystem/Admin/Rbacaccess/edit/role_id/9.html?_=1470832822245
INFO: [ app_begin ] --START--
INFO: Run Behavior\ReadHtmlCacheBehavior [ RunTime:0.000000s ]
INFO: [ app_begin ] --END-- [ RunTime:0.000000s ]
SQL: SHOW COLUMNS FROM `es_node` [ RunTime:0.0040s ]
SQL: SELECT `id`,`name`,`title`,`pid` FROM `es_node` ORDER BY sort  [ RunTime:0.0000s ]
SQL: SHOW COLUMNS FROM `es_access` [ RunTime:0.0040s ]
SQL: SELECT `node_id` FROM `es_access` WHERE `role_id` = 9  [ RunTime:0.0010s ]
INFO: [ view_parse ] --START--
INFO: [ template_filter ] --START--
INFO: Run Behavior\ContentReplaceBehavior [ RunTime:0.000000s ]
INFO: [ template_filter ] --END-- [ RunTime:0.000000s ]
INFO: Run Behavior\ParseTemplateBehavior [ RunTime:0.012001s ]
INFO: [ view_parse ] --END-- [ RunTime:0.012001s ]
INFO: [ view_filter ] --START--
INFO: Run Behavior\WriteHtmlCacheBehavior [ RunTime:0.001000s ]
INFO: [ view_filter ] --END-- [ RunTime:0.001000s ]
INFO: [ app_end ] --START--
INFO: Run Behavior\ShowPageTraceBehavior [ RunTime:0.001000s ]
INFO: [ app_end ] --END-- [ RunTime:0.001000s ]

[ 2016-08-10T20:40:37+08:00 ] ::1 /evaluationSystem/Admin/Rbacnode/index.html?_=1470832837829
INFO: [ app_begin ] --START--
INFO: Run Behavior\ReadHtmlCacheBehavior [ RunTime:0.001000s ]
INFO: [ app_begin ] --END-- [ RunTime:0.001000s ]
SQL: SHOW COLUMNS FROM `es_node` [ RunTime:0.0030s ]
SQL: SELECT COUNT(*) AS tp_count FROM `es_node` LIMIT 1   [ RunTime:0.0000s ]
SQL: SELECT * FROM `es_node` ORDER BY id desc LIMIT 0,10   [ RunTime:0.0000s ]
SQL: SHOW COLUMNS FROM `es_node` [ RunTime:0.0030s ]
SQL: SELECT * FROM `es_node` ORDER BY sort  [ RunTime:0.0010s ]
NOTIC: [8] Undefined variable: search D:\xampp\htdocs\evaluationSystem\Application\Admin\Controller\RbacnodeController.class.php 第 307 行.
NOTIC: [8] Undefined index: values D:\xampp\htdocs\evaluationSystem\Application\Admin\Controller\RbacnodeController.class.php 第 308 行.
INFO: [ view_parse ] --START--
INFO: [ template_filter ] --START--
INFO: Run Behavior\ContentReplaceBehavior [ RunTime:0.000000s ]
INFO: [ template_filter ] --END-- [ RunTime:0.000000s ]
NOTIC: [8] Undefined index: _order D:\xampp\htdocs\evaluationSystem\Application\Runtime\Cache\Admin\b1d0ea9fd04a9b1a6ee5cc7e9bdc1e1b.php 第 4 行.
NOTIC: [8] Undefined index: _sort D:\xampp\htdocs\evaluationSystem\Application\Runtime\Cache\Admin\b1d0ea9fd04a9b1a6ee5cc7e9bdc1e1b.php 第 5 行.
NOTIC: [8] Use of undefined constant name - assumed 'name' D:\xampp\htdocs\evaluationSystem\Application\Runtime\Cache\Admin\b1d0ea9fd04a9b1a6ee5cc7e9bdc1e1b.php 第 41 行.
NOTIC: [8] Array to string conversion D:\xampp\htdocs\evaluationSystem\Application\Runtime\Cache\Admin\b1d0ea9fd04a9b1a6ee5cc7e9bdc1e1b.php 第 41 行.
NOTIC: [8] Use of undefined constant name - assumed 'name' D:\xampp\htdocs\evaluationSystem\Application\Runtime\Cache\Admin\b1d0ea9fd04a9b1a6ee5cc7e9bdc1e1b.php 第 41 行.
NOTIC: [8] Array to string conversion D:\xampp\htdocs\evaluationSystem\Application\Runtime\Cache\Admin\b1d0ea9fd04a9b1a6ee5cc7e9bdc1e1b.php 第 41 行.
NOTIC: [8] Use of undefined constant name - assumed 'name' D:\xampp\htdocs\evaluationSystem\Application\Runtime\Cache\Admin\b1d0ea9fd04a9b1a6ee5cc7e9bdc1e1b.php 第 41 行.
NOTIC: [8] Array to string conversion D:\xampp\htdocs\evaluationSystem\Application\Runtime\Cache\Admin\b1d0ea9fd04a9b1a6ee5cc7e9bdc1e1b.php 第 41 行.
INFO: Run Behavior\ParseTemplateBehavior [ RunTime:0.011000s ]
INFO: [ view_parse ] --END-- [ RunTime:0.011000s ]
INFO: [ view_filter ] --START--
INFO: Run Behavior\WriteHtmlCacheBehavior [ RunTime:0.000000s ]
INFO: [ view_filter ] --END-- [ RunTime:0.000000s ]
INFO: [ app_end ] --START--
INFO: Run Behavior\ShowPageTraceBehavior [ RunTime:0.001000s ]
INFO: [ app_end ] --END-- [ RunTime:0.001000s ]

[ 2016-08-10T20:40:40+08:00 ] ::1 /evaluationSystem/Admin/Rbacnode/add/pid/34/level/3?_=1470832840253
INFO: [ app_begin ] --START--
INFO: Run Behavior\ReadHtmlCacheBehavior [ RunTime:0.001000s ]
INFO: [ app_begin ] --END-- [ RunTime:0.002000s ]
INFO: [ view_parse ] --START--
INFO: [ template_filter ] --START--
INFO: Run Behavior\ContentReplaceBehavior [ RunTime:0.000000s ]
INFO: [ template_filter ] --END-- [ RunTime:0.001001s ]
INFO: Run Behavior\ParseTemplateBehavior [ RunTime:0.008001s ]
INFO: [ view_parse ] --END-- [ RunTime:0.008001s ]
INFO: [ view_filter ] --START--
INFO: Run Behavior\WriteHtmlCacheBehavior [ RunTime:0.000000s ]
INFO: [ view_filter ] --END-- [ RunTime:0.000000s ]
INFO: [ app_end ] --START--
INFO: Run Behavior\ShowPageTraceBehavior [ RunTime:0.002000s ]
INFO: [ app_end ] --END-- [ RunTime:0.002000s ]

[ 2016-08-10T20:40:47+08:00 ] ::1 /evaluationSystem/Admin/Rbacnode/insert/navTabId/listnodes/callbackType/closeCurrent
INFO: [ app_begin ] --START--
INFO: Run Behavior\ReadHtmlCacheBehavior [ RunTime:0.001000s ]
INFO: [ app_begin ] --END-- [ RunTime:0.002000s ]
SQL: SHOW COLUMNS FROM `es_node` [ RunTime:0.0040s ]
NOTIC: [8] Undefined index: validate D:\xampp\htdocs\evaluationSystem\ThinkPHP\Library\Think\Model.class.php 第 1185 行.
NOTIC: [8] Undefined index: auto D:\xampp\htdocs\evaluationSystem\ThinkPHP\Library\Think\Model.class.php 第 1128 行.
SQL: INSERT INTO `es_node` (`pid`,`level`,`name`,`title`,`imgsrc`,`status`,`remark`) VALUES ('34','3','index','index','','1','') [ RunTime:0.0010s ]
NOTIC: [8] Undefined index: forwardUrl D:\xampp\htdocs\evaluationSystem\ThinkPHP\Library\Think\Controller.class.php 第 220 行.

[ 2016-08-10T20:40:47+08:00 ] ::1 /evaluationSystem/Admin/Rbacnode/index.html
INFO: [ app_begin ] --START--
INFO: Run Behavior\ReadHtmlCacheBehavior [ RunTime:0.001000s ]
INFO: [ app_begin ] --END-- [ RunTime:0.002001s ]
SQL: SHOW COLUMNS FROM `es_node` [ RunTime:0.0030s ]
SQL: SELECT COUNT(*) AS tp_count FROM `es_node` LIMIT 1   [ RunTime:0.0000s ]
SQL: SELECT * FROM `es_node` ORDER BY id desc LIMIT 0,10   [ RunTime:0.0000s ]
SQL: SHOW COLUMNS FROM `es_node` [ RunTime:0.0030s ]
SQL: SELECT * FROM `es_node` ORDER BY sort  [ RunTime:0.0010s ]
NOTIC: [8] Undefined variable: search D:\xampp\htdocs\evaluationSystem\Application\Admin\Controller\RbacnodeController.class.php 第 307 行.
NOTIC: [8] Undefined index: values D:\xampp\htdocs\evaluationSystem\Application\Admin\Controller\RbacnodeController.class.php 第 308 行.
INFO: [ view_parse ] --START--
INFO: [ template_filter ] --START--
INFO: Run Behavior\ContentReplaceBehavior [ RunTime:0.000000s ]
INFO: [ template_filter ] --END-- [ RunTime:0.000000s ]
NOTIC: [8] Use of undefined constant name - assumed 'name' D:\xampp\htdocs\evaluationSystem\Application\Runtime\Cache\Admin\b1d0ea9fd04a9b1a6ee5cc7e9bdc1e1b.php 第 41 行.
NOTIC: [8] Array to string conversion D:\xampp\htdocs\evaluationSystem\Application\Runtime\Cache\Admin\b1d0ea9fd04a9b1a6ee5cc7e9bdc1e1b.php 第 41 行.
NOTIC: [8] Use of undefined constant name - assumed 'name' D:\xampp\htdocs\evaluationSystem\Application\Runtime\Cache\Admin\b1d0ea9fd04a9b1a6ee5cc7e9bdc1e1b.php 第 41 行.
NOTIC: [8] Array to string conversion D:\xampp\htdocs\evaluationSystem\Application\Runtime\Cache\Admin\b1d0ea9fd04a9b1a6ee5cc7e9bdc1e1b.php 第 41 行.
NOTIC: [8] Use of undefined constant name - assumed 'name' D:\xampp\htdocs\evaluationSystem\Application\Runtime\Cache\Admin\b1d0ea9fd04a9b1a6ee5cc7e9bdc1e1b.php 第 41 行.
NOTIC: [8] Array to string conversion D:\xampp\htdocs\evaluationSystem\Application\Runtime\Cache\Admin\b1d0ea9fd04a9b1a6ee5cc7e9bdc1e1b.php 第 41 行.
INFO: Run Behavior\ParseTemplateBehavior [ RunTime:0.012001s ]
INFO: [ view_parse ] --END-- [ RunTime:0.012001s ]
INFO: [ view_filter ] --START--
INFO: Run Behavior\WriteHtmlCacheBehavior [ RunTime:0.001000s ]
INFO: [ view_filter ] --END-- [ RunTime:0.001000s ]
INFO: [ app_end ] --START--
INFO: Run Behavior\ShowPageTraceBehavior [ RunTime:0.000000s ]
INFO: [ app_end ] --END-- [ RunTime:0.000000s ]

[ 2016-08-10T20:40:55+08:00 ] ::1 /evaluationSystem/Admin/Rbacnode/delete/id/35/navTabId/listnodes
INFO: [ app_begin ] --START--
INFO: Run Behavior\ReadHtmlCacheBehavior [ RunTime:0.001000s ]
INFO: [ app_begin ] --END-- [ RunTime:0.002000s ]
SQL: SHOW COLUMNS FROM `es_node` [ RunTime:0.0030s ]
SQL: DELETE FROM `es_node` WHERE `id` IN ('35') [ RunTime:0.0000s ]
NOTIC: [8] Undefined index: callbackType D:\xampp\htdocs\evaluationSystem\ThinkPHP\Library\Think\Controller.class.php 第 219 行.
NOTIC: [8] Undefined index: forwardUrl D:\xampp\htdocs\evaluationSystem\ThinkPHP\Library\Think\Controller.class.php 第 220 行.

[ 2016-08-10T20:40:55+08:00 ] ::1 /evaluationSystem/Admin/Rbacnode/index.html?pageNum=1&numPerPage=10&_order=&_sort=&_=1470832855434
INFO: [ app_begin ] --START--
INFO: Run Behavior\ReadHtmlCacheBehavior [ RunTime:0.001000s ]
INFO: [ app_begin ] --END-- [ RunTime:0.001000s ]
SQL: SHOW COLUMNS FROM `es_node` [ RunTime:0.0040s ]
SQL: SELECT COUNT(*) AS tp_count FROM `es_node` LIMIT 1   [ RunTime:0.0000s ]
SQL: SELECT * FROM `es_node` ORDER BY id desc LIMIT 0,10   [ RunTime:0.0010s ]
SQL: SHOW COLUMNS FROM `es_node` [ RunTime:0.0030s ]
SQL: SELECT * FROM `es_node` ORDER BY sort  [ RunTime:0.0000s ]
NOTIC: [8] Undefined variable: search D:\xampp\htdocs\evaluationSystem\Application\Admin\Controller\RbacnodeController.class.php 第 307 行.
NOTIC: [8] Undefined index: values D:\xampp\htdocs\evaluationSystem\Application\Admin\Controller\RbacnodeController.class.php 第 308 行.
INFO: [ view_parse ] --START--
INFO: [ template_filter ] --START--
INFO: Run Behavior\ContentReplaceBehavior [ RunTime:0.000000s ]
INFO: [ template_filter ] --END-- [ RunTime:0.000000s ]
NOTIC: [8] Use of undefined constant name - assumed 'name' D:\xampp\htdocs\evaluationSystem\Application\Runtime\Cache\Admin\b1d0ea9fd04a9b1a6ee5cc7e9bdc1e1b.php 第 41 行.
NOTIC: [8] Array to string conversion D:\xampp\htdocs\evaluationSystem\Application\Runtime\Cache\Admin\b1d0ea9fd04a9b1a6ee5cc7e9bdc1e1b.php 第 41 行.
NOTIC: [8] Use of undefined constant name - assumed 'name' D:\xampp\htdocs\evaluationSystem\Application\Runtime\Cache\Admin\b1d0ea9fd04a9b1a6ee5cc7e9bdc1e1b.php 第 41 行.
NOTIC: [8] Array to string conversion D:\xampp\htdocs\evaluationSystem\Application\Runtime\Cache\Admin\b1d0ea9fd04a9b1a6ee5cc7e9bdc1e1b.php 第 41 行.
NOTIC: [8] Use of undefined constant name - assumed 'name' D:\xampp\htdocs\evaluationSystem\Application\Runtime\Cache\Admin\b1d0ea9fd04a9b1a6ee5cc7e9bdc1e1b.php 第 41 行.
NOTIC: [8] Array to string conversion D:\xampp\htdocs\evaluationSystem\Application\Runtime\Cache\Admin\b1d0ea9fd04a9b1a6ee5cc7e9bdc1e1b.php 第 41 行.
INFO: Run Behavior\ParseTemplateBehavior [ RunTime:0.011000s ]
INFO: [ view_parse ] --END-- [ RunTime:0.012000s ]
INFO: [ view_filter ] --START--
INFO: Run Behavior\WriteHtmlCacheBehavior [ RunTime:0.000000s ]
INFO: [ view_filter ] --END-- [ RunTime:0.000000s ]
INFO: [ app_end ] --START--
INFO: Run Behavior\ShowPageTraceBehavior [ RunTime:0.001000s ]
INFO: [ app_end ] --END-- [ RunTime:0.001000s ]

[ 2016-08-10T20:41:07+08:00 ] ::1 /evaluationSystem/Admin/Rbacrole/index.html?_=1470832867186
INFO: [ app_begin ] --START--
INFO: Run Behavior\ReadHtmlCacheBehavior [ RunTime:0.000000s ]
INFO: [ app_begin ] --END-- [ RunTime:0.001000s ]
SQL: SHOW COLUMNS FROM `es_role` [ RunTime:0.0040s ]
SQL: SELECT COUNT(*) AS tp_count FROM `es_role` LIMIT 1   [ RunTime:0.0010s ]
SQL: SELECT * FROM `es_role` ORDER BY id desc LIMIT 0,10   [ RunTime:0.0010s ]
NOTIC: [8] Undefined variable: search D:\xampp\htdocs\evaluationSystem\Application\Admin\Controller\RbacroleController.class.php 第 270 行.
NOTIC: [8] Undefined index: values D:\xampp\htdocs\evaluationSystem\Application\Admin\Controller\RbacroleController.class.php 第 271 行.
INFO: [ view_parse ] --START--
INFO: [ template_filter ] --START--
INFO: Run Behavior\ContentReplaceBehavior [ RunTime:0.000000s ]
INFO: [ template_filter ] --END-- [ RunTime:0.000000s ]
NOTIC: [8] Undefined index: _order D:\xampp\htdocs\evaluationSystem\Application\Runtime\Cache\Admin\9fcfc2dc1fe33575c952d146d6824da5.php 第 4 行.
NOTIC: [8] Undefined index: _sort D:\xampp\htdocs\evaluationSystem\Application\Runtime\Cache\Admin\9fcfc2dc1fe33575c952d146d6824da5.php 第 5 行.
INFO: Run Behavior\ParseTemplateBehavior [ RunTime:0.010000s ]
INFO: [ view_parse ] --END-- [ RunTime:0.010000s ]
INFO: [ view_filter ] --START--
INFO: Run Behavior\WriteHtmlCacheBehavior [ RunTime:0.000000s ]
INFO: [ view_filter ] --END-- [ RunTime:0.000000s ]
INFO: [ app_end ] --START--
INFO: Run Behavior\ShowPageTraceBehavior [ RunTime:0.001000s ]
INFO: [ app_end ] --END-- [ RunTime:0.001000s ]

[ 2016-08-10T20:41:08+08:00 ] ::1 /evaluationSystem/Admin/Rbacaccess/edit/role_id/9.html?_=1470832868910
INFO: [ app_begin ] --START--
INFO: Run Behavior\ReadHtmlCacheBehavior [ RunTime:0.001000s ]
INFO: [ app_begin ] --END-- [ RunTime:0.001000s ]
SQL: SHOW COLUMNS FROM `es_node` [ RunTime:0.0050s ]
SQL: SELECT `id`,`name`,`title`,`pid` FROM `es_node` ORDER BY sort  [ RunTime:0.0010s ]
SQL: SHOW COLUMNS FROM `es_access` [ RunTime:0.0030s ]
SQL: SELECT `node_id` FROM `es_access` WHERE `role_id` = 9  [ RunTime:0.0010s ]
INFO: [ view_parse ] --START--
INFO: [ template_filter ] --START--
INFO: Run Behavior\ContentReplaceBehavior [ RunTime:0.000000s ]
INFO: [ template_filter ] --END-- [ RunTime:0.000000s ]
INFO: Run Behavior\ParseTemplateBehavior [ RunTime:0.014001s ]
INFO: [ view_parse ] --END-- [ RunTime:0.014001s ]
INFO: [ view_filter ] --START--
INFO: Run Behavior\WriteHtmlCacheBehavior [ RunTime:0.000000s ]
INFO: [ view_filter ] --END-- [ RunTime:0.000000s ]
INFO: [ app_end ] --START--
INFO: Run Behavior\ShowPageTraceBehavior [ RunTime:0.001000s ]
INFO: [ app_end ] --END-- [ RunTime:0.001000s ]

[ 2016-08-10T20:41:16+08:00 ] ::1 /evaluationSystem/Admin/Rbacaccess/update/navTabId/rbacaccess/callbackType/closeCurrent
INFO: [ app_begin ] --START--
INFO: Run Behavior\ReadHtmlCacheBehavior [ RunTime:0.000000s ]
INFO: [ app_begin ] --END-- [ RunTime:0.001000s ]
SQL: SHOW COLUMNS FROM `es_access` [ RunTime:0.0040s ]
SQL: DELETE FROM `es_access` WHERE `role_id` = 9 [ RunTime:0.0010s ]
SQL: INSERT INTO `es_access` (`role_id`,`node_id`,`level`) VALUES ('9','33','1'),('9','34','2'),('9','36','3'),('9','30','1'),('9','31','2'),('9','32','3'),('9','26','1'),('9','28','2'),('9','29','3') [ RunTime:0.0000s ]
NOTIC: [8] Undefined index: forwardUrl D:\xampp\htdocs\evaluationSystem\ThinkPHP\Library\Think\Controller.class.php 第 220 行.

[ 2016-08-10T20:41:18+08:00 ] ::1 /evaluationSystem/admin/Login/logout
INFO: [ app_begin ] --START--
INFO: Run Behavior\ReadHtmlCacheBehavior [ RunTime:0.000000s ]
INFO: [ app_begin ] --END-- [ RunTime:0.001000s ]

