[ 2016-03-25T22:40:01+08:00 ] ::1 /workspace/simpsons/trunk/server/Admin/Login/login.html
INFO: [ app_begin ] --START--
INFO: Run Behavior\ReadHtmlCacheBehavior [ RunTime:0.003000s ]
INFO: [ app_begin ] --END-- [ RunTime:0.005000s ]
INFO: [ view_parse ] --START--
INFO: [ template_filter ] --START--
INFO: Run Behavior\ContentReplaceBehavior [ RunTime:0.000000s ]
INFO: [ template_filter ] --END-- [ RunTime:0.000000s ]
SQL: SHOW COLUMNS FROM `easy_fields` [ RunTime:0.0030s ]
SQL: SELECT * FROM `easy_fields` WHERE `field` = 'title' LIMIT 1   [ RunTime:0.0000s ]
INFO: Run Behavior\ParseTemplateBehavior [ RunTime:0.097006s ]
INFO: [ view_parse ] --END-- [ RunTime:0.097006s ]
INFO: [ view_filter ] --START--
INFO: Run Behavior\WriteHtmlCacheBehavior [ RunTime:0.002000s ]
INFO: [ view_filter ] --END-- [ RunTime:0.002000s ]
INFO: [ app_end ] --START--
INFO: Run Behavior\ShowPageTraceBehavior [ RunTime:0.002000s ]
INFO: [ app_end ] --END-- [ RunTime:0.002000s ]

[ 2016-03-25T22:40:03+08:00 ] ::1 /workspace/simpsons/trunk/server/Admin/Login/verify/
INFO: [ app_begin ] --START--
INFO: Run Behavior\ReadHtmlCacheBehavior [ RunTime:0.001000s ]
INFO: [ app_begin ] --END-- [ RunTime:0.001000s ]
INFO: [ app_end ] --START--
INFO: Run Behavior\ShowPageTraceBehavior [ RunTime:0.002000s ]
INFO: [ app_end ] --END-- [ RunTime:0.002000s ]

[ 2016-03-25T22:40:13+08:00 ] ::1 /workspace/simpsons/trunk/server/Admin/Login/verify/1458916813390
INFO: [ app_begin ] --START--
INFO: Run Behavior\ReadHtmlCacheBehavior [ RunTime:0.001000s ]
INFO: [ app_begin ] --END-- [ RunTime:0.001000s ]
INFO: [ app_end ] --START--
INFO: Run Behavior\ShowPageTraceBehavior [ RunTime:0.000000s ]
INFO: [ app_end ] --END-- [ RunTime:0.001000s ]

[ 2016-03-25T22:40:14+08:00 ] ::1 /workspace/simpsons/trunk/server/Admin/Login/verify/1458916814638
INFO: [ app_begin ] --START--
INFO: Run Behavior\ReadHtmlCacheBehavior [ RunTime:0.000000s ]
INFO: [ app_begin ] --END-- [ RunTime:0.001000s ]
INFO: [ app_end ] --START--
INFO: Run Behavior\ShowPageTraceBehavior [ RunTime:0.001000s ]
INFO: [ app_end ] --END-- [ RunTime:0.001000s ]

[ 2016-03-25T22:40:18+08:00 ] ::1 /workspace/simpsons/trunk/server/Admin/Login/checkLogin/
INFO: [ app_begin ] --START--
INFO: Run Behavior\ReadHtmlCacheBehavior [ RunTime:0.001000s ]
INFO: [ app_begin ] --END-- [ RunTime:0.002001s ]
SQL: SHOW COLUMNS FROM `easy_user` [ RunTime:0.0020s ]
SQL: SELECT * FROM `easy_user` WHERE `username` = 'admin' LIMIT 1   [ RunTime:0.0010s ]
SQL: UPDATE `easy_user` SET `logintime`='1458916818',`loginip`='0.0.0.0' WHERE `id` = 6 [ RunTime:0.0000s ]

[ 2016-03-25T22:40:18+08:00 ] ::1 /workspace/simpsons/trunk/server/Admin/Index/index.html
INFO: [ app_begin ] --START--
INFO: Run Behavior\ReadHtmlCacheBehavior [ RunTime:0.001000s ]
INFO: [ app_begin ] --END-- [ RunTime:0.001000s ]
INFO: [ view_parse ] --START--
INFO: [ template_filter ] --START--
INFO: Run Behavior\ContentReplaceBehavior [ RunTime:0.000000s ]
INFO: [ template_filter ] --END-- [ RunTime:0.000000s ]
SQL: SHOW COLUMNS FROM `easy_fields` [ RunTime:0.0050s ]
SQL: SELECT * FROM `easy_fields` WHERE `field` = 'title' LIMIT 1   [ RunTime:0.0000s ]
INFO: Run Behavior\ParseTemplateBehavior [ RunTime:0.083005s ]
INFO: [ view_parse ] --END-- [ RunTime:0.083005s ]
INFO: [ view_filter ] --START--
INFO: Run Behavior\WriteHtmlCacheBehavior [ RunTime:0.001000s ]
INFO: [ view_filter ] --END-- [ RunTime:0.001000s ]
INFO: [ app_end ] --START--
INFO: Run Behavior\ShowPageTraceBehavior [ RunTime:0.004000s ]
INFO: [ app_end ] --END-- [ RunTime:0.004000s ]

[ 2016-03-25T22:40:23+08:00 ] ::1 /workspace/simpsons/trunk/server/Admin/Lotteryaudit/index.html?_=1458916822880
INFO: [ app_begin ] --START--
INFO: Run Behavior\ReadHtmlCacheBehavior [ RunTime:0.002000s ]
INFO: [ app_begin ] --END-- [ RunTime:0.004000s ]
SQL: SHOW COLUMNS FROM `easy_lotteryaudit` [ RunTime:0.0020s ]
SQL: SELECT COUNT(*) AS tp_count FROM `easy_lotteryaudit` LIMIT 1   [ RunTime:0.0010s ]
SQL: SELECT * FROM `easy_lotteryaudit` ORDER BY lotteryauditid desc LIMIT 0,10   [ RunTime:0.0000s ]
NOTIC: [8] Undefined variable: search D:\xampp\htdocs\workspace\simpsons\trunk\server\Application\Admin\Controller\LotteryauditController.class.php 第 269 行.
NOTIC: [8] Undefined index: values D:\xampp\htdocs\workspace\simpsons\trunk\server\Application\Admin\Controller\LotteryauditController.class.php 第 270 行.
INFO: [ view_parse ] --START--
INFO: [ template_filter ] --START--
INFO: Run Behavior\ContentReplaceBehavior [ RunTime:0.000000s ]
INFO: [ template_filter ] --END-- [ RunTime:0.000000s ]
NOTIC: [8] Undefined index: _order D:\xampp\htdocs\workspace\simpsons\trunk\server\Application\Runtime\Cache\Admin\9a28fd75a2b948214998553ebc501d50.php 第 4 行.
NOTIC: [8] Undefined index: _sort D:\xampp\htdocs\workspace\simpsons\trunk\server\Application\Runtime\Cache\Admin\9a28fd75a2b948214998553ebc501d50.php 第 5 行.
NOTIC: [8] Undefined index: keyword D:\xampp\htdocs\workspace\simpsons\trunk\server\Application\Runtime\Cache\Admin\9a28fd75a2b948214998553ebc501d50.php 第 14 行.
NOTIC: [8] Use of undefined constant redpacket - assumed 'redpacket' D:\xampp\htdocs\workspace\simpsons\trunk\server\Application\Runtime\Cache\Admin\9a28fd75a2b948214998553ebc501d50.php 第 50 行.
NOTIC: [8] Use of undefined constant coupontype - assumed 'coupontype' D:\xampp\htdocs\workspace\simpsons\trunk\server\Application\Runtime\Cache\Admin\9a28fd75a2b948214998553ebc501d50.php 第 50 行.
NOTIC: [8] Use of undefined constant scoretype - assumed 'scoretype' D:\xampp\htdocs\workspace\simpsons\trunk\server\Application\Runtime\Cache\Admin\9a28fd75a2b948214998553ebc501d50.php 第 50 行.
INFO: Run Behavior\ParseTemplateBehavior [ RunTime:0.018001s ]
INFO: [ view_parse ] --END-- [ RunTime:0.018001s ]
INFO: [ view_filter ] --START--
INFO: Run Behavior\WriteHtmlCacheBehavior [ RunTime:0.000000s ]
INFO: [ view_filter ] --END-- [ RunTime:0.000000s ]
INFO: [ app_end ] --START--
INFO: Run Behavior\ShowPageTraceBehavior [ RunTime:0.001000s ]
INFO: [ app_end ] --END-- [ RunTime:0.001000s ]

[ 2016-03-25T22:40:26+08:00 ] ::1 /workspace/simpsons/trunk/server/Admin/Lotteryaudit/delete/lotteryauditid/546/navTabId/listlotteryaudit
INFO: [ app_begin ] --START--
INFO: Run Behavior\ReadHtmlCacheBehavior [ RunTime:0.001000s ]
INFO: [ app_begin ] --END-- [ RunTime:0.001000s ]
SQL: SHOW COLUMNS FROM `easy_lotteryaudit` [ RunTime:0.0040s ]
SQL: DELETE FROM `easy_lotteryaudit` WHERE `lotteryauditid` IN ('546') [ RunTime:0.1780s ]
NOTIC: [8] Undefined index: callbackType D:\xampp\htdocs\workspace\simpsons\trunk\server\ThinkPHP\Library\Think\Controller.class.php 第 219 行.
NOTIC: [8] Undefined index: forwardUrl D:\xampp\htdocs\workspace\simpsons\trunk\server\ThinkPHP\Library\Think\Controller.class.php 第 220 行.

[ 2016-03-25T22:40:26+08:00 ] ::1 /workspace/simpsons/trunk/server/Admin/Lotteryaudit/index.html?pageNum=1&numPerPage=10&_order=&_sort=&keyword=&_=1458916826814
INFO: [ app_begin ] --START--
INFO: Run Behavior\ReadHtmlCacheBehavior [ RunTime:0.000000s ]
INFO: [ app_begin ] --END-- [ RunTime:0.001001s ]
SQL: SHOW COLUMNS FROM `easy_lotteryaudit` [ RunTime:0.0030s ]
SQL: SELECT COUNT(*) AS tp_count FROM `easy_lotteryaudit` LIMIT 1   [ RunTime:0.0000s ]
SQL: SELECT * FROM `easy_lotteryaudit` ORDER BY lotteryauditid desc LIMIT 0,10   [ RunTime:0.0000s ]
NOTIC: [8] Undefined variable: search D:\xampp\htdocs\workspace\simpsons\trunk\server\Application\Admin\Controller\LotteryauditController.class.php 第 269 行.
NOTIC: [8] Undefined index: values D:\xampp\htdocs\workspace\simpsons\trunk\server\Application\Admin\Controller\LotteryauditController.class.php 第 270 行.
INFO: [ view_parse ] --START--
INFO: [ template_filter ] --START--
INFO: Run Behavior\ContentReplaceBehavior [ RunTime:0.000000s ]
INFO: [ template_filter ] --END-- [ RunTime:0.000000s ]
NOTIC: [8] Undefined index: keyword D:\xampp\htdocs\workspace\simpsons\trunk\server\Application\Runtime\Cache\Admin\9a28fd75a2b948214998553ebc501d50.php 第 14 行.
INFO: Run Behavior\ParseTemplateBehavior [ RunTime:0.009001s ]
INFO: [ view_parse ] --END-- [ RunTime:0.009001s ]
INFO: [ view_filter ] --START--
INFO: Run Behavior\WriteHtmlCacheBehavior [ RunTime:0.001000s ]
INFO: [ view_filter ] --END-- [ RunTime:0.001000s ]
INFO: [ app_end ] --START--
INFO: Run Behavior\ShowPageTraceBehavior [ RunTime:0.002000s ]
INFO: [ app_end ] --END-- [ RunTime:0.002000s ]

[ 2016-03-25T22:40:27+08:00 ] ::1 /workspace/simpsons/trunk/server/Admin/Lotterytype/index.html?_=1458916827587
INFO: [ app_begin ] --START--
INFO: Run Behavior\ReadHtmlCacheBehavior [ RunTime:0.001000s ]
INFO: [ app_begin ] --END-- [ RunTime:0.002000s ]
SQL: SHOW COLUMNS FROM `easy_lotterytype` [ RunTime:0.0020s ]
SQL: SELECT COUNT(*) AS tp_count FROM `easy_lotterytype` LIMIT 1   [ RunTime:0.0010s ]
SQL: SELECT * FROM `easy_lotterytype` ORDER BY lotterytypeid desc LIMIT 0,10   [ RunTime:0.0010s ]
NOTIC: [8] Undefined variable: search D:\xampp\htdocs\workspace\simpsons\trunk\server\Application\Admin\Controller\LotterytypeController.class.php 第 254 行.
NOTIC: [8] Undefined index: values D:\xampp\htdocs\workspace\simpsons\trunk\server\Application\Admin\Controller\LotterytypeController.class.php 第 255 行.
INFO: [ view_parse ] --START--
INFO: [ template_filter ] --START--
INFO: Run Behavior\ContentReplaceBehavior [ RunTime:0.000000s ]
INFO: [ template_filter ] --END-- [ RunTime:0.001000s ]
NOTIC: [8] Undefined index: _order D:\xampp\htdocs\workspace\simpsons\trunk\server\Application\Runtime\Cache\Admin\dd8cb44c681ecda408244a0242247d82.php 第 4 行.
NOTIC: [8] Undefined index: _sort D:\xampp\htdocs\workspace\simpsons\trunk\server\Application\Runtime\Cache\Admin\dd8cb44c681ecda408244a0242247d82.php 第 5 行.
NOTIC: [8] Use of undefined constant redpacket - assumed 'redpacket' D:\xampp\htdocs\workspace\simpsons\trunk\server\Application\Runtime\Cache\Admin\dd8cb44c681ecda408244a0242247d82.php 第 34 行.
NOTIC: [8] Use of undefined constant coupontype - assumed 'coupontype' D:\xampp\htdocs\workspace\simpsons\trunk\server\Application\Runtime\Cache\Admin\dd8cb44c681ecda408244a0242247d82.php 第 34 行.
NOTIC: [8] Use of undefined constant scoretype - assumed 'scoretype' D:\xampp\htdocs\workspace\simpsons\trunk\server\Application\Runtime\Cache\Admin\dd8cb44c681ecda408244a0242247d82.php 第 34 行.
NOTIC: [8] Use of undefined constant redpacket - assumed 'redpacket' D:\xampp\htdocs\workspace\simpsons\trunk\server\Application\Runtime\Cache\Admin\dd8cb44c681ecda408244a0242247d82.php 第 34 行.
NOTIC: [8] Use of undefined constant redpacket - assumed 'redpacket' D:\xampp\htdocs\workspace\simpsons\trunk\server\Application\Runtime\Cache\Admin\dd8cb44c681ecda408244a0242247d82.php 第 34 行.
NOTIC: [8] Use of undefined constant coupontype - assumed 'coupontype' D:\xampp\htdocs\workspace\simpsons\trunk\server\Application\Runtime\Cache\Admin\dd8cb44c681ecda408244a0242247d82.php 第 34 行.
INFO: Run Behavior\ParseTemplateBehavior [ RunTime:0.017001s ]
INFO: [ view_parse ] --END-- [ RunTime:0.017001s ]
INFO: [ view_filter ] --START--
INFO: Run Behavior\WriteHtmlCacheBehavior [ RunTime:0.001000s ]
INFO: [ view_filter ] --END-- [ RunTime:0.001000s ]
INFO: [ app_end ] --START--
INFO: Run Behavior\ShowPageTraceBehavior [ RunTime:0.001000s ]
INFO: [ app_end ] --END-- [ RunTime:0.001000s ]

[ 2016-03-25T22:40:30+08:00 ] ::1 /workspace/simpsons/trunk/server/Admin/Lotterytype/edit/lotterytypeid/26/navTabId/listlotterytype?_=1458916830794
INFO: [ app_begin ] --START--
INFO: Run Behavior\ReadHtmlCacheBehavior [ RunTime:0.001000s ]
INFO: [ app_begin ] --END-- [ RunTime:0.002000s ]
SQL: SHOW COLUMNS FROM `easy_lotterytype` [ RunTime:0.0040s ]
SQL: SELECT * FROM `easy_lotterytype` WHERE `lotterytypeid` = 26 LIMIT 1   [ RunTime:0.0010s ]
INFO: [ view_parse ] --START--
INFO: [ template_filter ] --START--
INFO: Run Behavior\ContentReplaceBehavior [ RunTime:0.000000s ]
INFO: [ template_filter ] --END-- [ RunTime:0.000000s ]
INFO: Run Behavior\ParseTemplateBehavior [ RunTime:0.023001s ]
INFO: [ view_parse ] --END-- [ RunTime:0.024001s ]
INFO: [ view_filter ] --START--
INFO: Run Behavior\WriteHtmlCacheBehavior [ RunTime:0.000000s ]
INFO: [ view_filter ] --END-- [ RunTime:0.000000s ]
INFO: [ app_end ] --START--
INFO: Run Behavior\ShowPageTraceBehavior [ RunTime:0.001000s ]
INFO: [ app_end ] --END-- [ RunTime:0.001000s ]

[ 2016-03-25T22:40:34+08:00 ] ::1 /workspace/simpsons/trunk/server/Admin/Lotterytype/update/navTabId/listlotterytype/callbackType/closeCurrent
INFO: [ app_begin ] --START--
INFO: Run Behavior\ReadHtmlCacheBehavior [ RunTime:0.000000s ]
INFO: [ app_begin ] --END-- [ RunTime:0.001000s ]
SQL: SHOW COLUMNS FROM `easy_lotterytype` [ RunTime:0.0030s ]
NOTIC: [8] Undefined index: validate D:\xampp\htdocs\workspace\simpsons\trunk\server\ThinkPHP\Library\Think\Model.class.php 第 1185 行.
NOTIC: [8] Undefined index: auto D:\xampp\htdocs\workspace\simpsons\trunk\server\ThinkPHP\Library\Think\Model.class.php 第 1128 行.
SQL: UPDATE `easy_lotterytype` SET `lotteryratio`='0',`lastmodifytime`='1458916834' WHERE `lotterytypeid` = 26 [ RunTime:0.0900s ]
NOTIC: [8] Undefined index: forwardUrl D:\xampp\htdocs\workspace\simpsons\trunk\server\ThinkPHP\Library\Think\Controller.class.php 第 220 行.

[ 2016-03-25T22:40:34+08:00 ] ::1 /workspace/simpsons/trunk/server/Admin/Lotterytype/index.html
INFO: [ app_begin ] --START--
INFO: Run Behavior\ReadHtmlCacheBehavior [ RunTime:0.000000s ]
INFO: [ app_begin ] --END-- [ RunTime:0.001000s ]
SQL: SHOW COLUMNS FROM `easy_lotterytype` [ RunTime:0.0040s ]
SQL: SELECT COUNT(*) AS tp_count FROM `easy_lotterytype` LIMIT 1   [ RunTime:0.0000s ]
SQL: SELECT * FROM `easy_lotterytype` ORDER BY lotterytypeid desc LIMIT 0,10   [ RunTime:0.0000s ]
NOTIC: [8] Undefined variable: search D:\xampp\htdocs\workspace\simpsons\trunk\server\Application\Admin\Controller\LotterytypeController.class.php 第 254 行.
NOTIC: [8] Undefined index: values D:\xampp\htdocs\workspace\simpsons\trunk\server\Application\Admin\Controller\LotterytypeController.class.php 第 255 行.
INFO: [ view_parse ] --START--
INFO: [ template_filter ] --START--
INFO: Run Behavior\ContentReplaceBehavior [ RunTime:0.000000s ]
INFO: [ template_filter ] --END-- [ RunTime:0.001000s ]
NOTIC: [8] Use of undefined constant redpacket - assumed 'redpacket' D:\xampp\htdocs\workspace\simpsons\trunk\server\Application\Runtime\Cache\Admin\dd8cb44c681ecda408244a0242247d82.php 第 34 行.
NOTIC: [8] Use of undefined constant coupontype - assumed 'coupontype' D:\xampp\htdocs\workspace\simpsons\trunk\server\Application\Runtime\Cache\Admin\dd8cb44c681ecda408244a0242247d82.php 第 34 行.
NOTIC: [8] Use of undefined constant scoretype - assumed 'scoretype' D:\xampp\htdocs\workspace\simpsons\trunk\server\Application\Runtime\Cache\Admin\dd8cb44c681ecda408244a0242247d82.php 第 34 行.
NOTIC: [8] Use of undefined constant redpacket - assumed 'redpacket' D:\xampp\htdocs\workspace\simpsons\trunk\server\Application\Runtime\Cache\Admin\dd8cb44c681ecda408244a0242247d82.php 第 34 行.
NOTIC: [8] Use of undefined constant redpacket - assumed 'redpacket' D:\xampp\htdocs\workspace\simpsons\trunk\server\Application\Runtime\Cache\Admin\dd8cb44c681ecda408244a0242247d82.php 第 34 行.
NOTIC: [8] Use of undefined constant coupontype - assumed 'coupontype' D:\xampp\htdocs\workspace\simpsons\trunk\server\Application\Runtime\Cache\Admin\dd8cb44c681ecda408244a0242247d82.php 第 34 行.
INFO: Run Behavior\ParseTemplateBehavior [ RunTime:0.011001s ]
INFO: [ view_parse ] --END-- [ RunTime:0.011001s ]
INFO: [ view_filter ] --START--
INFO: Run Behavior\WriteHtmlCacheBehavior [ RunTime:0.001000s ]
INFO: [ view_filter ] --END-- [ RunTime:0.001000s ]
INFO: [ app_end ] --START--
INFO: Run Behavior\ShowPageTraceBehavior [ RunTime:0.001000s ]
INFO: [ app_end ] --END-- [ RunTime:0.001000s ]

[ 2016-03-25T22:40:37+08:00 ] ::1 /workspace/simpsons/trunk/server/Admin/Lotterytype/edit/lotterytypeid/25/navTabId/listlotterytype?_=1458916837104
INFO: [ app_begin ] --START--
INFO: Run Behavior\ReadHtmlCacheBehavior [ RunTime:0.002000s ]
INFO: [ app_begin ] --END-- [ RunTime:0.003000s ]
SQL: SHOW COLUMNS FROM `easy_lotterytype` [ RunTime:0.0040s ]
SQL: SELECT * FROM `easy_lotterytype` WHERE `lotterytypeid` = 25 LIMIT 1   [ RunTime:0.0000s ]
INFO: [ view_parse ] --START--
INFO: [ template_filter ] --START--
INFO: Run Behavior\ContentReplaceBehavior [ RunTime:0.000000s ]
INFO: [ template_filter ] --END-- [ RunTime:0.000000s ]
INFO: Run Behavior\ParseTemplateBehavior [ RunTime:0.009001s ]
INFO: [ view_parse ] --END-- [ RunTime:0.009001s ]
INFO: [ view_filter ] --START--
INFO: Run Behavior\WriteHtmlCacheBehavior [ RunTime:0.000000s ]
INFO: [ view_filter ] --END-- [ RunTime:0.000000s ]
INFO: [ app_end ] --START--
INFO: Run Behavior\ShowPageTraceBehavior [ RunTime:0.000000s ]
INFO: [ app_end ] --END-- [ RunTime:0.000000s ]

[ 2016-03-25T22:40:40+08:00 ] ::1 /workspace/simpsons/trunk/server/Admin/Lotterytype/update/navTabId/listlotterytype/callbackType/closeCurrent
INFO: [ app_begin ] --START--
INFO: Run Behavior\ReadHtmlCacheBehavior [ RunTime:0.001000s ]
INFO: [ app_begin ] --END-- [ RunTime:0.002001s ]
SQL: SHOW COLUMNS FROM `easy_lotterytype` [ RunTime:0.0030s ]
NOTIC: [8] Undefined index: validate D:\xampp\htdocs\workspace\simpsons\trunk\server\ThinkPHP\Library\Think\Model.class.php 第 1185 行.
NOTIC: [8] Undefined index: auto D:\xampp\htdocs\workspace\simpsons\trunk\server\ThinkPHP\Library\Think\Model.class.php 第 1128 行.
SQL: UPDATE `easy_lotterytype` SET `lotteryratio`='0',`lastmodifytime`='1458916840' WHERE `lotterytypeid` = 25 [ RunTime:0.0900s ]
NOTIC: [8] Undefined index: forwardUrl D:\xampp\htdocs\workspace\simpsons\trunk\server\ThinkPHP\Library\Think\Controller.class.php 第 220 行.

[ 2016-03-25T22:40:40+08:00 ] ::1 /workspace/simpsons/trunk/server/Admin/Lotterytype/index.html
INFO: [ app_begin ] --START--
INFO: Run Behavior\ReadHtmlCacheBehavior [ RunTime:0.000000s ]
INFO: [ app_begin ] --END-- [ RunTime:0.001000s ]
SQL: SHOW COLUMNS FROM `easy_lotterytype` [ RunTime:0.0030s ]
SQL: SELECT COUNT(*) AS tp_count FROM `easy_lotterytype` LIMIT 1   [ RunTime:0.0010s ]
SQL: SELECT * FROM `easy_lotterytype` ORDER BY lotterytypeid desc LIMIT 0,10   [ RunTime:0.0010s ]
NOTIC: [8] Undefined variable: search D:\xampp\htdocs\workspace\simpsons\trunk\server\Application\Admin\Controller\LotterytypeController.class.php 第 254 行.
NOTIC: [8] Undefined index: values D:\xampp\htdocs\workspace\simpsons\trunk\server\Application\Admin\Controller\LotterytypeController.class.php 第 255 行.
INFO: [ view_parse ] --START--
INFO: [ template_filter ] --START--
INFO: Run Behavior\ContentReplaceBehavior [ RunTime:0.000000s ]
INFO: [ template_filter ] --END-- [ RunTime:0.000000s ]
NOTIC: [8] Use of undefined constant redpacket - assumed 'redpacket' D:\xampp\htdocs\workspace\simpsons\trunk\server\Application\Runtime\Cache\Admin\dd8cb44c681ecda408244a0242247d82.php 第 34 行.
NOTIC: [8] Use of undefined constant coupontype - assumed 'coupontype' D:\xampp\htdocs\workspace\simpsons\trunk\server\Application\Runtime\Cache\Admin\dd8cb44c681ecda408244a0242247d82.php 第 34 行.
NOTIC: [8] Use of undefined constant scoretype - assumed 'scoretype' D:\xampp\htdocs\workspace\simpsons\trunk\server\Application\Runtime\Cache\Admin\dd8cb44c681ecda408244a0242247d82.php 第 34 行.
NOTIC: [8] Use of undefined constant redpacket - assumed 'redpacket' D:\xampp\htdocs\workspace\simpsons\trunk\server\Application\Runtime\Cache\Admin\dd8cb44c681ecda408244a0242247d82.php 第 34 行.
NOTIC: [8] Use of undefined constant redpacket - assumed 'redpacket' D:\xampp\htdocs\workspace\simpsons\trunk\server\Application\Runtime\Cache\Admin\dd8cb44c681ecda408244a0242247d82.php 第 34 行.
NOTIC: [8] Use of undefined constant coupontype - assumed 'coupontype' D:\xampp\htdocs\workspace\simpsons\trunk\server\Application\Runtime\Cache\Admin\dd8cb44c681ecda408244a0242247d82.php 第 34 行.
INFO: Run Behavior\ParseTemplateBehavior [ RunTime:0.013001s ]
INFO: [ view_parse ] --END-- [ RunTime:0.013001s ]
INFO: [ view_filter ] --START--
INFO: Run Behavior\WriteHtmlCacheBehavior [ RunTime:0.001000s ]
INFO: [ view_filter ] --END-- [ RunTime:0.001000s ]
INFO: [ app_end ] --START--
INFO: Run Behavior\ShowPageTraceBehavior [ RunTime:0.000000s ]
INFO: [ app_end ] --END-- [ RunTime:0.000000s ]

[ 2016-03-25T22:40:43+08:00 ] ::1 /workspace/simpsons/trunk/server/Admin/Lotterytype/edit/lotterytypeid/24/navTabId/listlotterytype?_=1458916843664
INFO: [ app_begin ] --START--
INFO: Run Behavior\ReadHtmlCacheBehavior [ RunTime:0.001000s ]
INFO: [ app_begin ] --END-- [ RunTime:0.001000s ]
SQL: SHOW COLUMNS FROM `easy_lotterytype` [ RunTime:0.0030s ]
SQL: SELECT * FROM `easy_lotterytype` WHERE `lotterytypeid` = 24 LIMIT 1   [ RunTime:0.0000s ]
INFO: [ view_parse ] --START--
INFO: [ template_filter ] --START--
INFO: Run Behavior\ContentReplaceBehavior [ RunTime:0.000000s ]
INFO: [ template_filter ] --END-- [ RunTime:0.000000s ]
INFO: Run Behavior\ParseTemplateBehavior [ RunTime:0.007001s ]
INFO: [ view_parse ] --END-- [ RunTime:0.007001s ]
INFO: [ view_filter ] --START--
INFO: Run Behavior\WriteHtmlCacheBehavior [ RunTime:0.001000s ]
INFO: [ view_filter ] --END-- [ RunTime:0.001000s ]
INFO: [ app_end ] --START--
INFO: Run Behavior\ShowPageTraceBehavior [ RunTime:0.001000s ]
INFO: [ app_end ] --END-- [ RunTime:0.001000s ]

[ 2016-03-25T22:40:47+08:00 ] ::1 /workspace/simpsons/trunk/server/Admin/Lotterytype/update/navTabId/listlotterytype/callbackType/closeCurrent
INFO: [ app_begin ] --START--
INFO: Run Behavior\ReadHtmlCacheBehavior [ RunTime:0.001000s ]
INFO: [ app_begin ] --END-- [ RunTime:0.002000s ]
SQL: SHOW COLUMNS FROM `easy_lotterytype` [ RunTime:0.0040s ]
NOTIC: [8] Undefined index: validate D:\xampp\htdocs\workspace\simpsons\trunk\server\ThinkPHP\Library\Think\Model.class.php 第 1185 行.
NOTIC: [8] Undefined index: auto D:\xampp\htdocs\workspace\simpsons\trunk\server\ThinkPHP\Library\Think\Model.class.php 第 1128 行.
SQL: UPDATE `easy_lotterytype` SET `lotteryratio`='100',`lastmodifytime`='1458916847' WHERE `lotterytypeid` = 24 [ RunTime:0.0810s ]
NOTIC: [8] Undefined index: forwardUrl D:\xampp\htdocs\workspace\simpsons\trunk\server\ThinkPHP\Library\Think\Controller.class.php 第 220 行.

[ 2016-03-25T22:40:47+08:00 ] ::1 /workspace/simpsons/trunk/server/Admin/Lotterytype/index.html
INFO: [ app_begin ] --START--
INFO: Run Behavior\ReadHtmlCacheBehavior [ RunTime:0.001000s ]
INFO: [ app_begin ] --END-- [ RunTime:0.001000s ]
SQL: SHOW COLUMNS FROM `easy_lotterytype` [ RunTime:0.0030s ]
SQL: SELECT COUNT(*) AS tp_count FROM `easy_lotterytype` LIMIT 1   [ RunTime:0.0010s ]
SQL: SELECT * FROM `easy_lotterytype` ORDER BY lotterytypeid desc LIMIT 0,10   [ RunTime:0.0000s ]
NOTIC: [8] Undefined variable: search D:\xampp\htdocs\workspace\simpsons\trunk\server\Application\Admin\Controller\LotterytypeController.class.php 第 254 行.
NOTIC: [8] Undefined index: values D:\xampp\htdocs\workspace\simpsons\trunk\server\Application\Admin\Controller\LotterytypeController.class.php 第 255 行.
INFO: [ view_parse ] --START--
INFO: [ template_filter ] --START--
INFO: Run Behavior\ContentReplaceBehavior [ RunTime:0.000000s ]
INFO: [ template_filter ] --END-- [ RunTime:0.000000s ]
NOTIC: [8] Use of undefined constant redpacket - assumed 'redpacket' D:\xampp\htdocs\workspace\simpsons\trunk\server\Application\Runtime\Cache\Admin\dd8cb44c681ecda408244a0242247d82.php 第 34 行.
NOTIC: [8] Use of undefined constant coupontype - assumed 'coupontype' D:\xampp\htdocs\workspace\simpsons\trunk\server\Application\Runtime\Cache\Admin\dd8cb44c681ecda408244a0242247d82.php 第 34 行.
NOTIC: [8] Use of undefined constant scoretype - assumed 'scoretype' D:\xampp\htdocs\workspace\simpsons\trunk\server\Application\Runtime\Cache\Admin\dd8cb44c681ecda408244a0242247d82.php 第 34 行.
NOTIC: [8] Use of undefined constant redpacket - assumed 'redpacket' D:\xampp\htdocs\workspace\simpsons\trunk\server\Application\Runtime\Cache\Admin\dd8cb44c681ecda408244a0242247d82.php 第 34 行.
NOTIC: [8] Use of undefined constant redpacket - assumed 'redpacket' D:\xampp\htdocs\workspace\simpsons\trunk\server\Application\Runtime\Cache\Admin\dd8cb44c681ecda408244a0242247d82.php 第 34 行.
NOTIC: [8] Use of undefined constant coupontype - assumed 'coupontype' D:\xampp\htdocs\workspace\simpsons\trunk\server\Application\Runtime\Cache\Admin\dd8cb44c681ecda408244a0242247d82.php 第 34 行.
INFO: Run Behavior\ParseTemplateBehavior [ RunTime:0.009001s ]
INFO: [ view_parse ] --END-- [ RunTime:0.009001s ]
INFO: [ view_filter ] --START--
INFO: Run Behavior\WriteHtmlCacheBehavior [ RunTime:0.000000s ]
INFO: [ view_filter ] --END-- [ RunTime:0.001000s ]
INFO: [ app_end ] --START--
INFO: Run Behavior\ShowPageTraceBehavior [ RunTime:0.001000s ]
INFO: [ app_end ] --END-- [ RunTime:0.001000s ]

[ 2016-03-25T22:40:50+08:00 ] ::1 /workspace/simpsons/trunk/server/Admin/Lotterytype/edit/lotterytypeid/25/navTabId/listlotterytype?_=1458916850307
INFO: [ app_begin ] --START--
INFO: Run Behavior\ReadHtmlCacheBehavior [ RunTime:0.001000s ]
INFO: [ app_begin ] --END-- [ RunTime:0.001000s ]
SQL: SHOW COLUMNS FROM `easy_lotterytype` [ RunTime:0.0020s ]
SQL: SELECT * FROM `easy_lotterytype` WHERE `lotterytypeid` = 25 LIMIT 1   [ RunTime:0.0010s ]
INFO: [ view_parse ] --START--
INFO: [ template_filter ] --START--
INFO: Run Behavior\ContentReplaceBehavior [ RunTime:0.001000s ]
INFO: [ template_filter ] --END-- [ RunTime:0.001000s ]
INFO: Run Behavior\ParseTemplateBehavior [ RunTime:0.007001s ]
INFO: [ view_parse ] --END-- [ RunTime:0.007001s ]
INFO: [ view_filter ] --START--
INFO: Run Behavior\WriteHtmlCacheBehavior [ RunTime:0.001000s ]
INFO: [ view_filter ] --END-- [ RunTime:0.001000s ]
INFO: [ app_end ] --START--
INFO: Run Behavior\ShowPageTraceBehavior [ RunTime:0.001000s ]
INFO: [ app_end ] --END-- [ RunTime:0.001000s ]

[ 2016-03-25T22:40:53+08:00 ] ::1 /workspace/simpsons/trunk/server/Admin/Lotterytype/update/navTabId/listlotterytype/callbackType/closeCurrent
INFO: [ app_begin ] --START--
INFO: Run Behavior\ReadHtmlCacheBehavior [ RunTime:0.001000s ]
INFO: [ app_begin ] --END-- [ RunTime:0.002001s ]
SQL: SHOW COLUMNS FROM `easy_lotterytype` [ RunTime:0.0040s ]
NOTIC: [8] Undefined index: validate D:\xampp\htdocs\workspace\simpsons\trunk\server\ThinkPHP\Library\Think\Model.class.php 第 1185 行.
NOTIC: [8] Undefined index: auto D:\xampp\htdocs\workspace\simpsons\trunk\server\ThinkPHP\Library\Think\Model.class.php 第 1128 行.
SQL: UPDATE `easy_lotterytype` SET `lotteryratio`='100',`lastmodifytime`='1458916853' WHERE `lotterytypeid` = 25 [ RunTime:0.0710s ]
NOTIC: [8] Undefined index: forwardUrl D:\xampp\htdocs\workspace\simpsons\trunk\server\ThinkPHP\Library\Think\Controller.class.php 第 220 行.

[ 2016-03-25T22:40:54+08:00 ] ::1 /workspace/simpsons/trunk/server/Admin/Lotterytype/index.html
INFO: [ app_begin ] --START--
INFO: Run Behavior\ReadHtmlCacheBehavior [ RunTime:0.001000s ]
INFO: [ app_begin ] --END-- [ RunTime:0.002000s ]
SQL: SHOW COLUMNS FROM `easy_lotterytype` [ RunTime:0.0020s ]
SQL: SELECT COUNT(*) AS tp_count FROM `easy_lotterytype` LIMIT 1   [ RunTime:0.0000s ]
SQL: SELECT * FROM `easy_lotterytype` ORDER BY lotterytypeid desc LIMIT 0,10   [ RunTime:0.0000s ]
NOTIC: [8] Undefined variable: search D:\xampp\htdocs\workspace\simpsons\trunk\server\Application\Admin\Controller\LotterytypeController.class.php 第 254 行.
NOTIC: [8] Undefined index: values D:\xampp\htdocs\workspace\simpsons\trunk\server\Application\Admin\Controller\LotterytypeController.class.php 第 255 行.
INFO: [ view_parse ] --START--
INFO: [ template_filter ] --START--
INFO: Run Behavior\ContentReplaceBehavior [ RunTime:0.000000s ]
INFO: [ template_filter ] --END-- [ RunTime:0.000000s ]
NOTIC: [8] Use of undefined constant redpacket - assumed 'redpacket' D:\xampp\htdocs\workspace\simpsons\trunk\server\Application\Runtime\Cache\Admin\dd8cb44c681ecda408244a0242247d82.php 第 34 行.
NOTIC: [8] Use of undefined constant coupontype - assumed 'coupontype' D:\xampp\htdocs\workspace\simpsons\trunk\server\Application\Runtime\Cache\Admin\dd8cb44c681ecda408244a0242247d82.php 第 34 行.
NOTIC: [8] Use of undefined constant scoretype - assumed 'scoretype' D:\xampp\htdocs\workspace\simpsons\trunk\server\Application\Runtime\Cache\Admin\dd8cb44c681ecda408244a0242247d82.php 第 34 行.
NOTIC: [8] Use of undefined constant redpacket - assumed 'redpacket' D:\xampp\htdocs\workspace\simpsons\trunk\server\Application\Runtime\Cache\Admin\dd8cb44c681ecda408244a0242247d82.php 第 34 行.
NOTIC: [8] Use of undefined constant redpacket - assumed 'redpacket' D:\xampp\htdocs\workspace\simpsons\trunk\server\Application\Runtime\Cache\Admin\dd8cb44c681ecda408244a0242247d82.php 第 34 行.
NOTIC: [8] Use of undefined constant coupontype - assumed 'coupontype' D:\xampp\htdocs\workspace\simpsons\trunk\server\Application\Runtime\Cache\Admin\dd8cb44c681ecda408244a0242247d82.php 第 34 行.
INFO: Run Behavior\ParseTemplateBehavior [ RunTime:0.012001s ]
INFO: [ view_parse ] --END-- [ RunTime:0.012001s ]
INFO: [ view_filter ] --START--
INFO: Run Behavior\WriteHtmlCacheBehavior [ RunTime:0.001000s ]
INFO: [ view_filter ] --END-- [ RunTime:0.001000s ]
INFO: [ app_end ] --START--
INFO: Run Behavior\ShowPageTraceBehavior [ RunTime:0.001000s ]
INFO: [ app_end ] --END-- [ RunTime:0.001000s ]

[ 2016-03-25T22:40:56+08:00 ] ::1 /workspace/simpsons/trunk/server/Admin/Lotterytype/edit/lotterytypeid/24/navTabId/listlotterytype?_=1458916856720
INFO: [ app_begin ] --START--
INFO: Run Behavior\ReadHtmlCacheBehavior [ RunTime:0.001000s ]
INFO: [ app_begin ] --END-- [ RunTime:0.001000s ]
SQL: SHOW COLUMNS FROM `easy_lotterytype` [ RunTime:0.0030s ]
SQL: SELECT * FROM `easy_lotterytype` WHERE `lotterytypeid` = 24 LIMIT 1   [ RunTime:0.0000s ]
INFO: [ view_parse ] --START--
INFO: [ template_filter ] --START--
INFO: Run Behavior\ContentReplaceBehavior [ RunTime:0.000000s ]
INFO: [ template_filter ] --END-- [ RunTime:0.000000s ]
INFO: Run Behavior\ParseTemplateBehavior [ RunTime:0.008001s ]
INFO: [ view_parse ] --END-- [ RunTime:0.008001s ]
INFO: [ view_filter ] --START--
INFO: Run Behavior\WriteHtmlCacheBehavior [ RunTime:0.000000s ]
INFO: [ view_filter ] --END-- [ RunTime:0.000000s ]
INFO: [ app_end ] --START--
INFO: Run Behavior\ShowPageTraceBehavior [ RunTime:0.001000s ]
INFO: [ app_end ] --END-- [ RunTime:0.001000s ]

[ 2016-03-25T22:40:59+08:00 ] ::1 /workspace/simpsons/trunk/server/Admin/Lotterytype/update/navTabId/listlotterytype/callbackType/closeCurrent
INFO: [ app_begin ] --START--
INFO: Run Behavior\ReadHtmlCacheBehavior [ RunTime:0.000000s ]
INFO: [ app_begin ] --END-- [ RunTime:0.001000s ]
SQL: SHOW COLUMNS FROM `easy_lotterytype` [ RunTime:0.0020s ]
NOTIC: [8] Undefined index: validate D:\xampp\htdocs\workspace\simpsons\trunk\server\ThinkPHP\Library\Think\Model.class.php 第 1185 行.
NOTIC: [8] Undefined index: auto D:\xampp\htdocs\workspace\simpsons\trunk\server\ThinkPHP\Library\Think\Model.class.php 第 1128 行.
SQL: UPDATE `easy_lotterytype` SET `lotteryratio`='0',`lastmodifytime`='1458916859' WHERE `lotterytypeid` = 24 [ RunTime:0.0900s ]
NOTIC: [8] Undefined index: forwardUrl D:\xampp\htdocs\workspace\simpsons\trunk\server\ThinkPHP\Library\Think\Controller.class.php 第 220 行.

[ 2016-03-25T22:40:59+08:00 ] ::1 /workspace/simpsons/trunk/server/Admin/Lotterytype/index.html
INFO: [ app_begin ] --START--
INFO: Run Behavior\ReadHtmlCacheBehavior [ RunTime:0.002000s ]
INFO: [ app_begin ] --END-- [ RunTime:0.002000s ]
SQL: SHOW COLUMNS FROM `easy_lotterytype` [ RunTime:0.0030s ]
SQL: SELECT COUNT(*) AS tp_count FROM `easy_lotterytype` LIMIT 1   [ RunTime:0.0010s ]
SQL: SELECT * FROM `easy_lotterytype` ORDER BY lotterytypeid desc LIMIT 0,10   [ RunTime:0.0010s ]
NOTIC: [8] Undefined variable: search D:\xampp\htdocs\workspace\simpsons\trunk\server\Application\Admin\Controller\LotterytypeController.class.php 第 254 行.
NOTIC: [8] Undefined index: values D:\xampp\htdocs\workspace\simpsons\trunk\server\Application\Admin\Controller\LotterytypeController.class.php 第 255 行.
INFO: [ view_parse ] --START--
INFO: [ template_filter ] --START--
INFO: Run Behavior\ContentReplaceBehavior [ RunTime:0.000000s ]
INFO: [ template_filter ] --END-- [ RunTime:0.000000s ]
NOTIC: [8] Use of undefined constant redpacket - assumed 'redpacket' D:\xampp\htdocs\workspace\simpsons\trunk\server\Application\Runtime\Cache\Admin\dd8cb44c681ecda408244a0242247d82.php 第 34 行.
NOTIC: [8] Use of undefined constant coupontype - assumed 'coupontype' D:\xampp\htdocs\workspace\simpsons\trunk\server\Application\Runtime\Cache\Admin\dd8cb44c681ecda408244a0242247d82.php 第 34 行.
NOTIC: [8] Use of undefined constant scoretype - assumed 'scoretype' D:\xampp\htdocs\workspace\simpsons\trunk\server\Application\Runtime\Cache\Admin\dd8cb44c681ecda408244a0242247d82.php 第 34 行.
NOTIC: [8] Use of undefined constant redpacket - assumed 'redpacket' D:\xampp\htdocs\workspace\simpsons\trunk\server\Application\Runtime\Cache\Admin\dd8cb44c681ecda408244a0242247d82.php 第 34 行.
NOTIC: [8] Use of undefined constant redpacket - assumed 'redpacket' D:\xampp\htdocs\workspace\simpsons\trunk\server\Application\Runtime\Cache\Admin\dd8cb44c681ecda408244a0242247d82.php 第 34 行.
NOTIC: [8] Use of undefined constant coupontype - assumed 'coupontype' D:\xampp\htdocs\workspace\simpsons\trunk\server\Application\Runtime\Cache\Admin\dd8cb44c681ecda408244a0242247d82.php 第 34 行.
INFO: Run Behavior\ParseTemplateBehavior [ RunTime:0.009000s ]
INFO: [ view_parse ] --END-- [ RunTime:0.009000s ]
INFO: [ view_filter ] --START--
INFO: Run Behavior\WriteHtmlCacheBehavior [ RunTime:0.001000s ]
INFO: [ view_filter ] --END-- [ RunTime:0.001000s ]
INFO: [ app_end ] --START--
INFO: Run Behavior\ShowPageTraceBehavior [ RunTime:0.001000s ]
INFO: [ app_end ] --END-- [ RunTime:0.001000s ]

[ 2016-03-25T22:48:43+08:00 ] ::1 /workspace/simpsons/trunk/server/Admin/Lotteryaudit/index.html?_=1458917323512
INFO: [ app_begin ] --START--
INFO: Run Behavior\ReadHtmlCacheBehavior [ RunTime:0.001000s ]
INFO: [ app_begin ] --END-- [ RunTime:0.001000s ]
SQL: SHOW COLUMNS FROM `easy_lotteryaudit` [ RunTime:0.0030s ]
SQL: SELECT COUNT(*) AS tp_count FROM `easy_lotteryaudit` LIMIT 1   [ RunTime:0.0000s ]
SQL: SELECT * FROM `easy_lotteryaudit` ORDER BY lotteryauditid desc LIMIT 0,10   [ RunTime:0.0010s ]
NOTIC: [8] Undefined variable: search D:\xampp\htdocs\workspace\simpsons\trunk\server\Application\Admin\Controller\LotteryauditController.class.php 第 269 行.
NOTIC: [8] Undefined index: values D:\xampp\htdocs\workspace\simpsons\trunk\server\Application\Admin\Controller\LotteryauditController.class.php 第 270 行.
INFO: [ view_parse ] --START--
INFO: [ template_filter ] --START--
INFO: Run Behavior\ContentReplaceBehavior [ RunTime:0.000000s ]
INFO: [ template_filter ] --END-- [ RunTime:0.000000s ]
NOTIC: [8] Undefined index: _order D:\xampp\htdocs\workspace\simpsons\trunk\server\Application\Runtime\Cache\Admin\9a28fd75a2b948214998553ebc501d50.php 第 4 行.
NOTIC: [8] Undefined index: _sort D:\xampp\htdocs\workspace\simpsons\trunk\server\Application\Runtime\Cache\Admin\9a28fd75a2b948214998553ebc501d50.php 第 5 行.
NOTIC: [8] Undefined index: keyword D:\xampp\htdocs\workspace\simpsons\trunk\server\Application\Runtime\Cache\Admin\9a28fd75a2b948214998553ebc501d50.php 第 14 行.
INFO: Run Behavior\ParseTemplateBehavior [ RunTime:0.008000s ]
INFO: [ view_parse ] --END-- [ RunTime:0.008000s ]
INFO: [ view_filter ] --START--
INFO: Run Behavior\WriteHtmlCacheBehavior [ RunTime:0.001000s ]
INFO: [ view_filter ] --END-- [ RunTime:0.001000s ]
INFO: [ app_end ] --START--
INFO: Run Behavior\ShowPageTraceBehavior [ RunTime:0.000000s ]
INFO: [ app_end ] --END-- [ RunTime:0.000000s ]

[ 2016-03-25T22:54:02+08:00 ] ::1 /workspace/simpsons/trunk/server/Admin/Lotteryaudit/index.html?_=1458917642647
INFO: [ app_begin ] --START--
INFO: Run Behavior\ReadHtmlCacheBehavior [ RunTime:0.001000s ]
INFO: [ app_begin ] --END-- [ RunTime:0.001000s ]
SQL: SHOW COLUMNS FROM `easy_lotteryaudit` [ RunTime:0.0030s ]
SQL: SELECT COUNT(*) AS tp_count FROM `easy_lotteryaudit` LIMIT 1   [ RunTime:0.0000s ]
SQL: SELECT * FROM `easy_lotteryaudit` ORDER BY lotteryauditid desc LIMIT 0,10   [ RunTime:0.0000s ]
NOTIC: [8] Undefined variable: search D:\xampp\htdocs\workspace\simpsons\trunk\server\Application\Admin\Controller\LotteryauditController.class.php 第 269 行.
NOTIC: [8] Undefined index: values D:\xampp\htdocs\workspace\simpsons\trunk\server\Application\Admin\Controller\LotteryauditController.class.php 第 270 行.
INFO: [ view_parse ] --START--
INFO: [ template_filter ] --START--
INFO: Run Behavior\ContentReplaceBehavior [ RunTime:0.000000s ]
INFO: [ template_filter ] --END-- [ RunTime:0.000000s ]
NOTIC: [8] Undefined index: _order D:\xampp\htdocs\workspace\simpsons\trunk\server\Application\Runtime\Cache\Admin\9a28fd75a2b948214998553ebc501d50.php 第 4 行.
NOTIC: [8] Undefined index: _sort D:\xampp\htdocs\workspace\simpsons\trunk\server\Application\Runtime\Cache\Admin\9a28fd75a2b948214998553ebc501d50.php 第 5 行.
NOTIC: [8] Undefined index: keyword D:\xampp\htdocs\workspace\simpsons\trunk\server\Application\Runtime\Cache\Admin\9a28fd75a2b948214998553ebc501d50.php 第 14 行.
NOTIC: [8] Use of undefined constant redpacket - assumed 'redpacket' D:\xampp\htdocs\workspace\simpsons\trunk\server\Application\Runtime\Cache\Admin\9a28fd75a2b948214998553ebc501d50.php 第 50 行.
INFO: Run Behavior\ParseTemplateBehavior [ RunTime:0.010000s ]
INFO: [ view_parse ] --END-- [ RunTime:0.010000s ]
INFO: [ view_filter ] --START--
INFO: Run Behavior\WriteHtmlCacheBehavior [ RunTime:0.001000s ]
INFO: [ view_filter ] --END-- [ RunTime:0.001000s ]
INFO: [ app_end ] --START--
INFO: Run Behavior\ShowPageTraceBehavior [ RunTime:0.002001s ]
INFO: [ app_end ] --END-- [ RunTime:0.002001s ]

[ 2016-03-25T22:54:06+08:00 ] ::1 /workspace/simpsons/trunk/server/Admin/Lotteryaudit/delete/lotteryauditid/547/navTabId/listlotteryaudit
INFO: [ app_begin ] --START--
INFO: Run Behavior\ReadHtmlCacheBehavior [ RunTime:0.001000s ]
INFO: [ app_begin ] --END-- [ RunTime:0.002000s ]
SQL: SHOW COLUMNS FROM `easy_lotteryaudit` [ RunTime:0.0040s ]
SQL: DELETE FROM `easy_lotteryaudit` WHERE `lotteryauditid` IN ('547') [ RunTime:0.2040s ]
NOTIC: [8] Undefined index: callbackType D:\xampp\htdocs\workspace\simpsons\trunk\server\ThinkPHP\Library\Think\Controller.class.php 第 219 行.
NOTIC: [8] Undefined index: forwardUrl D:\xampp\htdocs\workspace\simpsons\trunk\server\ThinkPHP\Library\Think\Controller.class.php 第 220 行.

[ 2016-03-25T22:54:06+08:00 ] ::1 /workspace/simpsons/trunk/server/Admin/Lotteryaudit/index.html?pageNum=1&numPerPage=10&_order=&_sort=&keyword=&_=1458917646674
INFO: [ app_begin ] --START--
INFO: Run Behavior\ReadHtmlCacheBehavior [ RunTime:0.000000s ]
INFO: [ app_begin ] --END-- [ RunTime:0.002000s ]
SQL: SHOW COLUMNS FROM `easy_lotteryaudit` [ RunTime:0.0020s ]
SQL: SELECT COUNT(*) AS tp_count FROM `easy_lotteryaudit` LIMIT 1   [ RunTime:0.0000s ]
SQL: SELECT * FROM `easy_lotteryaudit` ORDER BY lotteryauditid desc LIMIT 0,10   [ RunTime:0.0000s ]
NOTIC: [8] Undefined variable: search D:\xampp\htdocs\workspace\simpsons\trunk\server\Application\Admin\Controller\LotteryauditController.class.php 第 269 行.
NOTIC: [8] Undefined index: values D:\xampp\htdocs\workspace\simpsons\trunk\server\Application\Admin\Controller\LotteryauditController.class.php 第 270 行.
INFO: [ view_parse ] --START--
INFO: [ template_filter ] --START--
INFO: Run Behavior\ContentReplaceBehavior [ RunTime:0.000000s ]
INFO: [ template_filter ] --END-- [ RunTime:0.001000s ]
NOTIC: [8] Undefined index: keyword D:\xampp\htdocs\workspace\simpsons\trunk\server\Application\Runtime\Cache\Admin\9a28fd75a2b948214998553ebc501d50.php 第 14 行.
INFO: Run Behavior\ParseTemplateBehavior [ RunTime:0.009000s ]
INFO: [ view_parse ] --END-- [ RunTime:0.009000s ]
INFO: [ view_filter ] --START--
INFO: Run Behavior\WriteHtmlCacheBehavior [ RunTime:0.001000s ]
INFO: [ view_filter ] --END-- [ RunTime:0.001000s ]
INFO: [ app_end ] --START--
INFO: Run Behavior\ShowPageTraceBehavior [ RunTime:0.001000s ]
INFO: [ app_end ] --END-- [ RunTime:0.001000s ]

[ 2016-03-25T22:55:54+08:00 ] ::1 /workspace/simpsons/trunk/server/Admin/Lotteryaudit/index.html?_=1458917754637
INFO: [ app_begin ] --START--
INFO: Run Behavior\ReadHtmlCacheBehavior [ RunTime:0.001000s ]
INFO: [ app_begin ] --END-- [ RunTime:0.001000s ]
SQL: SHOW COLUMNS FROM `easy_lotteryaudit` [ RunTime:0.0030s ]
SQL: SELECT COUNT(*) AS tp_count FROM `easy_lotteryaudit` LIMIT 1   [ RunTime:0.0000s ]
SQL: SELECT * FROM `easy_lotteryaudit` ORDER BY lotteryauditid desc LIMIT 0,10   [ RunTime:0.0000s ]
NOTIC: [8] Undefined variable: search D:\xampp\htdocs\workspace\simpsons\trunk\server\Application\Admin\Controller\LotteryauditController.class.php 第 269 行.
NOTIC: [8] Undefined index: values D:\xampp\htdocs\workspace\simpsons\trunk\server\Application\Admin\Controller\LotteryauditController.class.php 第 270 行.
INFO: [ view_parse ] --START--
INFO: [ template_filter ] --START--
INFO: Run Behavior\ContentReplaceBehavior [ RunTime:0.000000s ]
INFO: [ template_filter ] --END-- [ RunTime:0.000000s ]
NOTIC: [8] Undefined index: _order D:\xampp\htdocs\workspace\simpsons\trunk\server\Application\Runtime\Cache\Admin\9a28fd75a2b948214998553ebc501d50.php 第 4 行.
NOTIC: [8] Undefined index: _sort D:\xampp\htdocs\workspace\simpsons\trunk\server\Application\Runtime\Cache\Admin\9a28fd75a2b948214998553ebc501d50.php 第 5 行.
NOTIC: [8] Undefined index: keyword D:\xampp\htdocs\workspace\simpsons\trunk\server\Application\Runtime\Cache\Admin\9a28fd75a2b948214998553ebc501d50.php 第 14 行.
NOTIC: [8] Use of undefined constant redpacket - assumed 'redpacket' D:\xampp\htdocs\workspace\simpsons\trunk\server\Application\Runtime\Cache\Admin\9a28fd75a2b948214998553ebc501d50.php 第 50 行.
INFO: Run Behavior\ParseTemplateBehavior [ RunTime:0.009000s ]
INFO: [ view_parse ] --END-- [ RunTime:0.009000s ]
INFO: [ view_filter ] --START--
INFO: Run Behavior\WriteHtmlCacheBehavior [ RunTime:0.001000s ]
INFO: [ view_filter ] --END-- [ RunTime:0.001000s ]
INFO: [ app_end ] --START--
INFO: Run Behavior\ShowPageTraceBehavior [ RunTime:0.001000s ]
INFO: [ app_end ] --END-- [ RunTime:0.001000s ]

[ 2016-03-25T22:55:57+08:00 ] ::1 /workspace/simpsons/trunk/server/Admin/Lotteryaudit/delete/lotteryauditid/548/navTabId/listlotteryaudit
INFO: [ app_begin ] --START--
INFO: Run Behavior\ReadHtmlCacheBehavior [ RunTime:0.001001s ]
INFO: [ app_begin ] --END-- [ RunTime:0.002001s ]
SQL: SHOW COLUMNS FROM `easy_lotteryaudit` [ RunTime:0.0030s ]
SQL: DELETE FROM `easy_lotteryaudit` WHERE `lotteryauditid` IN ('548') [ RunTime:0.0820s ]
NOTIC: [8] Undefined index: callbackType D:\xampp\htdocs\workspace\simpsons\trunk\server\ThinkPHP\Library\Think\Controller.class.php 第 219 行.
NOTIC: [8] Undefined index: forwardUrl D:\xampp\htdocs\workspace\simpsons\trunk\server\ThinkPHP\Library\Think\Controller.class.php 第 220 行.

[ 2016-03-25T22:55:57+08:00 ] ::1 /workspace/simpsons/trunk/server/Admin/Lotteryaudit/index.html?pageNum=1&numPerPage=10&_order=&_sort=&keyword=&_=1458917757738
INFO: [ app_begin ] --START--
INFO: Run Behavior\ReadHtmlCacheBehavior [ RunTime:0.000000s ]
INFO: [ app_begin ] --END-- [ RunTime:0.001000s ]
SQL: SHOW COLUMNS FROM `easy_lotteryaudit` [ RunTime:0.0030s ]
SQL: SELECT COUNT(*) AS tp_count FROM `easy_lotteryaudit` LIMIT 1   [ RunTime:0.0000s ]
SQL: SELECT * FROM `easy_lotteryaudit` ORDER BY lotteryauditid desc LIMIT 0,10   [ RunTime:0.0010s ]
NOTIC: [8] Undefined variable: search D:\xampp\htdocs\workspace\simpsons\trunk\server\Application\Admin\Controller\LotteryauditController.class.php 第 269 行.
NOTIC: [8] Undefined index: values D:\xampp\htdocs\workspace\simpsons\trunk\server\Application\Admin\Controller\LotteryauditController.class.php 第 270 行.
INFO: [ view_parse ] --START--
INFO: [ template_filter ] --START--
INFO: Run Behavior\ContentReplaceBehavior [ RunTime:0.000000s ]
INFO: [ template_filter ] --END-- [ RunTime:0.000000s ]
NOTIC: [8] Undefined index: keyword D:\xampp\htdocs\workspace\simpsons\trunk\server\Application\Runtime\Cache\Admin\9a28fd75a2b948214998553ebc501d50.php 第 14 行.
INFO: Run Behavior\ParseTemplateBehavior [ RunTime:0.010001s ]
INFO: [ view_parse ] --END-- [ RunTime:0.010001s ]
INFO: [ view_filter ] --START--
INFO: Run Behavior\WriteHtmlCacheBehavior [ RunTime:0.000000s ]
INFO: [ view_filter ] --END-- [ RunTime:0.000000s ]
INFO: [ app_end ] --START--
INFO: Run Behavior\ShowPageTraceBehavior [ RunTime:0.001000s ]
INFO: [ app_end ] --END-- [ RunTime:0.001000s ]

[ 2016-03-25T22:57:21+08:00 ] ::1 /workspace/simpsons/trunk/server/Admin/Lotteryaudit/index.html?_=1458917841284
INFO: [ app_begin ] --START--
INFO: Run Behavior\ReadHtmlCacheBehavior [ RunTime:0.002000s ]
INFO: [ app_begin ] --END-- [ RunTime:0.002000s ]
SQL: SHOW COLUMNS FROM `easy_lotteryaudit` [ RunTime:0.0030s ]
SQL: SELECT COUNT(*) AS tp_count FROM `easy_lotteryaudit` LIMIT 1   [ RunTime:0.0010s ]
SQL: SELECT * FROM `easy_lotteryaudit` ORDER BY lotteryauditid desc LIMIT 0,10   [ RunTime:0.0000s ]
NOTIC: [8] Undefined variable: search D:\xampp\htdocs\workspace\simpsons\trunk\server\Application\Admin\Controller\LotteryauditController.class.php 第 269 行.
NOTIC: [8] Undefined index: values D:\xampp\htdocs\workspace\simpsons\trunk\server\Application\Admin\Controller\LotteryauditController.class.php 第 270 行.
INFO: [ view_parse ] --START--
INFO: [ template_filter ] --START--
INFO: Run Behavior\ContentReplaceBehavior [ RunTime:0.000000s ]
INFO: [ template_filter ] --END-- [ RunTime:0.000000s ]
NOTIC: [8] Undefined index: _order D:\xampp\htdocs\workspace\simpsons\trunk\server\Application\Runtime\Cache\Admin\9a28fd75a2b948214998553ebc501d50.php 第 4 行.
NOTIC: [8] Undefined index: _sort D:\xampp\htdocs\workspace\simpsons\trunk\server\Application\Runtime\Cache\Admin\9a28fd75a2b948214998553ebc501d50.php 第 5 行.
NOTIC: [8] Undefined index: keyword D:\xampp\htdocs\workspace\simpsons\trunk\server\Application\Runtime\Cache\Admin\9a28fd75a2b948214998553ebc501d50.php 第 14 行.
NOTIC: [8] Use of undefined constant redpacket - assumed 'redpacket' D:\xampp\htdocs\workspace\simpsons\trunk\server\Application\Runtime\Cache\Admin\9a28fd75a2b948214998553ebc501d50.php 第 50 行.
INFO: Run Behavior\ParseTemplateBehavior [ RunTime:0.010000s ]
INFO: [ view_parse ] --END-- [ RunTime:0.010000s ]
INFO: [ view_filter ] --START--
INFO: Run Behavior\WriteHtmlCacheBehavior [ RunTime:0.000000s ]
INFO: [ view_filter ] --END-- [ RunTime:0.000000s ]
INFO: [ app_end ] --START--
INFO: Run Behavior\ShowPageTraceBehavior [ RunTime:0.001000s ]
INFO: [ app_end ] --END-- [ RunTime:0.001000s ]

[ 2016-03-25T22:57:24+08:00 ] ::1 /workspace/simpsons/trunk/server/Admin/Lotteryaudit/delete/lotteryauditid/549/navTabId/listlotteryaudit
INFO: [ app_begin ] --START--
INFO: Run Behavior\ReadHtmlCacheBehavior [ RunTime:0.001000s ]
INFO: [ app_begin ] --END-- [ RunTime:0.002000s ]
SQL: SHOW COLUMNS FROM `easy_lotteryaudit` [ RunTime:0.0050s ]
SQL: DELETE FROM `easy_lotteryaudit` WHERE `lotteryauditid` IN ('549') [ RunTime:0.0810s ]
NOTIC: [8] Undefined index: callbackType D:\xampp\htdocs\workspace\simpsons\trunk\server\ThinkPHP\Library\Think\Controller.class.php 第 219 行.
NOTIC: [8] Undefined index: forwardUrl D:\xampp\htdocs\workspace\simpsons\trunk\server\ThinkPHP\Library\Think\Controller.class.php 第 220 行.

[ 2016-03-25T22:57:24+08:00 ] ::1 /workspace/simpsons/trunk/server/Admin/Lotteryaudit/index.html?pageNum=1&numPerPage=10&_order=&_sort=&keyword=&_=1458917844771
INFO: [ app_begin ] --START--
INFO: Run Behavior\ReadHtmlCacheBehavior [ RunTime:0.000000s ]
INFO: [ app_begin ] --END-- [ RunTime:0.001000s ]
SQL: SHOW COLUMNS FROM `easy_lotteryaudit` [ RunTime:0.0030s ]
SQL: SELECT COUNT(*) AS tp_count FROM `easy_lotteryaudit` LIMIT 1   [ RunTime:0.0000s ]
SQL: SELECT * FROM `easy_lotteryaudit` ORDER BY lotteryauditid desc LIMIT 0,10   [ RunTime:0.0000s ]
NOTIC: [8] Undefined variable: search D:\xampp\htdocs\workspace\simpsons\trunk\server\Application\Admin\Controller\LotteryauditController.class.php 第 269 行.
NOTIC: [8] Undefined index: values D:\xampp\htdocs\workspace\simpsons\trunk\server\Application\Admin\Controller\LotteryauditController.class.php 第 270 行.
INFO: [ view_parse ] --START--
INFO: [ template_filter ] --START--
INFO: Run Behavior\ContentReplaceBehavior [ RunTime:0.001000s ]
INFO: [ template_filter ] --END-- [ RunTime:0.001000s ]
NOTIC: [8] Undefined index: keyword D:\xampp\htdocs\workspace\simpsons\trunk\server\Application\Runtime\Cache\Admin\9a28fd75a2b948214998553ebc501d50.php 第 14 行.
INFO: Run Behavior\ParseTemplateBehavior [ RunTime:0.009001s ]
INFO: [ view_parse ] --END-- [ RunTime:0.009001s ]
INFO: [ view_filter ] --START--
INFO: Run Behavior\WriteHtmlCacheBehavior [ RunTime:0.001000s ]
INFO: [ view_filter ] --END-- [ RunTime:0.001000s ]
INFO: [ app_end ] --START--
INFO: Run Behavior\ShowPageTraceBehavior [ RunTime:0.001000s ]
INFO: [ app_end ] --END-- [ RunTime:0.001000s ]

[ 2016-03-25T22:59:20+08:00 ] ::1 /workspace/simpsons/trunk/server/Admin/Lotteryaudit/index.html?_=1458917960350
INFO: [ app_begin ] --START--
INFO: Run Behavior\ReadHtmlCacheBehavior [ RunTime:0.002000s ]
INFO: [ app_begin ] --END-- [ RunTime:0.003000s ]
SQL: SHOW COLUMNS FROM `easy_lotteryaudit` [ RunTime:0.0030s ]
SQL: SELECT COUNT(*) AS tp_count FROM `easy_lotteryaudit` LIMIT 1   [ RunTime:0.0010s ]
SQL: SELECT * FROM `easy_lotteryaudit` ORDER BY lotteryauditid desc LIMIT 0,10   [ RunTime:0.0010s ]
NOTIC: [8] Undefined variable: search D:\xampp\htdocs\workspace\simpsons\trunk\server\Application\Admin\Controller\LotteryauditController.class.php 第 269 行.
NOTIC: [8] Undefined index: values D:\xampp\htdocs\workspace\simpsons\trunk\server\Application\Admin\Controller\LotteryauditController.class.php 第 270 行.
INFO: [ view_parse ] --START--
INFO: [ template_filter ] --START--
INFO: Run Behavior\ContentReplaceBehavior [ RunTime:0.001000s ]
INFO: [ template_filter ] --END-- [ RunTime:0.001000s ]
NOTIC: [8] Undefined index: _order D:\xampp\htdocs\workspace\simpsons\trunk\server\Application\Runtime\Cache\Admin\9a28fd75a2b948214998553ebc501d50.php 第 4 行.
NOTIC: [8] Undefined index: _sort D:\xampp\htdocs\workspace\simpsons\trunk\server\Application\Runtime\Cache\Admin\9a28fd75a2b948214998553ebc501d50.php 第 5 行.
NOTIC: [8] Undefined index: keyword D:\xampp\htdocs\workspace\simpsons\trunk\server\Application\Runtime\Cache\Admin\9a28fd75a2b948214998553ebc501d50.php 第 14 行.
NOTIC: [8] Use of undefined constant redpacket - assumed 'redpacket' D:\xampp\htdocs\workspace\simpsons\trunk\server\Application\Runtime\Cache\Admin\9a28fd75a2b948214998553ebc501d50.php 第 50 行.
INFO: Run Behavior\ParseTemplateBehavior [ RunTime:0.008001s ]
INFO: [ view_parse ] --END-- [ RunTime:0.008001s ]
INFO: [ view_filter ] --START--
INFO: Run Behavior\WriteHtmlCacheBehavior [ RunTime:0.001000s ]
INFO: [ view_filter ] --END-- [ RunTime:0.001000s ]
INFO: [ app_end ] --START--
INFO: Run Behavior\ShowPageTraceBehavior [ RunTime:0.000000s ]
INFO: [ app_end ] --END-- [ RunTime:0.000000s ]

[ 2016-03-25T22:59:23+08:00 ] ::1 /workspace/simpsons/trunk/server/Admin/Lotteryaudit/delete/lotteryauditid/550/navTabId/listlotteryaudit
INFO: [ app_begin ] --START--
INFO: Run Behavior\ReadHtmlCacheBehavior [ RunTime:0.001000s ]
INFO: [ app_begin ] --END-- [ RunTime:0.002000s ]
SQL: SHOW COLUMNS FROM `easy_lotteryaudit` [ RunTime:0.0040s ]
SQL: DELETE FROM `easy_lotteryaudit` WHERE `lotteryauditid` IN ('550') [ RunTime:0.0930s ]
NOTIC: [8] Undefined index: callbackType D:\xampp\htdocs\workspace\simpsons\trunk\server\ThinkPHP\Library\Think\Controller.class.php 第 219 行.
NOTIC: [8] Undefined index: forwardUrl D:\xampp\htdocs\workspace\simpsons\trunk\server\ThinkPHP\Library\Think\Controller.class.php 第 220 行.

[ 2016-03-25T22:59:23+08:00 ] ::1 /workspace/simpsons/trunk/server/Admin/Lotteryaudit/index.html?pageNum=1&numPerPage=10&_order=&_sort=&keyword=&_=1458917963303
INFO: [ app_begin ] --START--
INFO: Run Behavior\ReadHtmlCacheBehavior [ RunTime:0.000000s ]
INFO: [ app_begin ] --END-- [ RunTime:0.001000s ]
SQL: SHOW COLUMNS FROM `easy_lotteryaudit` [ RunTime:0.0020s ]
SQL: SELECT COUNT(*) AS tp_count FROM `easy_lotteryaudit` LIMIT 1   [ RunTime:0.0010s ]
SQL: SELECT * FROM `easy_lotteryaudit` ORDER BY lotteryauditid desc LIMIT 0,10   [ RunTime:0.0000s ]
NOTIC: [8] Undefined variable: search D:\xampp\htdocs\workspace\simpsons\trunk\server\Application\Admin\Controller\LotteryauditController.class.php 第 269 行.
NOTIC: [8] Undefined index: values D:\xampp\htdocs\workspace\simpsons\trunk\server\Application\Admin\Controller\LotteryauditController.class.php 第 270 行.
INFO: [ view_parse ] --START--
INFO: [ template_filter ] --START--
INFO: Run Behavior\ContentReplaceBehavior [ RunTime:0.000000s ]
INFO: [ template_filter ] --END-- [ RunTime:0.000000s ]
NOTIC: [8] Undefined index: keyword D:\xampp\htdocs\workspace\simpsons\trunk\server\Application\Runtime\Cache\Admin\9a28fd75a2b948214998553ebc501d50.php 第 14 行.
INFO: Run Behavior\ParseTemplateBehavior [ RunTime:0.010001s ]
INFO: [ view_parse ] --END-- [ RunTime:0.010001s ]
INFO: [ view_filter ] --START--
INFO: Run Behavior\WriteHtmlCacheBehavior [ RunTime:0.001000s ]
INFO: [ view_filter ] --END-- [ RunTime:0.001000s ]
INFO: [ app_end ] --START--
INFO: Run Behavior\ShowPageTraceBehavior [ RunTime:0.000000s ]
INFO: [ app_end ] --END-- [ RunTime:0.001000s ]

[ 2016-03-25T23:03:05+08:00 ] ::1 /workspace/simpsons/trunk/server/Admin/Lotteryaudit/index.html?_=1458918185502
INFO: [ app_begin ] --START--
INFO: Run Behavior\ReadHtmlCacheBehavior [ RunTime:0.001000s ]
INFO: [ app_begin ] --END-- [ RunTime:0.001000s ]
SQL: SHOW COLUMNS FROM `easy_lotteryaudit` [ RunTime:0.0020s ]
SQL: SELECT COUNT(*) AS tp_count FROM `easy_lotteryaudit` LIMIT 1   [ RunTime:0.0000s ]
SQL: SELECT * FROM `easy_lotteryaudit` ORDER BY lotteryauditid desc LIMIT 0,10   [ RunTime:0.0000s ]
NOTIC: [8] Undefined variable: search D:\xampp\htdocs\workspace\simpsons\trunk\server\Application\Admin\Controller\LotteryauditController.class.php 第 269 行.
NOTIC: [8] Undefined index: values D:\xampp\htdocs\workspace\simpsons\trunk\server\Application\Admin\Controller\LotteryauditController.class.php 第 270 行.
INFO: [ view_parse ] --START--
INFO: [ template_filter ] --START--
INFO: Run Behavior\ContentReplaceBehavior [ RunTime:0.000000s ]
INFO: [ template_filter ] --END-- [ RunTime:0.000000s ]
NOTIC: [8] Undefined index: _order D:\xampp\htdocs\workspace\simpsons\trunk\server\Application\Runtime\Cache\Admin\9a28fd75a2b948214998553ebc501d50.php 第 4 行.
NOTIC: [8] Undefined index: _sort D:\xampp\htdocs\workspace\simpsons\trunk\server\Application\Runtime\Cache\Admin\9a28fd75a2b948214998553ebc501d50.php 第 5 行.
NOTIC: [8] Undefined index: keyword D:\xampp\htdocs\workspace\simpsons\trunk\server\Application\Runtime\Cache\Admin\9a28fd75a2b948214998553ebc501d50.php 第 14 行.
NOTIC: [8] Use of undefined constant redpacket - assumed 'redpacket' D:\xampp\htdocs\workspace\simpsons\trunk\server\Application\Runtime\Cache\Admin\9a28fd75a2b948214998553ebc501d50.php 第 50 行.
INFO: Run Behavior\ParseTemplateBehavior [ RunTime:0.008000s ]
INFO: [ view_parse ] --END-- [ RunTime:0.008000s ]
INFO: [ view_filter ] --START--
INFO: Run Behavior\WriteHtmlCacheBehavior [ RunTime:0.001001s ]
INFO: [ view_filter ] --END-- [ RunTime:0.001001s ]
INFO: [ app_end ] --START--
INFO: Run Behavior\ShowPageTraceBehavior [ RunTime:0.000000s ]
INFO: [ app_end ] --END-- [ RunTime:0.000000s ]

[ 2016-03-25T23:03:08+08:00 ] ::1 /workspace/simpsons/trunk/server/Admin/Lotteryaudit/delete/lotteryauditid/551/navTabId/listlotteryaudit
INFO: [ app_begin ] --START--
INFO: Run Behavior\ReadHtmlCacheBehavior [ RunTime:0.001000s ]
INFO: [ app_begin ] --END-- [ RunTime:0.001000s ]
SQL: SHOW COLUMNS FROM `easy_lotteryaudit` [ RunTime:0.0040s ]
SQL: DELETE FROM `easy_lotteryaudit` WHERE `lotteryauditid` IN ('551') [ RunTime:0.0800s ]
NOTIC: [8] Undefined index: callbackType D:\xampp\htdocs\workspace\simpsons\trunk\server\ThinkPHP\Library\Think\Controller.class.php 第 219 行.
NOTIC: [8] Undefined index: forwardUrl D:\xampp\htdocs\workspace\simpsons\trunk\server\ThinkPHP\Library\Think\Controller.class.php 第 220 行.

[ 2016-03-25T23:03:08+08:00 ] ::1 /workspace/simpsons/trunk/server/Admin/Lotteryaudit/index.html?pageNum=1&numPerPage=10&_order=&_sort=&keyword=&_=1458918188282
INFO: [ app_begin ] --START--
INFO: Run Behavior\ReadHtmlCacheBehavior [ RunTime:0.000000s ]
INFO: [ app_begin ] --END-- [ RunTime:0.001000s ]
SQL: SHOW COLUMNS FROM `easy_lotteryaudit` [ RunTime:0.0020s ]
SQL: SELECT COUNT(*) AS tp_count FROM `easy_lotteryaudit` LIMIT 1   [ RunTime:0.0010s ]
SQL: SELECT * FROM `easy_lotteryaudit` ORDER BY lotteryauditid desc LIMIT 0,10   [ RunTime:0.0000s ]
NOTIC: [8] Undefined variable: search D:\xampp\htdocs\workspace\simpsons\trunk\server\Application\Admin\Controller\LotteryauditController.class.php 第 269 行.
NOTIC: [8] Undefined index: values D:\xampp\htdocs\workspace\simpsons\trunk\server\Application\Admin\Controller\LotteryauditController.class.php 第 270 行.
INFO: [ view_parse ] --START--
INFO: [ template_filter ] --START--
INFO: Run Behavior\ContentReplaceBehavior [ RunTime:0.000000s ]
INFO: [ template_filter ] --END-- [ RunTime:0.000000s ]
NOTIC: [8] Undefined index: keyword D:\xampp\htdocs\workspace\simpsons\trunk\server\Application\Runtime\Cache\Admin\9a28fd75a2b948214998553ebc501d50.php 第 14 行.
INFO: Run Behavior\ParseTemplateBehavior [ RunTime:0.010001s ]
INFO: [ view_parse ] --END-- [ RunTime:0.010001s ]
INFO: [ view_filter ] --START--
INFO: Run Behavior\WriteHtmlCacheBehavior [ RunTime:0.000000s ]
INFO: [ view_filter ] --END-- [ RunTime:0.000000s ]
INFO: [ app_end ] --START--
INFO: Run Behavior\ShowPageTraceBehavior [ RunTime:0.001000s ]
INFO: [ app_end ] --END-- [ RunTime:0.001000s ]

[ 2016-03-25T23:03:52+08:00 ] ::1 /workspace/simpsons/trunk/server/Admin/Lotteryaudit/index.html?_=1458918232449
INFO: [ app_begin ] --START--
INFO: Run Behavior\ReadHtmlCacheBehavior [ RunTime:0.001000s ]
INFO: [ app_begin ] --END-- [ RunTime:0.001000s ]
SQL: SHOW COLUMNS FROM `easy_lotteryaudit` [ RunTime:0.0030s ]
SQL: SELECT COUNT(*) AS tp_count FROM `easy_lotteryaudit` LIMIT 1   [ RunTime:0.0000s ]
SQL: SELECT * FROM `easy_lotteryaudit` ORDER BY lotteryauditid desc LIMIT 0,10   [ RunTime:0.0000s ]
NOTIC: [8] Undefined variable: search D:\xampp\htdocs\workspace\simpsons\trunk\server\Application\Admin\Controller\LotteryauditController.class.php 第 269 行.
NOTIC: [8] Undefined index: values D:\xampp\htdocs\workspace\simpsons\trunk\server\Application\Admin\Controller\LotteryauditController.class.php 第 270 行.
INFO: [ view_parse ] --START--
INFO: [ template_filter ] --START--
INFO: Run Behavior\ContentReplaceBehavior [ RunTime:0.000000s ]
INFO: [ template_filter ] --END-- [ RunTime:0.000000s ]
NOTIC: [8] Undefined index: _order D:\xampp\htdocs\workspace\simpsons\trunk\server\Application\Runtime\Cache\Admin\9a28fd75a2b948214998553ebc501d50.php 第 4 行.
NOTIC: [8] Undefined index: _sort D:\xampp\htdocs\workspace\simpsons\trunk\server\Application\Runtime\Cache\Admin\9a28fd75a2b948214998553ebc501d50.php 第 5 行.
NOTIC: [8] Undefined index: keyword D:\xampp\htdocs\workspace\simpsons\trunk\server\Application\Runtime\Cache\Admin\9a28fd75a2b948214998553ebc501d50.php 第 14 行.
NOTIC: [8] Use of undefined constant redpacket - assumed 'redpacket' D:\xampp\htdocs\workspace\simpsons\trunk\server\Application\Runtime\Cache\Admin\9a28fd75a2b948214998553ebc501d50.php 第 50 行.
INFO: Run Behavior\ParseTemplateBehavior [ RunTime:0.008001s ]
INFO: [ view_parse ] --END-- [ RunTime:0.009001s ]
INFO: [ view_filter ] --START--
INFO: Run Behavior\WriteHtmlCacheBehavior [ RunTime:0.000000s ]
INFO: [ view_filter ] --END-- [ RunTime:0.000000s ]
INFO: [ app_end ] --START--
INFO: Run Behavior\ShowPageTraceBehavior [ RunTime:0.001000s ]
INFO: [ app_end ] --END-- [ RunTime:0.001000s ]

[ 2016-03-25T23:03:55+08:00 ] ::1 /workspace/simpsons/trunk/server/Admin/Lotteryaudit/delete/lotteryauditid/552/navTabId/listlotteryaudit
INFO: [ app_begin ] --START--
INFO: Run Behavior\ReadHtmlCacheBehavior [ RunTime:0.001000s ]
INFO: [ app_begin ] --END-- [ RunTime:0.002000s ]
SQL: SHOW COLUMNS FROM `easy_lotteryaudit` [ RunTime:0.0030s ]
SQL: DELETE FROM `easy_lotteryaudit` WHERE `lotteryauditid` IN ('552') [ RunTime:0.0820s ]
NOTIC: [8] Undefined index: callbackType D:\xampp\htdocs\workspace\simpsons\trunk\server\ThinkPHP\Library\Think\Controller.class.php 第 219 行.
NOTIC: [8] Undefined index: forwardUrl D:\xampp\htdocs\workspace\simpsons\trunk\server\ThinkPHP\Library\Think\Controller.class.php 第 220 行.

[ 2016-03-25T23:03:55+08:00 ] ::1 /workspace/simpsons/trunk/server/Admin/Lotteryaudit/index.html?pageNum=1&numPerPage=10&_order=&_sort=&keyword=&_=1458918235776
INFO: [ app_begin ] --START--
INFO: Run Behavior\ReadHtmlCacheBehavior [ RunTime:0.001000s ]
INFO: [ app_begin ] --END-- [ RunTime:0.001000s ]
SQL: SHOW COLUMNS FROM `easy_lotteryaudit` [ RunTime:0.0030s ]
SQL: SELECT COUNT(*) AS tp_count FROM `easy_lotteryaudit` LIMIT 1   [ RunTime:0.0010s ]
SQL: SELECT * FROM `easy_lotteryaudit` ORDER BY lotteryauditid desc LIMIT 0,10   [ RunTime:0.0000s ]
NOTIC: [8] Undefined variable: search D:\xampp\htdocs\workspace\simpsons\trunk\server\Application\Admin\Controller\LotteryauditController.class.php 第 269 行.
NOTIC: [8] Undefined index: values D:\xampp\htdocs\workspace\simpsons\trunk\server\Application\Admin\Controller\LotteryauditController.class.php 第 270 行.
INFO: [ view_parse ] --START--
INFO: [ template_filter ] --START--
INFO: Run Behavior\ContentReplaceBehavior [ RunTime:0.000000s ]
INFO: [ template_filter ] --END-- [ RunTime:0.000000s ]
NOTIC: [8] Undefined index: keyword D:\xampp\htdocs\workspace\simpsons\trunk\server\Application\Runtime\Cache\Admin\9a28fd75a2b948214998553ebc501d50.php 第 14 行.
INFO: Run Behavior\ParseTemplateBehavior [ RunTime:0.009000s ]
INFO: [ view_parse ] --END-- [ RunTime:0.009000s ]
INFO: [ view_filter ] --START--
INFO: Run Behavior\WriteHtmlCacheBehavior [ RunTime:0.000000s ]
INFO: [ view_filter ] --END-- [ RunTime:0.000000s ]
INFO: [ app_end ] --START--
INFO: Run Behavior\ShowPageTraceBehavior [ RunTime:0.001001s ]
INFO: [ app_end ] --END-- [ RunTime:0.001001s ]

[ 2016-03-25T23:04:20+08:00 ] ::1 /workspace/simpsons/trunk/server/Admin/Lotteryaudit/index.html?_=1458918260533
INFO: [ app_begin ] --START--
INFO: Run Behavior\ReadHtmlCacheBehavior [ RunTime:0.001000s ]
INFO: [ app_begin ] --END-- [ RunTime:0.001000s ]
SQL: SHOW COLUMNS FROM `easy_lotteryaudit` [ RunTime:0.0040s ]
SQL: SELECT COUNT(*) AS tp_count FROM `easy_lotteryaudit` LIMIT 1   [ RunTime:0.0010s ]
SQL: SELECT * FROM `easy_lotteryaudit` ORDER BY lotteryauditid desc LIMIT 0,10   [ RunTime:0.0000s ]
NOTIC: [8] Undefined variable: search D:\xampp\htdocs\workspace\simpsons\trunk\server\Application\Admin\Controller\LotteryauditController.class.php 第 269 行.
NOTIC: [8] Undefined index: values D:\xampp\htdocs\workspace\simpsons\trunk\server\Application\Admin\Controller\LotteryauditController.class.php 第 270 行.
INFO: [ view_parse ] --START--
INFO: [ template_filter ] --START--
INFO: Run Behavior\ContentReplaceBehavior [ RunTime:0.000000s ]
INFO: [ template_filter ] --END-- [ RunTime:0.000000s ]
NOTIC: [8] Undefined index: _order D:\xampp\htdocs\workspace\simpsons\trunk\server\Application\Runtime\Cache\Admin\9a28fd75a2b948214998553ebc501d50.php 第 4 行.
NOTIC: [8] Undefined index: _sort D:\xampp\htdocs\workspace\simpsons\trunk\server\Application\Runtime\Cache\Admin\9a28fd75a2b948214998553ebc501d50.php 第 5 行.
NOTIC: [8] Undefined index: keyword D:\xampp\htdocs\workspace\simpsons\trunk\server\Application\Runtime\Cache\Admin\9a28fd75a2b948214998553ebc501d50.php 第 14 行.
NOTIC: [8] Use of undefined constant redpacket - assumed 'redpacket' D:\xampp\htdocs\workspace\simpsons\trunk\server\Application\Runtime\Cache\Admin\9a28fd75a2b948214998553ebc501d50.php 第 50 行.
INFO: Run Behavior\ParseTemplateBehavior [ RunTime:0.008000s ]
INFO: [ view_parse ] --END-- [ RunTime:0.009000s ]
INFO: [ view_filter ] --START--
INFO: Run Behavior\WriteHtmlCacheBehavior [ RunTime:0.000000s ]
INFO: [ view_filter ] --END-- [ RunTime:0.000000s ]
INFO: [ app_end ] --START--
INFO: Run Behavior\ShowPageTraceBehavior [ RunTime:0.001000s ]
INFO: [ app_end ] --END-- [ RunTime:0.001000s ]

[ 2016-03-25T23:04:23+08:00 ] ::1 /workspace/simpsons/trunk/server/Admin/Lotteryaudit/delete/lotteryauditid/553/navTabId/listlotteryaudit
INFO: [ app_begin ] --START--
INFO: Run Behavior\ReadHtmlCacheBehavior [ RunTime:0.001000s ]
INFO: [ app_begin ] --END-- [ RunTime:0.001000s ]
SQL: SHOW COLUMNS FROM `easy_lotteryaudit` [ RunTime:0.0030s ]
SQL: DELETE FROM `easy_lotteryaudit` WHERE `lotteryauditid` IN ('553') [ RunTime:0.0830s ]
NOTIC: [8] Undefined index: callbackType D:\xampp\htdocs\workspace\simpsons\trunk\server\ThinkPHP\Library\Think\Controller.class.php 第 219 行.
NOTIC: [8] Undefined index: forwardUrl D:\xampp\htdocs\workspace\simpsons\trunk\server\ThinkPHP\Library\Think\Controller.class.php 第 220 行.

[ 2016-03-25T23:04:23+08:00 ] ::1 /workspace/simpsons/trunk/server/Admin/Lotteryaudit/index.html?pageNum=1&numPerPage=10&_order=&_sort=&keyword=&_=1458918263463
INFO: [ app_begin ] --START--
INFO: Run Behavior\ReadHtmlCacheBehavior [ RunTime:0.001000s ]
INFO: [ app_begin ] --END-- [ RunTime:0.001000s ]
SQL: SHOW COLUMNS FROM `easy_lotteryaudit` [ RunTime:0.0030s ]
SQL: SELECT COUNT(*) AS tp_count FROM `easy_lotteryaudit` LIMIT 1   [ RunTime:0.0010s ]
SQL: SELECT * FROM `easy_lotteryaudit` ORDER BY lotteryauditid desc LIMIT 0,10   [ RunTime:0.0000s ]
NOTIC: [8] Undefined variable: search D:\xampp\htdocs\workspace\simpsons\trunk\server\Application\Admin\Controller\LotteryauditController.class.php 第 269 行.
NOTIC: [8] Undefined index: values D:\xampp\htdocs\workspace\simpsons\trunk\server\Application\Admin\Controller\LotteryauditController.class.php 第 270 行.
INFO: [ view_parse ] --START--
INFO: [ template_filter ] --START--
INFO: Run Behavior\ContentReplaceBehavior [ RunTime:0.000000s ]
INFO: [ template_filter ] --END-- [ RunTime:0.001000s ]
NOTIC: [8] Undefined index: keyword D:\xampp\htdocs\workspace\simpsons\trunk\server\Application\Runtime\Cache\Admin\9a28fd75a2b948214998553ebc501d50.php 第 14 行.
INFO: Run Behavior\ParseTemplateBehavior [ RunTime:0.010001s ]
INFO: [ view_parse ] --END-- [ RunTime:0.010001s ]
INFO: [ view_filter ] --START--
INFO: Run Behavior\WriteHtmlCacheBehavior [ RunTime:0.000000s ]
INFO: [ view_filter ] --END-- [ RunTime:0.000000s ]
INFO: [ app_end ] --START--
INFO: Run Behavior\ShowPageTraceBehavior [ RunTime:0.001000s ]
INFO: [ app_end ] --END-- [ RunTime:0.001000s ]

[ 2016-03-25T23:07:29+08:00 ] ::1 /workspace/simpsons/trunk/server/Admin/Lotteryaudit/index.html?_=1458918449387
INFO: [ app_begin ] --START--
INFO: Run Behavior\ReadHtmlCacheBehavior [ RunTime:0.000000s ]
INFO: [ app_begin ] --END-- [ RunTime:0.001000s ]
SQL: SHOW COLUMNS FROM `easy_lotteryaudit` [ RunTime:0.0020s ]
SQL: SELECT COUNT(*) AS tp_count FROM `easy_lotteryaudit` LIMIT 1   [ RunTime:0.0000s ]
SQL: SELECT * FROM `easy_lotteryaudit` ORDER BY lotteryauditid desc LIMIT 0,10   [ RunTime:0.0000s ]
NOTIC: [8] Undefined variable: search D:\xampp\htdocs\workspace\simpsons\trunk\server\Application\Admin\Controller\LotteryauditController.class.php 第 269 行.
NOTIC: [8] Undefined index: values D:\xampp\htdocs\workspace\simpsons\trunk\server\Application\Admin\Controller\LotteryauditController.class.php 第 270 行.
INFO: [ view_parse ] --START--
INFO: [ template_filter ] --START--
INFO: Run Behavior\ContentReplaceBehavior [ RunTime:0.000000s ]
INFO: [ template_filter ] --END-- [ RunTime:0.000000s ]
NOTIC: [8] Undefined index: _order D:\xampp\htdocs\workspace\simpsons\trunk\server\Application\Runtime\Cache\Admin\9a28fd75a2b948214998553ebc501d50.php 第 4 行.
NOTIC: [8] Undefined index: _sort D:\xampp\htdocs\workspace\simpsons\trunk\server\Application\Runtime\Cache\Admin\9a28fd75a2b948214998553ebc501d50.php 第 5 行.
NOTIC: [8] Undefined index: keyword D:\xampp\htdocs\workspace\simpsons\trunk\server\Application\Runtime\Cache\Admin\9a28fd75a2b948214998553ebc501d50.php 第 14 行.
NOTIC: [8] Use of undefined constant redpacket - assumed 'redpacket' D:\xampp\htdocs\workspace\simpsons\trunk\server\Application\Runtime\Cache\Admin\9a28fd75a2b948214998553ebc501d50.php 第 50 行.
INFO: Run Behavior\ParseTemplateBehavior [ RunTime:0.009000s ]
INFO: [ view_parse ] --END-- [ RunTime:0.009000s ]
INFO: [ view_filter ] --START--
INFO: Run Behavior\WriteHtmlCacheBehavior [ RunTime:0.000000s ]
INFO: [ view_filter ] --END-- [ RunTime:0.000000s ]
INFO: [ app_end ] --START--
INFO: Run Behavior\ShowPageTraceBehavior [ RunTime:0.001000s ]
INFO: [ app_end ] --END-- [ RunTime:0.001000s ]

[ 2016-03-25T23:07:32+08:00 ] ::1 /workspace/simpsons/trunk/server/Admin/Lotteryaudit/delete/lotteryauditid/554/navTabId/listlotteryaudit
INFO: [ app_begin ] --START--
INFO: Run Behavior\ReadHtmlCacheBehavior [ RunTime:0.000000s ]
INFO: [ app_begin ] --END-- [ RunTime:0.002000s ]
SQL: SHOW COLUMNS FROM `easy_lotteryaudit` [ RunTime:0.0040s ]
SQL: DELETE FROM `easy_lotteryaudit` WHERE `lotteryauditid` IN ('554') [ RunTime:0.1380s ]
NOTIC: [8] Undefined index: callbackType D:\xampp\htdocs\workspace\simpsons\trunk\server\ThinkPHP\Library\Think\Controller.class.php 第 219 行.
NOTIC: [8] Undefined index: forwardUrl D:\xampp\htdocs\workspace\simpsons\trunk\server\ThinkPHP\Library\Think\Controller.class.php 第 220 行.

[ 2016-03-25T23:07:32+08:00 ] ::1 /workspace/simpsons/trunk/server/Admin/Lotteryaudit/index.html?pageNum=1&numPerPage=10&_order=&_sort=&keyword=&_=1458918452831
INFO: [ app_begin ] --START--
INFO: Run Behavior\ReadHtmlCacheBehavior [ RunTime:0.000000s ]
INFO: [ app_begin ] --END-- [ RunTime:0.001000s ]
SQL: SHOW COLUMNS FROM `easy_lotteryaudit` [ RunTime:0.0030s ]
SQL: SELECT COUNT(*) AS tp_count FROM `easy_lotteryaudit` LIMIT 1   [ RunTime:0.0000s ]
SQL: SELECT * FROM `easy_lotteryaudit` ORDER BY lotteryauditid desc LIMIT 0,10   [ RunTime:0.0000s ]
NOTIC: [8] Undefined variable: search D:\xampp\htdocs\workspace\simpsons\trunk\server\Application\Admin\Controller\LotteryauditController.class.php 第 269 行.
NOTIC: [8] Undefined index: values D:\xampp\htdocs\workspace\simpsons\trunk\server\Application\Admin\Controller\LotteryauditController.class.php 第 270 行.
INFO: [ view_parse ] --START--
INFO: [ template_filter ] --START--
INFO: Run Behavior\ContentReplaceBehavior [ RunTime:0.000000s ]
INFO: [ template_filter ] --END-- [ RunTime:0.000000s ]
NOTIC: [8] Undefined index: keyword D:\xampp\htdocs\workspace\simpsons\trunk\server\Application\Runtime\Cache\Admin\9a28fd75a2b948214998553ebc501d50.php 第 14 行.
INFO: Run Behavior\ParseTemplateBehavior [ RunTime:0.011001s ]
INFO: [ view_parse ] --END-- [ RunTime:0.011001s ]
INFO: [ view_filter ] --START--
INFO: Run Behavior\WriteHtmlCacheBehavior [ RunTime:0.001000s ]
INFO: [ view_filter ] --END-- [ RunTime:0.001000s ]
INFO: [ app_end ] --START--
INFO: Run Behavior\ShowPageTraceBehavior [ RunTime:0.000000s ]
INFO: [ app_end ] --END-- [ RunTime:0.000000s ]

[ 2016-03-25T23:08:38+08:00 ] ::1 /workspace/simpsons/trunk/server/Admin/Lotteryaudit/index.html?_=1458918518890
INFO: [ app_begin ] --START--
INFO: Run Behavior\ReadHtmlCacheBehavior [ RunTime:0.002000s ]
INFO: [ app_begin ] --END-- [ RunTime:0.002000s ]
SQL: SHOW COLUMNS FROM `easy_lotteryaudit` [ RunTime:0.0030s ]
SQL: SELECT COUNT(*) AS tp_count FROM `easy_lotteryaudit` LIMIT 1   [ RunTime:0.0010s ]
SQL: SELECT * FROM `easy_lotteryaudit` ORDER BY lotteryauditid desc LIMIT 0,10   [ RunTime:0.0010s ]
NOTIC: [8] Undefined variable: search D:\xampp\htdocs\workspace\simpsons\trunk\server\Application\Admin\Controller\LotteryauditController.class.php 第 269 行.
NOTIC: [8] Undefined index: values D:\xampp\htdocs\workspace\simpsons\trunk\server\Application\Admin\Controller\LotteryauditController.class.php 第 270 行.
INFO: [ view_parse ] --START--
INFO: [ template_filter ] --START--
INFO: Run Behavior\ContentReplaceBehavior [ RunTime:0.000000s ]
INFO: [ template_filter ] --END-- [ RunTime:0.000000s ]
NOTIC: [8] Undefined index: _order D:\xampp\htdocs\workspace\simpsons\trunk\server\Application\Runtime\Cache\Admin\9a28fd75a2b948214998553ebc501d50.php 第 4 行.
NOTIC: [8] Undefined index: _sort D:\xampp\htdocs\workspace\simpsons\trunk\server\Application\Runtime\Cache\Admin\9a28fd75a2b948214998553ebc501d50.php 第 5 行.
NOTIC: [8] Undefined index: keyword D:\xampp\htdocs\workspace\simpsons\trunk\server\Application\Runtime\Cache\Admin\9a28fd75a2b948214998553ebc501d50.php 第 14 行.
NOTIC: [8] Use of undefined constant redpacket - assumed 'redpacket' D:\xampp\htdocs\workspace\simpsons\trunk\server\Application\Runtime\Cache\Admin\9a28fd75a2b948214998553ebc501d50.php 第 50 行.
INFO: Run Behavior\ParseTemplateBehavior [ RunTime:0.011001s ]
INFO: [ view_parse ] --END-- [ RunTime:0.011001s ]
INFO: [ view_filter ] --START--
INFO: Run Behavior\WriteHtmlCacheBehavior [ RunTime:0.001000s ]
INFO: [ view_filter ] --END-- [ RunTime:0.001000s ]
INFO: [ app_end ] --START--
INFO: Run Behavior\ShowPageTraceBehavior [ RunTime:0.000000s ]
INFO: [ app_end ] --END-- [ RunTime:0.000000s ]

[ 2016-03-25T23:08:41+08:00 ] ::1 /workspace/simpsons/trunk/server/Admin/Lotteryaudit/delete/lotteryauditid/555/navTabId/listlotteryaudit
INFO: [ app_begin ] --START--
INFO: Run Behavior\ReadHtmlCacheBehavior [ RunTime:0.001000s ]
INFO: [ app_begin ] --END-- [ RunTime:0.001000s ]
SQL: SHOW COLUMNS FROM `easy_lotteryaudit` [ RunTime:0.0020s ]
SQL: DELETE FROM `easy_lotteryaudit` WHERE `lotteryauditid` IN ('555') [ RunTime:0.0870s ]
NOTIC: [8] Undefined index: callbackType D:\xampp\htdocs\workspace\simpsons\trunk\server\ThinkPHP\Library\Think\Controller.class.php 第 219 行.
NOTIC: [8] Undefined index: forwardUrl D:\xampp\htdocs\workspace\simpsons\trunk\server\ThinkPHP\Library\Think\Controller.class.php 第 220 行.

[ 2016-03-25T23:08:41+08:00 ] ::1 /workspace/simpsons/trunk/server/Admin/Lotteryaudit/index.html?pageNum=1&numPerPage=10&_order=&_sort=&keyword=&_=1458918521763
INFO: [ app_begin ] --START--
INFO: Run Behavior\ReadHtmlCacheBehavior [ RunTime:0.001000s ]
INFO: [ app_begin ] --END-- [ RunTime:0.002000s ]
SQL: SHOW COLUMNS FROM `easy_lotteryaudit` [ RunTime:0.0020s ]
SQL: SELECT COUNT(*) AS tp_count FROM `easy_lotteryaudit` LIMIT 1   [ RunTime:0.0000s ]
SQL: SELECT * FROM `easy_lotteryaudit` ORDER BY lotteryauditid desc LIMIT 0,10   [ RunTime:0.0000s ]
NOTIC: [8] Undefined variable: search D:\xampp\htdocs\workspace\simpsons\trunk\server\Application\Admin\Controller\LotteryauditController.class.php 第 269 行.
NOTIC: [8] Undefined index: values D:\xampp\htdocs\workspace\simpsons\trunk\server\Application\Admin\Controller\LotteryauditController.class.php 第 270 行.
INFO: [ view_parse ] --START--
INFO: [ template_filter ] --START--
INFO: Run Behavior\ContentReplaceBehavior [ RunTime:0.000000s ]
INFO: [ template_filter ] --END-- [ RunTime:0.000000s ]
NOTIC: [8] Undefined index: keyword D:\xampp\htdocs\workspace\simpsons\trunk\server\Application\Runtime\Cache\Admin\9a28fd75a2b948214998553ebc501d50.php 第 14 行.
INFO: Run Behavior\ParseTemplateBehavior [ RunTime:0.010000s ]
INFO: [ view_parse ] --END-- [ RunTime:0.010000s ]
INFO: [ view_filter ] --START--
INFO: Run Behavior\WriteHtmlCacheBehavior [ RunTime:0.001000s ]
INFO: [ view_filter ] --END-- [ RunTime:0.001000s ]
INFO: [ app_end ] --START--
INFO: Run Behavior\ShowPageTraceBehavior [ RunTime:0.001000s ]
INFO: [ app_end ] --END-- [ RunTime:0.001000s ]

[ 2016-03-25T23:09:40+08:00 ] ::1 /workspace/simpsons/trunk/server/Admin/Lotteryaudit/index.html?_=1458918579938
INFO: [ app_begin ] --START--
INFO: Run Behavior\ReadHtmlCacheBehavior [ RunTime:0.000000s ]
INFO: [ app_begin ] --END-- [ RunTime:0.001000s ]
SQL: SHOW COLUMNS FROM `easy_lotteryaudit` [ RunTime:0.0030s ]
SQL: SELECT COUNT(*) AS tp_count FROM `easy_lotteryaudit` LIMIT 1   [ RunTime:0.0000s ]
SQL: SELECT * FROM `easy_lotteryaudit` ORDER BY lotteryauditid desc LIMIT 0,10   [ RunTime:0.0000s ]
NOTIC: [8] Undefined variable: search D:\xampp\htdocs\workspace\simpsons\trunk\server\Application\Admin\Controller\LotteryauditController.class.php 第 269 行.
NOTIC: [8] Undefined index: values D:\xampp\htdocs\workspace\simpsons\trunk\server\Application\Admin\Controller\LotteryauditController.class.php 第 270 行.
INFO: [ view_parse ] --START--
INFO: [ template_filter ] --START--
INFO: Run Behavior\ContentReplaceBehavior [ RunTime:0.001000s ]
INFO: [ template_filter ] --END-- [ RunTime:0.001000s ]
NOTIC: [8] Undefined index: _order D:\xampp\htdocs\workspace\simpsons\trunk\server\Application\Runtime\Cache\Admin\9a28fd75a2b948214998553ebc501d50.php 第 4 行.
NOTIC: [8] Undefined index: _sort D:\xampp\htdocs\workspace\simpsons\trunk\server\Application\Runtime\Cache\Admin\9a28fd75a2b948214998553ebc501d50.php 第 5 行.
NOTIC: [8] Undefined index: keyword D:\xampp\htdocs\workspace\simpsons\trunk\server\Application\Runtime\Cache\Admin\9a28fd75a2b948214998553ebc501d50.php 第 14 行.
NOTIC: [8] Use of undefined constant redpacket - assumed 'redpacket' D:\xampp\htdocs\workspace\simpsons\trunk\server\Application\Runtime\Cache\Admin\9a28fd75a2b948214998553ebc501d50.php 第 50 行.
INFO: Run Behavior\ParseTemplateBehavior [ RunTime:0.009000s ]
INFO: [ view_parse ] --END-- [ RunTime:0.009000s ]
INFO: [ view_filter ] --START--
INFO: Run Behavior\WriteHtmlCacheBehavior [ RunTime:0.001001s ]
INFO: [ view_filter ] --END-- [ RunTime:0.001001s ]
INFO: [ app_end ] --START--
INFO: Run Behavior\ShowPageTraceBehavior [ RunTime:0.001000s ]
INFO: [ app_end ] --END-- [ RunTime:0.001000s ]

[ 2016-03-25T23:09:42+08:00 ] ::1 /workspace/simpsons/trunk/server/Admin/Lotteryaudit/delete/lotteryauditid/556/navTabId/listlotteryaudit
INFO: [ app_begin ] --START--
INFO: Run Behavior\ReadHtmlCacheBehavior [ RunTime:0.002000s ]
INFO: [ app_begin ] --END-- [ RunTime:0.002000s ]
SQL: SHOW COLUMNS FROM `easy_lotteryaudit` [ RunTime:0.0030s ]
SQL: DELETE FROM `easy_lotteryaudit` WHERE `lotteryauditid` IN ('556') [ RunTime:0.1340s ]
NOTIC: [8] Undefined index: callbackType D:\xampp\htdocs\workspace\simpsons\trunk\server\ThinkPHP\Library\Think\Controller.class.php 第 219 行.
NOTIC: [8] Undefined index: forwardUrl D:\xampp\htdocs\workspace\simpsons\trunk\server\ThinkPHP\Library\Think\Controller.class.php 第 220 行.

[ 2016-03-25T23:09:42+08:00 ] ::1 /workspace/simpsons/trunk/server/Admin/Lotteryaudit/index.html?pageNum=1&numPerPage=10&_order=&_sort=&keyword=&_=1458918582687
INFO: [ app_begin ] --START--
INFO: Run Behavior\ReadHtmlCacheBehavior [ RunTime:0.001000s ]
INFO: [ app_begin ] --END-- [ RunTime:0.001000s ]
SQL: SHOW COLUMNS FROM `easy_lotteryaudit` [ RunTime:0.0030s ]
SQL: SELECT COUNT(*) AS tp_count FROM `easy_lotteryaudit` LIMIT 1   [ RunTime:0.0000s ]
SQL: SELECT * FROM `easy_lotteryaudit` ORDER BY lotteryauditid desc LIMIT 0,10   [ RunTime:0.0000s ]
NOTIC: [8] Undefined variable: search D:\xampp\htdocs\workspace\simpsons\trunk\server\Application\Admin\Controller\LotteryauditController.class.php 第 269 行.
NOTIC: [8] Undefined index: values D:\xampp\htdocs\workspace\simpsons\trunk\server\Application\Admin\Controller\LotteryauditController.class.php 第 270 行.
INFO: [ view_parse ] --START--
INFO: [ template_filter ] --START--
INFO: Run Behavior\ContentReplaceBehavior [ RunTime:0.000000s ]
INFO: [ template_filter ] --END-- [ RunTime:0.000000s ]
NOTIC: [8] Undefined index: keyword D:\xampp\htdocs\workspace\simpsons\trunk\server\Application\Runtime\Cache\Admin\9a28fd75a2b948214998553ebc501d50.php 第 14 行.
INFO: Run Behavior\ParseTemplateBehavior [ RunTime:0.010001s ]
INFO: [ view_parse ] --END-- [ RunTime:0.010001s ]
INFO: [ view_filter ] --START--
INFO: Run Behavior\WriteHtmlCacheBehavior [ RunTime:0.002000s ]
INFO: [ view_filter ] --END-- [ RunTime:0.002000s ]
INFO: [ app_end ] --START--
INFO: Run Behavior\ShowPageTraceBehavior [ RunTime:0.001000s ]
INFO: [ app_end ] --END-- [ RunTime:0.001000s ]

[ 2016-03-25T23:11:10+08:00 ] ::1 /workspace/simpsons/trunk/server/Admin/Lotteryaudit/index.html?_=1458918670663
INFO: [ app_begin ] --START--
INFO: Run Behavior\ReadHtmlCacheBehavior [ RunTime:0.000000s ]
INFO: [ app_begin ] --END-- [ RunTime:0.001000s ]
SQL: SHOW COLUMNS FROM `easy_lotteryaudit` [ RunTime:0.0020s ]
SQL: SELECT COUNT(*) AS tp_count FROM `easy_lotteryaudit` LIMIT 1   [ RunTime:0.0000s ]
SQL: SELECT * FROM `easy_lotteryaudit` ORDER BY lotteryauditid desc LIMIT 0,10   [ RunTime:0.0000s ]
NOTIC: [8] Undefined variable: search D:\xampp\htdocs\workspace\simpsons\trunk\server\Application\Admin\Controller\LotteryauditController.class.php 第 269 行.
NOTIC: [8] Undefined index: values D:\xampp\htdocs\workspace\simpsons\trunk\server\Application\Admin\Controller\LotteryauditController.class.php 第 270 行.
INFO: [ view_parse ] --START--
INFO: [ template_filter ] --START--
INFO: Run Behavior\ContentReplaceBehavior [ RunTime:0.000000s ]
INFO: [ template_filter ] --END-- [ RunTime:0.000000s ]
NOTIC: [8] Undefined index: _order D:\xampp\htdocs\workspace\simpsons\trunk\server\Application\Runtime\Cache\Admin\9a28fd75a2b948214998553ebc501d50.php 第 4 行.
NOTIC: [8] Undefined index: _sort D:\xampp\htdocs\workspace\simpsons\trunk\server\Application\Runtime\Cache\Admin\9a28fd75a2b948214998553ebc501d50.php 第 5 行.
NOTIC: [8] Undefined index: keyword D:\xampp\htdocs\workspace\simpsons\trunk\server\Application\Runtime\Cache\Admin\9a28fd75a2b948214998553ebc501d50.php 第 14 行.
NOTIC: [8] Use of undefined constant redpacket - assumed 'redpacket' D:\xampp\htdocs\workspace\simpsons\trunk\server\Application\Runtime\Cache\Admin\9a28fd75a2b948214998553ebc501d50.php 第 50 行.
INFO: Run Behavior\ParseTemplateBehavior [ RunTime:0.009001s ]
INFO: [ view_parse ] --END-- [ RunTime:0.009001s ]
INFO: [ view_filter ] --START--
INFO: Run Behavior\WriteHtmlCacheBehavior [ RunTime:0.001000s ]
INFO: [ view_filter ] --END-- [ RunTime:0.001000s ]
INFO: [ app_end ] --START--
INFO: Run Behavior\ShowPageTraceBehavior [ RunTime:0.001000s ]
INFO: [ app_end ] --END-- [ RunTime:0.001000s ]

[ 2016-03-25T23:11:13+08:00 ] ::1 /workspace/simpsons/trunk/server/Admin/Lotteryaudit/delete/lotteryauditid/557/navTabId/listlotteryaudit
INFO: [ app_begin ] --START--
INFO: Run Behavior\ReadHtmlCacheBehavior [ RunTime:0.002000s ]
INFO: [ app_begin ] --END-- [ RunTime:0.002000s ]
SQL: SHOW COLUMNS FROM `easy_lotteryaudit` [ RunTime:0.0020s ]
SQL: DELETE FROM `easy_lotteryaudit` WHERE `lotteryauditid` IN ('557') [ RunTime:0.0810s ]
NOTIC: [8] Undefined index: callbackType D:\xampp\htdocs\workspace\simpsons\trunk\server\ThinkPHP\Library\Think\Controller.class.php 第 219 行.
NOTIC: [8] Undefined index: forwardUrl D:\xampp\htdocs\workspace\simpsons\trunk\server\ThinkPHP\Library\Think\Controller.class.php 第 220 行.

[ 2016-03-25T23:11:13+08:00 ] ::1 /workspace/simpsons/trunk/server/Admin/Lotteryaudit/index.html?pageNum=1&numPerPage=10&_order=&_sort=&keyword=&_=1458918673465
INFO: [ app_begin ] --START--
INFO: Run Behavior\ReadHtmlCacheBehavior [ RunTime:0.001000s ]
INFO: [ app_begin ] --END-- [ RunTime:0.001000s ]
SQL: SHOW COLUMNS FROM `easy_lotteryaudit` [ RunTime:0.0050s ]
SQL: SELECT COUNT(*) AS tp_count FROM `easy_lotteryaudit` LIMIT 1   [ RunTime:0.0000s ]
SQL: SELECT * FROM `easy_lotteryaudit` ORDER BY lotteryauditid desc LIMIT 0,10   [ RunTime:0.0010s ]
NOTIC: [8] Undefined variable: search D:\xampp\htdocs\workspace\simpsons\trunk\server\Application\Admin\Controller\LotteryauditController.class.php 第 269 行.
NOTIC: [8] Undefined index: values D:\xampp\htdocs\workspace\simpsons\trunk\server\Application\Admin\Controller\LotteryauditController.class.php 第 270 行.
INFO: [ view_parse ] --START--
INFO: [ template_filter ] --START--
INFO: Run Behavior\ContentReplaceBehavior [ RunTime:0.000000s ]
INFO: [ template_filter ] --END-- [ RunTime:0.000000s ]
NOTIC: [8] Undefined index: keyword D:\xampp\htdocs\workspace\simpsons\trunk\server\Application\Runtime\Cache\Admin\9a28fd75a2b948214998553ebc501d50.php 第 14 行.
INFO: Run Behavior\ParseTemplateBehavior [ RunTime:0.010001s ]
INFO: [ view_parse ] --END-- [ RunTime:0.010001s ]
INFO: [ view_filter ] --START--
INFO: Run Behavior\WriteHtmlCacheBehavior [ RunTime:0.001000s ]
INFO: [ view_filter ] --END-- [ RunTime:0.001000s ]
INFO: [ app_end ] --START--
INFO: Run Behavior\ShowPageTraceBehavior [ RunTime:0.001000s ]
INFO: [ app_end ] --END-- [ RunTime:0.001000s ]

[ 2016-03-25T23:12:36+08:00 ] ::1 /workspace/simpsons/trunk/server/Admin/Lotteryaudit/index.html?_=1458918756585
INFO: [ app_begin ] --START--
INFO: Run Behavior\ReadHtmlCacheBehavior [ RunTime:0.001000s ]
INFO: [ app_begin ] --END-- [ RunTime:0.001000s ]
SQL: SHOW COLUMNS FROM `easy_lotteryaudit` [ RunTime:0.0020s ]
SQL: SELECT COUNT(*) AS tp_count FROM `easy_lotteryaudit` LIMIT 1   [ RunTime:0.0000s ]
SQL: SELECT * FROM `easy_lotteryaudit` ORDER BY lotteryauditid desc LIMIT 0,10   [ RunTime:0.0000s ]
NOTIC: [8] Undefined variable: search D:\xampp\htdocs\workspace\simpsons\trunk\server\Application\Admin\Controller\LotteryauditController.class.php 第 269 行.
NOTIC: [8] Undefined index: values D:\xampp\htdocs\workspace\simpsons\trunk\server\Application\Admin\Controller\LotteryauditController.class.php 第 270 行.
INFO: [ view_parse ] --START--
INFO: [ template_filter ] --START--
INFO: Run Behavior\ContentReplaceBehavior [ RunTime:0.000000s ]
INFO: [ template_filter ] --END-- [ RunTime:0.000000s ]
NOTIC: [8] Undefined index: _order D:\xampp\htdocs\workspace\simpsons\trunk\server\Application\Runtime\Cache\Admin\9a28fd75a2b948214998553ebc501d50.php 第 4 行.
NOTIC: [8] Undefined index: _sort D:\xampp\htdocs\workspace\simpsons\trunk\server\Application\Runtime\Cache\Admin\9a28fd75a2b948214998553ebc501d50.php 第 5 行.
NOTIC: [8] Undefined index: keyword D:\xampp\htdocs\workspace\simpsons\trunk\server\Application\Runtime\Cache\Admin\9a28fd75a2b948214998553ebc501d50.php 第 14 行.
NOTIC: [8] Use of undefined constant redpacket - assumed 'redpacket' D:\xampp\htdocs\workspace\simpsons\trunk\server\Application\Runtime\Cache\Admin\9a28fd75a2b948214998553ebc501d50.php 第 50 行.
INFO: Run Behavior\ParseTemplateBehavior [ RunTime:0.009001s ]
INFO: [ view_parse ] --END-- [ RunTime:0.009001s ]
INFO: [ view_filter ] --START--
INFO: Run Behavior\WriteHtmlCacheBehavior [ RunTime:0.001000s ]
INFO: [ view_filter ] --END-- [ RunTime:0.001000s ]
INFO: [ app_end ] --START--
INFO: Run Behavior\ShowPageTraceBehavior [ RunTime:0.001000s ]
INFO: [ app_end ] --END-- [ RunTime:0.001000s ]

[ 2016-03-25T23:12:53+08:00 ] 127.0.0.1 /workspace/simpsons/trunk/server/index.php/admin
INFO: [ app_begin ] --START--
INFO: Run Behavior\ReadHtmlCacheBehavior [ RunTime:0.000000s ]
INFO: [ app_begin ] --END-- [ RunTime:0.001000s ]

[ 2016-03-25T23:12:54+08:00 ] 127.0.0.1 /workspace/simpsons/trunk/server/Admin/Login/login.html
INFO: [ app_begin ] --START--
INFO: Run Behavior\ReadHtmlCacheBehavior [ RunTime:0.001000s ]
INFO: [ app_begin ] --END-- [ RunTime:0.001000s ]
INFO: [ view_parse ] --START--
INFO: [ template_filter ] --START--
INFO: Run Behavior\ContentReplaceBehavior [ RunTime:0.000000s ]
INFO: [ template_filter ] --END-- [ RunTime:0.000000s ]
SQL: SHOW COLUMNS FROM `easy_fields` [ RunTime:0.0150s ]
SQL: SELECT * FROM `easy_fields` WHERE `field` = 'title' LIMIT 1   [ RunTime:0.0000s ]
INFO: Run Behavior\ParseTemplateBehavior [ RunTime:0.038002s ]
INFO: [ view_parse ] --END-- [ RunTime:0.038002s ]
INFO: [ view_filter ] --START--
INFO: Run Behavior\WriteHtmlCacheBehavior [ RunTime:0.001000s ]
INFO: [ view_filter ] --END-- [ RunTime:0.001000s ]
INFO: [ app_end ] --START--
INFO: Run Behavior\ShowPageTraceBehavior [ RunTime:0.001000s ]
INFO: [ app_end ] --END-- [ RunTime:0.001000s ]

[ 2016-03-25T23:12:54+08:00 ] 127.0.0.1 /workspace/simpsons/trunk/server/Admin/Login/verify/
INFO: [ app_begin ] --START--
INFO: Run Behavior\ReadHtmlCacheBehavior [ RunTime:0.001000s ]
INFO: [ app_begin ] --END-- [ RunTime:0.001000s ]
INFO: [ app_end ] --START--
INFO: Run Behavior\ShowPageTraceBehavior [ RunTime:0.001000s ]
INFO: [ app_end ] --END-- [ RunTime:0.001000s ]

[ 2016-03-25T23:13:00+08:00 ] 127.0.0.1 /workspace/simpsons/trunk/server/Admin/Login/checkLogin/
INFO: [ app_begin ] --START--
INFO: Run Behavior\ReadHtmlCacheBehavior [ RunTime:0.001000s ]
INFO: [ app_begin ] --END-- [ RunTime:0.001000s ]
SQL: SHOW COLUMNS FROM `easy_user` [ RunTime:0.0030s ]
SQL: SELECT * FROM `easy_user` WHERE `username` = 'admin' LIMIT 1   [ RunTime:0.0000s ]
SQL: UPDATE `easy_user` SET `logintime`='1458918780',`loginip`='127.0.0.1' WHERE `id` = 6 [ RunTime:0.0000s ]

[ 2016-03-25T23:13:00+08:00 ] 127.0.0.1 /workspace/simpsons/trunk/server/Admin/Index/index.html
INFO: [ app_begin ] --START--
INFO: Run Behavior\ReadHtmlCacheBehavior [ RunTime:0.000000s ]
INFO: [ app_begin ] --END-- [ RunTime:0.001000s ]
INFO: [ view_parse ] --START--
INFO: [ template_filter ] --START--
INFO: Run Behavior\ContentReplaceBehavior [ RunTime:0.000000s ]
INFO: [ template_filter ] --END-- [ RunTime:0.000000s ]
SQL: SHOW COLUMNS FROM `easy_fields` [ RunTime:0.0020s ]
SQL: SELECT * FROM `easy_fields` WHERE `field` = 'title' LIMIT 1   [ RunTime:0.0000s ]
INFO: Run Behavior\ParseTemplateBehavior [ RunTime:0.030002s ]
INFO: [ view_parse ] --END-- [ RunTime:0.030002s ]
INFO: [ view_filter ] --START--
INFO: Run Behavior\WriteHtmlCacheBehavior [ RunTime:0.000000s ]
INFO: [ view_filter ] --END-- [ RunTime:0.001000s ]
INFO: [ app_end ] --START--
INFO: Run Behavior\ShowPageTraceBehavior [ RunTime:0.000000s ]
INFO: [ app_end ] --END-- [ RunTime:0.001000s ]

[ 2016-03-25T23:13:03+08:00 ] 127.0.0.1 /workspace/simpsons/trunk/server/Admin/Lotteryaudit/index.html?_=1458918783725
INFO: [ app_begin ] --START--
INFO: Run Behavior\ReadHtmlCacheBehavior [ RunTime:0.000000s ]
INFO: [ app_begin ] --END-- [ RunTime:0.001000s ]
SQL: SHOW COLUMNS FROM `easy_lotteryaudit` [ RunTime:0.0020s ]
SQL: SELECT COUNT(*) AS tp_count FROM `easy_lotteryaudit` LIMIT 1   [ RunTime:0.0000s ]
SQL: SELECT * FROM `easy_lotteryaudit` ORDER BY lotteryauditid desc LIMIT 0,10   [ RunTime:0.0000s ]
NOTIC: [8] Undefined variable: search D:\xampp\htdocs\workspace\simpsons\trunk\server\Application\Admin\Controller\LotteryauditController.class.php 第 269 行.
NOTIC: [8] Undefined index: values D:\xampp\htdocs\workspace\simpsons\trunk\server\Application\Admin\Controller\LotteryauditController.class.php 第 270 行.
INFO: [ view_parse ] --START--
INFO: [ template_filter ] --START--
INFO: Run Behavior\ContentReplaceBehavior [ RunTime:0.000000s ]
INFO: [ template_filter ] --END-- [ RunTime:0.000000s ]
NOTIC: [8] Undefined index: _order D:\xampp\htdocs\workspace\simpsons\trunk\server\Application\Runtime\Cache\Admin\9a28fd75a2b948214998553ebc501d50.php 第 4 行.
NOTIC: [8] Undefined index: _sort D:\xampp\htdocs\workspace\simpsons\trunk\server\Application\Runtime\Cache\Admin\9a28fd75a2b948214998553ebc501d50.php 第 5 行.
NOTIC: [8] Undefined index: keyword D:\xampp\htdocs\workspace\simpsons\trunk\server\Application\Runtime\Cache\Admin\9a28fd75a2b948214998553ebc501d50.php 第 14 行.
NOTIC: [8] Use of undefined constant redpacket - assumed 'redpacket' D:\xampp\htdocs\workspace\simpsons\trunk\server\Application\Runtime\Cache\Admin\9a28fd75a2b948214998553ebc501d50.php 第 50 行.
INFO: Run Behavior\ParseTemplateBehavior [ RunTime:0.010001s ]
INFO: [ view_parse ] --END-- [ RunTime:0.010001s ]
INFO: [ view_filter ] --START--
INFO: Run Behavior\WriteHtmlCacheBehavior [ RunTime:0.000000s ]
INFO: [ view_filter ] --END-- [ RunTime:0.000000s ]
INFO: [ app_end ] --START--
INFO: Run Behavior\ShowPageTraceBehavior [ RunTime:0.001000s ]
INFO: [ app_end ] --END-- [ RunTime:0.001000s ]

[ 2016-03-25T23:13:09+08:00 ] 127.0.0.1 /workspace/simpsons/trunk/server/Admin/Lotteryaudit/delete/lotteryauditid/558/navTabId/listlotteryaudit
INFO: [ app_begin ] --START--
INFO: Run Behavior\ReadHtmlCacheBehavior [ RunTime:0.000000s ]
INFO: [ app_begin ] --END-- [ RunTime:0.001000s ]
SQL: SHOW COLUMNS FROM `easy_lotteryaudit` [ RunTime:0.0040s ]
SQL: DELETE FROM `easy_lotteryaudit` WHERE `lotteryauditid` IN ('558') [ RunTime:0.1820s ]
NOTIC: [8] Undefined index: callbackType D:\xampp\htdocs\workspace\simpsons\trunk\server\ThinkPHP\Library\Think\Controller.class.php 第 219 行.
NOTIC: [8] Undefined index: forwardUrl D:\xampp\htdocs\workspace\simpsons\trunk\server\ThinkPHP\Library\Think\Controller.class.php 第 220 行.

[ 2016-03-25T23:13:09+08:00 ] 127.0.0.1 /workspace/simpsons/trunk/server/Admin/Lotteryaudit/index.html?pageNum=1&numPerPage=10&_order=&_sort=&keyword=&_=1458918789638
INFO: [ app_begin ] --START--
INFO: Run Behavior\ReadHtmlCacheBehavior [ RunTime:0.001000s ]
INFO: [ app_begin ] --END-- [ RunTime:0.001000s ]
SQL: SHOW COLUMNS FROM `easy_lotteryaudit` [ RunTime:0.0030s ]
SQL: SELECT COUNT(*) AS tp_count FROM `easy_lotteryaudit` LIMIT 1   [ RunTime:0.0000s ]
SQL: SELECT * FROM `easy_lotteryaudit` ORDER BY lotteryauditid desc LIMIT 0,10   [ RunTime:0.0000s ]
NOTIC: [8] Undefined variable: search D:\xampp\htdocs\workspace\simpsons\trunk\server\Application\Admin\Controller\LotteryauditController.class.php 第 269 行.
NOTIC: [8] Undefined index: values D:\xampp\htdocs\workspace\simpsons\trunk\server\Application\Admin\Controller\LotteryauditController.class.php 第 270 行.
INFO: [ view_parse ] --START--
INFO: [ template_filter ] --START--
INFO: Run Behavior\ContentReplaceBehavior [ RunTime:0.000000s ]
INFO: [ template_filter ] --END-- [ RunTime:0.001000s ]
NOTIC: [8] Undefined index: keyword D:\xampp\htdocs\workspace\simpsons\trunk\server\Application\Runtime\Cache\Admin\9a28fd75a2b948214998553ebc501d50.php 第 14 行.
INFO: Run Behavior\ParseTemplateBehavior [ RunTime:0.009000s ]
INFO: [ view_parse ] --END-- [ RunTime:0.010001s ]
INFO: [ view_filter ] --START--
INFO: Run Behavior\WriteHtmlCacheBehavior [ RunTime:0.000000s ]
INFO: [ view_filter ] --END-- [ RunTime:0.000000s ]
INFO: [ app_end ] --START--
INFO: Run Behavior\ShowPageTraceBehavior [ RunTime:0.001000s ]
INFO: [ app_end ] --END-- [ RunTime:0.001000s ]

[ 2016-03-25T23:29:18+08:00 ] ::1 /workspace/simpsons/trunk/server/Admin/Lotteryaudit/index.html?_=1458919758245
INFO: [ app_begin ] --START--
INFO: Run Behavior\ReadHtmlCacheBehavior [ RunTime:0.001000s ]
INFO: [ app_begin ] --END-- [ RunTime:0.002000s ]
SQL: SHOW COLUMNS FROM `easy_lotteryaudit` [ RunTime:0.0020s ]
SQL: SELECT COUNT(*) AS tp_count FROM `easy_lotteryaudit` LIMIT 1   [ RunTime:0.0010s ]
SQL: SELECT * FROM `easy_lotteryaudit` ORDER BY lotteryauditid desc LIMIT 0,10   [ RunTime:0.0010s ]
NOTIC: [8] Undefined variable: search D:\xampp\htdocs\workspace\simpsons\trunk\server\Application\Admin\Controller\LotteryauditController.class.php 第 269 行.
NOTIC: [8] Undefined index: values D:\xampp\htdocs\workspace\simpsons\trunk\server\Application\Admin\Controller\LotteryauditController.class.php 第 270 行.
INFO: [ view_parse ] --START--
INFO: [ template_filter ] --START--
INFO: Run Behavior\ContentReplaceBehavior [ RunTime:0.000000s ]
INFO: [ template_filter ] --END-- [ RunTime:0.000000s ]
NOTIC: [8] Undefined index: _order D:\xampp\htdocs\workspace\simpsons\trunk\server\Application\Runtime\Cache\Admin\9a28fd75a2b948214998553ebc501d50.php 第 4 行.
NOTIC: [8] Undefined index: _sort D:\xampp\htdocs\workspace\simpsons\trunk\server\Application\Runtime\Cache\Admin\9a28fd75a2b948214998553ebc501d50.php 第 5 行.
NOTIC: [8] Undefined index: keyword D:\xampp\htdocs\workspace\simpsons\trunk\server\Application\Runtime\Cache\Admin\9a28fd75a2b948214998553ebc501d50.php 第 14 行.
INFO: Run Behavior\ParseTemplateBehavior [ RunTime:0.008001s ]
INFO: [ view_parse ] --END-- [ RunTime:0.009001s ]
INFO: [ view_filter ] --START--
INFO: Run Behavior\WriteHtmlCacheBehavior [ RunTime:0.000000s ]
INFO: [ view_filter ] --END-- [ RunTime:0.000000s ]
INFO: [ app_end ] --START--
INFO: Run Behavior\ShowPageTraceBehavior [ RunTime:0.001000s ]
INFO: [ app_end ] --END-- [ RunTime:0.001000s ]

