[ 2016-09-06T21:27:14+08:00 ] ::1 /evaluationSystem/Admin/Index/index.html
INFO: [ app_begin ] --START--
INFO: Run Behavior\ReadHtmlCacheBehavior [ RunTime:0.001000s ]
INFO: [ app_begin ] --END-- [ RunTime:0.002000s ]
SQL: SHOW COLUMNS FROM `es_user` [ RunTime:0.0040s ]
SQL: SELECT * FROM `es_user` WHERE `username` = 'admin' LIMIT 1   [ RunTime:0.0010s ]
INFO: [ view_parse ] --START--
INFO: [ template_filter ] --START--
INFO: Run Behavior\ContentReplaceBehavior [ RunTime:0.000000s ]
INFO: [ template_filter ] --END-- [ RunTime:0.000000s ]
INFO: Run Behavior\ParseTemplateBehavior [ RunTime:0.074004s ]
INFO: [ view_parse ] --END-- [ RunTime:0.075004s ]
INFO: [ view_filter ] --START--
INFO: Run Behavior\WriteHtmlCacheBehavior [ RunTime:0.001000s ]
INFO: [ view_filter ] --END-- [ RunTime:0.001000s ]
INFO: [ app_end ] --START--
INFO: Run Behavior\ShowPageTraceBehavior [ RunTime:0.001000s ]
INFO: [ app_end ] --END-- [ RunTime:0.001000s ]

[ 2016-09-06T21:27:21+08:00 ] ::1 /evaluationSystem/Admin/Performanceform/index.html?_=1473168441702
INFO: [ app_begin ] --START--
INFO: Run Behavior\ReadHtmlCacheBehavior [ RunTime:0.001000s ]
INFO: [ app_begin ] --END-- [ RunTime:0.002000s ]
SQL: SHOW COLUMNS FROM `es_pmform` [ RunTime:0.0310s ]
SQL: SELECT * FROM `es_pmform`  [ RunTime:0.0000s ]
INFO: [ view_parse ] --START--
INFO: [ template_filter ] --START--
INFO: Run Behavior\ContentReplaceBehavior [ RunTime:0.000000s ]
INFO: [ template_filter ] --END-- [ RunTime:0.000000s ]
NOTIC: [8] Undefined variable: numPerPage D:\xampp\htdocs\evaluationSystem\Application\Runtime\Cache\Admin\61f04f72aaacaaa1046868bd1547c504.php 第 3 行.
NOTIC: [8] Undefined index: _order D:\xampp\htdocs\evaluationSystem\Application\Runtime\Cache\Admin\61f04f72aaacaaa1046868bd1547c504.php 第 4 行.
NOTIC: [8] Undefined index: _sort D:\xampp\htdocs\evaluationSystem\Application\Runtime\Cache\Admin\61f04f72aaacaaa1046868bd1547c504.php 第 5 行.
NOTIC: [8] Undefined variable: numPerPage D:\xampp\htdocs\evaluationSystem\Application\Runtime\Cache\Admin\61f04f72aaacaaa1046868bd1547c504.php 第 46 行.
NOTIC: [8] Undefined variable: numPerPage D:\xampp\htdocs\evaluationSystem\Application\Runtime\Cache\Admin\61f04f72aaacaaa1046868bd1547c504.php 第 47 行.
NOTIC: [8] Undefined variable: numPerPage D:\xampp\htdocs\evaluationSystem\Application\Runtime\Cache\Admin\61f04f72aaacaaa1046868bd1547c504.php 第 48 行.
NOTIC: [8] Undefined variable: numPerPage D:\xampp\htdocs\evaluationSystem\Application\Runtime\Cache\Admin\61f04f72aaacaaa1046868bd1547c504.php 第 49 行.
NOTIC: [8] Undefined variable: numPerPage D:\xampp\htdocs\evaluationSystem\Application\Runtime\Cache\Admin\61f04f72aaacaaa1046868bd1547c504.php 第 50 行.
NOTIC: [8] Undefined variable: totalCount D:\xampp\htdocs\evaluationSystem\Application\Runtime\Cache\Admin\61f04f72aaacaaa1046868bd1547c504.php 第 52 行.
NOTIC: [8] Undefined variable: totalCount D:\xampp\htdocs\evaluationSystem\Application\Runtime\Cache\Admin\61f04f72aaacaaa1046868bd1547c504.php 第 54 行.
NOTIC: [8] Undefined variable: numPerPage D:\xampp\htdocs\evaluationSystem\Application\Runtime\Cache\Admin\61f04f72aaacaaa1046868bd1547c504.php 第 54 行.
NOTIC: [8] Undefined variable: currentPage D:\xampp\htdocs\evaluationSystem\Application\Runtime\Cache\Admin\61f04f72aaacaaa1046868bd1547c504.php 第 54 行.
INFO: Run Behavior\ParseTemplateBehavior [ RunTime:0.031002s ]
INFO: [ view_parse ] --END-- [ RunTime:0.031002s ]
INFO: [ view_filter ] --START--
INFO: Run Behavior\WriteHtmlCacheBehavior [ RunTime:0.001000s ]
INFO: [ view_filter ] --END-- [ RunTime:0.001000s ]
INFO: [ app_end ] --START--
INFO: Run Behavior\ShowPageTraceBehavior [ RunTime:0.001000s ]
INFO: [ app_end ] --END-- [ RunTime:0.001000s ]

[ 2016-09-06T21:27:22+08:00 ] ::1 /evaluationSystem/Admin/Performance/index.html?_=1473168442539
INFO: [ app_begin ] --START--
INFO: Run Behavior\ReadHtmlCacheBehavior [ RunTime:0.000000s ]
INFO: [ app_begin ] --END-- [ RunTime:0.001000s ]
SQL: SHOW COLUMNS FROM `es_pmgroup` [ RunTime:0.0920s ]
SQL: SELECT * FROM `es_pmgroup`  [ RunTime:0.0010s ]
INFO: [ view_parse ] --START--
INFO: [ template_filter ] --START--
INFO: Run Behavior\ContentReplaceBehavior [ RunTime:0.000000s ]
INFO: [ template_filter ] --END-- [ RunTime:0.000000s ]
NOTIC: [8] Undefined variable: numPerPage D:\xampp\htdocs\evaluationSystem\Application\Runtime\Cache\Admin\639657368133e24453e83761f541339d.php 第 3 行.
NOTIC: [8] Undefined index: _order D:\xampp\htdocs\evaluationSystem\Application\Runtime\Cache\Admin\639657368133e24453e83761f541339d.php 第 4 行.
NOTIC: [8] Undefined index: _sort D:\xampp\htdocs\evaluationSystem\Application\Runtime\Cache\Admin\639657368133e24453e83761f541339d.php 第 5 行.
NOTIC: [8] Undefined variable: numPerPage D:\xampp\htdocs\evaluationSystem\Application\Runtime\Cache\Admin\639657368133e24453e83761f541339d.php 第 51 行.
NOTIC: [8] Undefined variable: numPerPage D:\xampp\htdocs\evaluationSystem\Application\Runtime\Cache\Admin\639657368133e24453e83761f541339d.php 第 52 行.
NOTIC: [8] Undefined variable: numPerPage D:\xampp\htdocs\evaluationSystem\Application\Runtime\Cache\Admin\639657368133e24453e83761f541339d.php 第 53 行.
NOTIC: [8] Undefined variable: numPerPage D:\xampp\htdocs\evaluationSystem\Application\Runtime\Cache\Admin\639657368133e24453e83761f541339d.php 第 54 行.
NOTIC: [8] Undefined variable: numPerPage D:\xampp\htdocs\evaluationSystem\Application\Runtime\Cache\Admin\639657368133e24453e83761f541339d.php 第 55 行.
NOTIC: [8] Undefined variable: totalCount D:\xampp\htdocs\evaluationSystem\Application\Runtime\Cache\Admin\639657368133e24453e83761f541339d.php 第 57 行.
NOTIC: [8] Undefined variable: totalCount D:\xampp\htdocs\evaluationSystem\Application\Runtime\Cache\Admin\639657368133e24453e83761f541339d.php 第 59 行.
NOTIC: [8] Undefined variable: numPerPage D:\xampp\htdocs\evaluationSystem\Application\Runtime\Cache\Admin\639657368133e24453e83761f541339d.php 第 59 行.
NOTIC: [8] Undefined variable: currentPage D:\xampp\htdocs\evaluationSystem\Application\Runtime\Cache\Admin\639657368133e24453e83761f541339d.php 第 59 行.
INFO: Run Behavior\ParseTemplateBehavior [ RunTime:0.062003s ]
INFO: [ view_parse ] --END-- [ RunTime:0.062003s ]
INFO: [ view_filter ] --START--
INFO: Run Behavior\WriteHtmlCacheBehavior [ RunTime:0.001000s ]
INFO: [ view_filter ] --END-- [ RunTime:0.001000s ]
INFO: [ app_end ] --START--
INFO: Run Behavior\ShowPageTraceBehavior [ RunTime:0.000000s ]
INFO: [ app_end ] --END-- [ RunTime:0.000000s ]

[ 2016-09-06T21:28:08+08:00 ] ::1 /evaluationSystem/Admin/Rbacrole/index.html?_=1473168488595
INFO: [ app_begin ] --START--
INFO: Run Behavior\ReadHtmlCacheBehavior [ RunTime:0.001000s ]
INFO: [ app_begin ] --END-- [ RunTime:0.001000s ]
SQL: SHOW COLUMNS FROM `es_role` [ RunTime:0.0330s ]
SQL: SELECT COUNT(*) AS tp_count FROM `es_role` LIMIT 1   [ RunTime:0.0310s ]
SQL: SELECT * FROM `es_role` ORDER BY id desc LIMIT 0,10   [ RunTime:0.0010s ]
NOTIC: [8] Undefined variable: search D:\xampp\htdocs\evaluationSystem\Application\Admin\Controller\RbacroleController.class.php 第 270 行.
NOTIC: [8] Undefined index: values D:\xampp\htdocs\evaluationSystem\Application\Admin\Controller\RbacroleController.class.php 第 271 行.
INFO: [ view_parse ] --START--
INFO: [ template_filter ] --START--
INFO: Run Behavior\ContentReplaceBehavior [ RunTime:0.000000s ]
INFO: [ template_filter ] --END-- [ RunTime:0.000000s ]
NOTIC: [8] Undefined index: _order D:\xampp\htdocs\evaluationSystem\Application\Runtime\Cache\Admin\9fcfc2dc1fe33575c952d146d6824da5.php 第 4 行.
NOTIC: [8] Undefined index: _sort D:\xampp\htdocs\evaluationSystem\Application\Runtime\Cache\Admin\9fcfc2dc1fe33575c952d146d6824da5.php 第 5 行.
INFO: Run Behavior\ParseTemplateBehavior [ RunTime:0.018002s ]
INFO: [ view_parse ] --END-- [ RunTime:0.018002s ]
INFO: [ view_filter ] --START--
INFO: Run Behavior\WriteHtmlCacheBehavior [ RunTime:0.000000s ]
INFO: [ view_filter ] --END-- [ RunTime:0.000000s ]
INFO: [ app_end ] --START--
INFO: Run Behavior\ShowPageTraceBehavior [ RunTime:0.001000s ]
INFO: [ app_end ] --END-- [ RunTime:0.001000s ]

[ 2016-09-06T21:28:22+08:00 ] ::1 /evaluationSystem/Admin/Rbacuser/index.html?_=1473168501782
INFO: [ app_begin ] --START--
INFO: Run Behavior\ReadHtmlCacheBehavior [ RunTime:0.001000s ]
INFO: [ app_begin ] --END-- [ RunTime:0.001000s ]
SQL: SHOW COLUMNS FROM `es_user` [ RunTime:0.0020s ]
SQL: SELECT `id`,`username`,`phone`,`position`,`showname`,`directleader`,`deptid`,`enrolldate`,`islock`,`logintime`,`loginip`,`inserttime`,`lastmodifytime` FROM `es_user`  [ RunTime:0.0010s ]
SQL: SHOW COLUMNS FROM `es_role` [ RunTime:0.0020s ]
NOTIC: [8] Undefined index: mapping_order D:\xampp\htdocs\evaluationSystem\ThinkPHP\Library\Think\Model\RelationModel.class.php 第 186 行.
NOTIC: [8] Undefined index: mapping_limit D:\xampp\htdocs\evaluationSystem\ThinkPHP\Library\Think\Model\RelationModel.class.php 第 187 行.
NOTIC: [8] Undefined index: relation_foreign_key D:\xampp\htdocs\evaluationSystem\ThinkPHP\Library\Think\Model\RelationModel.class.php 第 188 行.
SQL: SELECT b.id,name,remark FROM es_role_user AS a, es_role AS b WHERE a.role_id = b.id AND a. user_id='1' [ RunTime:0.0520s ]
NOTIC: [8] Undefined index: mapping_order D:\xampp\htdocs\evaluationSystem\ThinkPHP\Library\Think\Model\RelationModel.class.php 第 186 行.
NOTIC: [8] Undefined index: mapping_limit D:\xampp\htdocs\evaluationSystem\ThinkPHP\Library\Think\Model\RelationModel.class.php 第 187 行.
NOTIC: [8] Undefined index: relation_foreign_key D:\xampp\htdocs\evaluationSystem\ThinkPHP\Library\Think\Model\RelationModel.class.php 第 188 行.
SQL: SELECT b.id,name,remark FROM es_role_user AS a, es_role AS b WHERE a.role_id = b.id AND a. user_id='17' [ RunTime:0.0080s ]
NOTIC: [8] Undefined index: mapping_order D:\xampp\htdocs\evaluationSystem\ThinkPHP\Library\Think\Model\RelationModel.class.php 第 186 行.
NOTIC: [8] Undefined index: mapping_limit D:\xampp\htdocs\evaluationSystem\ThinkPHP\Library\Think\Model\RelationModel.class.php 第 187 行.
NOTIC: [8] Undefined index: relation_foreign_key D:\xampp\htdocs\evaluationSystem\ThinkPHP\Library\Think\Model\RelationModel.class.php 第 188 行.
SQL: SELECT b.id,name,remark FROM es_role_user AS a, es_role AS b WHERE a.role_id = b.id AND a. user_id='18' [ RunTime:0.0000s ]
NOTIC: [8] Undefined index: mapping_order D:\xampp\htdocs\evaluationSystem\ThinkPHP\Library\Think\Model\RelationModel.class.php 第 186 行.
NOTIC: [8] Undefined index: mapping_limit D:\xampp\htdocs\evaluationSystem\ThinkPHP\Library\Think\Model\RelationModel.class.php 第 187 行.
NOTIC: [8] Undefined index: relation_foreign_key D:\xampp\htdocs\evaluationSystem\ThinkPHP\Library\Think\Model\RelationModel.class.php 第 188 行.
SQL: SELECT b.id,name,remark FROM es_role_user AS a, es_role AS b WHERE a.role_id = b.id AND a. user_id='19' [ RunTime:0.0000s ]
INFO: [ view_parse ] --START--
INFO: [ template_filter ] --START--
INFO: Run Behavior\ContentReplaceBehavior [ RunTime:0.000000s ]
INFO: [ template_filter ] --END-- [ RunTime:0.000000s ]
NOTIC: [8] Undefined variable: numPerPage D:\xampp\htdocs\evaluationSystem\Application\Runtime\Cache\Admin\22e12eaff75c3165acdc65ab8338079c.php 第 3 行.
NOTIC: [8] Undefined index: _order D:\xampp\htdocs\evaluationSystem\Application\Runtime\Cache\Admin\22e12eaff75c3165acdc65ab8338079c.php 第 4 行.
NOTIC: [8] Undefined index: _sort D:\xampp\htdocs\evaluationSystem\Application\Runtime\Cache\Admin\22e12eaff75c3165acdc65ab8338079c.php 第 5 行.
NOTIC: [8] Use of undefined constant admin - assumed 'admin' D:\xampp\htdocs\evaluationSystem\Application\Runtime\Cache\Admin\22e12eaff75c3165acdc65ab8338079c.php 第 68 行.
NOTIC: [8] Use of undefined constant admin - assumed 'admin' D:\xampp\htdocs\evaluationSystem\Application\Runtime\Cache\Admin\22e12eaff75c3165acdc65ab8338079c.php 第 68 行.
NOTIC: [8] Use of undefined constant admin - assumed 'admin' D:\xampp\htdocs\evaluationSystem\Application\Runtime\Cache\Admin\22e12eaff75c3165acdc65ab8338079c.php 第 68 行.
NOTIC: [8] Use of undefined constant admin - assumed 'admin' D:\xampp\htdocs\evaluationSystem\Application\Runtime\Cache\Admin\22e12eaff75c3165acdc65ab8338079c.php 第 68 行.
NOTIC: [8] Undefined variable: numPerPage D:\xampp\htdocs\evaluationSystem\Application\Runtime\Cache\Admin\22e12eaff75c3165acdc65ab8338079c.php 第 79 行.
NOTIC: [8] Undefined variable: numPerPage D:\xampp\htdocs\evaluationSystem\Application\Runtime\Cache\Admin\22e12eaff75c3165acdc65ab8338079c.php 第 80 行.
NOTIC: [8] Undefined variable: numPerPage D:\xampp\htdocs\evaluationSystem\Application\Runtime\Cache\Admin\22e12eaff75c3165acdc65ab8338079c.php 第 81 行.
NOTIC: [8] Undefined variable: numPerPage D:\xampp\htdocs\evaluationSystem\Application\Runtime\Cache\Admin\22e12eaff75c3165acdc65ab8338079c.php 第 82 行.
NOTIC: [8] Undefined variable: numPerPage D:\xampp\htdocs\evaluationSystem\Application\Runtime\Cache\Admin\22e12eaff75c3165acdc65ab8338079c.php 第 83 行.
NOTIC: [8] Undefined variable: totalCount D:\xampp\htdocs\evaluationSystem\Application\Runtime\Cache\Admin\22e12eaff75c3165acdc65ab8338079c.php 第 85 行.
NOTIC: [8] Undefined variable: totalCount D:\xampp\htdocs\evaluationSystem\Application\Runtime\Cache\Admin\22e12eaff75c3165acdc65ab8338079c.php 第 87 行.
NOTIC: [8] Undefined variable: numPerPage D:\xampp\htdocs\evaluationSystem\Application\Runtime\Cache\Admin\22e12eaff75c3165acdc65ab8338079c.php 第 87 行.
NOTIC: [8] Undefined variable: currentPage D:\xampp\htdocs\evaluationSystem\Application\Runtime\Cache\Admin\22e12eaff75c3165acdc65ab8338079c.php 第 87 行.
INFO: Run Behavior\ParseTemplateBehavior [ RunTime:0.044002s ]
INFO: [ view_parse ] --END-- [ RunTime:0.044002s ]
INFO: [ view_filter ] --START--
INFO: Run Behavior\WriteHtmlCacheBehavior [ RunTime:0.000000s ]
INFO: [ view_filter ] --END-- [ RunTime:0.000000s ]
INFO: [ app_end ] --START--
INFO: Run Behavior\ShowPageTraceBehavior [ RunTime:0.001000s ]
INFO: [ app_end ] --END-- [ RunTime:0.001000s ]

[ 2016-09-06T21:28:31+08:00 ] ::1 /evaluationSystem/Admin/Rbacuser/edit/id/17?_=1473168510840
INFO: [ app_begin ] --START--
INFO: Run Behavior\ReadHtmlCacheBehavior [ RunTime:0.001000s ]
INFO: [ app_begin ] --END-- [ RunTime:0.002000s ]
SQL: SHOW COLUMNS FROM `es_user` [ RunTime:0.0030s ]
SQL: SELECT `id`,`username`,`phone`,`position`,`showname`,`directleader`,`deptid`,`enrolldate`,`islock`,`logintime`,`loginip`,`inserttime`,`lastmodifytime` FROM `es_user` WHERE `id` = 17 LIMIT 1   [ RunTime:0.0010s ]
SQL: SHOW COLUMNS FROM `es_role` [ RunTime:0.0040s ]
NOTIC: [8] Undefined index: mapping_order D:\xampp\htdocs\evaluationSystem\ThinkPHP\Library\Think\Model\RelationModel.class.php 第 186 行.
NOTIC: [8] Undefined index: mapping_limit D:\xampp\htdocs\evaluationSystem\ThinkPHP\Library\Think\Model\RelationModel.class.php 第 187 行.
NOTIC: [8] Undefined index: relation_foreign_key D:\xampp\htdocs\evaluationSystem\ThinkPHP\Library\Think\Model\RelationModel.class.php 第 188 行.
SQL: SELECT b.id,name,remark FROM es_role_user AS a, es_role AS b WHERE a.role_id = b.id AND a. user_id='17' [ RunTime:0.0000s ]
SQL: SHOW COLUMNS FROM `es_dept` [ RunTime:0.0660s ]
SQL: SELECT * FROM `es_dept`  [ RunTime:0.0000s ]
SQL: SHOW COLUMNS FROM `es_user` [ RunTime:0.0040s ]
SQL: SELECT * FROM `es_user`  [ RunTime:0.0010s ]
SQL: SHOW COLUMNS FROM `es_role` [ RunTime:0.0020s ]
SQL: SELECT * FROM `es_role`  [ RunTime:0.0000s ]
INFO: [ view_parse ] --START--
INFO: [ template_filter ] --START--
INFO: Run Behavior\ContentReplaceBehavior [ RunTime:0.000000s ]
INFO: [ template_filter ] --END-- [ RunTime:0.000000s ]
INFO: Run Behavior\ParseTemplateBehavior [ RunTime:0.027001s ]
INFO: [ view_parse ] --END-- [ RunTime:0.027001s ]
INFO: [ view_filter ] --START--
INFO: Run Behavior\WriteHtmlCacheBehavior [ RunTime:0.000000s ]
INFO: [ view_filter ] --END-- [ RunTime:0.000000s ]
INFO: [ app_end ] --START--
INFO: Run Behavior\ShowPageTraceBehavior [ RunTime:0.000000s ]
INFO: [ app_end ] --END-- [ RunTime:0.001000s ]

[ 2016-09-06T21:28:52+08:00 ] ::1 /evaluationSystem/Admin/Rbacuser/edit/id/17?_=1473168532069
INFO: [ app_begin ] --START--
INFO: Run Behavior\ReadHtmlCacheBehavior [ RunTime:0.001000s ]
INFO: [ app_begin ] --END-- [ RunTime:0.001000s ]
SQL: SHOW COLUMNS FROM `es_user` [ RunTime:0.0030s ]
SQL: SELECT `id`,`username`,`phone`,`position`,`showname`,`directleader`,`deptid`,`enrolldate`,`islock`,`logintime`,`loginip`,`inserttime`,`lastmodifytime` FROM `es_user` WHERE `id` = 17 LIMIT 1   [ RunTime:0.0000s ]
SQL: SHOW COLUMNS FROM `es_role` [ RunTime:0.0030s ]
NOTIC: [8] Undefined index: mapping_order D:\xampp\htdocs\evaluationSystem\ThinkPHP\Library\Think\Model\RelationModel.class.php 第 186 行.
NOTIC: [8] Undefined index: mapping_limit D:\xampp\htdocs\evaluationSystem\ThinkPHP\Library\Think\Model\RelationModel.class.php 第 187 行.
NOTIC: [8] Undefined index: relation_foreign_key D:\xampp\htdocs\evaluationSystem\ThinkPHP\Library\Think\Model\RelationModel.class.php 第 188 行.
SQL: SELECT b.id,name,remark FROM es_role_user AS a, es_role AS b WHERE a.role_id = b.id AND a. user_id='17' [ RunTime:0.0010s ]
SQL: SHOW COLUMNS FROM `es_dept` [ RunTime:0.0030s ]
SQL: SELECT * FROM `es_dept`  [ RunTime:0.0000s ]
SQL: SHOW COLUMNS FROM `es_user` [ RunTime:0.0020s ]
SQL: SELECT * FROM `es_user`  [ RunTime:0.0000s ]
SQL: SHOW COLUMNS FROM `es_role` [ RunTime:0.0030s ]
SQL: SELECT * FROM `es_role`  [ RunTime:0.0010s ]
INFO: [ view_parse ] --START--
INFO: [ template_filter ] --START--
INFO: Run Behavior\ContentReplaceBehavior [ RunTime:0.000000s ]
INFO: [ template_filter ] --END-- [ RunTime:0.000000s ]
INFO: Run Behavior\ParseTemplateBehavior [ RunTime:0.009001s ]
INFO: [ view_parse ] --END-- [ RunTime:0.009001s ]
INFO: [ view_filter ] --START--
INFO: Run Behavior\WriteHtmlCacheBehavior [ RunTime:0.001000s ]
INFO: [ view_filter ] --END-- [ RunTime:0.001000s ]
INFO: [ app_end ] --START--
INFO: Run Behavior\ShowPageTraceBehavior [ RunTime:0.000000s ]
INFO: [ app_end ] --END-- [ RunTime:0.000000s ]

[ 2016-09-06T21:29:04+08:00 ] ::1 /evaluationSystem/Admin/Rbacrole/index.html?_=1473168544622
INFO: [ app_begin ] --START--
INFO: Run Behavior\ReadHtmlCacheBehavior [ RunTime:0.001000s ]
INFO: [ app_begin ] --END-- [ RunTime:0.001000s ]
SQL: SHOW COLUMNS FROM `es_role` [ RunTime:0.0030s ]
SQL: SELECT COUNT(*) AS tp_count FROM `es_role` LIMIT 1   [ RunTime:0.0000s ]
SQL: SELECT * FROM `es_role` ORDER BY id desc LIMIT 0,10   [ RunTime:0.0010s ]
NOTIC: [8] Undefined variable: search D:\xampp\htdocs\evaluationSystem\Application\Admin\Controller\RbacroleController.class.php 第 270 行.
NOTIC: [8] Undefined index: values D:\xampp\htdocs\evaluationSystem\Application\Admin\Controller\RbacroleController.class.php 第 271 行.
INFO: [ view_parse ] --START--
INFO: [ template_filter ] --START--
INFO: Run Behavior\ContentReplaceBehavior [ RunTime:0.000000s ]
INFO: [ template_filter ] --END-- [ RunTime:0.000000s ]
NOTIC: [8] Undefined index: _order D:\xampp\htdocs\evaluationSystem\Application\Runtime\Cache\Admin\9fcfc2dc1fe33575c952d146d6824da5.php 第 4 行.
NOTIC: [8] Undefined index: _sort D:\xampp\htdocs\evaluationSystem\Application\Runtime\Cache\Admin\9fcfc2dc1fe33575c952d146d6824da5.php 第 5 行.
INFO: Run Behavior\ParseTemplateBehavior [ RunTime:0.007000s ]
INFO: [ view_parse ] --END-- [ RunTime:0.007000s ]
INFO: [ view_filter ] --START--
INFO: Run Behavior\WriteHtmlCacheBehavior [ RunTime:0.000000s ]
INFO: [ view_filter ] --END-- [ RunTime:0.000000s ]
INFO: [ app_end ] --START--
INFO: Run Behavior\ShowPageTraceBehavior [ RunTime:0.001000s ]
INFO: [ app_end ] --END-- [ RunTime:0.001000s ]

[ 2016-09-06T21:29:07+08:00 ] ::1 /evaluationSystem/Admin/Rbacrole/edit/id/9?_=1473168547542
INFO: [ app_begin ] --START--
INFO: Run Behavior\ReadHtmlCacheBehavior [ RunTime:0.001000s ]
INFO: [ app_begin ] --END-- [ RunTime:0.001000s ]
SQL: SHOW COLUMNS FROM `es_role` [ RunTime:0.0030s ]
SQL: SELECT * FROM `es_role` WHERE `id` = 9 LIMIT 1   [ RunTime:0.0000s ]
INFO: [ view_parse ] --START--
INFO: [ template_filter ] --START--
INFO: Run Behavior\ContentReplaceBehavior [ RunTime:0.000000s ]
INFO: [ template_filter ] --END-- [ RunTime:0.000000s ]
INFO: Run Behavior\ParseTemplateBehavior [ RunTime:0.048003s ]
INFO: [ view_parse ] --END-- [ RunTime:0.048003s ]
INFO: [ view_filter ] --START--
INFO: Run Behavior\WriteHtmlCacheBehavior [ RunTime:0.000000s ]
INFO: [ view_filter ] --END-- [ RunTime:0.000000s ]
INFO: [ app_end ] --START--
INFO: Run Behavior\ShowPageTraceBehavior [ RunTime:0.001000s ]
INFO: [ app_end ] --END-- [ RunTime:0.001000s ]

[ 2016-09-06T21:29:18+08:00 ] ::1 /evaluationSystem/Admin/Rbacaccess/edit/role_id/9.html?_=1473168558010
INFO: [ app_begin ] --START--
INFO: Run Behavior\ReadHtmlCacheBehavior [ RunTime:0.001000s ]
INFO: [ app_begin ] --END-- [ RunTime:0.002000s ]
SQL: SHOW COLUMNS FROM `es_node` [ RunTime:0.1310s ]
SQL: SELECT `id`,`name`,`title`,`pid` FROM `es_node` ORDER BY sort  [ RunTime:0.0740s ]
SQL: SHOW COLUMNS FROM `es_access` [ RunTime:0.1100s ]
SQL: SELECT `node_id` FROM `es_access` WHERE `role_id` = 9  [ RunTime:0.0010s ]
INFO: [ view_parse ] --START--
INFO: [ template_filter ] --START--
INFO: Run Behavior\ContentReplaceBehavior [ RunTime:0.000000s ]
INFO: [ template_filter ] --END-- [ RunTime:0.000000s ]
INFO: Run Behavior\ParseTemplateBehavior [ RunTime:0.067004s ]
INFO: [ view_parse ] --END-- [ RunTime:0.067004s ]
INFO: [ view_filter ] --START--
INFO: Run Behavior\WriteHtmlCacheBehavior [ RunTime:0.001000s ]
INFO: [ view_filter ] --END-- [ RunTime:0.001000s ]
INFO: [ app_end ] --START--
INFO: Run Behavior\ShowPageTraceBehavior [ RunTime:0.000000s ]
INFO: [ app_end ] --END-- [ RunTime:0.000000s ]

[ 2016-09-06T21:29:29+08:00 ] ::1 /evaluationSystem/Admin/Rbacnode/index.html?_=1473168568878
INFO: [ app_begin ] --START--
INFO: Run Behavior\ReadHtmlCacheBehavior [ RunTime:0.001000s ]
INFO: [ app_begin ] --END-- [ RunTime:0.001000s ]
SQL: SHOW COLUMNS FROM `es_node` [ RunTime:0.0420s ]
SQL: SELECT COUNT(*) AS tp_count FROM `es_node` LIMIT 1   [ RunTime:0.0000s ]
SQL: SELECT * FROM `es_node` ORDER BY id desc LIMIT 0,10   [ RunTime:0.0010s ]
SQL: SHOW COLUMNS FROM `es_node` [ RunTime:0.0030s ]
SQL: SELECT * FROM `es_node` ORDER BY sort  [ RunTime:0.0010s ]
NOTIC: [8] Undefined variable: search D:\xampp\htdocs\evaluationSystem\Application\Admin\Controller\RbacnodeController.class.php 第 307 行.
NOTIC: [8] Undefined index: values D:\xampp\htdocs\evaluationSystem\Application\Admin\Controller\RbacnodeController.class.php 第 308 行.
INFO: [ view_parse ] --START--
INFO: [ template_filter ] --START--
INFO: Run Behavior\ContentReplaceBehavior [ RunTime:0.000000s ]
INFO: [ template_filter ] --END-- [ RunTime:0.000000s ]
NOTIC: [8] Undefined index: _order D:\xampp\htdocs\evaluationSystem\Application\Runtime\Cache\Admin\b1d0ea9fd04a9b1a6ee5cc7e9bdc1e1b.php 第 4 行.
NOTIC: [8] Undefined index: _sort D:\xampp\htdocs\evaluationSystem\Application\Runtime\Cache\Admin\b1d0ea9fd04a9b1a6ee5cc7e9bdc1e1b.php 第 5 行.
NOTIC: [8] Use of undefined constant name - assumed 'name' D:\xampp\htdocs\evaluationSystem\Application\Runtime\Cache\Admin\b1d0ea9fd04a9b1a6ee5cc7e9bdc1e1b.php 第 41 行.
NOTIC: [8] Array to string conversion D:\xampp\htdocs\evaluationSystem\Application\Runtime\Cache\Admin\b1d0ea9fd04a9b1a6ee5cc7e9bdc1e1b.php 第 41 行.
NOTIC: [8] Use of undefined constant name - assumed 'name' D:\xampp\htdocs\evaluationSystem\Application\Runtime\Cache\Admin\b1d0ea9fd04a9b1a6ee5cc7e9bdc1e1b.php 第 41 行.
NOTIC: [8] Array to string conversion D:\xampp\htdocs\evaluationSystem\Application\Runtime\Cache\Admin\b1d0ea9fd04a9b1a6ee5cc7e9bdc1e1b.php 第 41 行.
NOTIC: [8] Use of undefined constant name - assumed 'name' D:\xampp\htdocs\evaluationSystem\Application\Runtime\Cache\Admin\b1d0ea9fd04a9b1a6ee5cc7e9bdc1e1b.php 第 41 行.
NOTIC: [8] Array to string conversion D:\xampp\htdocs\evaluationSystem\Application\Runtime\Cache\Admin\b1d0ea9fd04a9b1a6ee5cc7e9bdc1e1b.php 第 41 行.
NOTIC: [8] Use of undefined constant name - assumed 'name' D:\xampp\htdocs\evaluationSystem\Application\Runtime\Cache\Admin\b1d0ea9fd04a9b1a6ee5cc7e9bdc1e1b.php 第 41 行.
NOTIC: [8] Array to string conversion D:\xampp\htdocs\evaluationSystem\Application\Runtime\Cache\Admin\b1d0ea9fd04a9b1a6ee5cc7e9bdc1e1b.php 第 41 行.
NOTIC: [8] Use of undefined constant name - assumed 'name' D:\xampp\htdocs\evaluationSystem\Application\Runtime\Cache\Admin\b1d0ea9fd04a9b1a6ee5cc7e9bdc1e1b.php 第 41 行.
NOTIC: [8] Array to string conversion D:\xampp\htdocs\evaluationSystem\Application\Runtime\Cache\Admin\b1d0ea9fd04a9b1a6ee5cc7e9bdc1e1b.php 第 41 行.
NOTIC: [8] Use of undefined constant name - assumed 'name' D:\xampp\htdocs\evaluationSystem\Application\Runtime\Cache\Admin\b1d0ea9fd04a9b1a6ee5cc7e9bdc1e1b.php 第 41 行.
NOTIC: [8] Array to string conversion D:\xampp\htdocs\evaluationSystem\Application\Runtime\Cache\Admin\b1d0ea9fd04a9b1a6ee5cc7e9bdc1e1b.php 第 41 行.
NOTIC: [8] Use of undefined constant name - assumed 'name' D:\xampp\htdocs\evaluationSystem\Application\Runtime\Cache\Admin\b1d0ea9fd04a9b1a6ee5cc7e9bdc1e1b.php 第 41 行.
NOTIC: [8] Array to string conversion D:\xampp\htdocs\evaluationSystem\Application\Runtime\Cache\Admin\b1d0ea9fd04a9b1a6ee5cc7e9bdc1e1b.php 第 41 行.
INFO: Run Behavior\ParseTemplateBehavior [ RunTime:0.228013s ]
INFO: [ view_parse ] --END-- [ RunTime:0.228013s ]
INFO: [ view_filter ] --START--
INFO: Run Behavior\WriteHtmlCacheBehavior [ RunTime:0.001000s ]
INFO: [ view_filter ] --END-- [ RunTime:0.001000s ]
INFO: [ app_end ] --START--
INFO: Run Behavior\ShowPageTraceBehavior [ RunTime:0.002000s ]
INFO: [ app_end ] --END-- [ RunTime:0.002000s ]

[ 2016-09-06T21:29:30+08:00 ] ::1 /evaluationSystem/Admin/Rbacnode/index.html?_=1473168570197
INFO: [ app_begin ] --START--
INFO: Run Behavior\ReadHtmlCacheBehavior [ RunTime:0.001000s ]
INFO: [ app_begin ] --END-- [ RunTime:0.001000s ]
SQL: SHOW COLUMNS FROM `es_node` [ RunTime:0.0020s ]
SQL: SELECT COUNT(*) AS tp_count FROM `es_node` LIMIT 1   [ RunTime:0.0000s ]
SQL: SELECT * FROM `es_node` ORDER BY id desc LIMIT 0,10   [ RunTime:0.0000s ]
SQL: SHOW COLUMNS FROM `es_node` [ RunTime:0.0020s ]
SQL: SELECT * FROM `es_node` ORDER BY sort  [ RunTime:0.0010s ]
NOTIC: [8] Undefined variable: search D:\xampp\htdocs\evaluationSystem\Application\Admin\Controller\RbacnodeController.class.php 第 307 行.
NOTIC: [8] Undefined index: values D:\xampp\htdocs\evaluationSystem\Application\Admin\Controller\RbacnodeController.class.php 第 308 行.
INFO: [ view_parse ] --START--
INFO: [ template_filter ] --START--
INFO: Run Behavior\ContentReplaceBehavior [ RunTime:0.000000s ]
INFO: [ template_filter ] --END-- [ RunTime:0.000000s ]
NOTIC: [8] Undefined index: _order D:\xampp\htdocs\evaluationSystem\Application\Runtime\Cache\Admin\b1d0ea9fd04a9b1a6ee5cc7e9bdc1e1b.php 第 4 行.
NOTIC: [8] Undefined index: _sort D:\xampp\htdocs\evaluationSystem\Application\Runtime\Cache\Admin\b1d0ea9fd04a9b1a6ee5cc7e9bdc1e1b.php 第 5 行.
NOTIC: [8] Use of undefined constant name - assumed 'name' D:\xampp\htdocs\evaluationSystem\Application\Runtime\Cache\Admin\b1d0ea9fd04a9b1a6ee5cc7e9bdc1e1b.php 第 41 行.
NOTIC: [8] Array to string conversion D:\xampp\htdocs\evaluationSystem\Application\Runtime\Cache\Admin\b1d0ea9fd04a9b1a6ee5cc7e9bdc1e1b.php 第 41 行.
NOTIC: [8] Use of undefined constant name - assumed 'name' D:\xampp\htdocs\evaluationSystem\Application\Runtime\Cache\Admin\b1d0ea9fd04a9b1a6ee5cc7e9bdc1e1b.php 第 41 行.
NOTIC: [8] Array to string conversion D:\xampp\htdocs\evaluationSystem\Application\Runtime\Cache\Admin\b1d0ea9fd04a9b1a6ee5cc7e9bdc1e1b.php 第 41 行.
NOTIC: [8] Use of undefined constant name - assumed 'name' D:\xampp\htdocs\evaluationSystem\Application\Runtime\Cache\Admin\b1d0ea9fd04a9b1a6ee5cc7e9bdc1e1b.php 第 41 行.
NOTIC: [8] Array to string conversion D:\xampp\htdocs\evaluationSystem\Application\Runtime\Cache\Admin\b1d0ea9fd04a9b1a6ee5cc7e9bdc1e1b.php 第 41 行.
NOTIC: [8] Use of undefined constant name - assumed 'name' D:\xampp\htdocs\evaluationSystem\Application\Runtime\Cache\Admin\b1d0ea9fd04a9b1a6ee5cc7e9bdc1e1b.php 第 41 行.
NOTIC: [8] Array to string conversion D:\xampp\htdocs\evaluationSystem\Application\Runtime\Cache\Admin\b1d0ea9fd04a9b1a6ee5cc7e9bdc1e1b.php 第 41 行.
NOTIC: [8] Use of undefined constant name - assumed 'name' D:\xampp\htdocs\evaluationSystem\Application\Runtime\Cache\Admin\b1d0ea9fd04a9b1a6ee5cc7e9bdc1e1b.php 第 41 行.
NOTIC: [8] Array to string conversion D:\xampp\htdocs\evaluationSystem\Application\Runtime\Cache\Admin\b1d0ea9fd04a9b1a6ee5cc7e9bdc1e1b.php 第 41 行.
NOTIC: [8] Use of undefined constant name - assumed 'name' D:\xampp\htdocs\evaluationSystem\Application\Runtime\Cache\Admin\b1d0ea9fd04a9b1a6ee5cc7e9bdc1e1b.php 第 41 行.
NOTIC: [8] Array to string conversion D:\xampp\htdocs\evaluationSystem\Application\Runtime\Cache\Admin\b1d0ea9fd04a9b1a6ee5cc7e9bdc1e1b.php 第 41 行.
NOTIC: [8] Use of undefined constant name - assumed 'name' D:\xampp\htdocs\evaluationSystem\Application\Runtime\Cache\Admin\b1d0ea9fd04a9b1a6ee5cc7e9bdc1e1b.php 第 41 行.
NOTIC: [8] Array to string conversion D:\xampp\htdocs\evaluationSystem\Application\Runtime\Cache\Admin\b1d0ea9fd04a9b1a6ee5cc7e9bdc1e1b.php 第 41 行.
INFO: Run Behavior\ParseTemplateBehavior [ RunTime:0.009001s ]
INFO: [ view_parse ] --END-- [ RunTime:0.009001s ]
INFO: [ view_filter ] --START--
INFO: Run Behavior\WriteHtmlCacheBehavior [ RunTime:0.000000s ]
INFO: [ view_filter ] --END-- [ RunTime:0.000000s ]
INFO: [ app_end ] --START--
INFO: Run Behavior\ShowPageTraceBehavior [ RunTime:0.001000s ]
INFO: [ app_end ] --END-- [ RunTime:0.001000s ]

[ 2016-09-06T21:29:31+08:00 ] ::1 /evaluationSystem/Admin/Dept/index.html?_=1473168570892
INFO: [ app_begin ] --START--
INFO: Run Behavior\ReadHtmlCacheBehavior [ RunTime:0.001000s ]
INFO: [ app_begin ] --END-- [ RunTime:0.001000s ]
SQL: SHOW COLUMNS FROM `es_dept` [ RunTime:0.0020s ]
SQL: SELECT * FROM `es_dept`  [ RunTime:0.0010s ]
INFO: [ view_parse ] --START--
INFO: [ template_filter ] --START--
INFO: Run Behavior\ContentReplaceBehavior [ RunTime:0.001000s ]
INFO: [ template_filter ] --END-- [ RunTime:0.001000s ]
NOTIC: [8] Undefined variable: numPerPage D:\xampp\htdocs\evaluationSystem\Application\Runtime\Cache\Admin\e642956031455d23e5a08385f85ae9c5.php 第 3 行.
NOTIC: [8] Undefined index: _order D:\xampp\htdocs\evaluationSystem\Application\Runtime\Cache\Admin\e642956031455d23e5a08385f85ae9c5.php 第 4 行.
NOTIC: [8] Undefined index: _sort D:\xampp\htdocs\evaluationSystem\Application\Runtime\Cache\Admin\e642956031455d23e5a08385f85ae9c5.php 第 5 行.
NOTIC: [8] Undefined variable: numPerPage D:\xampp\htdocs\evaluationSystem\Application\Runtime\Cache\Admin\e642956031455d23e5a08385f85ae9c5.php 第 42 行.
NOTIC: [8] Undefined variable: numPerPage D:\xampp\htdocs\evaluationSystem\Application\Runtime\Cache\Admin\e642956031455d23e5a08385f85ae9c5.php 第 43 行.
NOTIC: [8] Undefined variable: numPerPage D:\xampp\htdocs\evaluationSystem\Application\Runtime\Cache\Admin\e642956031455d23e5a08385f85ae9c5.php 第 44 行.
NOTIC: [8] Undefined variable: numPerPage D:\xampp\htdocs\evaluationSystem\Application\Runtime\Cache\Admin\e642956031455d23e5a08385f85ae9c5.php 第 45 行.
NOTIC: [8] Undefined variable: numPerPage D:\xampp\htdocs\evaluationSystem\Application\Runtime\Cache\Admin\e642956031455d23e5a08385f85ae9c5.php 第 46 行.
NOTIC: [8] Undefined variable: totalCount D:\xampp\htdocs\evaluationSystem\Application\Runtime\Cache\Admin\e642956031455d23e5a08385f85ae9c5.php 第 48 行.
NOTIC: [8] Undefined variable: totalCount D:\xampp\htdocs\evaluationSystem\Application\Runtime\Cache\Admin\e642956031455d23e5a08385f85ae9c5.php 第 50 行.
NOTIC: [8] Undefined variable: numPerPage D:\xampp\htdocs\evaluationSystem\Application\Runtime\Cache\Admin\e642956031455d23e5a08385f85ae9c5.php 第 50 行.
NOTIC: [8] Undefined variable: currentPage D:\xampp\htdocs\evaluationSystem\Application\Runtime\Cache\Admin\e642956031455d23e5a08385f85ae9c5.php 第 50 行.
INFO: Run Behavior\ParseTemplateBehavior [ RunTime:0.050002s ]
INFO: [ view_parse ] --END-- [ RunTime:0.050002s ]
INFO: [ view_filter ] --START--
INFO: Run Behavior\WriteHtmlCacheBehavior [ RunTime:0.000000s ]
INFO: [ view_filter ] --END-- [ RunTime:0.001000s ]
INFO: [ app_end ] --START--
INFO: Run Behavior\ShowPageTraceBehavior [ RunTime:0.000000s ]
INFO: [ app_end ] --END-- [ RunTime:0.000000s ]

[ 2016-09-06T21:29:35+08:00 ] ::1 /evaluationSystem/Admin/Rbacuser/index.html?_=1473168575130
INFO: [ app_begin ] --START--
INFO: Run Behavior\ReadHtmlCacheBehavior [ RunTime:0.000000s ]
INFO: [ app_begin ] --END-- [ RunTime:0.001000s ]
SQL: SHOW COLUMNS FROM `es_user` [ RunTime:0.0020s ]
SQL: SELECT `id`,`username`,`phone`,`position`,`showname`,`directleader`,`deptid`,`enrolldate`,`islock`,`logintime`,`loginip`,`inserttime`,`lastmodifytime` FROM `es_user`  [ RunTime:0.0010s ]
SQL: SHOW COLUMNS FROM `es_role` [ RunTime:0.0020s ]
NOTIC: [8] Undefined index: mapping_order D:\xampp\htdocs\evaluationSystem\ThinkPHP\Library\Think\Model\RelationModel.class.php 第 186 行.
NOTIC: [8] Undefined index: mapping_limit D:\xampp\htdocs\evaluationSystem\ThinkPHP\Library\Think\Model\RelationModel.class.php 第 187 行.
NOTIC: [8] Undefined index: relation_foreign_key D:\xampp\htdocs\evaluationSystem\ThinkPHP\Library\Think\Model\RelationModel.class.php 第 188 行.
SQL: SELECT b.id,name,remark FROM es_role_user AS a, es_role AS b WHERE a.role_id = b.id AND a. user_id='1' [ RunTime:0.0000s ]
NOTIC: [8] Undefined index: mapping_order D:\xampp\htdocs\evaluationSystem\ThinkPHP\Library\Think\Model\RelationModel.class.php 第 186 行.
NOTIC: [8] Undefined index: mapping_limit D:\xampp\htdocs\evaluationSystem\ThinkPHP\Library\Think\Model\RelationModel.class.php 第 187 行.
NOTIC: [8] Undefined index: relation_foreign_key D:\xampp\htdocs\evaluationSystem\ThinkPHP\Library\Think\Model\RelationModel.class.php 第 188 行.
SQL: SELECT b.id,name,remark FROM es_role_user AS a, es_role AS b WHERE a.role_id = b.id AND a. user_id='17' [ RunTime:0.0000s ]
NOTIC: [8] Undefined index: mapping_order D:\xampp\htdocs\evaluationSystem\ThinkPHP\Library\Think\Model\RelationModel.class.php 第 186 行.
NOTIC: [8] Undefined index: mapping_limit D:\xampp\htdocs\evaluationSystem\ThinkPHP\Library\Think\Model\RelationModel.class.php 第 187 行.
NOTIC: [8] Undefined index: relation_foreign_key D:\xampp\htdocs\evaluationSystem\ThinkPHP\Library\Think\Model\RelationModel.class.php 第 188 行.
SQL: SELECT b.id,name,remark FROM es_role_user AS a, es_role AS b WHERE a.role_id = b.id AND a. user_id='18' [ RunTime:0.0000s ]
NOTIC: [8] Undefined index: mapping_order D:\xampp\htdocs\evaluationSystem\ThinkPHP\Library\Think\Model\RelationModel.class.php 第 186 行.
NOTIC: [8] Undefined index: mapping_limit D:\xampp\htdocs\evaluationSystem\ThinkPHP\Library\Think\Model\RelationModel.class.php 第 187 行.
NOTIC: [8] Undefined index: relation_foreign_key D:\xampp\htdocs\evaluationSystem\ThinkPHP\Library\Think\Model\RelationModel.class.php 第 188 行.
SQL: SELECT b.id,name,remark FROM es_role_user AS a, es_role AS b WHERE a.role_id = b.id AND a. user_id='19' [ RunTime:0.0010s ]
INFO: [ view_parse ] --START--
INFO: [ template_filter ] --START--
INFO: Run Behavior\ContentReplaceBehavior [ RunTime:0.000000s ]
INFO: [ template_filter ] --END-- [ RunTime:0.000000s ]
NOTIC: [8] Undefined variable: numPerPage D:\xampp\htdocs\evaluationSystem\Application\Runtime\Cache\Admin\22e12eaff75c3165acdc65ab8338079c.php 第 3 行.
NOTIC: [8] Undefined index: _order D:\xampp\htdocs\evaluationSystem\Application\Runtime\Cache\Admin\22e12eaff75c3165acdc65ab8338079c.php 第 4 行.
NOTIC: [8] Undefined index: _sort D:\xampp\htdocs\evaluationSystem\Application\Runtime\Cache\Admin\22e12eaff75c3165acdc65ab8338079c.php 第 5 行.
NOTIC: [8] Use of undefined constant admin - assumed 'admin' D:\xampp\htdocs\evaluationSystem\Application\Runtime\Cache\Admin\22e12eaff75c3165acdc65ab8338079c.php 第 68 行.
NOTIC: [8] Use of undefined constant admin - assumed 'admin' D:\xampp\htdocs\evaluationSystem\Application\Runtime\Cache\Admin\22e12eaff75c3165acdc65ab8338079c.php 第 68 行.
NOTIC: [8] Use of undefined constant admin - assumed 'admin' D:\xampp\htdocs\evaluationSystem\Application\Runtime\Cache\Admin\22e12eaff75c3165acdc65ab8338079c.php 第 68 行.
NOTIC: [8] Use of undefined constant admin - assumed 'admin' D:\xampp\htdocs\evaluationSystem\Application\Runtime\Cache\Admin\22e12eaff75c3165acdc65ab8338079c.php 第 68 行.
NOTIC: [8] Undefined variable: numPerPage D:\xampp\htdocs\evaluationSystem\Application\Runtime\Cache\Admin\22e12eaff75c3165acdc65ab8338079c.php 第 79 行.
NOTIC: [8] Undefined variable: numPerPage D:\xampp\htdocs\evaluationSystem\Application\Runtime\Cache\Admin\22e12eaff75c3165acdc65ab8338079c.php 第 80 行.
NOTIC: [8] Undefined variable: numPerPage D:\xampp\htdocs\evaluationSystem\Application\Runtime\Cache\Admin\22e12eaff75c3165acdc65ab8338079c.php 第 81 行.
NOTIC: [8] Undefined variable: numPerPage D:\xampp\htdocs\evaluationSystem\Application\Runtime\Cache\Admin\22e12eaff75c3165acdc65ab8338079c.php 第 82 行.
NOTIC: [8] Undefined variable: numPerPage D:\xampp\htdocs\evaluationSystem\Application\Runtime\Cache\Admin\22e12eaff75c3165acdc65ab8338079c.php 第 83 行.
NOTIC: [8] Undefined variable: totalCount D:\xampp\htdocs\evaluationSystem\Application\Runtime\Cache\Admin\22e12eaff75c3165acdc65ab8338079c.php 第 85 行.
NOTIC: [8] Undefined variable: totalCount D:\xampp\htdocs\evaluationSystem\Application\Runtime\Cache\Admin\22e12eaff75c3165acdc65ab8338079c.php 第 87 行.
NOTIC: [8] Undefined variable: numPerPage D:\xampp\htdocs\evaluationSystem\Application\Runtime\Cache\Admin\22e12eaff75c3165acdc65ab8338079c.php 第 87 行.
NOTIC: [8] Undefined variable: currentPage D:\xampp\htdocs\evaluationSystem\Application\Runtime\Cache\Admin\22e12eaff75c3165acdc65ab8338079c.php 第 87 行.
INFO: Run Behavior\ParseTemplateBehavior [ RunTime:0.009001s ]
INFO: [ view_parse ] --END-- [ RunTime:0.009001s ]
INFO: [ view_filter ] --START--
INFO: Run Behavior\WriteHtmlCacheBehavior [ RunTime:0.001000s ]
INFO: [ view_filter ] --END-- [ RunTime:0.001000s ]
INFO: [ app_end ] --START--
INFO: Run Behavior\ShowPageTraceBehavior [ RunTime:0.000000s ]
INFO: [ app_end ] --END-- [ RunTime:0.000000s ]

[ 2016-09-06T21:29:39+08:00 ] ::1 /evaluationSystem/Admin/Performance/index.html?_=1473168578989
INFO: [ app_begin ] --START--
INFO: Run Behavior\ReadHtmlCacheBehavior [ RunTime:0.000000s ]
INFO: [ app_begin ] --END-- [ RunTime:0.001000s ]
SQL: SHOW COLUMNS FROM `es_pmgroup` [ RunTime:0.0020s ]
SQL: SELECT * FROM `es_pmgroup`  [ RunTime:0.0010s ]
INFO: [ view_parse ] --START--
INFO: [ template_filter ] --START--
INFO: Run Behavior\ContentReplaceBehavior [ RunTime:0.000000s ]
INFO: [ template_filter ] --END-- [ RunTime:0.000000s ]
NOTIC: [8] Undefined variable: numPerPage D:\xampp\htdocs\evaluationSystem\Application\Runtime\Cache\Admin\639657368133e24453e83761f541339d.php 第 3 行.
NOTIC: [8] Undefined index: _order D:\xampp\htdocs\evaluationSystem\Application\Runtime\Cache\Admin\639657368133e24453e83761f541339d.php 第 4 行.
NOTIC: [8] Undefined index: _sort D:\xampp\htdocs\evaluationSystem\Application\Runtime\Cache\Admin\639657368133e24453e83761f541339d.php 第 5 行.
NOTIC: [8] Undefined variable: numPerPage D:\xampp\htdocs\evaluationSystem\Application\Runtime\Cache\Admin\639657368133e24453e83761f541339d.php 第 51 行.
NOTIC: [8] Undefined variable: numPerPage D:\xampp\htdocs\evaluationSystem\Application\Runtime\Cache\Admin\639657368133e24453e83761f541339d.php 第 52 行.
NOTIC: [8] Undefined variable: numPerPage D:\xampp\htdocs\evaluationSystem\Application\Runtime\Cache\Admin\639657368133e24453e83761f541339d.php 第 53 行.
NOTIC: [8] Undefined variable: numPerPage D:\xampp\htdocs\evaluationSystem\Application\Runtime\Cache\Admin\639657368133e24453e83761f541339d.php 第 54 行.
NOTIC: [8] Undefined variable: numPerPage D:\xampp\htdocs\evaluationSystem\Application\Runtime\Cache\Admin\639657368133e24453e83761f541339d.php 第 55 行.
NOTIC: [8] Undefined variable: totalCount D:\xampp\htdocs\evaluationSystem\Application\Runtime\Cache\Admin\639657368133e24453e83761f541339d.php 第 57 行.
NOTIC: [8] Undefined variable: totalCount D:\xampp\htdocs\evaluationSystem\Application\Runtime\Cache\Admin\639657368133e24453e83761f541339d.php 第 59 行.
NOTIC: [8] Undefined variable: numPerPage D:\xampp\htdocs\evaluationSystem\Application\Runtime\Cache\Admin\639657368133e24453e83761f541339d.php 第 59 行.
NOTIC: [8] Undefined variable: currentPage D:\xampp\htdocs\evaluationSystem\Application\Runtime\Cache\Admin\639657368133e24453e83761f541339d.php 第 59 行.
INFO: Run Behavior\ParseTemplateBehavior [ RunTime:0.008001s ]
INFO: [ view_parse ] --END-- [ RunTime:0.008001s ]
INFO: [ view_filter ] --START--
INFO: Run Behavior\WriteHtmlCacheBehavior [ RunTime:0.000000s ]
INFO: [ view_filter ] --END-- [ RunTime:0.000000s ]
INFO: [ app_end ] --START--
INFO: Run Behavior\ShowPageTraceBehavior [ RunTime:0.001000s ]
INFO: [ app_end ] --END-- [ RunTime:0.001000s ]

[ 2016-09-06T21:29:39+08:00 ] ::1 /evaluationSystem/Admin/Performanceform/index.html?_=1473168579660
INFO: [ app_begin ] --START--
INFO: Run Behavior\ReadHtmlCacheBehavior [ RunTime:0.000000s ]
INFO: [ app_begin ] --END-- [ RunTime:0.000000s ]
SQL: SHOW COLUMNS FROM `es_pmform` [ RunTime:0.0020s ]
SQL: SELECT * FROM `es_pmform`  [ RunTime:0.0000s ]
INFO: [ view_parse ] --START--
INFO: [ template_filter ] --START--
INFO: Run Behavior\ContentReplaceBehavior [ RunTime:0.000000s ]
INFO: [ template_filter ] --END-- [ RunTime:0.000000s ]
NOTIC: [8] Undefined variable: numPerPage D:\xampp\htdocs\evaluationSystem\Application\Runtime\Cache\Admin\61f04f72aaacaaa1046868bd1547c504.php 第 3 行.
NOTIC: [8] Undefined index: _order D:\xampp\htdocs\evaluationSystem\Application\Runtime\Cache\Admin\61f04f72aaacaaa1046868bd1547c504.php 第 4 行.
NOTIC: [8] Undefined index: _sort D:\xampp\htdocs\evaluationSystem\Application\Runtime\Cache\Admin\61f04f72aaacaaa1046868bd1547c504.php 第 5 行.
NOTIC: [8] Undefined variable: numPerPage D:\xampp\htdocs\evaluationSystem\Application\Runtime\Cache\Admin\61f04f72aaacaaa1046868bd1547c504.php 第 46 行.
NOTIC: [8] Undefined variable: numPerPage D:\xampp\htdocs\evaluationSystem\Application\Runtime\Cache\Admin\61f04f72aaacaaa1046868bd1547c504.php 第 47 行.
NOTIC: [8] Undefined variable: numPerPage D:\xampp\htdocs\evaluationSystem\Application\Runtime\Cache\Admin\61f04f72aaacaaa1046868bd1547c504.php 第 48 行.
NOTIC: [8] Undefined variable: numPerPage D:\xampp\htdocs\evaluationSystem\Application\Runtime\Cache\Admin\61f04f72aaacaaa1046868bd1547c504.php 第 49 行.
NOTIC: [8] Undefined variable: numPerPage D:\xampp\htdocs\evaluationSystem\Application\Runtime\Cache\Admin\61f04f72aaacaaa1046868bd1547c504.php 第 50 行.
NOTIC: [8] Undefined variable: totalCount D:\xampp\htdocs\evaluationSystem\Application\Runtime\Cache\Admin\61f04f72aaacaaa1046868bd1547c504.php 第 52 行.
NOTIC: [8] Undefined variable: totalCount D:\xampp\htdocs\evaluationSystem\Application\Runtime\Cache\Admin\61f04f72aaacaaa1046868bd1547c504.php 第 54 行.
NOTIC: [8] Undefined variable: numPerPage D:\xampp\htdocs\evaluationSystem\Application\Runtime\Cache\Admin\61f04f72aaacaaa1046868bd1547c504.php 第 54 行.
NOTIC: [8] Undefined variable: currentPage D:\xampp\htdocs\evaluationSystem\Application\Runtime\Cache\Admin\61f04f72aaacaaa1046868bd1547c504.php 第 54 行.
INFO: Run Behavior\ParseTemplateBehavior [ RunTime:0.009001s ]
INFO: [ view_parse ] --END-- [ RunTime:0.009001s ]
INFO: [ view_filter ] --START--
INFO: Run Behavior\WriteHtmlCacheBehavior [ RunTime:0.000000s ]
INFO: [ view_filter ] --END-- [ RunTime:0.000000s ]
INFO: [ app_end ] --START--
INFO: Run Behavior\ShowPageTraceBehavior [ RunTime:0.000000s ]
INFO: [ app_end ] --END-- [ RunTime:0.000000s ]

[ 2016-09-06T21:29:41+08:00 ] ::1 /evaluationSystem/Admin/Performancequestion/index.html?_=1473168580963
INFO: [ app_begin ] --START--
INFO: Run Behavior\ReadHtmlCacheBehavior [ RunTime:0.001000s ]
INFO: [ app_begin ] --END-- [ RunTime:0.002000s ]
SQL: SHOW COLUMNS FROM `es_pmquestion` [ RunTime:0.0380s ]
SQL: SHOW COLUMNS FROM `es_pmquestion` [ RunTime:0.0020s ]
SQL: SELECT * FROM `es_pmquestion`  [ RunTime:0.0000s ]
SQL: SELECT `questiontext` FROM `es_pmquestion` WHERE `id` = 25 LIMIT 1   [ RunTime:0.0000s ]
SQL: SELECT `questiontext` FROM `es_pmquestion` WHERE `id` = 25 LIMIT 1   [ RunTime:0.0000s ]
SQL: SELECT `questiontext` FROM `es_pmquestion` WHERE `id` = 25 LIMIT 1   [ RunTime:0.0000s ]
SQL: SELECT `questiontext` FROM `es_pmquestion` WHERE `id` = 24 LIMIT 1   [ RunTime:0.0010s ]
SQL: SELECT `questiontext` FROM `es_pmquestion` WHERE `id` = 24 LIMIT 1   [ RunTime:0.0000s ]
SQL: SELECT `questiontext` FROM `es_pmquestion` WHERE `id` = 24 LIMIT 1   [ RunTime:0.0000s ]
SQL: SELECT `questiontext` FROM `es_pmquestion` WHERE `id` = 26 LIMIT 1   [ RunTime:0.0000s ]
SQL: SELECT `questiontext` FROM `es_pmquestion` WHERE `id` = 26 LIMIT 1   [ RunTime:0.0010s ]
SQL: SELECT `questiontext` FROM `es_pmquestion` WHERE `id` = 26 LIMIT 1   [ RunTime:0.0000s ]
INFO: [ view_parse ] --START--
INFO: [ template_filter ] --START--
INFO: Run Behavior\ContentReplaceBehavior [ RunTime:0.000000s ]
INFO: [ template_filter ] --END-- [ RunTime:0.000000s ]
NOTIC: [8] Undefined variable: numPerPage D:\xampp\htdocs\evaluationSystem\Application\Runtime\Cache\Admin\d6f2814b63b09901f923f40417abb1ea.php 第 3 行.
NOTIC: [8] Undefined index: _order D:\xampp\htdocs\evaluationSystem\Application\Runtime\Cache\Admin\d6f2814b63b09901f923f40417abb1ea.php 第 4 行.
NOTIC: [8] Undefined index: _sort D:\xampp\htdocs\evaluationSystem\Application\Runtime\Cache\Admin\d6f2814b63b09901f923f40417abb1ea.php 第 5 行.
NOTIC: [8] Use of undefined constant number - assumed 'number' D:\xampp\htdocs\evaluationSystem\Application\Runtime\Cache\Admin\d6f2814b63b09901f923f40417abb1ea.php 第 43 行.
NOTIC: [8] Use of undefined constant number - assumed 'number' D:\xampp\htdocs\evaluationSystem\Application\Runtime\Cache\Admin\d6f2814b63b09901f923f40417abb1ea.php 第 43 行.
NOTIC: [8] Use of undefined constant number - assumed 'number' D:\xampp\htdocs\evaluationSystem\Application\Runtime\Cache\Admin\d6f2814b63b09901f923f40417abb1ea.php 第 43 行.
NOTIC: [8] Use of undefined constant number - assumed 'number' D:\xampp\htdocs\evaluationSystem\Application\Runtime\Cache\Admin\d6f2814b63b09901f923f40417abb1ea.php 第 43 行.
NOTIC: [8] Use of undefined constant number - assumed 'number' D:\xampp\htdocs\evaluationSystem\Application\Runtime\Cache\Admin\d6f2814b63b09901f923f40417abb1ea.php 第 43 行.
NOTIC: [8] Use of undefined constant number - assumed 'number' D:\xampp\htdocs\evaluationSystem\Application\Runtime\Cache\Admin\d6f2814b63b09901f923f40417abb1ea.php 第 43 行.
NOTIC: [8] Use of undefined constant number - assumed 'number' D:\xampp\htdocs\evaluationSystem\Application\Runtime\Cache\Admin\d6f2814b63b09901f923f40417abb1ea.php 第 43 行.
NOTIC: [8] Use of undefined constant number - assumed 'number' D:\xampp\htdocs\evaluationSystem\Application\Runtime\Cache\Admin\d6f2814b63b09901f923f40417abb1ea.php 第 43 行.
NOTIC: [8] Use of undefined constant number - assumed 'number' D:\xampp\htdocs\evaluationSystem\Application\Runtime\Cache\Admin\d6f2814b63b09901f923f40417abb1ea.php 第 43 行.
NOTIC: [8] Use of undefined constant number - assumed 'number' D:\xampp\htdocs\evaluationSystem\Application\Runtime\Cache\Admin\d6f2814b63b09901f923f40417abb1ea.php 第 43 行.
NOTIC: [8] Use of undefined constant number - assumed 'number' D:\xampp\htdocs\evaluationSystem\Application\Runtime\Cache\Admin\d6f2814b63b09901f923f40417abb1ea.php 第 43 行.
NOTIC: [8] Use of undefined constant number - assumed 'number' D:\xampp\htdocs\evaluationSystem\Application\Runtime\Cache\Admin\d6f2814b63b09901f923f40417abb1ea.php 第 43 行.
NOTIC: [8] Undefined variable: numPerPage D:\xampp\htdocs\evaluationSystem\Application\Runtime\Cache\Admin\d6f2814b63b09901f923f40417abb1ea.php 第 54 行.
NOTIC: [8] Undefined variable: numPerPage D:\xampp\htdocs\evaluationSystem\Application\Runtime\Cache\Admin\d6f2814b63b09901f923f40417abb1ea.php 第 55 行.
NOTIC: [8] Undefined variable: numPerPage D:\xampp\htdocs\evaluationSystem\Application\Runtime\Cache\Admin\d6f2814b63b09901f923f40417abb1ea.php 第 56 行.
NOTIC: [8] Undefined variable: numPerPage D:\xampp\htdocs\evaluationSystem\Application\Runtime\Cache\Admin\d6f2814b63b09901f923f40417abb1ea.php 第 57 行.
NOTIC: [8] Undefined variable: numPerPage D:\xampp\htdocs\evaluationSystem\Application\Runtime\Cache\Admin\d6f2814b63b09901f923f40417abb1ea.php 第 58 行.
NOTIC: [8] Undefined variable: totalCount D:\xampp\htdocs\evaluationSystem\Application\Runtime\Cache\Admin\d6f2814b63b09901f923f40417abb1ea.php 第 60 行.
NOTIC: [8] Undefined variable: totalCount D:\xampp\htdocs\evaluationSystem\Application\Runtime\Cache\Admin\d6f2814b63b09901f923f40417abb1ea.php 第 62 行.
NOTIC: [8] Undefined variable: numPerPage D:\xampp\htdocs\evaluationSystem\Application\Runtime\Cache\Admin\d6f2814b63b09901f923f40417abb1ea.php 第 62 行.
NOTIC: [8] Undefined variable: currentPage D:\xampp\htdocs\evaluationSystem\Application\Runtime\Cache\Admin\d6f2814b63b09901f923f40417abb1ea.php 第 62 行.
INFO: Run Behavior\ParseTemplateBehavior [ RunTime:0.008000s ]
INFO: [ view_parse ] --END-- [ RunTime:0.008000s ]
INFO: [ view_filter ] --START--
INFO: Run Behavior\WriteHtmlCacheBehavior [ RunTime:0.000000s ]
INFO: [ view_filter ] --END-- [ RunTime:0.000000s ]
INFO: [ app_end ] --START--
INFO: Run Behavior\ShowPageTraceBehavior [ RunTime:0.000000s ]
INFO: [ app_end ] --END-- [ RunTime:0.000000s ]

[ 2016-09-06T21:29:42+08:00 ] ::1 /evaluationSystem/Admin/Performance/index.html?_=1473168582311
INFO: [ app_begin ] --START--
INFO: Run Behavior\ReadHtmlCacheBehavior [ RunTime:0.003001s ]
INFO: [ app_begin ] --END-- [ RunTime:0.003001s ]
SQL: SHOW COLUMNS FROM `es_pmgroup` [ RunTime:0.0020s ]
SQL: SELECT * FROM `es_pmgroup`  [ RunTime:0.0010s ]
INFO: [ view_parse ] --START--
INFO: [ template_filter ] --START--
INFO: Run Behavior\ContentReplaceBehavior [ RunTime:0.000000s ]
INFO: [ template_filter ] --END-- [ RunTime:0.000000s ]
NOTIC: [8] Undefined variable: numPerPage D:\xampp\htdocs\evaluationSystem\Application\Runtime\Cache\Admin\639657368133e24453e83761f541339d.php 第 3 行.
NOTIC: [8] Undefined index: _order D:\xampp\htdocs\evaluationSystem\Application\Runtime\Cache\Admin\639657368133e24453e83761f541339d.php 第 4 行.
NOTIC: [8] Undefined index: _sort D:\xampp\htdocs\evaluationSystem\Application\Runtime\Cache\Admin\639657368133e24453e83761f541339d.php 第 5 行.
NOTIC: [8] Undefined variable: numPerPage D:\xampp\htdocs\evaluationSystem\Application\Runtime\Cache\Admin\639657368133e24453e83761f541339d.php 第 51 行.
NOTIC: [8] Undefined variable: numPerPage D:\xampp\htdocs\evaluationSystem\Application\Runtime\Cache\Admin\639657368133e24453e83761f541339d.php 第 52 行.
NOTIC: [8] Undefined variable: numPerPage D:\xampp\htdocs\evaluationSystem\Application\Runtime\Cache\Admin\639657368133e24453e83761f541339d.php 第 53 行.
NOTIC: [8] Undefined variable: numPerPage D:\xampp\htdocs\evaluationSystem\Application\Runtime\Cache\Admin\639657368133e24453e83761f541339d.php 第 54 行.
NOTIC: [8] Undefined variable: numPerPage D:\xampp\htdocs\evaluationSystem\Application\Runtime\Cache\Admin\639657368133e24453e83761f541339d.php 第 55 行.
NOTIC: [8] Undefined variable: totalCount D:\xampp\htdocs\evaluationSystem\Application\Runtime\Cache\Admin\639657368133e24453e83761f541339d.php 第 57 行.
NOTIC: [8] Undefined variable: totalCount D:\xampp\htdocs\evaluationSystem\Application\Runtime\Cache\Admin\639657368133e24453e83761f541339d.php 第 59 行.
NOTIC: [8] Undefined variable: numPerPage D:\xampp\htdocs\evaluationSystem\Application\Runtime\Cache\Admin\639657368133e24453e83761f541339d.php 第 59 行.
NOTIC: [8] Undefined variable: currentPage D:\xampp\htdocs\evaluationSystem\Application\Runtime\Cache\Admin\639657368133e24453e83761f541339d.php 第 59 行.
INFO: Run Behavior\ParseTemplateBehavior [ RunTime:0.007000s ]
INFO: [ view_parse ] --END-- [ RunTime:0.007000s ]
INFO: [ view_filter ] --START--
INFO: Run Behavior\WriteHtmlCacheBehavior [ RunTime:0.001000s ]
INFO: [ view_filter ] --END-- [ RunTime:0.001000s ]
INFO: [ app_end ] --START--
INFO: Run Behavior\ShowPageTraceBehavior [ RunTime:0.001000s ]
INFO: [ app_end ] --END-- [ RunTime:0.001000s ]

[ 2016-09-06T21:39:16+08:00 ] ::1 /evaluationSystem/Admin/Index/index.html
INFO: [ app_begin ] --START--
INFO: Run Behavior\ReadHtmlCacheBehavior [ RunTime:0.001000s ]
INFO: [ app_begin ] --END-- [ RunTime:0.001000s ]
SQL: SHOW COLUMNS FROM `es_user` [ RunTime:0.0030s ]
SQL: SELECT * FROM `es_user` WHERE `username` = 'admin' LIMIT 1   [ RunTime:0.0000s ]
INFO: [ view_parse ] --START--
INFO: [ template_filter ] --START--
INFO: Run Behavior\ContentReplaceBehavior [ RunTime:0.000000s ]
INFO: [ template_filter ] --END-- [ RunTime:0.000000s ]
INFO: Run Behavior\ParseTemplateBehavior [ RunTime:0.015000s ]
INFO: [ view_parse ] --END-- [ RunTime:0.015000s ]
INFO: [ view_filter ] --START--
INFO: Run Behavior\WriteHtmlCacheBehavior [ RunTime:0.000000s ]
INFO: [ view_filter ] --END-- [ RunTime:0.000000s ]
INFO: [ app_end ] --START--
INFO: Run Behavior\ShowPageTraceBehavior [ RunTime:0.000000s ]
INFO: [ app_end ] --END-- [ RunTime:0.000000s ]

[ 2016-09-06T21:39:20+08:00 ] ::1 /evaluationSystem/Admin/Performance/index.html?_=1473169160225
INFO: [ app_begin ] --START--
INFO: Run Behavior\ReadHtmlCacheBehavior [ RunTime:0.001000s ]
INFO: [ app_begin ] --END-- [ RunTime:0.002000s ]
SQL: SHOW COLUMNS FROM `es_pmgroup` [ RunTime:0.0020s ]
SQL: SELECT * FROM `es_pmgroup`  [ RunTime:0.0010s ]
INFO: [ view_parse ] --START--
INFO: [ template_filter ] --START--
INFO: Run Behavior\ContentReplaceBehavior [ RunTime:0.000000s ]
INFO: [ template_filter ] --END-- [ RunTime:0.000000s ]
NOTIC: [8] Undefined variable: numPerPage D:\xampp\htdocs\evaluationSystem\Application\Runtime\Cache\Admin\639657368133e24453e83761f541339d.php 第 3 行.
NOTIC: [8] Undefined index: _order D:\xampp\htdocs\evaluationSystem\Application\Runtime\Cache\Admin\639657368133e24453e83761f541339d.php 第 4 行.
NOTIC: [8] Undefined index: _sort D:\xampp\htdocs\evaluationSystem\Application\Runtime\Cache\Admin\639657368133e24453e83761f541339d.php 第 5 行.
NOTIC: [8] Undefined variable: numPerPage D:\xampp\htdocs\evaluationSystem\Application\Runtime\Cache\Admin\639657368133e24453e83761f541339d.php 第 52 行.
NOTIC: [8] Undefined variable: numPerPage D:\xampp\htdocs\evaluationSystem\Application\Runtime\Cache\Admin\639657368133e24453e83761f541339d.php 第 53 行.
NOTIC: [8] Undefined variable: numPerPage D:\xampp\htdocs\evaluationSystem\Application\Runtime\Cache\Admin\639657368133e24453e83761f541339d.php 第 54 行.
NOTIC: [8] Undefined variable: numPerPage D:\xampp\htdocs\evaluationSystem\Application\Runtime\Cache\Admin\639657368133e24453e83761f541339d.php 第 55 行.
NOTIC: [8] Undefined variable: numPerPage D:\xampp\htdocs\evaluationSystem\Application\Runtime\Cache\Admin\639657368133e24453e83761f541339d.php 第 56 行.
NOTIC: [8] Undefined variable: totalCount D:\xampp\htdocs\evaluationSystem\Application\Runtime\Cache\Admin\639657368133e24453e83761f541339d.php 第 58 行.
NOTIC: [8] Undefined variable: totalCount D:\xampp\htdocs\evaluationSystem\Application\Runtime\Cache\Admin\639657368133e24453e83761f541339d.php 第 60 行.
NOTIC: [8] Undefined variable: numPerPage D:\xampp\htdocs\evaluationSystem\Application\Runtime\Cache\Admin\639657368133e24453e83761f541339d.php 第 60 行.
NOTIC: [8] Undefined variable: currentPage D:\xampp\htdocs\evaluationSystem\Application\Runtime\Cache\Admin\639657368133e24453e83761f541339d.php 第 60 行.
INFO: Run Behavior\ParseTemplateBehavior [ RunTime:0.009000s ]
INFO: [ view_parse ] --END-- [ RunTime:0.009000s ]
INFO: [ view_filter ] --START--
INFO: Run Behavior\WriteHtmlCacheBehavior [ RunTime:0.000000s ]
INFO: [ view_filter ] --END-- [ RunTime:0.000000s ]
INFO: [ app_end ] --START--
INFO: Run Behavior\ShowPageTraceBehavior [ RunTime:0.001001s ]
INFO: [ app_end ] --END-- [ RunTime:0.001001s ]

[ 2016-09-06T21:39:24+08:00 ] ::1 /evaluationSystem/Admin/Performance/setIndirectLeader/id/4?_=1473169164627
INFO: [ app_begin ] --START--
INFO: Run Behavior\ReadHtmlCacheBehavior [ RunTime:0.000000s ]
INFO: [ app_begin ] --END-- [ RunTime:0.001000s ]
SQL: SHOW COLUMNS FROM `es_user` [ RunTime:0.0040s ]
SQL: SELECT * FROM `es_user`  [ RunTime:0.0010s ]
SQL: SHOW COLUMNS FROM `es_pmgroup` [ RunTime:0.0030s ]
SQL: SELECT `indirectleaders` FROM `es_pmgroup` WHERE `id` = 4 LIMIT 1   [ RunTime:0.0010s ]
NOTIC: [8] Undefined index: leaders D:\xampp\htdocs\evaluationSystem\Application\Admin\Controller\PerformanceController.class.php 第 199 行.
ERR: 模板不存在:./Application/Admin/View/default/Performance/setIndirectLeader.html

[ 2016-09-06T21:40:20+08:00 ] ::1 /evaluationSystem/Admin/Performance/setIndirectLeader/id/4?_=1473169220122
INFO: [ app_begin ] --START--
INFO: Run Behavior\ReadHtmlCacheBehavior [ RunTime:0.001000s ]
INFO: [ app_begin ] --END-- [ RunTime:0.001000s ]
SQL: SHOW COLUMNS FROM `es_user` [ RunTime:0.0030s ]
SQL: SELECT * FROM `es_user`  [ RunTime:0.0000s ]
SQL: SHOW COLUMNS FROM `es_pmgroup` [ RunTime:0.0030s ]
SQL: SELECT `indirectleaders` FROM `es_pmgroup` WHERE `id` = 4 LIMIT 1   [ RunTime:0.0000s ]
NOTIC: [8] Undefined index: leaders D:\xampp\htdocs\evaluationSystem\Application\Admin\Controller\PerformanceController.class.php 第 199 行.
INFO: [ view_parse ] --START--
INFO: [ template_filter ] --START--
INFO: Run Behavior\ContentReplaceBehavior [ RunTime:0.000000s ]
INFO: [ template_filter ] --END-- [ RunTime:0.000000s ]
INFO: Run Behavior\ParseTemplateBehavior [ RunTime:0.007001s ]
INFO: [ view_parse ] --END-- [ RunTime:0.007001s ]
INFO: [ view_filter ] --START--
INFO: Run Behavior\WriteHtmlCacheBehavior [ RunTime:0.001000s ]
INFO: [ view_filter ] --END-- [ RunTime:0.001000s ]
INFO: [ app_end ] --START--
INFO: Run Behavior\ShowPageTraceBehavior [ RunTime:0.001000s ]
INFO: [ app_end ] --END-- [ RunTime:0.001000s ]

[ 2016-09-06T21:40:23+08:00 ] ::1 /evaluationSystem/Admin/Performance/updatleaders/navTabId/performance/callbackType/closeCurrent
INFO: [ app_begin ] --START--
INFO: Run Behavior\ReadHtmlCacheBehavior [ RunTime:0.001000s ]
INFO: [ app_begin ] --END-- [ RunTime:0.001000s ]
SQL: SHOW COLUMNS FROM `es_pmgroup` [ RunTime:0.0020s ]
SQL: UPDATE `es_pmgroup` SET `leaders`='17|18' WHERE `id` = 4 [ RunTime:0.0780s ]
NOTIC: [8] Undefined index: forwardUrl D:\xampp\htdocs\evaluationSystem\ThinkPHP\Library\Think\Controller.class.php 第 220 行.

[ 2016-09-06T21:40:23+08:00 ] ::1 /evaluationSystem/Admin/Performance/index.html
INFO: [ app_begin ] --START--
INFO: Run Behavior\ReadHtmlCacheBehavior [ RunTime:0.000000s ]
INFO: [ app_begin ] --END-- [ RunTime:0.002000s ]
SQL: SHOW COLUMNS FROM `es_pmgroup` [ RunTime:0.0020s ]
SQL: SELECT * FROM `es_pmgroup`  [ RunTime:0.0010s ]
INFO: [ view_parse ] --START--
INFO: [ template_filter ] --START--
INFO: Run Behavior\ContentReplaceBehavior [ RunTime:0.000000s ]
INFO: [ template_filter ] --END-- [ RunTime:0.001000s ]
NOTIC: [8] Undefined variable: numPerPage D:\xampp\htdocs\evaluationSystem\Application\Runtime\Cache\Admin\639657368133e24453e83761f541339d.php 第 3 行.
NOTIC: [8] Undefined variable: numPerPage D:\xampp\htdocs\evaluationSystem\Application\Runtime\Cache\Admin\639657368133e24453e83761f541339d.php 第 52 行.
NOTIC: [8] Undefined variable: numPerPage D:\xampp\htdocs\evaluationSystem\Application\Runtime\Cache\Admin\639657368133e24453e83761f541339d.php 第 53 行.
NOTIC: [8] Undefined variable: numPerPage D:\xampp\htdocs\evaluationSystem\Application\Runtime\Cache\Admin\639657368133e24453e83761f541339d.php 第 54 行.
NOTIC: [8] Undefined variable: numPerPage D:\xampp\htdocs\evaluationSystem\Application\Runtime\Cache\Admin\639657368133e24453e83761f541339d.php 第 55 行.
NOTIC: [8] Undefined variable: numPerPage D:\xampp\htdocs\evaluationSystem\Application\Runtime\Cache\Admin\639657368133e24453e83761f541339d.php 第 56 行.
NOTIC: [8] Undefined variable: totalCount D:\xampp\htdocs\evaluationSystem\Application\Runtime\Cache\Admin\639657368133e24453e83761f541339d.php 第 58 行.
NOTIC: [8] Undefined variable: totalCount D:\xampp\htdocs\evaluationSystem\Application\Runtime\Cache\Admin\639657368133e24453e83761f541339d.php 第 60 行.
NOTIC: [8] Undefined variable: numPerPage D:\xampp\htdocs\evaluationSystem\Application\Runtime\Cache\Admin\639657368133e24453e83761f541339d.php 第 60 行.
NOTIC: [8] Undefined variable: currentPage D:\xampp\htdocs\evaluationSystem\Application\Runtime\Cache\Admin\639657368133e24453e83761f541339d.php 第 60 行.
INFO: Run Behavior\ParseTemplateBehavior [ RunTime:0.010000s ]
INFO: [ view_parse ] --END-- [ RunTime:0.010000s ]
INFO: [ view_filter ] --START--
INFO: Run Behavior\WriteHtmlCacheBehavior [ RunTime:0.000000s ]
INFO: [ view_filter ] --END-- [ RunTime:0.000000s ]
INFO: [ app_end ] --START--
INFO: Run Behavior\ShowPageTraceBehavior [ RunTime:0.001000s ]
INFO: [ app_end ] --END-- [ RunTime:0.001000s ]

[ 2016-09-06T21:40:28+08:00 ] ::1 /evaluationSystem/Admin/Performance/setIndirectLeader/id/4?_=1473169228908
INFO: [ app_begin ] --START--
INFO: Run Behavior\ReadHtmlCacheBehavior [ RunTime:0.001000s ]
INFO: [ app_begin ] --END-- [ RunTime:0.001000s ]
SQL: SHOW COLUMNS FROM `es_user` [ RunTime:0.0020s ]
SQL: SELECT * FROM `es_user`  [ RunTime:0.0000s ]
SQL: SHOW COLUMNS FROM `es_pmgroup` [ RunTime:0.0020s ]
SQL: SELECT `indirectleaders` FROM `es_pmgroup` WHERE `id` = 4 LIMIT 1   [ RunTime:0.0010s ]
NOTIC: [8] Undefined index: leaders D:\xampp\htdocs\evaluationSystem\Application\Admin\Controller\PerformanceController.class.php 第 199 行.
INFO: [ view_parse ] --START--
INFO: [ template_filter ] --START--
INFO: Run Behavior\ContentReplaceBehavior [ RunTime:0.000000s ]
INFO: [ template_filter ] --END-- [ RunTime:0.000000s ]
INFO: Run Behavior\ParseTemplateBehavior [ RunTime:0.006000s ]
INFO: [ view_parse ] --END-- [ RunTime:0.006000s ]
INFO: [ view_filter ] --START--
INFO: Run Behavior\WriteHtmlCacheBehavior [ RunTime:0.001000s ]
INFO: [ view_filter ] --END-- [ RunTime:0.001000s ]
INFO: [ app_end ] --START--
INFO: Run Behavior\ShowPageTraceBehavior [ RunTime:0.000000s ]
INFO: [ app_end ] --END-- [ RunTime:0.000000s ]

[ 2016-09-06T21:42:01+08:00 ] ::1 /evaluationSystem/Admin/Index/index.html
INFO: [ app_begin ] --START--
INFO: Run Behavior\ReadHtmlCacheBehavior [ RunTime:0.001000s ]
INFO: [ app_begin ] --END-- [ RunTime:0.001000s ]
SQL: SHOW COLUMNS FROM `es_user` [ RunTime:0.0030s ]
SQL: SELECT * FROM `es_user` WHERE `username` = 'admin' LIMIT 1   [ RunTime:0.0000s ]
INFO: [ view_parse ] --START--
INFO: [ template_filter ] --START--
INFO: Run Behavior\ContentReplaceBehavior [ RunTime:0.000000s ]
INFO: [ template_filter ] --END-- [ RunTime:0.000000s ]
INFO: Run Behavior\ParseTemplateBehavior [ RunTime:0.015001s ]
INFO: [ view_parse ] --END-- [ RunTime:0.015001s ]
INFO: [ view_filter ] --START--
INFO: Run Behavior\WriteHtmlCacheBehavior [ RunTime:0.000000s ]
INFO: [ view_filter ] --END-- [ RunTime:0.000000s ]
INFO: [ app_end ] --START--
INFO: Run Behavior\ShowPageTraceBehavior [ RunTime:0.001000s ]
INFO: [ app_end ] --END-- [ RunTime:0.001000s ]

[ 2016-09-06T21:42:05+08:00 ] ::1 /evaluationSystem/Admin/Performance/index.html?_=1473169325856
INFO: [ app_begin ] --START--
INFO: Run Behavior\ReadHtmlCacheBehavior [ RunTime:0.001000s ]
INFO: [ app_begin ] --END-- [ RunTime:0.001000s ]
SQL: SHOW COLUMNS FROM `es_pmgroup` [ RunTime:0.0020s ]
SQL: SELECT * FROM `es_pmgroup`  [ RunTime:0.0010s ]
INFO: [ view_parse ] --START--
INFO: [ template_filter ] --START--
INFO: Run Behavior\ContentReplaceBehavior [ RunTime:0.000000s ]
INFO: [ template_filter ] --END-- [ RunTime:0.000000s ]
NOTIC: [8] Undefined variable: numPerPage D:\xampp\htdocs\evaluationSystem\Application\Runtime\Cache\Admin\639657368133e24453e83761f541339d.php 第 3 行.
NOTIC: [8] Undefined index: _order D:\xampp\htdocs\evaluationSystem\Application\Runtime\Cache\Admin\639657368133e24453e83761f541339d.php 第 4 行.
NOTIC: [8] Undefined index: _sort D:\xampp\htdocs\evaluationSystem\Application\Runtime\Cache\Admin\639657368133e24453e83761f541339d.php 第 5 行.
NOTIC: [8] Undefined variable: numPerPage D:\xampp\htdocs\evaluationSystem\Application\Runtime\Cache\Admin\639657368133e24453e83761f541339d.php 第 52 行.
NOTIC: [8] Undefined variable: numPerPage D:\xampp\htdocs\evaluationSystem\Application\Runtime\Cache\Admin\639657368133e24453e83761f541339d.php 第 53 行.
NOTIC: [8] Undefined variable: numPerPage D:\xampp\htdocs\evaluationSystem\Application\Runtime\Cache\Admin\639657368133e24453e83761f541339d.php 第 54 行.
NOTIC: [8] Undefined variable: numPerPage D:\xampp\htdocs\evaluationSystem\Application\Runtime\Cache\Admin\639657368133e24453e83761f541339d.php 第 55 行.
NOTIC: [8] Undefined variable: numPerPage D:\xampp\htdocs\evaluationSystem\Application\Runtime\Cache\Admin\639657368133e24453e83761f541339d.php 第 56 行.
NOTIC: [8] Undefined variable: totalCount D:\xampp\htdocs\evaluationSystem\Application\Runtime\Cache\Admin\639657368133e24453e83761f541339d.php 第 58 行.
NOTIC: [8] Undefined variable: totalCount D:\xampp\htdocs\evaluationSystem\Application\Runtime\Cache\Admin\639657368133e24453e83761f541339d.php 第 60 行.
NOTIC: [8] Undefined variable: numPerPage D:\xampp\htdocs\evaluationSystem\Application\Runtime\Cache\Admin\639657368133e24453e83761f541339d.php 第 60 行.
NOTIC: [8] Undefined variable: currentPage D:\xampp\htdocs\evaluationSystem\Application\Runtime\Cache\Admin\639657368133e24453e83761f541339d.php 第 60 行.
INFO: Run Behavior\ParseTemplateBehavior [ RunTime:0.008000s ]
INFO: [ view_parse ] --END-- [ RunTime:0.008000s ]
INFO: [ view_filter ] --START--
INFO: Run Behavior\WriteHtmlCacheBehavior [ RunTime:0.000000s ]
INFO: [ view_filter ] --END-- [ RunTime:0.000000s ]
INFO: [ app_end ] --START--
INFO: Run Behavior\ShowPageTraceBehavior [ RunTime:0.000000s ]
INFO: [ app_end ] --END-- [ RunTime:0.000000s ]

[ 2016-09-06T21:42:08+08:00 ] ::1 /evaluationSystem/Admin/Performance/setIndirectLeader/id/4?_=1473169328179
INFO: [ app_begin ] --START--
INFO: Run Behavior\ReadHtmlCacheBehavior [ RunTime:0.001000s ]
INFO: [ app_begin ] --END-- [ RunTime:0.001000s ]
SQL: SHOW COLUMNS FROM `es_user` [ RunTime:0.0020s ]
SQL: SELECT * FROM `es_user`  [ RunTime:0.0000s ]
SQL: SHOW COLUMNS FROM `es_pmgroup` [ RunTime:0.0030s ]
SQL: SELECT `indirectleaders` FROM `es_pmgroup` WHERE `id` = 4 LIMIT 1   [ RunTime:0.0000s ]
NOTIC: [8] Undefined index: leaders D:\xampp\htdocs\evaluationSystem\Application\Admin\Controller\PerformanceController.class.php 第 199 行.
INFO: [ view_parse ] --START--
INFO: [ template_filter ] --START--
INFO: Run Behavior\ContentReplaceBehavior [ RunTime:0.000000s ]
INFO: [ template_filter ] --END-- [ RunTime:0.000000s ]
INFO: Run Behavior\ParseTemplateBehavior [ RunTime:0.006000s ]
INFO: [ view_parse ] --END-- [ RunTime:0.006000s ]
INFO: [ view_filter ] --START--
INFO: Run Behavior\WriteHtmlCacheBehavior [ RunTime:0.000000s ]
INFO: [ view_filter ] --END-- [ RunTime:0.000000s ]
INFO: [ app_end ] --START--
INFO: Run Behavior\ShowPageTraceBehavior [ RunTime:0.004000s ]
INFO: [ app_end ] --END-- [ RunTime:0.004000s ]

[ 2016-09-06T21:42:11+08:00 ] ::1 /evaluationSystem/Admin/Performance/updatdirectleaders/navTabId/performance/callbackType/closeCurrent
INFO: [ app_begin ] --START--
INFO: Run Behavior\ReadHtmlCacheBehavior [ RunTime:0.001000s ]
INFO: [ app_begin ] --END-- [ RunTime:0.001000s ]
SQL: SHOW COLUMNS FROM `es_pmgroup` [ RunTime:0.0030s ]
NOTIC: [8] Undefined variable: set D:\xampp\htdocs\evaluationSystem\ThinkPHP\Library\Think\Db\Driver.class.php 第 387 行.
NOTIC: [2] implode(): Invalid arguments passed D:\xampp\htdocs\evaluationSystem\ThinkPHP\Library\Think\Db\Driver.class.php 第 387 行.
ERR: 1064:You have an error in your SQL syntax; check the manual that corresponds to your MySQL server version for the right syntax to use near 'WHERE `id` = 4' at line 1
 [ SQL语句 ] : UPDATE `es_pmgroup` SET  WHERE `id` = 4
ERR: 1064:You have an error in your SQL syntax; check the manual that corresponds to your MySQL server version for the right syntax to use near 'WHERE `id` = 4' at line 1
 [ SQL语句 ] : UPDATE `es_pmgroup` SET  WHERE `id` = 4

[ 2016-09-06T21:43:07+08:00 ] ::1 /evaluationSystem/Admin/Performance/updatdirectleaders/navTabId/performance/callbackType/closeCurrent
INFO: [ app_begin ] --START--
INFO: Run Behavior\ReadHtmlCacheBehavior [ RunTime:0.001000s ]
INFO: [ app_begin ] --END-- [ RunTime:0.001000s ]

[ 2016-09-06T21:44:22+08:00 ] ::1 /evaluationSystem/Admin/Performance/updatdirectleaders/navTabId/performance/callbackType/closeCurrent
INFO: [ app_begin ] --START--
INFO: Run Behavior\ReadHtmlCacheBehavior [ RunTime:0.000000s ]
INFO: [ app_begin ] --END-- [ RunTime:0.001000s ]

[ 2016-09-06T21:44:22+08:00 ] ::1 /evaluationSystem/Admin/Index/index.html
INFO: [ app_begin ] --START--
INFO: Run Behavior\ReadHtmlCacheBehavior [ RunTime:0.000000s ]
INFO: [ app_begin ] --END-- [ RunTime:0.001000s ]
SQL: SHOW COLUMNS FROM `es_user` [ RunTime:0.0020s ]
SQL: SELECT * FROM `es_user` WHERE `username` = 'admin' LIMIT 1   [ RunTime:0.0000s ]
INFO: [ view_parse ] --START--
INFO: [ template_filter ] --START--
INFO: Run Behavior\ContentReplaceBehavior [ RunTime:0.000000s ]
INFO: [ template_filter ] --END-- [ RunTime:0.000000s ]
INFO: Run Behavior\ParseTemplateBehavior [ RunTime:0.015001s ]
INFO: [ view_parse ] --END-- [ RunTime:0.015001s ]
INFO: [ view_filter ] --START--
INFO: Run Behavior\WriteHtmlCacheBehavior [ RunTime:0.000000s ]
INFO: [ view_filter ] --END-- [ RunTime:0.000000s ]
INFO: [ app_end ] --START--
INFO: Run Behavior\ShowPageTraceBehavior [ RunTime:0.001000s ]
INFO: [ app_end ] --END-- [ RunTime:0.001000s ]

[ 2016-09-06T21:44:27+08:00 ] ::1 /evaluationSystem/Admin/Index/index.html
INFO: [ app_begin ] --START--
INFO: Run Behavior\ReadHtmlCacheBehavior [ RunTime:0.000000s ]
INFO: [ app_begin ] --END-- [ RunTime:0.001000s ]
SQL: SHOW COLUMNS FROM `es_user` [ RunTime:0.0030s ]
SQL: SELECT * FROM `es_user` WHERE `username` = 'admin' LIMIT 1   [ RunTime:0.0010s ]
INFO: [ view_parse ] --START--
INFO: [ template_filter ] --START--
INFO: Run Behavior\ContentReplaceBehavior [ RunTime:0.000000s ]
INFO: [ template_filter ] --END-- [ RunTime:0.000000s ]
INFO: Run Behavior\ParseTemplateBehavior [ RunTime:0.013000s ]
INFO: [ view_parse ] --END-- [ RunTime:0.014000s ]
INFO: [ view_filter ] --START--
INFO: Run Behavior\WriteHtmlCacheBehavior [ RunTime:0.000000s ]
INFO: [ view_filter ] --END-- [ RunTime:0.000000s ]
INFO: [ app_end ] --START--
INFO: Run Behavior\ShowPageTraceBehavior [ RunTime:0.001001s ]
INFO: [ app_end ] --END-- [ RunTime:0.001001s ]

[ 2016-09-06T21:44:30+08:00 ] ::1 /evaluationSystem/Admin/Performance/index.html?_=1473169470598
INFO: [ app_begin ] --START--
INFO: Run Behavior\ReadHtmlCacheBehavior [ RunTime:0.000000s ]
INFO: [ app_begin ] --END-- [ RunTime:0.002000s ]
SQL: SHOW COLUMNS FROM `es_pmgroup` [ RunTime:0.0030s ]
SQL: SELECT * FROM `es_pmgroup`  [ RunTime:0.0010s ]
INFO: [ view_parse ] --START--
INFO: [ template_filter ] --START--
INFO: Run Behavior\ContentReplaceBehavior [ RunTime:0.000000s ]
INFO: [ template_filter ] --END-- [ RunTime:0.000000s ]
NOTIC: [8] Undefined variable: numPerPage D:\xampp\htdocs\evaluationSystem\Application\Runtime\Cache\Admin\639657368133e24453e83761f541339d.php 第 3 行.
NOTIC: [8] Undefined index: _order D:\xampp\htdocs\evaluationSystem\Application\Runtime\Cache\Admin\639657368133e24453e83761f541339d.php 第 4 行.
NOTIC: [8] Undefined index: _sort D:\xampp\htdocs\evaluationSystem\Application\Runtime\Cache\Admin\639657368133e24453e83761f541339d.php 第 5 行.
NOTIC: [8] Undefined variable: numPerPage D:\xampp\htdocs\evaluationSystem\Application\Runtime\Cache\Admin\639657368133e24453e83761f541339d.php 第 52 行.
NOTIC: [8] Undefined variable: numPerPage D:\xampp\htdocs\evaluationSystem\Application\Runtime\Cache\Admin\639657368133e24453e83761f541339d.php 第 53 行.
NOTIC: [8] Undefined variable: numPerPage D:\xampp\htdocs\evaluationSystem\Application\Runtime\Cache\Admin\639657368133e24453e83761f541339d.php 第 54 行.
NOTIC: [8] Undefined variable: numPerPage D:\xampp\htdocs\evaluationSystem\Application\Runtime\Cache\Admin\639657368133e24453e83761f541339d.php 第 55 行.
NOTIC: [8] Undefined variable: numPerPage D:\xampp\htdocs\evaluationSystem\Application\Runtime\Cache\Admin\639657368133e24453e83761f541339d.php 第 56 行.
NOTIC: [8] Undefined variable: totalCount D:\xampp\htdocs\evaluationSystem\Application\Runtime\Cache\Admin\639657368133e24453e83761f541339d.php 第 58 行.
NOTIC: [8] Undefined variable: totalCount D:\xampp\htdocs\evaluationSystem\Application\Runtime\Cache\Admin\639657368133e24453e83761f541339d.php 第 60 行.
NOTIC: [8] Undefined variable: numPerPage D:\xampp\htdocs\evaluationSystem\Application\Runtime\Cache\Admin\639657368133e24453e83761f541339d.php 第 60 行.
NOTIC: [8] Undefined variable: currentPage D:\xampp\htdocs\evaluationSystem\Application\Runtime\Cache\Admin\639657368133e24453e83761f541339d.php 第 60 行.
INFO: Run Behavior\ParseTemplateBehavior [ RunTime:0.007001s ]
INFO: [ view_parse ] --END-- [ RunTime:0.007001s ]
INFO: [ view_filter ] --START--
INFO: Run Behavior\WriteHtmlCacheBehavior [ RunTime:0.001000s ]
INFO: [ view_filter ] --END-- [ RunTime:0.001000s ]
INFO: [ app_end ] --START--
INFO: Run Behavior\ShowPageTraceBehavior [ RunTime:0.000000s ]
INFO: [ app_end ] --END-- [ RunTime:0.000000s ]

[ 2016-09-06T21:44:33+08:00 ] ::1 /evaluationSystem/Admin/Performance/setIndirectLeader/id/4?_=1473169473272
INFO: [ app_begin ] --START--
INFO: Run Behavior\ReadHtmlCacheBehavior [ RunTime:0.000000s ]
INFO: [ app_begin ] --END-- [ RunTime:0.001000s ]
SQL: SHOW COLUMNS FROM `es_user` [ RunTime:0.0030s ]
SQL: SELECT * FROM `es_user`  [ RunTime:0.0010s ]
SQL: SHOW COLUMNS FROM `es_pmgroup` [ RunTime:0.0030s ]
SQL: SELECT `indirectleaders` FROM `es_pmgroup` WHERE `id` = 4 LIMIT 1   [ RunTime:0.0000s ]
NOTIC: [8] Undefined index: leaders D:\xampp\htdocs\evaluationSystem\Application\Admin\Controller\PerformanceController.class.php 第 199 行.
INFO: [ view_parse ] --START--
INFO: [ template_filter ] --START--
INFO: Run Behavior\ContentReplaceBehavior [ RunTime:0.000000s ]
INFO: [ template_filter ] --END-- [ RunTime:0.000000s ]
INFO: Run Behavior\ParseTemplateBehavior [ RunTime:0.009001s ]
INFO: [ view_parse ] --END-- [ RunTime:0.009001s ]
INFO: [ view_filter ] --START--
INFO: Run Behavior\WriteHtmlCacheBehavior [ RunTime:0.001000s ]
INFO: [ view_filter ] --END-- [ RunTime:0.001000s ]
INFO: [ app_end ] --START--
INFO: Run Behavior\ShowPageTraceBehavior [ RunTime:0.001000s ]
INFO: [ app_end ] --END-- [ RunTime:0.001000s ]

[ 2016-09-06T21:44:36+08:00 ] ::1 /evaluationSystem/Admin/Performance/updateindirectleaders/navTabId/performance/callbackType/closeCurrent
INFO: [ app_begin ] --START--
INFO: Run Behavior\ReadHtmlCacheBehavior [ RunTime:0.000000s ]
INFO: [ app_begin ] --END-- [ RunTime:0.001000s ]
SQL: SHOW COLUMNS FROM `es_pmgroup` [ RunTime:0.0030s ]
SQL: UPDATE `es_pmgroup` SET `indirectleaders`='18' WHERE `id` = 4 [ RunTime:0.0670s ]
NOTIC: [8] Undefined index: forwardUrl D:\xampp\htdocs\evaluationSystem\ThinkPHP\Library\Think\Controller.class.php 第 220 行.

[ 2016-09-06T21:44:36+08:00 ] ::1 /evaluationSystem/Admin/Performance/index.html
INFO: [ app_begin ] --START--
INFO: Run Behavior\ReadHtmlCacheBehavior [ RunTime:0.001000s ]
INFO: [ app_begin ] --END-- [ RunTime:0.002000s ]
SQL: SHOW COLUMNS FROM `es_pmgroup` [ RunTime:0.0030s ]
SQL: SELECT * FROM `es_pmgroup`  [ RunTime:0.0010s ]
INFO: [ view_parse ] --START--
INFO: [ template_filter ] --START--
INFO: Run Behavior\ContentReplaceBehavior [ RunTime:0.000000s ]
INFO: [ template_filter ] --END-- [ RunTime:0.000000s ]
NOTIC: [8] Undefined variable: numPerPage D:\xampp\htdocs\evaluationSystem\Application\Runtime\Cache\Admin\639657368133e24453e83761f541339d.php 第 3 行.
NOTIC: [8] Undefined variable: numPerPage D:\xampp\htdocs\evaluationSystem\Application\Runtime\Cache\Admin\639657368133e24453e83761f541339d.php 第 52 行.
NOTIC: [8] Undefined variable: numPerPage D:\xampp\htdocs\evaluationSystem\Application\Runtime\Cache\Admin\639657368133e24453e83761f541339d.php 第 53 行.
NOTIC: [8] Undefined variable: numPerPage D:\xampp\htdocs\evaluationSystem\Application\Runtime\Cache\Admin\639657368133e24453e83761f541339d.php 第 54 行.
NOTIC: [8] Undefined variable: numPerPage D:\xampp\htdocs\evaluationSystem\Application\Runtime\Cache\Admin\639657368133e24453e83761f541339d.php 第 55 行.
NOTIC: [8] Undefined variable: numPerPage D:\xampp\htdocs\evaluationSystem\Application\Runtime\Cache\Admin\639657368133e24453e83761f541339d.php 第 56 行.
NOTIC: [8] Undefined variable: totalCount D:\xampp\htdocs\evaluationSystem\Application\Runtime\Cache\Admin\639657368133e24453e83761f541339d.php 第 58 行.
NOTIC: [8] Undefined variable: totalCount D:\xampp\htdocs\evaluationSystem\Application\Runtime\Cache\Admin\639657368133e24453e83761f541339d.php 第 60 行.
NOTIC: [8] Undefined variable: numPerPage D:\xampp\htdocs\evaluationSystem\Application\Runtime\Cache\Admin\639657368133e24453e83761f541339d.php 第 60 行.
NOTIC: [8] Undefined variable: currentPage D:\xampp\htdocs\evaluationSystem\Application\Runtime\Cache\Admin\639657368133e24453e83761f541339d.php 第 60 行.
INFO: Run Behavior\ParseTemplateBehavior [ RunTime:0.008000s ]
INFO: [ view_parse ] --END-- [ RunTime:0.008000s ]
INFO: [ view_filter ] --START--
INFO: Run Behavior\WriteHtmlCacheBehavior [ RunTime:0.000000s ]
INFO: [ view_filter ] --END-- [ RunTime:0.000000s ]
INFO: [ app_end ] --START--
INFO: Run Behavior\ShowPageTraceBehavior [ RunTime:0.001000s ]
INFO: [ app_end ] --END-- [ RunTime:0.001000s ]

[ 2016-09-06T21:44:40+08:00 ] ::1 /evaluationSystem/Admin/Performance/setIndirectLeader/id/4?_=1473169480107
INFO: [ app_begin ] --START--
INFO: Run Behavior\ReadHtmlCacheBehavior [ RunTime:0.000000s ]
INFO: [ app_begin ] --END-- [ RunTime:0.000000s ]
SQL: SHOW COLUMNS FROM `es_user` [ RunTime:0.0030s ]
SQL: SELECT * FROM `es_user`  [ RunTime:0.0010s ]
SQL: SHOW COLUMNS FROM `es_pmgroup` [ RunTime:0.0030s ]
SQL: SELECT `indirectleaders` FROM `es_pmgroup` WHERE `id` = 4 LIMIT 1   [ RunTime:0.0010s ]
NOTIC: [8] Undefined index: leaders D:\xampp\htdocs\evaluationSystem\Application\Admin\Controller\PerformanceController.class.php 第 199 行.
INFO: [ view_parse ] --START--
INFO: [ template_filter ] --START--
INFO: Run Behavior\ContentReplaceBehavior [ RunTime:0.000000s ]
INFO: [ template_filter ] --END-- [ RunTime:0.000000s ]
INFO: Run Behavior\ParseTemplateBehavior [ RunTime:0.007000s ]
INFO: [ view_parse ] --END-- [ RunTime:0.007000s ]
INFO: [ view_filter ] --START--
INFO: Run Behavior\WriteHtmlCacheBehavior [ RunTime:0.001000s ]
INFO: [ view_filter ] --END-- [ RunTime:0.001000s ]
INFO: [ app_end ] --START--
INFO: Run Behavior\ShowPageTraceBehavior [ RunTime:0.000000s ]
INFO: [ app_end ] --END-- [ RunTime:0.000000s ]

[ 2016-09-06T21:45:40+08:00 ] ::1 /evaluationSystem/Admin/Performance/setIndirectLeader/id/4?_=1473169540889
INFO: [ app_begin ] --START--
INFO: Run Behavior\ReadHtmlCacheBehavior [ RunTime:0.002000s ]
INFO: [ app_begin ] --END-- [ RunTime:0.003000s ]
SQL: SHOW COLUMNS FROM `es_user` [ RunTime:0.0030s ]
SQL: SELECT * FROM `es_user`  [ RunTime:0.0010s ]
SQL: SHOW COLUMNS FROM `es_pmgroup` [ RunTime:0.0040s ]
SQL: SELECT `indirectleaders` FROM `es_pmgroup` WHERE `id` = 4 LIMIT 1   [ RunTime:0.0010s ]
INFO: [ view_parse ] --START--
INFO: [ template_filter ] --START--
INFO: Run Behavior\ContentReplaceBehavior [ RunTime:0.000000s ]
INFO: [ template_filter ] --END-- [ RunTime:0.000000s ]
INFO: Run Behavior\ParseTemplateBehavior [ RunTime:0.010000s ]
INFO: [ view_parse ] --END-- [ RunTime:0.010000s ]
INFO: [ view_filter ] --START--
INFO: Run Behavior\WriteHtmlCacheBehavior [ RunTime:0.002001s ]
INFO: [ view_filter ] --END-- [ RunTime:0.002001s ]
INFO: [ app_end ] --START--
INFO: Run Behavior\ShowPageTraceBehavior [ RunTime:0.002000s ]
INFO: [ app_end ] --END-- [ RunTime:0.002000s ]

[ 2016-09-06T21:45:45+08:00 ] ::1 /evaluationSystem/Admin/Performance/updateindirectleaders/navTabId/performance/callbackType/closeCurrent
INFO: [ app_begin ] --START--
INFO: Run Behavior\ReadHtmlCacheBehavior [ RunTime:0.002000s ]
INFO: [ app_begin ] --END-- [ RunTime:0.003000s ]
SQL: SHOW COLUMNS FROM `es_pmgroup` [ RunTime:0.0030s ]
SQL: UPDATE `es_pmgroup` SET `indirectleaders`='17|18' WHERE `id` = 4 [ RunTime:0.1090s ]
NOTIC: [8] Undefined index: forwardUrl D:\xampp\htdocs\evaluationSystem\ThinkPHP\Library\Think\Controller.class.php 第 220 行.

[ 2016-09-06T21:45:45+08:00 ] ::1 /evaluationSystem/Admin/Performance/index.html
INFO: [ app_begin ] --START--
INFO: Run Behavior\ReadHtmlCacheBehavior [ RunTime:0.002000s ]
INFO: [ app_begin ] --END-- [ RunTime:0.003000s ]
SQL: SHOW COLUMNS FROM `es_pmgroup` [ RunTime:0.0040s ]
SQL: SELECT * FROM `es_pmgroup`  [ RunTime:0.0000s ]
INFO: [ view_parse ] --START--
INFO: [ template_filter ] --START--
INFO: Run Behavior\ContentReplaceBehavior [ RunTime:0.000000s ]
INFO: [ template_filter ] --END-- [ RunTime:0.000000s ]
NOTIC: [8] Undefined variable: numPerPage D:\xampp\htdocs\evaluationSystem\Application\Runtime\Cache\Admin\639657368133e24453e83761f541339d.php 第 3 行.
NOTIC: [8] Undefined variable: numPerPage D:\xampp\htdocs\evaluationSystem\Application\Runtime\Cache\Admin\639657368133e24453e83761f541339d.php 第 52 行.
NOTIC: [8] Undefined variable: numPerPage D:\xampp\htdocs\evaluationSystem\Application\Runtime\Cache\Admin\639657368133e24453e83761f541339d.php 第 53 行.
NOTIC: [8] Undefined variable: numPerPage D:\xampp\htdocs\evaluationSystem\Application\Runtime\Cache\Admin\639657368133e24453e83761f541339d.php 第 54 行.
NOTIC: [8] Undefined variable: numPerPage D:\xampp\htdocs\evaluationSystem\Application\Runtime\Cache\Admin\639657368133e24453e83761f541339d.php 第 55 行.
NOTIC: [8] Undefined variable: numPerPage D:\xampp\htdocs\evaluationSystem\Application\Runtime\Cache\Admin\639657368133e24453e83761f541339d.php 第 56 行.
NOTIC: [8] Undefined variable: totalCount D:\xampp\htdocs\evaluationSystem\Application\Runtime\Cache\Admin\639657368133e24453e83761f541339d.php 第 58 行.
NOTIC: [8] Undefined variable: totalCount D:\xampp\htdocs\evaluationSystem\Application\Runtime\Cache\Admin\639657368133e24453e83761f541339d.php 第 60 行.
NOTIC: [8] Undefined variable: numPerPage D:\xampp\htdocs\evaluationSystem\Application\Runtime\Cache\Admin\639657368133e24453e83761f541339d.php 第 60 行.
NOTIC: [8] Undefined variable: currentPage D:\xampp\htdocs\evaluationSystem\Application\Runtime\Cache\Admin\639657368133e24453e83761f541339d.php 第 60 行.
INFO: Run Behavior\ParseTemplateBehavior [ RunTime:0.013001s ]
INFO: [ view_parse ] --END-- [ RunTime:0.013001s ]
INFO: [ view_filter ] --START--
INFO: Run Behavior\WriteHtmlCacheBehavior [ RunTime:0.002000s ]
INFO: [ view_filter ] --END-- [ RunTime:0.002000s ]
INFO: [ app_end ] --START--
INFO: Run Behavior\ShowPageTraceBehavior [ RunTime:0.002000s ]
INFO: [ app_end ] --END-- [ RunTime:0.002000s ]

[ 2016-09-06T21:45:48+08:00 ] ::1 /evaluationSystem/Admin/Performance/setIndirectLeader/id/4?_=1473169547950
INFO: [ app_begin ] --START--
INFO: Run Behavior\ReadHtmlCacheBehavior [ RunTime:0.002000s ]
INFO: [ app_begin ] --END-- [ RunTime:0.003000s ]
SQL: SHOW COLUMNS FROM `es_user` [ RunTime:0.0030s ]
SQL: SELECT * FROM `es_user`  [ RunTime:0.0000s ]
SQL: SHOW COLUMNS FROM `es_pmgroup` [ RunTime:0.0030s ]
SQL: SELECT `indirectleaders` FROM `es_pmgroup` WHERE `id` = 4 LIMIT 1   [ RunTime:0.0000s ]
INFO: [ view_parse ] --START--
INFO: [ template_filter ] --START--
INFO: Run Behavior\ContentReplaceBehavior [ RunTime:0.000000s ]
INFO: [ template_filter ] --END-- [ RunTime:0.000000s ]
INFO: Run Behavior\ParseTemplateBehavior [ RunTime:0.012000s ]
INFO: [ view_parse ] --END-- [ RunTime:0.012000s ]
INFO: [ view_filter ] --START--
INFO: Run Behavior\WriteHtmlCacheBehavior [ RunTime:0.001000s ]
INFO: [ view_filter ] --END-- [ RunTime:0.001000s ]
INFO: [ app_end ] --START--
INFO: Run Behavior\ShowPageTraceBehavior [ RunTime:0.002001s ]
INFO: [ app_end ] --END-- [ RunTime:0.002001s ]

[ 2016-09-06T21:45:51+08:00 ] ::1 /evaluationSystem/Admin/Performance/setIndirectLeader/id/5?_=1473169550999
INFO: [ app_begin ] --START--
INFO: Run Behavior\ReadHtmlCacheBehavior [ RunTime:0.001000s ]
INFO: [ app_begin ] --END-- [ RunTime:0.002000s ]
SQL: SHOW COLUMNS FROM `es_user` [ RunTime:0.0030s ]
SQL: SELECT * FROM `es_user`  [ RunTime:0.0010s ]
SQL: SHOW COLUMNS FROM `es_pmgroup` [ RunTime:0.0030s ]
SQL: SELECT `indirectleaders` FROM `es_pmgroup` WHERE `id` = 5 LIMIT 1   [ RunTime:0.0010s ]
INFO: [ view_parse ] --START--
INFO: [ template_filter ] --START--
INFO: Run Behavior\ContentReplaceBehavior [ RunTime:0.000000s ]
INFO: [ template_filter ] --END-- [ RunTime:0.000000s ]
INFO: Run Behavior\ParseTemplateBehavior [ RunTime:0.010001s ]
INFO: [ view_parse ] --END-- [ RunTime:0.010001s ]
INFO: [ view_filter ] --START--
INFO: Run Behavior\WriteHtmlCacheBehavior [ RunTime:0.001000s ]
INFO: [ view_filter ] --END-- [ RunTime:0.001000s ]
INFO: [ app_end ] --START--
INFO: Run Behavior\ShowPageTraceBehavior [ RunTime:0.001000s ]
INFO: [ app_end ] --END-- [ RunTime:0.002000s ]

[ 2016-09-06T21:45:54+08:00 ] ::1 /evaluationSystem/Admin/Performance/updateindirectleaders/navTabId/performance/callbackType/closeCurrent
INFO: [ app_begin ] --START--
INFO: Run Behavior\ReadHtmlCacheBehavior [ RunTime:0.001000s ]
INFO: [ app_begin ] --END-- [ RunTime:0.002000s ]
SQL: SHOW COLUMNS FROM `es_pmgroup` [ RunTime:0.0020s ]
SQL: UPDATE `es_pmgroup` SET `indirectleaders`='18|19' WHERE `id` = 5 [ RunTime:0.0740s ]
NOTIC: [8] Undefined index: forwardUrl D:\xampp\htdocs\evaluationSystem\ThinkPHP\Library\Think\Controller.class.php 第 220 行.

[ 2016-09-06T21:45:54+08:00 ] ::1 /evaluationSystem/Admin/Performance/index.html
INFO: [ app_begin ] --START--
INFO: Run Behavior\ReadHtmlCacheBehavior [ RunTime:0.002001s ]
INFO: [ app_begin ] --END-- [ RunTime:0.003001s ]
SQL: SHOW COLUMNS FROM `es_pmgroup` [ RunTime:0.0040s ]
SQL: SELECT * FROM `es_pmgroup`  [ RunTime:0.0010s ]
INFO: [ view_parse ] --START--
INFO: [ template_filter ] --START--
INFO: Run Behavior\ContentReplaceBehavior [ RunTime:0.000000s ]
INFO: [ template_filter ] --END-- [ RunTime:0.000000s ]
NOTIC: [8] Undefined variable: numPerPage D:\xampp\htdocs\evaluationSystem\Application\Runtime\Cache\Admin\639657368133e24453e83761f541339d.php 第 3 行.
NOTIC: [8] Undefined variable: numPerPage D:\xampp\htdocs\evaluationSystem\Application\Runtime\Cache\Admin\639657368133e24453e83761f541339d.php 第 52 行.
NOTIC: [8] Undefined variable: numPerPage D:\xampp\htdocs\evaluationSystem\Application\Runtime\Cache\Admin\639657368133e24453e83761f541339d.php 第 53 行.
NOTIC: [8] Undefined variable: numPerPage D:\xampp\htdocs\evaluationSystem\Application\Runtime\Cache\Admin\639657368133e24453e83761f541339d.php 第 54 行.
NOTIC: [8] Undefined variable: numPerPage D:\xampp\htdocs\evaluationSystem\Application\Runtime\Cache\Admin\639657368133e24453e83761f541339d.php 第 55 行.
NOTIC: [8] Undefined variable: numPerPage D:\xampp\htdocs\evaluationSystem\Application\Runtime\Cache\Admin\639657368133e24453e83761f541339d.php 第 56 行.
NOTIC: [8] Undefined variable: totalCount D:\xampp\htdocs\evaluationSystem\Application\Runtime\Cache\Admin\639657368133e24453e83761f541339d.php 第 58 行.
NOTIC: [8] Undefined variable: totalCount D:\xampp\htdocs\evaluationSystem\Application\Runtime\Cache\Admin\639657368133e24453e83761f541339d.php 第 60 行.
NOTIC: [8] Undefined variable: numPerPage D:\xampp\htdocs\evaluationSystem\Application\Runtime\Cache\Admin\639657368133e24453e83761f541339d.php 第 60 行.
NOTIC: [8] Undefined variable: currentPage D:\xampp\htdocs\evaluationSystem\Application\Runtime\Cache\Admin\639657368133e24453e83761f541339d.php 第 60 行.
INFO: Run Behavior\ParseTemplateBehavior [ RunTime:0.013001s ]
INFO: [ view_parse ] --END-- [ RunTime:0.013001s ]
INFO: [ view_filter ] --START--
INFO: Run Behavior\WriteHtmlCacheBehavior [ RunTime:0.002000s ]
INFO: [ view_filter ] --END-- [ RunTime:0.002000s ]
INFO: [ app_end ] --START--
INFO: Run Behavior\ShowPageTraceBehavior [ RunTime:0.002000s ]
INFO: [ app_end ] --END-- [ RunTime:0.002000s ]

[ 2016-09-06T21:45:57+08:00 ] ::1 /evaluationSystem/Admin/Performance/setIndirectLeader/id/5?_=1473169557279
INFO: [ app_begin ] --START--
INFO: Run Behavior\ReadHtmlCacheBehavior [ RunTime:0.001000s ]
INFO: [ app_begin ] --END-- [ RunTime:0.002000s ]
SQL: SHOW COLUMNS FROM `es_user` [ RunTime:0.0020s ]
SQL: SELECT * FROM `es_user`  [ RunTime:0.0000s ]
SQL: SHOW COLUMNS FROM `es_pmgroup` [ RunTime:0.0020s ]
SQL: SELECT `indirectleaders` FROM `es_pmgroup` WHERE `id` = 5 LIMIT 1   [ RunTime:0.0000s ]
INFO: [ view_parse ] --START--
INFO: [ template_filter ] --START--
INFO: Run Behavior\ContentReplaceBehavior [ RunTime:0.000000s ]
INFO: [ template_filter ] --END-- [ RunTime:0.000000s ]
INFO: Run Behavior\ParseTemplateBehavior [ RunTime:0.011000s ]
INFO: [ view_parse ] --END-- [ RunTime:0.011000s ]
INFO: [ view_filter ] --START--
INFO: Run Behavior\WriteHtmlCacheBehavior [ RunTime:0.001000s ]
INFO: [ view_filter ] --END-- [ RunTime:0.001000s ]
INFO: [ app_end ] --START--
INFO: Run Behavior\ShowPageTraceBehavior [ RunTime:0.002000s ]
INFO: [ app_end ] --END-- [ RunTime:0.002000s ]

[ 2016-09-06T21:46:01+08:00 ] ::1 /evaluationSystem/Admin/Performance/setIndirectLeader/id/4?_=1473169561309
INFO: [ app_begin ] --START--
INFO: Run Behavior\ReadHtmlCacheBehavior [ RunTime:0.002000s ]
INFO: [ app_begin ] --END-- [ RunTime:0.004000s ]
SQL: SHOW COLUMNS FROM `es_user` [ RunTime:0.0020s ]
SQL: SELECT * FROM `es_user`  [ RunTime:0.0010s ]
SQL: SHOW COLUMNS FROM `es_pmgroup` [ RunTime:0.0020s ]
SQL: SELECT `indirectleaders` FROM `es_pmgroup` WHERE `id` = 4 LIMIT 1   [ RunTime:0.0000s ]
INFO: [ view_parse ] --START--
INFO: [ template_filter ] --START--
INFO: Run Behavior\ContentReplaceBehavior [ RunTime:0.001000s ]
INFO: [ template_filter ] --END-- [ RunTime:0.001000s ]
INFO: Run Behavior\ParseTemplateBehavior [ RunTime:0.011000s ]
INFO: [ view_parse ] --END-- [ RunTime:0.011000s ]
INFO: [ view_filter ] --START--
INFO: Run Behavior\WriteHtmlCacheBehavior [ RunTime:0.001000s ]
INFO: [ view_filter ] --END-- [ RunTime:0.001000s ]
INFO: [ app_end ] --START--
INFO: Run Behavior\ShowPageTraceBehavior [ RunTime:0.001000s ]
INFO: [ app_end ] --END-- [ RunTime:0.001000s ]

[ 2016-09-06T21:46:04+08:00 ] ::1 /evaluationSystem/Admin/Performance/setIndirectLeader/id/6?_=1473169564467
INFO: [ app_begin ] --START--
INFO: Run Behavior\ReadHtmlCacheBehavior [ RunTime:0.003000s ]
INFO: [ app_begin ] --END-- [ RunTime:0.004000s ]
SQL: SHOW COLUMNS FROM `es_user` [ RunTime:0.0030s ]
SQL: SELECT * FROM `es_user`  [ RunTime:0.0010s ]
SQL: SHOW COLUMNS FROM `es_pmgroup` [ RunTime:0.0030s ]
SQL: SELECT `indirectleaders` FROM `es_pmgroup` WHERE `id` = 6 LIMIT 1   [ RunTime:0.0010s ]
INFO: [ view_parse ] --START--
INFO: [ template_filter ] --START--
INFO: Run Behavior\ContentReplaceBehavior [ RunTime:0.000000s ]
INFO: [ template_filter ] --END-- [ RunTime:0.000000s ]
INFO: Run Behavior\ParseTemplateBehavior [ RunTime:0.010001s ]
INFO: [ view_parse ] --END-- [ RunTime:0.010001s ]
INFO: [ view_filter ] --START--
INFO: Run Behavior\WriteHtmlCacheBehavior [ RunTime:0.002000s ]
INFO: [ view_filter ] --END-- [ RunTime:0.002000s ]
INFO: [ app_end ] --START--
INFO: Run Behavior\ShowPageTraceBehavior [ RunTime:0.002000s ]
INFO: [ app_end ] --END-- [ RunTime:0.002000s ]

[ 2016-09-06T21:46:08+08:00 ] ::1 /evaluationSystem/Admin/Performance/updateindirectleaders/navTabId/performance/callbackType/closeCurrent
INFO: [ app_begin ] --START--
INFO: Run Behavior\ReadHtmlCacheBehavior [ RunTime:0.002000s ]
INFO: [ app_begin ] --END-- [ RunTime:0.002000s ]
SQL: SHOW COLUMNS FROM `es_pmgroup` [ RunTime:0.0020s ]
SQL: UPDATE `es_pmgroup` SET `indirectleaders`='18|19' WHERE `id` = 6 [ RunTime:0.0860s ]
NOTIC: [8] Undefined index: forwardUrl D:\xampp\htdocs\evaluationSystem\ThinkPHP\Library\Think\Controller.class.php 第 220 行.

[ 2016-09-06T21:46:08+08:00 ] ::1 /evaluationSystem/Admin/Performance/index.html
INFO: [ app_begin ] --START--
INFO: Run Behavior\ReadHtmlCacheBehavior [ RunTime:0.001000s ]
INFO: [ app_begin ] --END-- [ RunTime:0.002001s ]
SQL: SHOW COLUMNS FROM `es_pmgroup` [ RunTime:0.0030s ]
SQL: SELECT * FROM `es_pmgroup`  [ RunTime:0.0000s ]
INFO: [ view_parse ] --START--
INFO: [ template_filter ] --START--
INFO: Run Behavior\ContentReplaceBehavior [ RunTime:0.000000s ]
INFO: [ template_filter ] --END-- [ RunTime:0.000000s ]
NOTIC: [8] Undefined variable: numPerPage D:\xampp\htdocs\evaluationSystem\Application\Runtime\Cache\Admin\639657368133e24453e83761f541339d.php 第 3 行.
NOTIC: [8] Undefined variable: numPerPage D:\xampp\htdocs\evaluationSystem\Application\Runtime\Cache\Admin\639657368133e24453e83761f541339d.php 第 52 行.
NOTIC: [8] Undefined variable: numPerPage D:\xampp\htdocs\evaluationSystem\Application\Runtime\Cache\Admin\639657368133e24453e83761f541339d.php 第 53 行.
NOTIC: [8] Undefined variable: numPerPage D:\xampp\htdocs\evaluationSystem\Application\Runtime\Cache\Admin\639657368133e24453e83761f541339d.php 第 54 行.
NOTIC: [8] Undefined variable: numPerPage D:\xampp\htdocs\evaluationSystem\Application\Runtime\Cache\Admin\639657368133e24453e83761f541339d.php 第 55 行.
NOTIC: [8] Undefined variable: numPerPage D:\xampp\htdocs\evaluationSystem\Application\Runtime\Cache\Admin\639657368133e24453e83761f541339d.php 第 56 行.
NOTIC: [8] Undefined variable: totalCount D:\xampp\htdocs\evaluationSystem\Application\Runtime\Cache\Admin\639657368133e24453e83761f541339d.php 第 58 行.
NOTIC: [8] Undefined variable: totalCount D:\xampp\htdocs\evaluationSystem\Application\Runtime\Cache\Admin\639657368133e24453e83761f541339d.php 第 60 行.
NOTIC: [8] Undefined variable: numPerPage D:\xampp\htdocs\evaluationSystem\Application\Runtime\Cache\Admin\639657368133e24453e83761f541339d.php 第 60 行.
NOTIC: [8] Undefined variable: currentPage D:\xampp\htdocs\evaluationSystem\Application\Runtime\Cache\Admin\639657368133e24453e83761f541339d.php 第 60 行.
INFO: Run Behavior\ParseTemplateBehavior [ RunTime:0.014001s ]
INFO: [ view_parse ] --END-- [ RunTime:0.014001s ]
INFO: [ view_filter ] --START--
INFO: Run Behavior\WriteHtmlCacheBehavior [ RunTime:0.001000s ]
INFO: [ view_filter ] --END-- [ RunTime:0.001000s ]
INFO: [ app_end ] --START--
INFO: Run Behavior\ShowPageTraceBehavior [ RunTime:0.001000s ]
INFO: [ app_end ] --END-- [ RunTime:0.001000s ]

[ 2016-09-06T21:46:11+08:00 ] ::1 /evaluationSystem/Admin/Performance/setIndirectLeader/id/6?_=1473169571450
INFO: [ app_begin ] --START--
INFO: Run Behavior\ReadHtmlCacheBehavior [ RunTime:0.002000s ]
INFO: [ app_begin ] --END-- [ RunTime:0.002000s ]
SQL: SHOW COLUMNS FROM `es_user` [ RunTime:0.0030s ]
SQL: SELECT * FROM `es_user`  [ RunTime:0.0010s ]
SQL: SHOW COLUMNS FROM `es_pmgroup` [ RunTime:0.0040s ]
SQL: SELECT `indirectleaders` FROM `es_pmgroup` WHERE `id` = 6 LIMIT 1   [ RunTime:0.0010s ]
INFO: [ view_parse ] --START--
INFO: [ template_filter ] --START--
INFO: Run Behavior\ContentReplaceBehavior [ RunTime:0.000000s ]
INFO: [ template_filter ] --END-- [ RunTime:0.000000s ]
INFO: Run Behavior\ParseTemplateBehavior [ RunTime:0.010001s ]
INFO: [ view_parse ] --END-- [ RunTime:0.010001s ]
INFO: [ view_filter ] --START--
INFO: Run Behavior\WriteHtmlCacheBehavior [ RunTime:0.002000s ]
INFO: [ view_filter ] --END-- [ RunTime:0.002000s ]
INFO: [ app_end ] --START--
INFO: Run Behavior\ShowPageTraceBehavior [ RunTime:0.002000s ]
INFO: [ app_end ] --END-- [ RunTime:0.003000s ]

[ 2016-09-06T21:46:14+08:00 ] ::1 /evaluationSystem/Admin/Performance/setIndirectLeader/id/5?_=1473169574840
INFO: [ app_begin ] --START--
INFO: Run Behavior\ReadHtmlCacheBehavior [ RunTime:0.002000s ]
INFO: [ app_begin ] --END-- [ RunTime:0.002000s ]
SQL: SHOW COLUMNS FROM `es_user` [ RunTime:0.0030s ]
SQL: SELECT * FROM `es_user`  [ RunTime:0.0000s ]
SQL: SHOW COLUMNS FROM `es_pmgroup` [ RunTime:0.0030s ]
SQL: SELECT `indirectleaders` FROM `es_pmgroup` WHERE `id` = 5 LIMIT 1   [ RunTime:0.0000s ]
INFO: [ view_parse ] --START--
INFO: [ template_filter ] --START--
INFO: Run Behavior\ContentReplaceBehavior [ RunTime:0.000000s ]
INFO: [ template_filter ] --END-- [ RunTime:0.000000s ]
INFO: Run Behavior\ParseTemplateBehavior [ RunTime:0.009001s ]
INFO: [ view_parse ] --END-- [ RunTime:0.009001s ]
INFO: [ view_filter ] --START--
INFO: Run Behavior\WriteHtmlCacheBehavior [ RunTime:0.002000s ]
INFO: [ view_filter ] --END-- [ RunTime:0.002000s ]
INFO: [ app_end ] --START--
INFO: Run Behavior\ShowPageTraceBehavior [ RunTime:0.001000s ]
INFO: [ app_end ] --END-- [ RunTime:0.001000s ]

[ 2016-09-06T21:47:01+08:00 ] ::1 /evaluationSystem/admin/Login/logout
INFO: [ app_begin ] --START--
INFO: Run Behavior\ReadHtmlCacheBehavior [ RunTime:0.000000s ]
INFO: [ app_begin ] --END-- [ RunTime:0.001000s ]

