[ 2016-08-22T21:23:34+08:00 ] ::1 /evaluationSystem/Admin/Index/index.html
INFO: [ app_begin ] --START--
INFO: Run Behavior\ReadHtmlCacheBehavior [ RunTime:0.000000s ]
INFO: [ app_begin ] --END-- [ RunTime:0.001000s ]
SQL: SHOW COLUMNS FROM `es_user` [ RunTime:0.0030s ]
SQL: SELECT * FROM `es_user` WHERE `username` = 'admin' LIMIT 1   [ RunTime:0.0000s ]
INFO: [ view_parse ] --START--
INFO: [ template_filter ] --START--
INFO: Run Behavior\ContentReplaceBehavior [ RunTime:0.000000s ]
INFO: [ template_filter ] --END-- [ RunTime:0.000000s ]
INFO: Run Behavior\ParseTemplateBehavior [ RunTime:0.018001s ]
INFO: [ view_parse ] --END-- [ RunTime:0.018001s ]
INFO: [ view_filter ] --START--
INFO: Run Behavior\WriteHtmlCacheBehavior [ RunTime:0.000000s ]
INFO: [ view_filter ] --END-- [ RunTime:0.000000s ]
INFO: [ app_end ] --START--
INFO: Run Behavior\ShowPageTraceBehavior [ RunTime:0.001000s ]
INFO: [ app_end ] --END-- [ RunTime:0.001000s ]

[ 2016-08-22T21:23:37+08:00 ] ::1 /evaluationSystem/Admin/Rbacuser/index.html?_=1471872217790
INFO: [ app_begin ] --START--
INFO: Run Behavior\ReadHtmlCacheBehavior [ RunTime:0.000000s ]
INFO: [ app_begin ] --END-- [ RunTime:0.000000s ]
SQL: SHOW COLUMNS FROM `es_user` [ RunTime:0.0020s ]
SQL: SELECT `id`,`username`,`phone`,`position`,`showname`,`directleader`,`deptid`,`enrolldate`,`islock`,`logintime`,`loginip`,`inserttime`,`lastmodifytime` FROM `es_user`  [ RunTime:0.0000s ]
SQL: SHOW COLUMNS FROM `es_role` [ RunTime:0.0010s ]
NOTIC: [8] Undefined index: mapping_order D:\xampp\htdocs\evaluationSystem\ThinkPHP\Library\Think\Model\RelationModel.class.php 第 186 行.
NOTIC: [8] Undefined index: mapping_limit D:\xampp\htdocs\evaluationSystem\ThinkPHP\Library\Think\Model\RelationModel.class.php 第 187 行.
NOTIC: [8] Undefined index: relation_foreign_key D:\xampp\htdocs\evaluationSystem\ThinkPHP\Library\Think\Model\RelationModel.class.php 第 188 行.
SQL: SELECT b.id,name,remark FROM es_role_user AS a, es_role AS b WHERE a.role_id = b.id AND a. user_id='1' [ RunTime:0.0000s ]
NOTIC: [8] Undefined index: mapping_order D:\xampp\htdocs\evaluationSystem\ThinkPHP\Library\Think\Model\RelationModel.class.php 第 186 行.
NOTIC: [8] Undefined index: mapping_limit D:\xampp\htdocs\evaluationSystem\ThinkPHP\Library\Think\Model\RelationModel.class.php 第 187 行.
NOTIC: [8] Undefined index: relation_foreign_key D:\xampp\htdocs\evaluationSystem\ThinkPHP\Library\Think\Model\RelationModel.class.php 第 188 行.
SQL: SELECT b.id,name,remark FROM es_role_user AS a, es_role AS b WHERE a.role_id = b.id AND a. user_id='17' [ RunTime:0.0010s ]
NOTIC: [8] Undefined index: mapping_order D:\xampp\htdocs\evaluationSystem\ThinkPHP\Library\Think\Model\RelationModel.class.php 第 186 行.
NOTIC: [8] Undefined index: mapping_limit D:\xampp\htdocs\evaluationSystem\ThinkPHP\Library\Think\Model\RelationModel.class.php 第 187 行.
NOTIC: [8] Undefined index: relation_foreign_key D:\xampp\htdocs\evaluationSystem\ThinkPHP\Library\Think\Model\RelationModel.class.php 第 188 行.
SQL: SELECT b.id,name,remark FROM es_role_user AS a, es_role AS b WHERE a.role_id = b.id AND a. user_id='18' [ RunTime:0.0000s ]
NOTIC: [8] Undefined index: mapping_order D:\xampp\htdocs\evaluationSystem\ThinkPHP\Library\Think\Model\RelationModel.class.php 第 186 行.
NOTIC: [8] Undefined index: mapping_limit D:\xampp\htdocs\evaluationSystem\ThinkPHP\Library\Think\Model\RelationModel.class.php 第 187 行.
NOTIC: [8] Undefined index: relation_foreign_key D:\xampp\htdocs\evaluationSystem\ThinkPHP\Library\Think\Model\RelationModel.class.php 第 188 行.
SQL: SELECT b.id,name,remark FROM es_role_user AS a, es_role AS b WHERE a.role_id = b.id AND a. user_id='19' [ RunTime:0.0000s ]
INFO: [ view_parse ] --START--
INFO: [ template_filter ] --START--
INFO: Run Behavior\ContentReplaceBehavior [ RunTime:0.001000s ]
INFO: [ template_filter ] --END-- [ RunTime:0.001000s ]
NOTIC: [8] Undefined variable: numPerPage D:\xampp\htdocs\evaluationSystem\Application\Runtime\Cache\Admin\22e12eaff75c3165acdc65ab8338079c.php 第 3 行.
NOTIC: [8] Undefined index: _order D:\xampp\htdocs\evaluationSystem\Application\Runtime\Cache\Admin\22e12eaff75c3165acdc65ab8338079c.php 第 4 行.
NOTIC: [8] Undefined index: _sort D:\xampp\htdocs\evaluationSystem\Application\Runtime\Cache\Admin\22e12eaff75c3165acdc65ab8338079c.php 第 5 行.
NOTIC: [8] Use of undefined constant admin - assumed 'admin' D:\xampp\htdocs\evaluationSystem\Application\Runtime\Cache\Admin\22e12eaff75c3165acdc65ab8338079c.php 第 68 行.
NOTIC: [8] Use of undefined constant admin - assumed 'admin' D:\xampp\htdocs\evaluationSystem\Application\Runtime\Cache\Admin\22e12eaff75c3165acdc65ab8338079c.php 第 68 行.
NOTIC: [8] Use of undefined constant admin - assumed 'admin' D:\xampp\htdocs\evaluationSystem\Application\Runtime\Cache\Admin\22e12eaff75c3165acdc65ab8338079c.php 第 68 行.
NOTIC: [8] Use of undefined constant admin - assumed 'admin' D:\xampp\htdocs\evaluationSystem\Application\Runtime\Cache\Admin\22e12eaff75c3165acdc65ab8338079c.php 第 68 行.
NOTIC: [8] Undefined variable: numPerPage D:\xampp\htdocs\evaluationSystem\Application\Runtime\Cache\Admin\22e12eaff75c3165acdc65ab8338079c.php 第 79 行.
NOTIC: [8] Undefined variable: numPerPage D:\xampp\htdocs\evaluationSystem\Application\Runtime\Cache\Admin\22e12eaff75c3165acdc65ab8338079c.php 第 80 行.
NOTIC: [8] Undefined variable: numPerPage D:\xampp\htdocs\evaluationSystem\Application\Runtime\Cache\Admin\22e12eaff75c3165acdc65ab8338079c.php 第 81 行.
NOTIC: [8] Undefined variable: numPerPage D:\xampp\htdocs\evaluationSystem\Application\Runtime\Cache\Admin\22e12eaff75c3165acdc65ab8338079c.php 第 82 行.
NOTIC: [8] Undefined variable: numPerPage D:\xampp\htdocs\evaluationSystem\Application\Runtime\Cache\Admin\22e12eaff75c3165acdc65ab8338079c.php 第 83 行.
NOTIC: [8] Undefined variable: totalCount D:\xampp\htdocs\evaluationSystem\Application\Runtime\Cache\Admin\22e12eaff75c3165acdc65ab8338079c.php 第 85 行.
NOTIC: [8] Undefined variable: totalCount D:\xampp\htdocs\evaluationSystem\Application\Runtime\Cache\Admin\22e12eaff75c3165acdc65ab8338079c.php 第 87 行.
NOTIC: [8] Undefined variable: numPerPage D:\xampp\htdocs\evaluationSystem\Application\Runtime\Cache\Admin\22e12eaff75c3165acdc65ab8338079c.php 第 87 行.
NOTIC: [8] Undefined variable: currentPage D:\xampp\htdocs\evaluationSystem\Application\Runtime\Cache\Admin\22e12eaff75c3165acdc65ab8338079c.php 第 87 行.
INFO: Run Behavior\ParseTemplateBehavior [ RunTime:0.042003s ]
INFO: [ view_parse ] --END-- [ RunTime:0.042003s ]
INFO: [ view_filter ] --START--
INFO: Run Behavior\WriteHtmlCacheBehavior [ RunTime:0.001000s ]
INFO: [ view_filter ] --END-- [ RunTime:0.001000s ]
INFO: [ app_end ] --START--
INFO: Run Behavior\ShowPageTraceBehavior [ RunTime:0.000000s ]
INFO: [ app_end ] --END-- [ RunTime:0.000000s ]

[ 2016-08-22T21:23:51+08:00 ] ::1 /evaluationSystem/admin/Login/logout
INFO: [ app_begin ] --START--
INFO: Run Behavior\ReadHtmlCacheBehavior [ RunTime:0.001000s ]
INFO: [ app_begin ] --END-- [ RunTime:0.001000s ]

