[ 2016-08-09T21:12:09+08:00 ] ::1 /evaluationSystem/admin/Login/logout
INFO: [ app_begin ] --START--
INFO: Run Behavior\ReadHtmlCacheBehavior [ RunTime:0.001000s ]
INFO: [ app_begin ] --END-- [ RunTime:0.001000s ]

[ 2016-08-09T21:28:13+08:00 ] ::1 /evaluationSystem/Admin/Index/index.html
INFO: [ app_begin ] --START--
INFO: Run Behavior\ReadHtmlCacheBehavior [ RunTime:0.001000s ]
INFO: [ app_begin ] --END-- [ RunTime:0.001000s ]
SQL: SHOW COLUMNS FROM `es_user` [ RunTime:0.0040s ]
SQL: SELECT * FROM `es_user` WHERE `username` = 'admin' LIMIT 1   [ RunTime:0.0000s ]
INFO: [ view_parse ] --START--
INFO: [ template_filter ] --START--
INFO: Run Behavior\ContentReplaceBehavior [ RunTime:0.000000s ]
INFO: [ template_filter ] --END-- [ RunTime:0.000000s ]
INFO: Run Behavior\ParseTemplateBehavior [ RunTime:0.017001s ]
INFO: [ view_parse ] --END-- [ RunTime:0.017001s ]
INFO: [ view_filter ] --START--
INFO: Run Behavior\WriteHtmlCacheBehavior [ RunTime:0.000000s ]
INFO: [ view_filter ] --END-- [ RunTime:0.000000s ]
INFO: [ app_end ] --START--
INFO: Run Behavior\ShowPageTraceBehavior [ RunTime:0.000000s ]
INFO: [ app_end ] --END-- [ RunTime:0.000000s ]

[ 2016-08-09T21:28:20+08:00 ] ::1 /evaluationSystem/Admin/Index/index.html
INFO: [ app_begin ] --START--
INFO: Run Behavior\ReadHtmlCacheBehavior [ RunTime:0.001000s ]
INFO: [ app_begin ] --END-- [ RunTime:0.002000s ]
SQL: SHOW COLUMNS FROM `es_user` [ RunTime:0.0030s ]
SQL: SELECT * FROM `es_user` WHERE `username` = 'admin' LIMIT 1   [ RunTime:0.0000s ]
INFO: [ view_parse ] --START--
INFO: [ template_filter ] --START--
INFO: Run Behavior\ContentReplaceBehavior [ RunTime:0.000000s ]
INFO: [ template_filter ] --END-- [ RunTime:0.000000s ]
INFO: Run Behavior\ParseTemplateBehavior [ RunTime:0.015000s ]
INFO: [ view_parse ] --END-- [ RunTime:0.015000s ]
INFO: [ view_filter ] --START--
INFO: Run Behavior\WriteHtmlCacheBehavior [ RunTime:0.000000s ]
INFO: [ view_filter ] --END-- [ RunTime:0.000000s ]
INFO: [ app_end ] --START--
INFO: Run Behavior\ShowPageTraceBehavior [ RunTime:0.001001s ]
INFO: [ app_end ] --END-- [ RunTime:0.001001s ]

[ 2016-08-09T21:28:25+08:00 ] ::1 /evaluationSystem/Admin/Assessgroup/index.html?_=1470749305108
INFO: [ app_begin ] --START--
INFO: Run Behavior\ReadHtmlCacheBehavior [ RunTime:0.015600s ]
INFO: [ app_begin ] --END-- [ RunTime:0.015600s ]
SQL: SHOW COLUMNS FROM `es_assessgroup` [ RunTime:0.0050s ]
SQL: SELECT * FROM `es_assessgroup`  [ RunTime:0.0000s ]
INFO: [ view_parse ] --START--
INFO: [ template_filter ] --START--
INFO: Run Behavior\ContentReplaceBehavior [ RunTime:0.000000s ]
INFO: [ template_filter ] --END-- [ RunTime:0.000000s ]
NOTIC: [8] Undefined variable: numPerPage D:\xampp\htdocs\evaluationSystem\Application\Runtime\Cache\Admin\5ff8c2219647bfe3626bf6d219719e3e.php 第 3 行.
NOTIC: [8] Undefined index: _order D:\xampp\htdocs\evaluationSystem\Application\Runtime\Cache\Admin\5ff8c2219647bfe3626bf6d219719e3e.php 第 4 行.
NOTIC: [8] Undefined index: _sort D:\xampp\htdocs\evaluationSystem\Application\Runtime\Cache\Admin\5ff8c2219647bfe3626bf6d219719e3e.php 第 5 行.
NOTIC: [8] Undefined variable: numPerPage D:\xampp\htdocs\evaluationSystem\Application\Runtime\Cache\Admin\5ff8c2219647bfe3626bf6d219719e3e.php 第 46 行.
NOTIC: [8] Undefined variable: numPerPage D:\xampp\htdocs\evaluationSystem\Application\Runtime\Cache\Admin\5ff8c2219647bfe3626bf6d219719e3e.php 第 47 行.
NOTIC: [8] Undefined variable: numPerPage D:\xampp\htdocs\evaluationSystem\Application\Runtime\Cache\Admin\5ff8c2219647bfe3626bf6d219719e3e.php 第 48 行.
NOTIC: [8] Undefined variable: numPerPage D:\xampp\htdocs\evaluationSystem\Application\Runtime\Cache\Admin\5ff8c2219647bfe3626bf6d219719e3e.php 第 49 行.
NOTIC: [8] Undefined variable: numPerPage D:\xampp\htdocs\evaluationSystem\Application\Runtime\Cache\Admin\5ff8c2219647bfe3626bf6d219719e3e.php 第 50 行.
NOTIC: [8] Undefined variable: totalCount D:\xampp\htdocs\evaluationSystem\Application\Runtime\Cache\Admin\5ff8c2219647bfe3626bf6d219719e3e.php 第 52 行.
NOTIC: [8] Undefined variable: totalCount D:\xampp\htdocs\evaluationSystem\Application\Runtime\Cache\Admin\5ff8c2219647bfe3626bf6d219719e3e.php 第 54 行.
NOTIC: [8] Undefined variable: numPerPage D:\xampp\htdocs\evaluationSystem\Application\Runtime\Cache\Admin\5ff8c2219647bfe3626bf6d219719e3e.php 第 54 行.
NOTIC: [8] Undefined variable: currentPage D:\xampp\htdocs\evaluationSystem\Application\Runtime\Cache\Admin\5ff8c2219647bfe3626bf6d219719e3e.php 第 54 行.
INFO: Run Behavior\ParseTemplateBehavior [ RunTime:0.010001s ]
INFO: [ view_parse ] --END-- [ RunTime:0.010001s ]
INFO: [ view_filter ] --START--
INFO: Run Behavior\WriteHtmlCacheBehavior [ RunTime:0.002000s ]
INFO: [ view_filter ] --END-- [ RunTime:0.002000s ]
INFO: [ app_end ] --START--
INFO: Run Behavior\ShowPageTraceBehavior [ RunTime:0.001000s ]
INFO: [ app_end ] --END-- [ RunTime:0.002000s ]

[ 2016-08-09T21:28:26+08:00 ] ::1 /evaluationSystem/Admin/Assessgroup/add?_=1470749306563
INFO: [ app_begin ] --START--
INFO: Run Behavior\ReadHtmlCacheBehavior [ RunTime:0.001000s ]
INFO: [ app_begin ] --END-- [ RunTime:0.001000s ]
INFO: [ view_parse ] --START--
INFO: [ template_filter ] --START--
INFO: Run Behavior\ContentReplaceBehavior [ RunTime:0.000000s ]
INFO: [ template_filter ] --END-- [ RunTime:0.000000s ]
INFO: Run Behavior\ParseTemplateBehavior [ RunTime:0.007000s ]
INFO: [ view_parse ] --END-- [ RunTime:0.007000s ]
INFO: [ view_filter ] --START--
INFO: Run Behavior\WriteHtmlCacheBehavior [ RunTime:0.001000s ]
INFO: [ view_filter ] --END-- [ RunTime:0.001000s ]
INFO: [ app_end ] --START--
INFO: Run Behavior\ShowPageTraceBehavior [ RunTime:0.001000s ]
INFO: [ app_end ] --END-- [ RunTime:0.001000s ]

[ 2016-08-09T21:29:02+08:00 ] ::1 /evaluationSystem/Admin/Index/index.html
INFO: [ app_begin ] --START--
INFO: Run Behavior\ReadHtmlCacheBehavior [ RunTime:0.001001s ]
INFO: [ app_begin ] --END-- [ RunTime:0.002001s ]
SQL: SHOW COLUMNS FROM `es_user` [ RunTime:0.0050s ]
SQL: SELECT * FROM `es_user` WHERE `username` = 'admin' LIMIT 1   [ RunTime:0.0010s ]
INFO: [ view_parse ] --START--
INFO: [ template_filter ] --START--
INFO: Run Behavior\ContentReplaceBehavior [ RunTime:0.000000s ]
INFO: [ template_filter ] --END-- [ RunTime:0.000000s ]
INFO: Run Behavior\ParseTemplateBehavior [ RunTime:0.014001s ]
INFO: [ view_parse ] --END-- [ RunTime:0.014001s ]
INFO: [ view_filter ] --START--
INFO: Run Behavior\WriteHtmlCacheBehavior [ RunTime:0.001000s ]
INFO: [ view_filter ] --END-- [ RunTime:0.001000s ]
INFO: [ app_end ] --START--
INFO: Run Behavior\ShowPageTraceBehavior [ RunTime:0.001000s ]
INFO: [ app_end ] --END-- [ RunTime:0.001000s ]

[ 2016-08-09T21:29:06+08:00 ] ::1 /evaluationSystem/Admin/Assessgroup/index.html?_=1470749346362
INFO: [ app_begin ] --START--
INFO: Run Behavior\ReadHtmlCacheBehavior [ RunTime:0.001000s ]
INFO: [ app_begin ] --END-- [ RunTime:0.001000s ]
SQL: SHOW COLUMNS FROM `es_assessgroup` [ RunTime:0.0030s ]
SQL: SELECT * FROM `es_assessgroup`  [ RunTime:0.0000s ]
INFO: [ view_parse ] --START--
INFO: [ template_filter ] --START--
INFO: Run Behavior\ContentReplaceBehavior [ RunTime:0.000000s ]
INFO: [ template_filter ] --END-- [ RunTime:0.001000s ]
NOTIC: [8] Undefined variable: numPerPage D:\xampp\htdocs\evaluationSystem\Application\Runtime\Cache\Admin\5ff8c2219647bfe3626bf6d219719e3e.php 第 3 行.
NOTIC: [8] Undefined index: _order D:\xampp\htdocs\evaluationSystem\Application\Runtime\Cache\Admin\5ff8c2219647bfe3626bf6d219719e3e.php 第 4 行.
NOTIC: [8] Undefined index: _sort D:\xampp\htdocs\evaluationSystem\Application\Runtime\Cache\Admin\5ff8c2219647bfe3626bf6d219719e3e.php 第 5 行.
NOTIC: [8] Undefined variable: numPerPage D:\xampp\htdocs\evaluationSystem\Application\Runtime\Cache\Admin\5ff8c2219647bfe3626bf6d219719e3e.php 第 46 行.
NOTIC: [8] Undefined variable: numPerPage D:\xampp\htdocs\evaluationSystem\Application\Runtime\Cache\Admin\5ff8c2219647bfe3626bf6d219719e3e.php 第 47 行.
NOTIC: [8] Undefined variable: numPerPage D:\xampp\htdocs\evaluationSystem\Application\Runtime\Cache\Admin\5ff8c2219647bfe3626bf6d219719e3e.php 第 48 行.
NOTIC: [8] Undefined variable: numPerPage D:\xampp\htdocs\evaluationSystem\Application\Runtime\Cache\Admin\5ff8c2219647bfe3626bf6d219719e3e.php 第 49 行.
NOTIC: [8] Undefined variable: numPerPage D:\xampp\htdocs\evaluationSystem\Application\Runtime\Cache\Admin\5ff8c2219647bfe3626bf6d219719e3e.php 第 50 行.
NOTIC: [8] Undefined variable: totalCount D:\xampp\htdocs\evaluationSystem\Application\Runtime\Cache\Admin\5ff8c2219647bfe3626bf6d219719e3e.php 第 52 行.
NOTIC: [8] Undefined variable: totalCount D:\xampp\htdocs\evaluationSystem\Application\Runtime\Cache\Admin\5ff8c2219647bfe3626bf6d219719e3e.php 第 54 行.
NOTIC: [8] Undefined variable: numPerPage D:\xampp\htdocs\evaluationSystem\Application\Runtime\Cache\Admin\5ff8c2219647bfe3626bf6d219719e3e.php 第 54 行.
NOTIC: [8] Undefined variable: currentPage D:\xampp\htdocs\evaluationSystem\Application\Runtime\Cache\Admin\5ff8c2219647bfe3626bf6d219719e3e.php 第 54 行.
INFO: Run Behavior\ParseTemplateBehavior [ RunTime:0.009000s ]
INFO: [ view_parse ] --END-- [ RunTime:0.009000s ]
INFO: [ view_filter ] --START--
INFO: Run Behavior\WriteHtmlCacheBehavior [ RunTime:0.001000s ]
INFO: [ view_filter ] --END-- [ RunTime:0.001000s ]
INFO: [ app_end ] --START--
INFO: Run Behavior\ShowPageTraceBehavior [ RunTime:0.001000s ]
INFO: [ app_end ] --END-- [ RunTime:0.001000s ]

[ 2016-08-09T21:29:07+08:00 ] ::1 /evaluationSystem/Admin/Assessgroup/add?_=1470749347492
INFO: [ app_begin ] --START--
INFO: Run Behavior\ReadHtmlCacheBehavior [ RunTime:0.001000s ]
INFO: [ app_begin ] --END-- [ RunTime:0.001000s ]
INFO: [ view_parse ] --START--
INFO: [ template_filter ] --START--
INFO: Run Behavior\ContentReplaceBehavior [ RunTime:0.000000s ]
INFO: [ template_filter ] --END-- [ RunTime:0.000000s ]
INFO: Run Behavior\ParseTemplateBehavior [ RunTime:0.007000s ]
INFO: [ view_parse ] --END-- [ RunTime:0.007000s ]
INFO: [ view_filter ] --START--
INFO: Run Behavior\WriteHtmlCacheBehavior [ RunTime:0.000000s ]
INFO: [ view_filter ] --END-- [ RunTime:0.000000s ]
INFO: [ app_end ] --START--
INFO: Run Behavior\ShowPageTraceBehavior [ RunTime:0.001000s ]
INFO: [ app_end ] --END-- [ RunTime:0.001000s ]

[ 2016-08-09T21:30:01+08:00 ] ::1 /evaluationSystem/Admin/Assessgroup/edit/id/1?_=1470749401759
INFO: [ app_begin ] --START--
INFO: Run Behavior\ReadHtmlCacheBehavior [ RunTime:0.001000s ]
INFO: [ app_begin ] --END-- [ RunTime:0.002000s ]
SQL: SHOW COLUMNS FROM `es_assessgroup` [ RunTime:0.0020s ]
SQL: SELECT * FROM `es_assessgroup` WHERE `id` = 1 LIMIT 1   [ RunTime:0.0010s ]
INFO: [ view_parse ] --START--
INFO: [ template_filter ] --START--
INFO: Run Behavior\ContentReplaceBehavior [ RunTime:0.000000s ]
INFO: [ template_filter ] --END-- [ RunTime:0.000000s ]
INFO: Run Behavior\ParseTemplateBehavior [ RunTime:0.008001s ]
INFO: [ view_parse ] --END-- [ RunTime:0.008001s ]
INFO: [ view_filter ] --START--
INFO: Run Behavior\WriteHtmlCacheBehavior [ RunTime:0.000000s ]
INFO: [ view_filter ] --END-- [ RunTime:0.001000s ]
INFO: [ app_end ] --START--
INFO: Run Behavior\ShowPageTraceBehavior [ RunTime:0.000000s ]
INFO: [ app_end ] --END-- [ RunTime:0.000000s ]

[ 2016-08-09T21:30:58+08:00 ] ::1 /evaluationSystem/Admin/Assessgroup/index.html?_=1470749457927
INFO: [ app_begin ] --START--
INFO: Run Behavior\ReadHtmlCacheBehavior [ RunTime:0.002000s ]
INFO: [ app_begin ] --END-- [ RunTime:0.003000s ]
SQL: SHOW COLUMNS FROM `es_assessgroup` [ RunTime:0.0030s ]
SQL: SELECT * FROM `es_assessgroup`  [ RunTime:0.0010s ]
INFO: [ view_parse ] --START--
INFO: [ template_filter ] --START--
INFO: Run Behavior\ContentReplaceBehavior [ RunTime:0.000000s ]
INFO: [ template_filter ] --END-- [ RunTime:0.000000s ]
NOTIC: [8] Undefined variable: numPerPage D:\xampp\htdocs\evaluationSystem\Application\Runtime\Cache\Admin\5ff8c2219647bfe3626bf6d219719e3e.php 第 3 行.
NOTIC: [8] Undefined index: _order D:\xampp\htdocs\evaluationSystem\Application\Runtime\Cache\Admin\5ff8c2219647bfe3626bf6d219719e3e.php 第 4 行.
NOTIC: [8] Undefined index: _sort D:\xampp\htdocs\evaluationSystem\Application\Runtime\Cache\Admin\5ff8c2219647bfe3626bf6d219719e3e.php 第 5 行.
NOTIC: [8] Undefined variable: numPerPage D:\xampp\htdocs\evaluationSystem\Application\Runtime\Cache\Admin\5ff8c2219647bfe3626bf6d219719e3e.php 第 50 行.
NOTIC: [8] Undefined variable: numPerPage D:\xampp\htdocs\evaluationSystem\Application\Runtime\Cache\Admin\5ff8c2219647bfe3626bf6d219719e3e.php 第 51 行.
NOTIC: [8] Undefined variable: numPerPage D:\xampp\htdocs\evaluationSystem\Application\Runtime\Cache\Admin\5ff8c2219647bfe3626bf6d219719e3e.php 第 52 行.
NOTIC: [8] Undefined variable: numPerPage D:\xampp\htdocs\evaluationSystem\Application\Runtime\Cache\Admin\5ff8c2219647bfe3626bf6d219719e3e.php 第 53 行.
NOTIC: [8] Undefined variable: numPerPage D:\xampp\htdocs\evaluationSystem\Application\Runtime\Cache\Admin\5ff8c2219647bfe3626bf6d219719e3e.php 第 54 行.
NOTIC: [8] Undefined variable: totalCount D:\xampp\htdocs\evaluationSystem\Application\Runtime\Cache\Admin\5ff8c2219647bfe3626bf6d219719e3e.php 第 56 行.
NOTIC: [8] Undefined variable: totalCount D:\xampp\htdocs\evaluationSystem\Application\Runtime\Cache\Admin\5ff8c2219647bfe3626bf6d219719e3e.php 第 58 行.
NOTIC: [8] Undefined variable: numPerPage D:\xampp\htdocs\evaluationSystem\Application\Runtime\Cache\Admin\5ff8c2219647bfe3626bf6d219719e3e.php 第 58 行.
NOTIC: [8] Undefined variable: currentPage D:\xampp\htdocs\evaluationSystem\Application\Runtime\Cache\Admin\5ff8c2219647bfe3626bf6d219719e3e.php 第 58 行.
INFO: Run Behavior\ParseTemplateBehavior [ RunTime:0.008000s ]
INFO: [ view_parse ] --END-- [ RunTime:0.008000s ]
INFO: [ view_filter ] --START--
INFO: Run Behavior\WriteHtmlCacheBehavior [ RunTime:0.000000s ]
INFO: [ view_filter ] --END-- [ RunTime:0.000000s ]
INFO: [ app_end ] --START--
INFO: Run Behavior\ShowPageTraceBehavior [ RunTime:0.001000s ]
INFO: [ app_end ] --END-- [ RunTime:0.001000s ]

[ 2016-08-09T21:31:21+08:00 ] ::1 /evaluationSystem/Admin/Assessgroup/memberedit/groupid/1.html?_=1470749481796
INFO: [ app_begin ] --START--
INFO: Run Behavior\ReadHtmlCacheBehavior [ RunTime:0.001000s ]
INFO: [ app_begin ] --END-- [ RunTime:0.001000s ]
SQL: SHOW COLUMNS FROM `es_user` [ RunTime:0.0050s ]
SQL: SHOW COLUMNS FROM `es_group_user` [ RunTime:0.0020s ]
SQL: SELECT * FROM `es_user`  [ RunTime:0.0000s ]
SQL: SELECT `userid` FROM `es_group_user` WHERE `groupid` = 1  [ RunTime:0.0010s ]
INFO: [ view_parse ] --START--
INFO: [ template_filter ] --START--
INFO: Run Behavior\ContentReplaceBehavior [ RunTime:0.000000s ]
INFO: [ template_filter ] --END-- [ RunTime:0.000000s ]
INFO: Run Behavior\ParseTemplateBehavior [ RunTime:0.009000s ]
INFO: [ view_parse ] --END-- [ RunTime:0.009000s ]
INFO: [ view_filter ] --START--
INFO: Run Behavior\WriteHtmlCacheBehavior [ RunTime:0.001000s ]
INFO: [ view_filter ] --END-- [ RunTime:0.001000s ]
INFO: [ app_end ] --START--
INFO: Run Behavior\ShowPageTraceBehavior [ RunTime:0.001000s ]
INFO: [ app_end ] --END-- [ RunTime:0.001000s ]

[ 2016-08-09T21:32:06+08:00 ] ::1 /evaluationSystem/admin/Login/logout
INFO: [ app_begin ] --START--
INFO: Run Behavior\ReadHtmlCacheBehavior [ RunTime:0.001000s ]
INFO: [ app_begin ] --END-- [ RunTime:0.001000s ]

