[ 2016-09-05T21:06:08+08:00 ] ::1 /evaluationSystem/Admin/Index/index.html
INFO: [ app_begin ] --START--
INFO: Run Behavior\ReadHtmlCacheBehavior [ RunTime:0.000000s ]
INFO: [ app_begin ] --END-- [ RunTime:0.001000s ]
SQL: SHOW COLUMNS FROM `es_user` [ RunTime:0.0020s ]
SQL: SELECT * FROM `es_user` WHERE `username` = 'admin' LIMIT 1   [ RunTime:0.0010s ]
INFO: [ view_parse ] --START--
INFO: [ template_filter ] --START--
INFO: Run Behavior\ContentReplaceBehavior [ RunTime:0.000000s ]
INFO: [ template_filter ] --END-- [ RunTime:0.000000s ]
INFO: Run Behavior\ParseTemplateBehavior [ RunTime:0.016001s ]
INFO: [ view_parse ] --END-- [ RunTime:0.016001s ]
INFO: [ view_filter ] --START--
INFO: Run Behavior\WriteHtmlCacheBehavior [ RunTime:0.001000s ]
INFO: [ view_filter ] --END-- [ RunTime:0.001000s ]
INFO: [ app_end ] --START--
INFO: Run Behavior\ShowPageTraceBehavior [ RunTime:0.001000s ]
INFO: [ app_end ] --END-- [ RunTime:0.001000s ]

[ 2016-09-05T21:06:12+08:00 ] ::1 /evaluationSystem/Admin/Performance/index.html?_=1473080772867
INFO: [ app_begin ] --START--
INFO: Run Behavior\ReadHtmlCacheBehavior [ RunTime:0.001000s ]
INFO: [ app_begin ] --END-- [ RunTime:0.004000s ]
SQL: SHOW COLUMNS FROM `es_pmgroup` [ RunTime:0.0020s ]
SQL: SELECT * FROM `es_pmgroup`  [ RunTime:0.0010s ]
INFO: [ view_parse ] --START--
INFO: [ template_filter ] --START--
INFO: Run Behavior\ContentReplaceBehavior [ RunTime:0.000000s ]
INFO: [ template_filter ] --END-- [ RunTime:0.000000s ]
NOTIC: [8] Undefined variable: numPerPage D:\xampp\htdocs\evaluationSystem\Application\Runtime\Cache\Admin\639657368133e24453e83761f541339d.php 第 3 行.
NOTIC: [8] Undefined index: _order D:\xampp\htdocs\evaluationSystem\Application\Runtime\Cache\Admin\639657368133e24453e83761f541339d.php 第 4 行.
NOTIC: [8] Undefined index: _sort D:\xampp\htdocs\evaluationSystem\Application\Runtime\Cache\Admin\639657368133e24453e83761f541339d.php 第 5 行.
NOTIC: [8] Undefined variable: numPerPage D:\xampp\htdocs\evaluationSystem\Application\Runtime\Cache\Admin\639657368133e24453e83761f541339d.php 第 51 行.
NOTIC: [8] Undefined variable: numPerPage D:\xampp\htdocs\evaluationSystem\Application\Runtime\Cache\Admin\639657368133e24453e83761f541339d.php 第 52 行.
NOTIC: [8] Undefined variable: numPerPage D:\xampp\htdocs\evaluationSystem\Application\Runtime\Cache\Admin\639657368133e24453e83761f541339d.php 第 53 行.
NOTIC: [8] Undefined variable: numPerPage D:\xampp\htdocs\evaluationSystem\Application\Runtime\Cache\Admin\639657368133e24453e83761f541339d.php 第 54 行.
NOTIC: [8] Undefined variable: numPerPage D:\xampp\htdocs\evaluationSystem\Application\Runtime\Cache\Admin\639657368133e24453e83761f541339d.php 第 55 行.
NOTIC: [8] Undefined variable: totalCount D:\xampp\htdocs\evaluationSystem\Application\Runtime\Cache\Admin\639657368133e24453e83761f541339d.php 第 57 行.
NOTIC: [8] Undefined variable: totalCount D:\xampp\htdocs\evaluationSystem\Application\Runtime\Cache\Admin\639657368133e24453e83761f541339d.php 第 59 行.
NOTIC: [8] Undefined variable: numPerPage D:\xampp\htdocs\evaluationSystem\Application\Runtime\Cache\Admin\639657368133e24453e83761f541339d.php 第 59 行.
NOTIC: [8] Undefined variable: currentPage D:\xampp\htdocs\evaluationSystem\Application\Runtime\Cache\Admin\639657368133e24453e83761f541339d.php 第 59 行.
INFO: Run Behavior\ParseTemplateBehavior [ RunTime:0.009001s ]
INFO: [ view_parse ] --END-- [ RunTime:0.009001s ]
INFO: [ view_filter ] --START--
INFO: Run Behavior\WriteHtmlCacheBehavior [ RunTime:0.000000s ]
INFO: [ view_filter ] --END-- [ RunTime:0.000000s ]
INFO: [ app_end ] --START--
INFO: Run Behavior\ShowPageTraceBehavior [ RunTime:0.000000s ]
INFO: [ app_end ] --END-- [ RunTime:0.000000s ]

[ 2016-09-05T21:06:17+08:00 ] ::1 /evaluationSystem/Admin/Performance/setDay?_=1473080777688
INFO: [ app_begin ] --START--
INFO: Run Behavior\ReadHtmlCacheBehavior [ RunTime:0.001000s ]
INFO: [ app_begin ] --END-- [ RunTime:0.001000s ]
SQL: SHOW COLUMNS FROM `es_pmgroup` [ RunTime:0.0030s ]
SQL: SELECT `startday` FROM `es_pmgroup` LIMIT 1   [ RunTime:0.0010s ]
INFO: [ view_parse ] --START--
INFO: [ template_filter ] --START--
INFO: Run Behavior\ContentReplaceBehavior [ RunTime:0.000000s ]
INFO: [ template_filter ] --END-- [ RunTime:0.000000s ]
INFO: Run Behavior\ParseTemplateBehavior [ RunTime:0.007000s ]
INFO: [ view_parse ] --END-- [ RunTime:0.007000s ]
INFO: [ view_filter ] --START--
INFO: Run Behavior\WriteHtmlCacheBehavior [ RunTime:0.000000s ]
INFO: [ view_filter ] --END-- [ RunTime:0.000000s ]
INFO: [ app_end ] --START--
INFO: Run Behavior\ShowPageTraceBehavior [ RunTime:0.001000s ]
INFO: [ app_end ] --END-- [ RunTime:0.001000s ]

[ 2016-09-05T21:06:28+08:00 ] ::1 /evaluationSystem/Admin/Performance/saveStartDay/navTabId/performance/callbackType/closeCurrent
INFO: [ app_begin ] --START--
INFO: Run Behavior\ReadHtmlCacheBehavior [ RunTime:0.001000s ]
INFO: [ app_begin ] --END-- [ RunTime:0.001000s ]
SQL: SHOW COLUMNS FROM `es_pmgroup` [ RunTime:0.0030s ]
SQL: SELECT `id` FROM `es_pmgroup`  [ RunTime:0.0010s ]
SQL: UPDATE `es_pmgroup` SET `startday`='1' WHERE `id` = 4 [ RunTime:0.0690s ]
SQL: UPDATE `es_pmgroup` SET `startday`='1' WHERE `id` = 5 [ RunTime:0.0620s ]
SQL: UPDATE `es_pmgroup` SET `startday`='1' WHERE `id` = 6 [ RunTime:0.0600s ]
NOTIC: [8] Undefined index: forwardUrl D:\xampp\htdocs\evaluationSystem\ThinkPHP\Library\Think\Controller.class.php 第 220 行.

[ 2016-09-05T21:06:28+08:00 ] ::1 /evaluationSystem/Admin/Performance/index.html
INFO: [ app_begin ] --START--
INFO: Run Behavior\ReadHtmlCacheBehavior [ RunTime:0.001000s ]
INFO: [ app_begin ] --END-- [ RunTime:0.001000s ]
SQL: SHOW COLUMNS FROM `es_pmgroup` [ RunTime:0.0030s ]
SQL: SELECT * FROM `es_pmgroup`  [ RunTime:0.0000s ]
INFO: [ view_parse ] --START--
INFO: [ template_filter ] --START--
INFO: Run Behavior\ContentReplaceBehavior [ RunTime:0.000000s ]
INFO: [ template_filter ] --END-- [ RunTime:0.000000s ]
NOTIC: [8] Undefined variable: numPerPage D:\xampp\htdocs\evaluationSystem\Application\Runtime\Cache\Admin\639657368133e24453e83761f541339d.php 第 3 行.
NOTIC: [8] Undefined variable: numPerPage D:\xampp\htdocs\evaluationSystem\Application\Runtime\Cache\Admin\639657368133e24453e83761f541339d.php 第 51 行.
NOTIC: [8] Undefined variable: numPerPage D:\xampp\htdocs\evaluationSystem\Application\Runtime\Cache\Admin\639657368133e24453e83761f541339d.php 第 52 行.
NOTIC: [8] Undefined variable: numPerPage D:\xampp\htdocs\evaluationSystem\Application\Runtime\Cache\Admin\639657368133e24453e83761f541339d.php 第 53 行.
NOTIC: [8] Undefined variable: numPerPage D:\xampp\htdocs\evaluationSystem\Application\Runtime\Cache\Admin\639657368133e24453e83761f541339d.php 第 54 行.
NOTIC: [8] Undefined variable: numPerPage D:\xampp\htdocs\evaluationSystem\Application\Runtime\Cache\Admin\639657368133e24453e83761f541339d.php 第 55 行.
NOTIC: [8] Undefined variable: totalCount D:\xampp\htdocs\evaluationSystem\Application\Runtime\Cache\Admin\639657368133e24453e83761f541339d.php 第 57 行.
NOTIC: [8] Undefined variable: totalCount D:\xampp\htdocs\evaluationSystem\Application\Runtime\Cache\Admin\639657368133e24453e83761f541339d.php 第 59 行.
NOTIC: [8] Undefined variable: numPerPage D:\xampp\htdocs\evaluationSystem\Application\Runtime\Cache\Admin\639657368133e24453e83761f541339d.php 第 59 行.
NOTIC: [8] Undefined variable: currentPage D:\xampp\htdocs\evaluationSystem\Application\Runtime\Cache\Admin\639657368133e24453e83761f541339d.php 第 59 行.
INFO: Run Behavior\ParseTemplateBehavior [ RunTime:0.007000s ]
INFO: [ view_parse ] --END-- [ RunTime:0.007000s ]
INFO: [ view_filter ] --START--
INFO: Run Behavior\WriteHtmlCacheBehavior [ RunTime:0.000000s ]
INFO: [ view_filter ] --END-- [ RunTime:0.000000s ]
INFO: [ app_end ] --START--
INFO: Run Behavior\ShowPageTraceBehavior [ RunTime:0.001000s ]
INFO: [ app_end ] --END-- [ RunTime:0.001000s ]

[ 2016-09-05T21:06:33+08:00 ] ::1 /evaluationSystem/admin/Login/logout
INFO: [ app_begin ] --START--
INFO: Run Behavior\ReadHtmlCacheBehavior [ RunTime:0.000000s ]
INFO: [ app_begin ] --END-- [ RunTime:0.001000s ]

[ 2016-09-05T21:10:28+08:00 ] ::1 /evaluationSystem/Admin/Index/index.html
INFO: [ app_begin ] --START--
INFO: Run Behavior\ReadHtmlCacheBehavior [ RunTime:0.001000s ]
INFO: [ app_begin ] --END-- [ RunTime:0.001000s ]
SQL: SHOW COLUMNS FROM `es_user` [ RunTime:0.0020s ]
SQL: SELECT * FROM `es_user` WHERE `username` = 'admin' LIMIT 1   [ RunTime:0.0010s ]
INFO: [ view_parse ] --START--
INFO: [ template_filter ] --START--
INFO: Run Behavior\ContentReplaceBehavior [ RunTime:0.000000s ]
INFO: [ template_filter ] --END-- [ RunTime:0.000000s ]
INFO: Run Behavior\ParseTemplateBehavior [ RunTime:0.014000s ]
INFO: [ view_parse ] --END-- [ RunTime:0.014000s ]
INFO: [ view_filter ] --START--
INFO: Run Behavior\WriteHtmlCacheBehavior [ RunTime:0.001000s ]
INFO: [ view_filter ] --END-- [ RunTime:0.001000s ]
INFO: [ app_end ] --START--
INFO: Run Behavior\ShowPageTraceBehavior [ RunTime:0.001000s ]
INFO: [ app_end ] --END-- [ RunTime:0.001000s ]

[ 2016-09-05T21:10:31+08:00 ] ::1 /evaluationSystem/Admin/Performance/index.html?_=1473081031464
INFO: [ app_begin ] --START--
INFO: Run Behavior\ReadHtmlCacheBehavior [ RunTime:0.002001s ]
INFO: [ app_begin ] --END-- [ RunTime:0.002001s ]
SQL: SHOW COLUMNS FROM `es_pmgroup` [ RunTime:0.0030s ]
SQL: SELECT * FROM `es_pmgroup`  [ RunTime:0.0010s ]
INFO: [ view_parse ] --START--
INFO: [ template_filter ] --START--
INFO: Run Behavior\ContentReplaceBehavior [ RunTime:0.000000s ]
INFO: [ template_filter ] --END-- [ RunTime:0.000000s ]
NOTIC: [8] Undefined variable: numPerPage D:\xampp\htdocs\evaluationSystem\Application\Runtime\Cache\Admin\639657368133e24453e83761f541339d.php 第 3 行.
NOTIC: [8] Undefined index: _order D:\xampp\htdocs\evaluationSystem\Application\Runtime\Cache\Admin\639657368133e24453e83761f541339d.php 第 4 行.
NOTIC: [8] Undefined index: _sort D:\xampp\htdocs\evaluationSystem\Application\Runtime\Cache\Admin\639657368133e24453e83761f541339d.php 第 5 行.
NOTIC: [8] Undefined variable: numPerPage D:\xampp\htdocs\evaluationSystem\Application\Runtime\Cache\Admin\639657368133e24453e83761f541339d.php 第 51 行.
NOTIC: [8] Undefined variable: numPerPage D:\xampp\htdocs\evaluationSystem\Application\Runtime\Cache\Admin\639657368133e24453e83761f541339d.php 第 52 行.
NOTIC: [8] Undefined variable: numPerPage D:\xampp\htdocs\evaluationSystem\Application\Runtime\Cache\Admin\639657368133e24453e83761f541339d.php 第 53 行.
NOTIC: [8] Undefined variable: numPerPage D:\xampp\htdocs\evaluationSystem\Application\Runtime\Cache\Admin\639657368133e24453e83761f541339d.php 第 54 行.
NOTIC: [8] Undefined variable: numPerPage D:\xampp\htdocs\evaluationSystem\Application\Runtime\Cache\Admin\639657368133e24453e83761f541339d.php 第 55 行.
NOTIC: [8] Undefined variable: totalCount D:\xampp\htdocs\evaluationSystem\Application\Runtime\Cache\Admin\639657368133e24453e83761f541339d.php 第 57 行.
NOTIC: [8] Undefined variable: totalCount D:\xampp\htdocs\evaluationSystem\Application\Runtime\Cache\Admin\639657368133e24453e83761f541339d.php 第 59 行.
NOTIC: [8] Undefined variable: numPerPage D:\xampp\htdocs\evaluationSystem\Application\Runtime\Cache\Admin\639657368133e24453e83761f541339d.php 第 59 行.
NOTIC: [8] Undefined variable: currentPage D:\xampp\htdocs\evaluationSystem\Application\Runtime\Cache\Admin\639657368133e24453e83761f541339d.php 第 59 行.
INFO: Run Behavior\ParseTemplateBehavior [ RunTime:0.010000s ]
INFO: [ view_parse ] --END-- [ RunTime:0.010000s ]
INFO: [ view_filter ] --START--
INFO: Run Behavior\WriteHtmlCacheBehavior [ RunTime:0.001000s ]
INFO: [ view_filter ] --END-- [ RunTime:0.001000s ]
INFO: [ app_end ] --START--
INFO: Run Behavior\ShowPageTraceBehavior [ RunTime:0.000000s ]
INFO: [ app_end ] --END-- [ RunTime:0.000000s ]

[ 2016-09-05T21:10:33+08:00 ] ::1 /evaluationSystem/Admin/Performancequestion/index.html?_=1473081032977
INFO: [ app_begin ] --START--
INFO: Run Behavior\ReadHtmlCacheBehavior [ RunTime:0.003000s ]
INFO: [ app_begin ] --END-- [ RunTime:0.005000s ]
SQL: SHOW COLUMNS FROM `es_pmquestion` [ RunTime:0.0020s ]
SQL: SHOW COLUMNS FROM `es_pmquestion` [ RunTime:0.0010s ]
SQL: SELECT * FROM `es_pmquestion`  [ RunTime:0.0000s ]
SQL: SELECT `questiontext` FROM `es_pmquestion` WHERE `id` = 25 LIMIT 1   [ RunTime:0.0010s ]
SQL: SELECT `questiontext` FROM `es_pmquestion` WHERE `id` = 25 LIMIT 1   [ RunTime:0.0000s ]
SQL: SELECT `questiontext` FROM `es_pmquestion` WHERE `id` = 25 LIMIT 1   [ RunTime:0.0010s ]
SQL: SELECT `questiontext` FROM `es_pmquestion` WHERE `id` = 24 LIMIT 1   [ RunTime:0.0000s ]
SQL: SELECT `questiontext` FROM `es_pmquestion` WHERE `id` = 24 LIMIT 1   [ RunTime:0.0000s ]
SQL: SELECT `questiontext` FROM `es_pmquestion` WHERE `id` = 24 LIMIT 1   [ RunTime:0.0000s ]
SQL: SELECT `questiontext` FROM `es_pmquestion` WHERE `id` = 26 LIMIT 1   [ RunTime:0.0010s ]
SQL: SELECT `questiontext` FROM `es_pmquestion` WHERE `id` = 26 LIMIT 1   [ RunTime:0.0000s ]
SQL: SELECT `questiontext` FROM `es_pmquestion` WHERE `id` = 26 LIMIT 1   [ RunTime:0.0000s ]
INFO: [ view_parse ] --START--
INFO: [ template_filter ] --START--
INFO: Run Behavior\ContentReplaceBehavior [ RunTime:0.000000s ]
INFO: [ template_filter ] --END-- [ RunTime:0.000000s ]
NOTIC: [8] Undefined variable: numPerPage D:\xampp\htdocs\evaluationSystem\Application\Runtime\Cache\Admin\d6f2814b63b09901f923f40417abb1ea.php 第 3 行.
NOTIC: [8] Undefined index: _order D:\xampp\htdocs\evaluationSystem\Application\Runtime\Cache\Admin\d6f2814b63b09901f923f40417abb1ea.php 第 4 行.
NOTIC: [8] Undefined index: _sort D:\xampp\htdocs\evaluationSystem\Application\Runtime\Cache\Admin\d6f2814b63b09901f923f40417abb1ea.php 第 5 行.
NOTIC: [8] Use of undefined constant number - assumed 'number' D:\xampp\htdocs\evaluationSystem\Application\Runtime\Cache\Admin\d6f2814b63b09901f923f40417abb1ea.php 第 43 行.
NOTIC: [8] Use of undefined constant number - assumed 'number' D:\xampp\htdocs\evaluationSystem\Application\Runtime\Cache\Admin\d6f2814b63b09901f923f40417abb1ea.php 第 43 行.
NOTIC: [8] Use of undefined constant number - assumed 'number' D:\xampp\htdocs\evaluationSystem\Application\Runtime\Cache\Admin\d6f2814b63b09901f923f40417abb1ea.php 第 43 行.
NOTIC: [8] Use of undefined constant number - assumed 'number' D:\xampp\htdocs\evaluationSystem\Application\Runtime\Cache\Admin\d6f2814b63b09901f923f40417abb1ea.php 第 43 行.
NOTIC: [8] Use of undefined constant number - assumed 'number' D:\xampp\htdocs\evaluationSystem\Application\Runtime\Cache\Admin\d6f2814b63b09901f923f40417abb1ea.php 第 43 行.
NOTIC: [8] Use of undefined constant number - assumed 'number' D:\xampp\htdocs\evaluationSystem\Application\Runtime\Cache\Admin\d6f2814b63b09901f923f40417abb1ea.php 第 43 行.
NOTIC: [8] Use of undefined constant number - assumed 'number' D:\xampp\htdocs\evaluationSystem\Application\Runtime\Cache\Admin\d6f2814b63b09901f923f40417abb1ea.php 第 43 行.
NOTIC: [8] Use of undefined constant number - assumed 'number' D:\xampp\htdocs\evaluationSystem\Application\Runtime\Cache\Admin\d6f2814b63b09901f923f40417abb1ea.php 第 43 行.
NOTIC: [8] Use of undefined constant number - assumed 'number' D:\xampp\htdocs\evaluationSystem\Application\Runtime\Cache\Admin\d6f2814b63b09901f923f40417abb1ea.php 第 43 行.
NOTIC: [8] Use of undefined constant number - assumed 'number' D:\xampp\htdocs\evaluationSystem\Application\Runtime\Cache\Admin\d6f2814b63b09901f923f40417abb1ea.php 第 43 行.
NOTIC: [8] Use of undefined constant number - assumed 'number' D:\xampp\htdocs\evaluationSystem\Application\Runtime\Cache\Admin\d6f2814b63b09901f923f40417abb1ea.php 第 43 行.
NOTIC: [8] Use of undefined constant number - assumed 'number' D:\xampp\htdocs\evaluationSystem\Application\Runtime\Cache\Admin\d6f2814b63b09901f923f40417abb1ea.php 第 43 行.
NOTIC: [8] Undefined variable: numPerPage D:\xampp\htdocs\evaluationSystem\Application\Runtime\Cache\Admin\d6f2814b63b09901f923f40417abb1ea.php 第 54 行.
NOTIC: [8] Undefined variable: numPerPage D:\xampp\htdocs\evaluationSystem\Application\Runtime\Cache\Admin\d6f2814b63b09901f923f40417abb1ea.php 第 55 行.
NOTIC: [8] Undefined variable: numPerPage D:\xampp\htdocs\evaluationSystem\Application\Runtime\Cache\Admin\d6f2814b63b09901f923f40417abb1ea.php 第 56 行.
NOTIC: [8] Undefined variable: numPerPage D:\xampp\htdocs\evaluationSystem\Application\Runtime\Cache\Admin\d6f2814b63b09901f923f40417abb1ea.php 第 57 行.
NOTIC: [8] Undefined variable: numPerPage D:\xampp\htdocs\evaluationSystem\Application\Runtime\Cache\Admin\d6f2814b63b09901f923f40417abb1ea.php 第 58 行.
NOTIC: [8] Undefined variable: totalCount D:\xampp\htdocs\evaluationSystem\Application\Runtime\Cache\Admin\d6f2814b63b09901f923f40417abb1ea.php 第 60 行.
NOTIC: [8] Undefined variable: totalCount D:\xampp\htdocs\evaluationSystem\Application\Runtime\Cache\Admin\d6f2814b63b09901f923f40417abb1ea.php 第 62 行.
NOTIC: [8] Undefined variable: numPerPage D:\xampp\htdocs\evaluationSystem\Application\Runtime\Cache\Admin\d6f2814b63b09901f923f40417abb1ea.php 第 62 行.
NOTIC: [8] Undefined variable: currentPage D:\xampp\htdocs\evaluationSystem\Application\Runtime\Cache\Admin\d6f2814b63b09901f923f40417abb1ea.php 第 62 行.
INFO: Run Behavior\ParseTemplateBehavior [ RunTime:0.008000s ]
INFO: [ view_parse ] --END-- [ RunTime:0.008000s ]
INFO: [ view_filter ] --START--
INFO: Run Behavior\WriteHtmlCacheBehavior [ RunTime:0.000000s ]
INFO: [ view_filter ] --END-- [ RunTime:0.000000s ]
INFO: [ app_end ] --START--
INFO: Run Behavior\ShowPageTraceBehavior [ RunTime:0.001000s ]
INFO: [ app_end ] --END-- [ RunTime:0.001000s ]

[ 2016-09-05T21:10:34+08:00 ] ::1 /evaluationSystem/Admin/Performanceform/index.html?_=1473081034746
INFO: [ app_begin ] --START--
INFO: Run Behavior\ReadHtmlCacheBehavior [ RunTime:0.001000s ]
INFO: [ app_begin ] --END-- [ RunTime:0.002000s ]
SQL: SHOW COLUMNS FROM `es_pmform` [ RunTime:0.0030s ]
SQL: SELECT * FROM `es_pmform`  [ RunTime:0.0000s ]
INFO: [ view_parse ] --START--
INFO: [ template_filter ] --START--
INFO: Run Behavior\ContentReplaceBehavior [ RunTime:0.000000s ]
INFO: [ template_filter ] --END-- [ RunTime:0.000000s ]
NOTIC: [8] Undefined variable: numPerPage D:\xampp\htdocs\evaluationSystem\Application\Runtime\Cache\Admin\61f04f72aaacaaa1046868bd1547c504.php 第 3 行.
NOTIC: [8] Undefined index: _order D:\xampp\htdocs\evaluationSystem\Application\Runtime\Cache\Admin\61f04f72aaacaaa1046868bd1547c504.php 第 4 行.
NOTIC: [8] Undefined index: _sort D:\xampp\htdocs\evaluationSystem\Application\Runtime\Cache\Admin\61f04f72aaacaaa1046868bd1547c504.php 第 5 行.
NOTIC: [8] Undefined variable: numPerPage D:\xampp\htdocs\evaluationSystem\Application\Runtime\Cache\Admin\61f04f72aaacaaa1046868bd1547c504.php 第 46 行.
NOTIC: [8] Undefined variable: numPerPage D:\xampp\htdocs\evaluationSystem\Application\Runtime\Cache\Admin\61f04f72aaacaaa1046868bd1547c504.php 第 47 行.
NOTIC: [8] Undefined variable: numPerPage D:\xampp\htdocs\evaluationSystem\Application\Runtime\Cache\Admin\61f04f72aaacaaa1046868bd1547c504.php 第 48 行.
NOTIC: [8] Undefined variable: numPerPage D:\xampp\htdocs\evaluationSystem\Application\Runtime\Cache\Admin\61f04f72aaacaaa1046868bd1547c504.php 第 49 行.
NOTIC: [8] Undefined variable: numPerPage D:\xampp\htdocs\evaluationSystem\Application\Runtime\Cache\Admin\61f04f72aaacaaa1046868bd1547c504.php 第 50 行.
NOTIC: [8] Undefined variable: totalCount D:\xampp\htdocs\evaluationSystem\Application\Runtime\Cache\Admin\61f04f72aaacaaa1046868bd1547c504.php 第 52 行.
NOTIC: [8] Undefined variable: totalCount D:\xampp\htdocs\evaluationSystem\Application\Runtime\Cache\Admin\61f04f72aaacaaa1046868bd1547c504.php 第 54 行.
NOTIC: [8] Undefined variable: numPerPage D:\xampp\htdocs\evaluationSystem\Application\Runtime\Cache\Admin\61f04f72aaacaaa1046868bd1547c504.php 第 54 行.
NOTIC: [8] Undefined variable: currentPage D:\xampp\htdocs\evaluationSystem\Application\Runtime\Cache\Admin\61f04f72aaacaaa1046868bd1547c504.php 第 54 行.
INFO: Run Behavior\ParseTemplateBehavior [ RunTime:0.009000s ]
INFO: [ view_parse ] --END-- [ RunTime:0.009000s ]
INFO: [ view_filter ] --START--
INFO: Run Behavior\WriteHtmlCacheBehavior [ RunTime:0.000000s ]
INFO: [ view_filter ] --END-- [ RunTime:0.000000s ]
INFO: [ app_end ] --START--
INFO: Run Behavior\ShowPageTraceBehavior [ RunTime:0.001000s ]
INFO: [ app_end ] --END-- [ RunTime:0.001000s ]

[ 2016-09-05T21:10:36+08:00 ] ::1 /evaluationSystem/Admin/Performance/index.html?_=1473081036349
INFO: [ app_begin ] --START--
INFO: Run Behavior\ReadHtmlCacheBehavior [ RunTime:0.002000s ]
INFO: [ app_begin ] --END-- [ RunTime:0.002000s ]
SQL: SHOW COLUMNS FROM `es_pmgroup` [ RunTime:0.0010s ]
SQL: SELECT * FROM `es_pmgroup`  [ RunTime:0.0000s ]
INFO: [ view_parse ] --START--
INFO: [ template_filter ] --START--
INFO: Run Behavior\ContentReplaceBehavior [ RunTime:0.000000s ]
INFO: [ template_filter ] --END-- [ RunTime:0.000000s ]
NOTIC: [8] Undefined variable: numPerPage D:\xampp\htdocs\evaluationSystem\Application\Runtime\Cache\Admin\639657368133e24453e83761f541339d.php 第 3 行.
NOTIC: [8] Undefined index: _order D:\xampp\htdocs\evaluationSystem\Application\Runtime\Cache\Admin\639657368133e24453e83761f541339d.php 第 4 行.
NOTIC: [8] Undefined index: _sort D:\xampp\htdocs\evaluationSystem\Application\Runtime\Cache\Admin\639657368133e24453e83761f541339d.php 第 5 行.
NOTIC: [8] Undefined variable: numPerPage D:\xampp\htdocs\evaluationSystem\Application\Runtime\Cache\Admin\639657368133e24453e83761f541339d.php 第 51 行.
NOTIC: [8] Undefined variable: numPerPage D:\xampp\htdocs\evaluationSystem\Application\Runtime\Cache\Admin\639657368133e24453e83761f541339d.php 第 52 行.
NOTIC: [8] Undefined variable: numPerPage D:\xampp\htdocs\evaluationSystem\Application\Runtime\Cache\Admin\639657368133e24453e83761f541339d.php 第 53 行.
NOTIC: [8] Undefined variable: numPerPage D:\xampp\htdocs\evaluationSystem\Application\Runtime\Cache\Admin\639657368133e24453e83761f541339d.php 第 54 行.
NOTIC: [8] Undefined variable: numPerPage D:\xampp\htdocs\evaluationSystem\Application\Runtime\Cache\Admin\639657368133e24453e83761f541339d.php 第 55 行.
NOTIC: [8] Undefined variable: totalCount D:\xampp\htdocs\evaluationSystem\Application\Runtime\Cache\Admin\639657368133e24453e83761f541339d.php 第 57 行.
NOTIC: [8] Undefined variable: totalCount D:\xampp\htdocs\evaluationSystem\Application\Runtime\Cache\Admin\639657368133e24453e83761f541339d.php 第 59 行.
NOTIC: [8] Undefined variable: numPerPage D:\xampp\htdocs\evaluationSystem\Application\Runtime\Cache\Admin\639657368133e24453e83761f541339d.php 第 59 行.
NOTIC: [8] Undefined variable: currentPage D:\xampp\htdocs\evaluationSystem\Application\Runtime\Cache\Admin\639657368133e24453e83761f541339d.php 第 59 行.
INFO: Run Behavior\ParseTemplateBehavior [ RunTime:0.010000s ]
INFO: [ view_parse ] --END-- [ RunTime:0.010000s ]
INFO: [ view_filter ] --START--
INFO: Run Behavior\WriteHtmlCacheBehavior [ RunTime:0.000000s ]
INFO: [ view_filter ] --END-- [ RunTime:0.000000s ]
INFO: [ app_end ] --START--
INFO: Run Behavior\ShowPageTraceBehavior [ RunTime:0.000000s ]
INFO: [ app_end ] --END-- [ RunTime:0.000000s ]

[ 2016-09-05T21:11:58+08:00 ] ::1 /evaluationSystem/Admin/Performance/add?_=1473081117967
INFO: [ app_begin ] --START--
INFO: Run Behavior\ReadHtmlCacheBehavior [ RunTime:0.002000s ]
INFO: [ app_begin ] --END-- [ RunTime:0.003000s ]
SQL: SHOW COLUMNS FROM `es_pmform` [ RunTime:0.0030s ]
SQL: SELECT * FROM `es_pmform`  [ RunTime:0.0010s ]
INFO: [ view_parse ] --START--
INFO: [ template_filter ] --START--
INFO: Run Behavior\ContentReplaceBehavior [ RunTime:0.000000s ]
INFO: [ template_filter ] --END-- [ RunTime:0.000000s ]
INFO: Run Behavior\ParseTemplateBehavior [ RunTime:0.007000s ]
INFO: [ view_parse ] --END-- [ RunTime:0.007000s ]
INFO: [ view_filter ] --START--
INFO: Run Behavior\WriteHtmlCacheBehavior [ RunTime:0.001000s ]
INFO: [ view_filter ] --END-- [ RunTime:0.001000s ]
INFO: [ app_end ] --START--
INFO: Run Behavior\ShowPageTraceBehavior [ RunTime:0.000000s ]
INFO: [ app_end ] --END-- [ RunTime:0.000000s ]

[ 2016-09-05T21:12:02+08:00 ] ::1 /evaluationSystem/Admin/Performance/setLeader/id/4?_=1473081122483
INFO: [ app_begin ] --START--
INFO: Run Behavior\ReadHtmlCacheBehavior [ RunTime:0.001000s ]
INFO: [ app_begin ] --END-- [ RunTime:0.002000s ]
SQL: SHOW COLUMNS FROM `es_user` [ RunTime:0.0030s ]
SQL: SELECT * FROM `es_user`  [ RunTime:0.0010s ]
SQL: SHOW COLUMNS FROM `es_pmgroup` [ RunTime:0.0030s ]
SQL: SELECT `leaders` FROM `es_pmgroup` WHERE `id` = 4 LIMIT 1   [ RunTime:0.0000s ]
INFO: [ view_parse ] --START--
INFO: [ template_filter ] --START--
INFO: Run Behavior\ContentReplaceBehavior [ RunTime:0.000000s ]
INFO: [ template_filter ] --END-- [ RunTime:0.000000s ]
INFO: Run Behavior\ParseTemplateBehavior [ RunTime:0.008001s ]
INFO: [ view_parse ] --END-- [ RunTime:0.008001s ]
INFO: [ view_filter ] --START--
INFO: Run Behavior\WriteHtmlCacheBehavior [ RunTime:0.001000s ]
INFO: [ view_filter ] --END-- [ RunTime:0.001000s ]
INFO: [ app_end ] --START--
INFO: Run Behavior\ShowPageTraceBehavior [ RunTime:0.001000s ]
INFO: [ app_end ] --END-- [ RunTime:0.001000s ]

[ 2016-09-05T21:12:06+08:00 ] ::1 /evaluationSystem/Admin/Performance/memberedit/groupid/4?_=1473081126555
INFO: [ app_begin ] --START--
INFO: Run Behavior\ReadHtmlCacheBehavior [ RunTime:0.000000s ]
INFO: [ app_begin ] --END-- [ RunTime:0.001000s ]
SQL: SHOW COLUMNS FROM `es_user` [ RunTime:0.0040s ]
SQL: SELECT * FROM `es_user`  [ RunTime:0.0010s ]
SQL: SHOW COLUMNS FROM `es_pmgroup` [ RunTime:0.0040s ]
SQL: SELECT `employees` FROM `es_pmgroup` WHERE `id` = 4 LIMIT 1   [ RunTime:0.0000s ]
INFO: [ view_parse ] --START--
INFO: [ template_filter ] --START--
INFO: Run Behavior\ContentReplaceBehavior [ RunTime:0.000000s ]
INFO: [ template_filter ] --END-- [ RunTime:0.000000s ]
INFO: Run Behavior\ParseTemplateBehavior [ RunTime:0.010001s ]
INFO: [ view_parse ] --END-- [ RunTime:0.010001s ]
INFO: [ view_filter ] --START--
INFO: Run Behavior\WriteHtmlCacheBehavior [ RunTime:0.001000s ]
INFO: [ view_filter ] --END-- [ RunTime:0.001000s ]
INFO: [ app_end ] --START--
INFO: Run Behavior\ShowPageTraceBehavior [ RunTime:0.001000s ]
INFO: [ app_end ] --END-- [ RunTime:0.001000s ]

[ 2016-09-05T21:12:09+08:00 ] ::1 /evaluationSystem/Admin/Performance/setDay?_=1473081129453
INFO: [ app_begin ] --START--
INFO: Run Behavior\ReadHtmlCacheBehavior [ RunTime:0.000000s ]
INFO: [ app_begin ] --END-- [ RunTime:0.001000s ]
SQL: SHOW COLUMNS FROM `es_pmgroup` [ RunTime:0.0030s ]
SQL: SELECT `startday` FROM `es_pmgroup` LIMIT 1   [ RunTime:0.0010s ]
INFO: [ view_parse ] --START--
INFO: [ template_filter ] --START--
INFO: Run Behavior\ContentReplaceBehavior [ RunTime:0.001001s ]
INFO: [ template_filter ] --END-- [ RunTime:0.001001s ]
INFO: Run Behavior\ParseTemplateBehavior [ RunTime:0.008001s ]
INFO: [ view_parse ] --END-- [ RunTime:0.008001s ]
INFO: [ view_filter ] --START--
INFO: Run Behavior\WriteHtmlCacheBehavior [ RunTime:0.001000s ]
INFO: [ view_filter ] --END-- [ RunTime:0.001000s ]
INFO: [ app_end ] --START--
INFO: Run Behavior\ShowPageTraceBehavior [ RunTime:0.001000s ]
INFO: [ app_end ] --END-- [ RunTime:0.001000s ]

[ 2016-09-05T21:12:12+08:00 ] ::1 /evaluationSystem/Admin/Performance/edit/id/4?_=1473081132627
INFO: [ app_begin ] --START--
INFO: Run Behavior\ReadHtmlCacheBehavior [ RunTime:0.001000s ]
INFO: [ app_begin ] --END-- [ RunTime:0.002000s ]
SQL: SHOW COLUMNS FROM `es_pmgroup` [ RunTime:0.0020s ]
SQL: SHOW COLUMNS FROM `es_pmform` [ RunTime:0.0040s ]
SQL: SELECT * FROM `es_pmgroup` WHERE `id` = 4 LIMIT 1   [ RunTime:0.0010s ]
SQL: SELECT * FROM `es_pmform`  [ RunTime:0.0000s ]
INFO: [ view_parse ] --START--
INFO: [ template_filter ] --START--
INFO: Run Behavior\ContentReplaceBehavior [ RunTime:0.000000s ]
INFO: [ template_filter ] --END-- [ RunTime:0.000000s ]
INFO: Run Behavior\ParseTemplateBehavior [ RunTime:0.007001s ]
INFO: [ view_parse ] --END-- [ RunTime:0.007001s ]
INFO: [ view_filter ] --START--
INFO: Run Behavior\WriteHtmlCacheBehavior [ RunTime:0.001000s ]
INFO: [ view_filter ] --END-- [ RunTime:0.001000s ]
INFO: [ app_end ] --START--
INFO: Run Behavior\ShowPageTraceBehavior [ RunTime:0.001000s ]
INFO: [ app_end ] --END-- [ RunTime:0.001000s ]

[ 2016-09-05T21:12:23+08:00 ] ::1 /evaluationSystem/Admin/Performance/setDay?_=1473081143291
INFO: [ app_begin ] --START--
INFO: Run Behavior\ReadHtmlCacheBehavior [ RunTime:0.000000s ]
INFO: [ app_begin ] --END-- [ RunTime:0.001000s ]
SQL: SHOW COLUMNS FROM `es_pmgroup` [ RunTime:0.0030s ]
SQL: SELECT `startday` FROM `es_pmgroup` LIMIT 1   [ RunTime:0.0000s ]
INFO: [ view_parse ] --START--
INFO: [ template_filter ] --START--
INFO: Run Behavior\ContentReplaceBehavior [ RunTime:0.000000s ]
INFO: [ template_filter ] --END-- [ RunTime:0.000000s ]
INFO: Run Behavior\ParseTemplateBehavior [ RunTime:0.006001s ]
INFO: [ view_parse ] --END-- [ RunTime:0.006001s ]
INFO: [ view_filter ] --START--
INFO: Run Behavior\WriteHtmlCacheBehavior [ RunTime:0.001000s ]
INFO: [ view_filter ] --END-- [ RunTime:0.001000s ]
INFO: [ app_end ] --START--
INFO: Run Behavior\ShowPageTraceBehavior [ RunTime:0.000000s ]
INFO: [ app_end ] --END-- [ RunTime:0.000000s ]

[ 2016-09-05T21:12:28+08:00 ] ::1 /evaluationSystem/Admin/Performance/setDay?_=1473081148665
INFO: [ app_begin ] --START--
INFO: Run Behavior\ReadHtmlCacheBehavior [ RunTime:0.001000s ]
INFO: [ app_begin ] --END-- [ RunTime:0.002000s ]
SQL: SHOW COLUMNS FROM `es_pmgroup` [ RunTime:0.0030s ]
SQL: SELECT `startday` FROM `es_pmgroup` LIMIT 1   [ RunTime:0.0010s ]
INFO: [ view_parse ] --START--
INFO: [ template_filter ] --START--
INFO: Run Behavior\ContentReplaceBehavior [ RunTime:0.000000s ]
INFO: [ template_filter ] --END-- [ RunTime:0.001000s ]
INFO: Run Behavior\ParseTemplateBehavior [ RunTime:0.007001s ]
INFO: [ view_parse ] --END-- [ RunTime:0.007001s ]
INFO: [ view_filter ] --START--
INFO: Run Behavior\WriteHtmlCacheBehavior [ RunTime:0.001000s ]
INFO: [ view_filter ] --END-- [ RunTime:0.001000s ]
INFO: [ app_end ] --START--
INFO: Run Behavior\ShowPageTraceBehavior [ RunTime:0.001000s ]
INFO: [ app_end ] --END-- [ RunTime:0.001000s ]

[ 2016-09-05T21:12:34+08:00 ] ::1 /evaluationSystem/Admin/Performance/setDay?_=1473081154179
INFO: [ app_begin ] --START--
INFO: Run Behavior\ReadHtmlCacheBehavior [ RunTime:0.001000s ]
INFO: [ app_begin ] --END-- [ RunTime:0.002000s ]
SQL: SHOW COLUMNS FROM `es_pmgroup` [ RunTime:0.0030s ]
SQL: SELECT `startday` FROM `es_pmgroup` LIMIT 1   [ RunTime:0.0000s ]
INFO: [ view_parse ] --START--
INFO: [ template_filter ] --START--
INFO: Run Behavior\ContentReplaceBehavior [ RunTime:0.000000s ]
INFO: [ template_filter ] --END-- [ RunTime:0.000000s ]
INFO: Run Behavior\ParseTemplateBehavior [ RunTime:0.008000s ]
INFO: [ view_parse ] --END-- [ RunTime:0.008000s ]
INFO: [ view_filter ] --START--
INFO: Run Behavior\WriteHtmlCacheBehavior [ RunTime:0.000000s ]
INFO: [ view_filter ] --END-- [ RunTime:0.000000s ]
INFO: [ app_end ] --START--
INFO: Run Behavior\ShowPageTraceBehavior [ RunTime:0.001001s ]
INFO: [ app_end ] --END-- [ RunTime:0.001001s ]

[ 2016-09-05T21:12:35+08:00 ] ::1 /evaluationSystem/Admin/Performance/memberedit/groupid/4?_=1473081155072
INFO: [ app_begin ] --START--
INFO: Run Behavior\ReadHtmlCacheBehavior [ RunTime:0.001001s ]
INFO: [ app_begin ] --END-- [ RunTime:0.001001s ]
SQL: SHOW COLUMNS FROM `es_user` [ RunTime:0.0020s ]
SQL: SELECT * FROM `es_user`  [ RunTime:0.0000s ]
SQL: SHOW COLUMNS FROM `es_pmgroup` [ RunTime:0.0020s ]
SQL: SELECT `employees` FROM `es_pmgroup` WHERE `id` = 4 LIMIT 1   [ RunTime:0.0000s ]
INFO: [ view_parse ] --START--
INFO: [ template_filter ] --START--
INFO: Run Behavior\ContentReplaceBehavior [ RunTime:0.000000s ]
INFO: [ template_filter ] --END-- [ RunTime:0.000000s ]
INFO: Run Behavior\ParseTemplateBehavior [ RunTime:0.006000s ]
INFO: [ view_parse ] --END-- [ RunTime:0.006000s ]
INFO: [ view_filter ] --START--
INFO: Run Behavior\WriteHtmlCacheBehavior [ RunTime:0.000000s ]
INFO: [ view_filter ] --END-- [ RunTime:0.000000s ]
INFO: [ app_end ] --START--
INFO: Run Behavior\ShowPageTraceBehavior [ RunTime:0.001001s ]
INFO: [ app_end ] --END-- [ RunTime:0.001001s ]

[ 2016-09-05T21:12:44+08:00 ] ::1 /evaluationSystem/Admin/Performance/index.html?_=1473081164215
INFO: [ app_begin ] --START--
INFO: Run Behavior\ReadHtmlCacheBehavior [ RunTime:0.001001s ]
INFO: [ app_begin ] --END-- [ RunTime:0.001001s ]
SQL: SHOW COLUMNS FROM `es_pmgroup` [ RunTime:0.0020s ]
SQL: SELECT * FROM `es_pmgroup`  [ RunTime:0.0010s ]
INFO: [ view_parse ] --START--
INFO: [ template_filter ] --START--
INFO: Run Behavior\ContentReplaceBehavior [ RunTime:0.000000s ]
INFO: [ template_filter ] --END-- [ RunTime:0.000000s ]
NOTIC: [8] Undefined variable: numPerPage D:\xampp\htdocs\evaluationSystem\Application\Runtime\Cache\Admin\639657368133e24453e83761f541339d.php 第 3 行.
NOTIC: [8] Undefined index: _order D:\xampp\htdocs\evaluationSystem\Application\Runtime\Cache\Admin\639657368133e24453e83761f541339d.php 第 4 行.
NOTIC: [8] Undefined index: _sort D:\xampp\htdocs\evaluationSystem\Application\Runtime\Cache\Admin\639657368133e24453e83761f541339d.php 第 5 行.
NOTIC: [8] Undefined variable: numPerPage D:\xampp\htdocs\evaluationSystem\Application\Runtime\Cache\Admin\639657368133e24453e83761f541339d.php 第 51 行.
NOTIC: [8] Undefined variable: numPerPage D:\xampp\htdocs\evaluationSystem\Application\Runtime\Cache\Admin\639657368133e24453e83761f541339d.php 第 52 行.
NOTIC: [8] Undefined variable: numPerPage D:\xampp\htdocs\evaluationSystem\Application\Runtime\Cache\Admin\639657368133e24453e83761f541339d.php 第 53 行.
NOTIC: [8] Undefined variable: numPerPage D:\xampp\htdocs\evaluationSystem\Application\Runtime\Cache\Admin\639657368133e24453e83761f541339d.php 第 54 行.
NOTIC: [8] Undefined variable: numPerPage D:\xampp\htdocs\evaluationSystem\Application\Runtime\Cache\Admin\639657368133e24453e83761f541339d.php 第 55 行.
NOTIC: [8] Undefined variable: totalCount D:\xampp\htdocs\evaluationSystem\Application\Runtime\Cache\Admin\639657368133e24453e83761f541339d.php 第 57 行.
NOTIC: [8] Undefined variable: totalCount D:\xampp\htdocs\evaluationSystem\Application\Runtime\Cache\Admin\639657368133e24453e83761f541339d.php 第 59 行.
NOTIC: [8] Undefined variable: numPerPage D:\xampp\htdocs\evaluationSystem\Application\Runtime\Cache\Admin\639657368133e24453e83761f541339d.php 第 59 行.
NOTIC: [8] Undefined variable: currentPage D:\xampp\htdocs\evaluationSystem\Application\Runtime\Cache\Admin\639657368133e24453e83761f541339d.php 第 59 行.
INFO: Run Behavior\ParseTemplateBehavior [ RunTime:0.009000s ]
INFO: [ view_parse ] --END-- [ RunTime:0.009000s ]
INFO: [ view_filter ] --START--
INFO: Run Behavior\WriteHtmlCacheBehavior [ RunTime:0.000000s ]
INFO: [ view_filter ] --END-- [ RunTime:0.000000s ]
INFO: [ app_end ] --START--
INFO: Run Behavior\ShowPageTraceBehavior [ RunTime:0.001000s ]
INFO: [ app_end ] --END-- [ RunTime:0.001000s ]

[ 2016-09-05T21:12:46+08:00 ] ::1 /evaluationSystem/Admin/Performance/setDay?_=1473081165965
INFO: [ app_begin ] --START--
INFO: Run Behavior\ReadHtmlCacheBehavior [ RunTime:0.001000s ]
INFO: [ app_begin ] --END-- [ RunTime:0.002000s ]
SQL: SHOW COLUMNS FROM `es_pmgroup` [ RunTime:0.0020s ]
SQL: SELECT `startday` FROM `es_pmgroup` LIMIT 1   [ RunTime:0.0000s ]
INFO: [ view_parse ] --START--
INFO: [ template_filter ] --START--
INFO: Run Behavior\ContentReplaceBehavior [ RunTime:0.000000s ]
INFO: [ template_filter ] --END-- [ RunTime:0.000000s ]
INFO: Run Behavior\ParseTemplateBehavior [ RunTime:0.007000s ]
INFO: [ view_parse ] --END-- [ RunTime:0.007000s ]
INFO: [ view_filter ] --START--
INFO: Run Behavior\WriteHtmlCacheBehavior [ RunTime:0.001000s ]
INFO: [ view_filter ] --END-- [ RunTime:0.001000s ]
INFO: [ app_end ] --START--
INFO: Run Behavior\ShowPageTraceBehavior [ RunTime:0.001000s ]
INFO: [ app_end ] --END-- [ RunTime:0.001000s ]

[ 2016-09-05T21:26:12+08:00 ] ::1 /evaluationSystem/Admin/Performance/setLeader/id/4?_=1473081972557
INFO: [ app_begin ] --START--
INFO: Run Behavior\ReadHtmlCacheBehavior [ RunTime:0.003001s ]
INFO: [ app_begin ] --END-- [ RunTime:0.003001s ]
SQL: SHOW COLUMNS FROM `es_user` [ RunTime:0.0020s ]
SQL: SELECT * FROM `es_user`  [ RunTime:0.0010s ]
SQL: SHOW COLUMNS FROM `es_pmgroup` [ RunTime:0.0020s ]
SQL: SELECT `leaders` FROM `es_pmgroup` WHERE `id` = 4 LIMIT 1   [ RunTime:0.0000s ]
INFO: [ view_parse ] --START--
INFO: [ template_filter ] --START--
INFO: Run Behavior\ContentReplaceBehavior [ RunTime:0.000000s ]
INFO: [ template_filter ] --END-- [ RunTime:0.000000s ]
INFO: Run Behavior\ParseTemplateBehavior [ RunTime:0.009000s ]
INFO: [ view_parse ] --END-- [ RunTime:0.009000s ]
INFO: [ view_filter ] --START--
INFO: Run Behavior\WriteHtmlCacheBehavior [ RunTime:0.000000s ]
INFO: [ view_filter ] --END-- [ RunTime:0.000000s ]
INFO: [ app_end ] --START--
INFO: Run Behavior\ShowPageTraceBehavior [ RunTime:0.001000s ]
INFO: [ app_end ] --END-- [ RunTime:0.001000s ]

[ 2016-09-05T21:26:15+08:00 ] ::1 /evaluationSystem/Admin/Performance/updatleaders/navTabId/performance/callbackType/closeCurrent
INFO: [ app_begin ] --START--
INFO: Run Behavior\ReadHtmlCacheBehavior [ RunTime:0.001000s ]
INFO: [ app_begin ] --END-- [ RunTime:0.002000s ]
SQL: SHOW COLUMNS FROM `es_pmgroup` [ RunTime:0.0020s ]
SQL: UPDATE `es_pmgroup` SET `leaders`='1|17' WHERE `id` = 4 [ RunTime:0.1500s ]
NOTIC: [8] Undefined index: forwardUrl D:\xampp\htdocs\evaluationSystem\ThinkPHP\Library\Think\Controller.class.php 第 220 行.

[ 2016-09-05T21:26:15+08:00 ] ::1 /evaluationSystem/Admin/Performance/index.html
INFO: [ app_begin ] --START--
INFO: Run Behavior\ReadHtmlCacheBehavior [ RunTime:0.001000s ]
INFO: [ app_begin ] --END-- [ RunTime:0.002000s ]
SQL: SHOW COLUMNS FROM `es_pmgroup` [ RunTime:0.0030s ]
SQL: SELECT * FROM `es_pmgroup`  [ RunTime:0.0000s ]
INFO: [ view_parse ] --START--
INFO: [ template_filter ] --START--
INFO: Run Behavior\ContentReplaceBehavior [ RunTime:0.000000s ]
INFO: [ template_filter ] --END-- [ RunTime:0.000000s ]
NOTIC: [8] Undefined variable: numPerPage D:\xampp\htdocs\evaluationSystem\Application\Runtime\Cache\Admin\639657368133e24453e83761f541339d.php 第 3 行.
NOTIC: [8] Undefined variable: numPerPage D:\xampp\htdocs\evaluationSystem\Application\Runtime\Cache\Admin\639657368133e24453e83761f541339d.php 第 51 行.
NOTIC: [8] Undefined variable: numPerPage D:\xampp\htdocs\evaluationSystem\Application\Runtime\Cache\Admin\639657368133e24453e83761f541339d.php 第 52 行.
NOTIC: [8] Undefined variable: numPerPage D:\xampp\htdocs\evaluationSystem\Application\Runtime\Cache\Admin\639657368133e24453e83761f541339d.php 第 53 行.
NOTIC: [8] Undefined variable: numPerPage D:\xampp\htdocs\evaluationSystem\Application\Runtime\Cache\Admin\639657368133e24453e83761f541339d.php 第 54 行.
NOTIC: [8] Undefined variable: numPerPage D:\xampp\htdocs\evaluationSystem\Application\Runtime\Cache\Admin\639657368133e24453e83761f541339d.php 第 55 行.
NOTIC: [8] Undefined variable: totalCount D:\xampp\htdocs\evaluationSystem\Application\Runtime\Cache\Admin\639657368133e24453e83761f541339d.php 第 57 行.
NOTIC: [8] Undefined variable: totalCount D:\xampp\htdocs\evaluationSystem\Application\Runtime\Cache\Admin\639657368133e24453e83761f541339d.php 第 59 行.
NOTIC: [8] Undefined variable: numPerPage D:\xampp\htdocs\evaluationSystem\Application\Runtime\Cache\Admin\639657368133e24453e83761f541339d.php 第 59 行.
NOTIC: [8] Undefined variable: currentPage D:\xampp\htdocs\evaluationSystem\Application\Runtime\Cache\Admin\639657368133e24453e83761f541339d.php 第 59 行.
INFO: Run Behavior\ParseTemplateBehavior [ RunTime:0.008000s ]
INFO: [ view_parse ] --END-- [ RunTime:0.008000s ]
INFO: [ view_filter ] --START--
INFO: Run Behavior\WriteHtmlCacheBehavior [ RunTime:0.001000s ]
INFO: [ view_filter ] --END-- [ RunTime:0.001000s ]
INFO: [ app_end ] --START--
INFO: Run Behavior\ShowPageTraceBehavior [ RunTime:0.001000s ]
INFO: [ app_end ] --END-- [ RunTime:0.001000s ]

[ 2016-09-05T21:30:48+08:00 ] ::1 /evaluationSystem/Admin/Rbacnode/index.html?_=1473082248475
INFO: [ app_begin ] --START--
INFO: Run Behavior\ReadHtmlCacheBehavior [ RunTime:0.000000s ]
INFO: [ app_begin ] --END-- [ RunTime:0.001000s ]
SQL: SHOW COLUMNS FROM `es_node` [ RunTime:0.0030s ]
SQL: SELECT COUNT(*) AS tp_count FROM `es_node` LIMIT 1   [ RunTime:0.0010s ]
SQL: SELECT * FROM `es_node` ORDER BY id desc LIMIT 0,10   [ RunTime:0.0010s ]
SQL: SHOW COLUMNS FROM `es_node` [ RunTime:0.0030s ]
SQL: SELECT * FROM `es_node` ORDER BY sort  [ RunTime:0.0010s ]
NOTIC: [8] Undefined variable: search D:\xampp\htdocs\evaluationSystem\Application\Admin\Controller\RbacnodeController.class.php 第 307 行.
NOTIC: [8] Undefined index: values D:\xampp\htdocs\evaluationSystem\Application\Admin\Controller\RbacnodeController.class.php 第 308 行.
INFO: [ view_parse ] --START--
INFO: [ template_filter ] --START--
INFO: Run Behavior\ContentReplaceBehavior [ RunTime:0.001000s ]
INFO: [ template_filter ] --END-- [ RunTime:0.001000s ]
NOTIC: [8] Undefined index: _order D:\xampp\htdocs\evaluationSystem\Application\Runtime\Cache\Admin\b1d0ea9fd04a9b1a6ee5cc7e9bdc1e1b.php 第 4 行.
NOTIC: [8] Undefined index: _sort D:\xampp\htdocs\evaluationSystem\Application\Runtime\Cache\Admin\b1d0ea9fd04a9b1a6ee5cc7e9bdc1e1b.php 第 5 行.
NOTIC: [8] Use of undefined constant name - assumed 'name' D:\xampp\htdocs\evaluationSystem\Application\Runtime\Cache\Admin\b1d0ea9fd04a9b1a6ee5cc7e9bdc1e1b.php 第 41 行.
NOTIC: [8] Array to string conversion D:\xampp\htdocs\evaluationSystem\Application\Runtime\Cache\Admin\b1d0ea9fd04a9b1a6ee5cc7e9bdc1e1b.php 第 41 行.
NOTIC: [8] Use of undefined constant name - assumed 'name' D:\xampp\htdocs\evaluationSystem\Application\Runtime\Cache\Admin\b1d0ea9fd04a9b1a6ee5cc7e9bdc1e1b.php 第 41 行.
NOTIC: [8] Array to string conversion D:\xampp\htdocs\evaluationSystem\Application\Runtime\Cache\Admin\b1d0ea9fd04a9b1a6ee5cc7e9bdc1e1b.php 第 41 行.
NOTIC: [8] Use of undefined constant name - assumed 'name' D:\xampp\htdocs\evaluationSystem\Application\Runtime\Cache\Admin\b1d0ea9fd04a9b1a6ee5cc7e9bdc1e1b.php 第 41 行.
NOTIC: [8] Array to string conversion D:\xampp\htdocs\evaluationSystem\Application\Runtime\Cache\Admin\b1d0ea9fd04a9b1a6ee5cc7e9bdc1e1b.php 第 41 行.
NOTIC: [8] Use of undefined constant name - assumed 'name' D:\xampp\htdocs\evaluationSystem\Application\Runtime\Cache\Admin\b1d0ea9fd04a9b1a6ee5cc7e9bdc1e1b.php 第 41 行.
NOTIC: [8] Array to string conversion D:\xampp\htdocs\evaluationSystem\Application\Runtime\Cache\Admin\b1d0ea9fd04a9b1a6ee5cc7e9bdc1e1b.php 第 41 行.
NOTIC: [8] Use of undefined constant name - assumed 'name' D:\xampp\htdocs\evaluationSystem\Application\Runtime\Cache\Admin\b1d0ea9fd04a9b1a6ee5cc7e9bdc1e1b.php 第 41 行.
NOTIC: [8] Array to string conversion D:\xampp\htdocs\evaluationSystem\Application\Runtime\Cache\Admin\b1d0ea9fd04a9b1a6ee5cc7e9bdc1e1b.php 第 41 行.
NOTIC: [8] Use of undefined constant name - assumed 'name' D:\xampp\htdocs\evaluationSystem\Application\Runtime\Cache\Admin\b1d0ea9fd04a9b1a6ee5cc7e9bdc1e1b.php 第 41 行.
NOTIC: [8] Array to string conversion D:\xampp\htdocs\evaluationSystem\Application\Runtime\Cache\Admin\b1d0ea9fd04a9b1a6ee5cc7e9bdc1e1b.php 第 41 行.
INFO: Run Behavior\ParseTemplateBehavior [ RunTime:0.013001s ]
INFO: [ view_parse ] --END-- [ RunTime:0.013001s ]
INFO: [ view_filter ] --START--
INFO: Run Behavior\WriteHtmlCacheBehavior [ RunTime:0.001000s ]
INFO: [ view_filter ] --END-- [ RunTime:0.001000s ]
INFO: [ app_end ] --START--
INFO: Run Behavior\ShowPageTraceBehavior [ RunTime:0.001000s ]
INFO: [ app_end ] --END-- [ RunTime:0.001000s ]

[ 2016-09-05T21:30:51+08:00 ] ::1 /evaluationSystem/Admin/Rbacnode/add/level/1?_=1473082251200
INFO: [ app_begin ] --START--
INFO: Run Behavior\ReadHtmlCacheBehavior [ RunTime:0.001000s ]
INFO: [ app_begin ] --END-- [ RunTime:0.001000s ]
INFO: [ view_parse ] --START--
INFO: [ template_filter ] --START--
INFO: Run Behavior\ContentReplaceBehavior [ RunTime:0.001000s ]
INFO: [ template_filter ] --END-- [ RunTime:0.001000s ]
NOTIC: [8] Undefined index: pid D:\xampp\htdocs\evaluationSystem\Application\Runtime\Cache\Admin\e44c9def3d26565592849052e57b91cb.php 第 5 行.
INFO: Run Behavior\ParseTemplateBehavior [ RunTime:0.009001s ]
INFO: [ view_parse ] --END-- [ RunTime:0.009001s ]
INFO: [ view_filter ] --START--
INFO: Run Behavior\WriteHtmlCacheBehavior [ RunTime:0.001000s ]
INFO: [ view_filter ] --END-- [ RunTime:0.001000s ]
INFO: [ app_end ] --START--
INFO: Run Behavior\ShowPageTraceBehavior [ RunTime:0.001000s ]
INFO: [ app_end ] --END-- [ RunTime:0.001000s ]

[ 2016-09-05T21:36:03+08:00 ] ::1 /evaluationSystem/Admin/Rbacnode/insert/navTabId/listnodes/callbackType/closeCurrent
INFO: [ app_begin ] --START--
INFO: Run Behavior\ReadHtmlCacheBehavior [ RunTime:0.000000s ]
INFO: [ app_begin ] --END-- [ RunTime:0.001000s ]
SQL: SHOW COLUMNS FROM `es_node` [ RunTime:0.0030s ]
NOTIC: [8] Undefined index: validate D:\xampp\htdocs\evaluationSystem\ThinkPHP\Library\Think\Model.class.php 第 1185 行.
NOTIC: [8] Undefined index: auto D:\xampp\htdocs\evaluationSystem\ThinkPHP\Library\Think\Model.class.php 第 1128 行.
SQL: INSERT INTO `es_node` (`pid`,`level`,`name`,`title`,`imgsrc`,`status`,`remark`) VALUES ('0','1','绩效考核结果','绩效考核结果','pmresult.png','1','可以查看所有绩效考核结果') [ RunTime:0.0310s ]
NOTIC: [8] Undefined index: forwardUrl D:\xampp\htdocs\evaluationSystem\ThinkPHP\Library\Think\Controller.class.php 第 220 行.

[ 2016-09-05T21:36:03+08:00 ] ::1 /evaluationSystem/Admin/Rbacnode/index.html
INFO: [ app_begin ] --START--
INFO: Run Behavior\ReadHtmlCacheBehavior [ RunTime:0.001000s ]
INFO: [ app_begin ] --END-- [ RunTime:0.001000s ]
SQL: SHOW COLUMNS FROM `es_node` [ RunTime:0.0030s ]
SQL: SELECT COUNT(*) AS tp_count FROM `es_node` LIMIT 1   [ RunTime:0.0000s ]
SQL: SELECT * FROM `es_node` ORDER BY id desc LIMIT 0,10   [ RunTime:0.0000s ]
SQL: SHOW COLUMNS FROM `es_node` [ RunTime:0.0020s ]
SQL: SELECT * FROM `es_node` ORDER BY sort  [ RunTime:0.0010s ]
NOTIC: [8] Undefined variable: search D:\xampp\htdocs\evaluationSystem\Application\Admin\Controller\RbacnodeController.class.php 第 307 行.
NOTIC: [8] Undefined index: values D:\xampp\htdocs\evaluationSystem\Application\Admin\Controller\RbacnodeController.class.php 第 308 行.
INFO: [ view_parse ] --START--
INFO: [ template_filter ] --START--
INFO: Run Behavior\ContentReplaceBehavior [ RunTime:0.000000s ]
INFO: [ template_filter ] --END-- [ RunTime:0.000000s ]
NOTIC: [8] Use of undefined constant name - assumed 'name' D:\xampp\htdocs\evaluationSystem\Application\Runtime\Cache\Admin\b1d0ea9fd04a9b1a6ee5cc7e9bdc1e1b.php 第 41 行.
NOTIC: [8] Array to string conversion D:\xampp\htdocs\evaluationSystem\Application\Runtime\Cache\Admin\b1d0ea9fd04a9b1a6ee5cc7e9bdc1e1b.php 第 41 行.
NOTIC: [8] Use of undefined constant name - assumed 'name' D:\xampp\htdocs\evaluationSystem\Application\Runtime\Cache\Admin\b1d0ea9fd04a9b1a6ee5cc7e9bdc1e1b.php 第 41 行.
NOTIC: [8] Array to string conversion D:\xampp\htdocs\evaluationSystem\Application\Runtime\Cache\Admin\b1d0ea9fd04a9b1a6ee5cc7e9bdc1e1b.php 第 41 行.
NOTIC: [8] Use of undefined constant name - assumed 'name' D:\xampp\htdocs\evaluationSystem\Application\Runtime\Cache\Admin\b1d0ea9fd04a9b1a6ee5cc7e9bdc1e1b.php 第 41 行.
NOTIC: [8] Array to string conversion D:\xampp\htdocs\evaluationSystem\Application\Runtime\Cache\Admin\b1d0ea9fd04a9b1a6ee5cc7e9bdc1e1b.php 第 41 行.
NOTIC: [8] Use of undefined constant name - assumed 'name' D:\xampp\htdocs\evaluationSystem\Application\Runtime\Cache\Admin\b1d0ea9fd04a9b1a6ee5cc7e9bdc1e1b.php 第 41 行.
NOTIC: [8] Array to string conversion D:\xampp\htdocs\evaluationSystem\Application\Runtime\Cache\Admin\b1d0ea9fd04a9b1a6ee5cc7e9bdc1e1b.php 第 41 行.
NOTIC: [8] Use of undefined constant name - assumed 'name' D:\xampp\htdocs\evaluationSystem\Application\Runtime\Cache\Admin\b1d0ea9fd04a9b1a6ee5cc7e9bdc1e1b.php 第 41 行.
NOTIC: [8] Array to string conversion D:\xampp\htdocs\evaluationSystem\Application\Runtime\Cache\Admin\b1d0ea9fd04a9b1a6ee5cc7e9bdc1e1b.php 第 41 行.
NOTIC: [8] Use of undefined constant name - assumed 'name' D:\xampp\htdocs\evaluationSystem\Application\Runtime\Cache\Admin\b1d0ea9fd04a9b1a6ee5cc7e9bdc1e1b.php 第 41 行.
NOTIC: [8] Array to string conversion D:\xampp\htdocs\evaluationSystem\Application\Runtime\Cache\Admin\b1d0ea9fd04a9b1a6ee5cc7e9bdc1e1b.php 第 41 行.
NOTIC: [8] Use of undefined constant name - assumed 'name' D:\xampp\htdocs\evaluationSystem\Application\Runtime\Cache\Admin\b1d0ea9fd04a9b1a6ee5cc7e9bdc1e1b.php 第 41 行.
NOTIC: [8] Array to string conversion D:\xampp\htdocs\evaluationSystem\Application\Runtime\Cache\Admin\b1d0ea9fd04a9b1a6ee5cc7e9bdc1e1b.php 第 41 行.
INFO: Run Behavior\ParseTemplateBehavior [ RunTime:0.012001s ]
INFO: [ view_parse ] --END-- [ RunTime:0.012001s ]
INFO: [ view_filter ] --START--
INFO: Run Behavior\WriteHtmlCacheBehavior [ RunTime:0.000000s ]
INFO: [ view_filter ] --END-- [ RunTime:0.000000s ]
INFO: [ app_end ] --START--
INFO: Run Behavior\ShowPageTraceBehavior [ RunTime:0.001000s ]
INFO: [ app_end ] --END-- [ RunTime:0.001000s ]

[ 2016-09-05T21:36:06+08:00 ] ::1 /evaluationSystem/Admin/Rbacnode/add/pid/46/level/2?_=1473082566868
INFO: [ app_begin ] --START--
INFO: Run Behavior\ReadHtmlCacheBehavior [ RunTime:0.001000s ]
INFO: [ app_begin ] --END-- [ RunTime:0.002000s ]
INFO: [ view_parse ] --START--
INFO: [ template_filter ] --START--
INFO: Run Behavior\ContentReplaceBehavior [ RunTime:0.000000s ]
INFO: [ template_filter ] --END-- [ RunTime:0.000000s ]
INFO: Run Behavior\ParseTemplateBehavior [ RunTime:0.006000s ]
INFO: [ view_parse ] --END-- [ RunTime:0.007000s ]
INFO: [ view_filter ] --START--
INFO: Run Behavior\WriteHtmlCacheBehavior [ RunTime:0.000000s ]
INFO: [ view_filter ] --END-- [ RunTime:0.000000s ]
INFO: [ app_end ] --START--
INFO: Run Behavior\ShowPageTraceBehavior [ RunTime:0.001000s ]
INFO: [ app_end ] --END-- [ RunTime:0.001000s ]

[ 2016-09-05T21:36:34+08:00 ] ::1 /evaluationSystem/Admin/Rbacnode/add/pid/46/level/2?_=1473082594760
INFO: [ app_begin ] --START--
INFO: Run Behavior\ReadHtmlCacheBehavior [ RunTime:0.002000s ]
INFO: [ app_begin ] --END-- [ RunTime:0.003000s ]
INFO: [ view_parse ] --START--
INFO: [ template_filter ] --START--
INFO: Run Behavior\ContentReplaceBehavior [ RunTime:0.000000s ]
INFO: [ template_filter ] --END-- [ RunTime:0.000000s ]
INFO: Run Behavior\ParseTemplateBehavior [ RunTime:0.011001s ]
INFO: [ view_parse ] --END-- [ RunTime:0.012001s ]
INFO: [ view_filter ] --START--
INFO: Run Behavior\WriteHtmlCacheBehavior [ RunTime:0.000000s ]
INFO: [ view_filter ] --END-- [ RunTime:0.000000s ]
INFO: [ app_end ] --START--
INFO: Run Behavior\ShowPageTraceBehavior [ RunTime:0.003000s ]
INFO: [ app_end ] --END-- [ RunTime:0.003000s ]

[ 2016-09-05T21:37:38+08:00 ] ::1 /evaluationSystem/Admin/Rbacnode/insert/navTabId/listnodes/callbackType/closeCurrent
INFO: [ app_begin ] --START--
INFO: Run Behavior\ReadHtmlCacheBehavior [ RunTime:0.001000s ]
INFO: [ app_begin ] --END-- [ RunTime:0.002000s ]
SQL: SHOW COLUMNS FROM `es_node` [ RunTime:0.0050s ]
NOTIC: [8] Undefined index: validate D:\xampp\htdocs\evaluationSystem\ThinkPHP\Library\Think\Model.class.php 第 1185 行.
NOTIC: [8] Undefined index: auto D:\xampp\htdocs\evaluationSystem\ThinkPHP\Library\Think\Model.class.php 第 1128 行.
SQL: INSERT INTO `es_node` (`pid`,`level`,`name`,`title`,`imgsrc`,`status`,`remark`) VALUES ('46','2','Performanceresult','Performanceresult','','1','') [ RunTime:0.0000s ]
NOTIC: [8] Undefined index: forwardUrl D:\xampp\htdocs\evaluationSystem\ThinkPHP\Library\Think\Controller.class.php 第 220 行.

[ 2016-09-05T21:37:38+08:00 ] ::1 /evaluationSystem/Admin/Rbacnode/index.html
INFO: [ app_begin ] --START--
INFO: Run Behavior\ReadHtmlCacheBehavior [ RunTime:0.001000s ]
INFO: [ app_begin ] --END-- [ RunTime:0.001000s ]
SQL: SHOW COLUMNS FROM `es_node` [ RunTime:0.0040s ]
SQL: SELECT COUNT(*) AS tp_count FROM `es_node` LIMIT 1   [ RunTime:0.0000s ]
SQL: SELECT * FROM `es_node` ORDER BY id desc LIMIT 0,10   [ RunTime:0.0000s ]
SQL: SHOW COLUMNS FROM `es_node` [ RunTime:0.0030s ]
SQL: SELECT * FROM `es_node` ORDER BY sort  [ RunTime:0.0020s ]
NOTIC: [8] Undefined variable: search D:\xampp\htdocs\evaluationSystem\Application\Admin\Controller\RbacnodeController.class.php 第 307 行.
NOTIC: [8] Undefined index: values D:\xampp\htdocs\evaluationSystem\Application\Admin\Controller\RbacnodeController.class.php 第 308 行.
INFO: [ view_parse ] --START--
INFO: [ template_filter ] --START--
INFO: Run Behavior\ContentReplaceBehavior [ RunTime:0.000000s ]
INFO: [ template_filter ] --END-- [ RunTime:0.000000s ]
NOTIC: [8] Use of undefined constant name - assumed 'name' D:\xampp\htdocs\evaluationSystem\Application\Runtime\Cache\Admin\b1d0ea9fd04a9b1a6ee5cc7e9bdc1e1b.php 第 41 行.
NOTIC: [8] Array to string conversion D:\xampp\htdocs\evaluationSystem\Application\Runtime\Cache\Admin\b1d0ea9fd04a9b1a6ee5cc7e9bdc1e1b.php 第 41 行.
NOTIC: [8] Use of undefined constant name - assumed 'name' D:\xampp\htdocs\evaluationSystem\Application\Runtime\Cache\Admin\b1d0ea9fd04a9b1a6ee5cc7e9bdc1e1b.php 第 41 行.
NOTIC: [8] Array to string conversion D:\xampp\htdocs\evaluationSystem\Application\Runtime\Cache\Admin\b1d0ea9fd04a9b1a6ee5cc7e9bdc1e1b.php 第 41 行.
NOTIC: [8] Use of undefined constant name - assumed 'name' D:\xampp\htdocs\evaluationSystem\Application\Runtime\Cache\Admin\b1d0ea9fd04a9b1a6ee5cc7e9bdc1e1b.php 第 41 行.
NOTIC: [8] Array to string conversion D:\xampp\htdocs\evaluationSystem\Application\Runtime\Cache\Admin\b1d0ea9fd04a9b1a6ee5cc7e9bdc1e1b.php 第 41 行.
NOTIC: [8] Use of undefined constant name - assumed 'name' D:\xampp\htdocs\evaluationSystem\Application\Runtime\Cache\Admin\b1d0ea9fd04a9b1a6ee5cc7e9bdc1e1b.php 第 41 行.
NOTIC: [8] Array to string conversion D:\xampp\htdocs\evaluationSystem\Application\Runtime\Cache\Admin\b1d0ea9fd04a9b1a6ee5cc7e9bdc1e1b.php 第 41 行.
NOTIC: [8] Use of undefined constant name - assumed 'name' D:\xampp\htdocs\evaluationSystem\Application\Runtime\Cache\Admin\b1d0ea9fd04a9b1a6ee5cc7e9bdc1e1b.php 第 41 行.
NOTIC: [8] Array to string conversion D:\xampp\htdocs\evaluationSystem\Application\Runtime\Cache\Admin\b1d0ea9fd04a9b1a6ee5cc7e9bdc1e1b.php 第 41 行.
NOTIC: [8] Use of undefined constant name - assumed 'name' D:\xampp\htdocs\evaluationSystem\Application\Runtime\Cache\Admin\b1d0ea9fd04a9b1a6ee5cc7e9bdc1e1b.php 第 41 行.
NOTIC: [8] Array to string conversion D:\xampp\htdocs\evaluationSystem\Application\Runtime\Cache\Admin\b1d0ea9fd04a9b1a6ee5cc7e9bdc1e1b.php 第 41 行.
NOTIC: [8] Use of undefined constant name - assumed 'name' D:\xampp\htdocs\evaluationSystem\Application\Runtime\Cache\Admin\b1d0ea9fd04a9b1a6ee5cc7e9bdc1e1b.php 第 41 行.
NOTIC: [8] Array to string conversion D:\xampp\htdocs\evaluationSystem\Application\Runtime\Cache\Admin\b1d0ea9fd04a9b1a6ee5cc7e9bdc1e1b.php 第 41 行.
INFO: Run Behavior\ParseTemplateBehavior [ RunTime:0.012001s ]
INFO: [ view_parse ] --END-- [ RunTime:0.012001s ]
INFO: [ view_filter ] --START--
INFO: Run Behavior\WriteHtmlCacheBehavior [ RunTime:0.000000s ]
INFO: [ view_filter ] --END-- [ RunTime:0.000000s ]
INFO: [ app_end ] --START--
INFO: Run Behavior\ShowPageTraceBehavior [ RunTime:0.001000s ]
INFO: [ app_end ] --END-- [ RunTime:0.001000s ]

[ 2016-09-05T21:37:42+08:00 ] ::1 /evaluationSystem/Admin/Rbacnode/add/pid/47/level/3?_=1473082662738
INFO: [ app_begin ] --START--
INFO: Run Behavior\ReadHtmlCacheBehavior [ RunTime:0.001000s ]
INFO: [ app_begin ] --END-- [ RunTime:0.001000s ]
INFO: [ view_parse ] --START--
INFO: [ template_filter ] --START--
INFO: Run Behavior\ContentReplaceBehavior [ RunTime:0.000000s ]
INFO: [ template_filter ] --END-- [ RunTime:0.000000s ]
INFO: Run Behavior\ParseTemplateBehavior [ RunTime:0.007001s ]
INFO: [ view_parse ] --END-- [ RunTime:0.007001s ]
INFO: [ view_filter ] --START--
INFO: Run Behavior\WriteHtmlCacheBehavior [ RunTime:0.000000s ]
INFO: [ view_filter ] --END-- [ RunTime:0.000000s ]
INFO: [ app_end ] --START--
INFO: Run Behavior\ShowPageTraceBehavior [ RunTime:0.001000s ]
INFO: [ app_end ] --END-- [ RunTime:0.001000s ]

[ 2016-09-05T21:37:48+08:00 ] ::1 /evaluationSystem/Admin/Rbacnode/insert/navTabId/listnodes/callbackType/closeCurrent
INFO: [ app_begin ] --START--
INFO: Run Behavior\ReadHtmlCacheBehavior [ RunTime:0.001000s ]
INFO: [ app_begin ] --END-- [ RunTime:0.001000s ]
SQL: SHOW COLUMNS FROM `es_node` [ RunTime:0.0030s ]
NOTIC: [8] Undefined index: validate D:\xampp\htdocs\evaluationSystem\ThinkPHP\Library\Think\Model.class.php 第 1185 行.
NOTIC: [8] Undefined index: auto D:\xampp\htdocs\evaluationSystem\ThinkPHP\Library\Think\Model.class.php 第 1128 行.
SQL: INSERT INTO `es_node` (`pid`,`level`,`name`,`title`,`imgsrc`,`status`,`remark`) VALUES ('47','3','index','index','','1','') [ RunTime:0.0000s ]
NOTIC: [8] Undefined index: forwardUrl D:\xampp\htdocs\evaluationSystem\ThinkPHP\Library\Think\Controller.class.php 第 220 行.

[ 2016-09-05T21:37:48+08:00 ] ::1 /evaluationSystem/Admin/Rbacnode/index.html
INFO: [ app_begin ] --START--
INFO: Run Behavior\ReadHtmlCacheBehavior [ RunTime:0.002000s ]
INFO: [ app_begin ] --END-- [ RunTime:0.002000s ]
SQL: SHOW COLUMNS FROM `es_node` [ RunTime:0.0040s ]
SQL: SELECT COUNT(*) AS tp_count FROM `es_node` LIMIT 1   [ RunTime:0.0000s ]
SQL: SELECT * FROM `es_node` ORDER BY id desc LIMIT 0,10   [ RunTime:0.0000s ]
SQL: SHOW COLUMNS FROM `es_node` [ RunTime:0.0030s ]
SQL: SELECT * FROM `es_node` ORDER BY sort  [ RunTime:0.0010s ]
NOTIC: [8] Undefined variable: search D:\xampp\htdocs\evaluationSystem\Application\Admin\Controller\RbacnodeController.class.php 第 307 行.
NOTIC: [8] Undefined index: values D:\xampp\htdocs\evaluationSystem\Application\Admin\Controller\RbacnodeController.class.php 第 308 行.
INFO: [ view_parse ] --START--
INFO: [ template_filter ] --START--
INFO: Run Behavior\ContentReplaceBehavior [ RunTime:0.001000s ]
INFO: [ template_filter ] --END-- [ RunTime:0.001000s ]
NOTIC: [8] Use of undefined constant name - assumed 'name' D:\xampp\htdocs\evaluationSystem\Application\Runtime\Cache\Admin\b1d0ea9fd04a9b1a6ee5cc7e9bdc1e1b.php 第 41 行.
NOTIC: [8] Array to string conversion D:\xampp\htdocs\evaluationSystem\Application\Runtime\Cache\Admin\b1d0ea9fd04a9b1a6ee5cc7e9bdc1e1b.php 第 41 行.
NOTIC: [8] Use of undefined constant name - assumed 'name' D:\xampp\htdocs\evaluationSystem\Application\Runtime\Cache\Admin\b1d0ea9fd04a9b1a6ee5cc7e9bdc1e1b.php 第 41 行.
NOTIC: [8] Array to string conversion D:\xampp\htdocs\evaluationSystem\Application\Runtime\Cache\Admin\b1d0ea9fd04a9b1a6ee5cc7e9bdc1e1b.php 第 41 行.
NOTIC: [8] Use of undefined constant name - assumed 'name' D:\xampp\htdocs\evaluationSystem\Application\Runtime\Cache\Admin\b1d0ea9fd04a9b1a6ee5cc7e9bdc1e1b.php 第 41 行.
NOTIC: [8] Array to string conversion D:\xampp\htdocs\evaluationSystem\Application\Runtime\Cache\Admin\b1d0ea9fd04a9b1a6ee5cc7e9bdc1e1b.php 第 41 行.
NOTIC: [8] Use of undefined constant name - assumed 'name' D:\xampp\htdocs\evaluationSystem\Application\Runtime\Cache\Admin\b1d0ea9fd04a9b1a6ee5cc7e9bdc1e1b.php 第 41 行.
NOTIC: [8] Array to string conversion D:\xampp\htdocs\evaluationSystem\Application\Runtime\Cache\Admin\b1d0ea9fd04a9b1a6ee5cc7e9bdc1e1b.php 第 41 行.
NOTIC: [8] Use of undefined constant name - assumed 'name' D:\xampp\htdocs\evaluationSystem\Application\Runtime\Cache\Admin\b1d0ea9fd04a9b1a6ee5cc7e9bdc1e1b.php 第 41 行.
NOTIC: [8] Array to string conversion D:\xampp\htdocs\evaluationSystem\Application\Runtime\Cache\Admin\b1d0ea9fd04a9b1a6ee5cc7e9bdc1e1b.php 第 41 行.
NOTIC: [8] Use of undefined constant name - assumed 'name' D:\xampp\htdocs\evaluationSystem\Application\Runtime\Cache\Admin\b1d0ea9fd04a9b1a6ee5cc7e9bdc1e1b.php 第 41 行.
NOTIC: [8] Array to string conversion D:\xampp\htdocs\evaluationSystem\Application\Runtime\Cache\Admin\b1d0ea9fd04a9b1a6ee5cc7e9bdc1e1b.php 第 41 行.
NOTIC: [8] Use of undefined constant name - assumed 'name' D:\xampp\htdocs\evaluationSystem\Application\Runtime\Cache\Admin\b1d0ea9fd04a9b1a6ee5cc7e9bdc1e1b.php 第 41 行.
NOTIC: [8] Array to string conversion D:\xampp\htdocs\evaluationSystem\Application\Runtime\Cache\Admin\b1d0ea9fd04a9b1a6ee5cc7e9bdc1e1b.php 第 41 行.
INFO: Run Behavior\ParseTemplateBehavior [ RunTime:0.014001s ]
INFO: [ view_parse ] --END-- [ RunTime:0.014001s ]
INFO: [ view_filter ] --START--
INFO: Run Behavior\WriteHtmlCacheBehavior [ RunTime:0.000000s ]
INFO: [ view_filter ] --END-- [ RunTime:0.000000s ]
INFO: [ app_end ] --START--
INFO: Run Behavior\ShowPageTraceBehavior [ RunTime:0.001000s ]
INFO: [ app_end ] --END-- [ RunTime:0.001000s ]

[ 2016-09-05T21:37:56+08:00 ] ::1 /evaluationSystem/Admin/Rbacnode/add/level/1?_=1473082676602
INFO: [ app_begin ] --START--
INFO: Run Behavior\ReadHtmlCacheBehavior [ RunTime:0.000000s ]
INFO: [ app_begin ] --END-- [ RunTime:0.001000s ]
INFO: [ view_parse ] --START--
INFO: [ template_filter ] --START--
INFO: Run Behavior\ContentReplaceBehavior [ RunTime:0.000000s ]
INFO: [ template_filter ] --END-- [ RunTime:0.000000s ]
NOTIC: [8] Undefined index: pid D:\xampp\htdocs\evaluationSystem\Application\Runtime\Cache\Admin\e44c9def3d26565592849052e57b91cb.php 第 5 行.
INFO: Run Behavior\ParseTemplateBehavior [ RunTime:0.006000s ]
INFO: [ view_parse ] --END-- [ RunTime:0.006000s ]
INFO: [ view_filter ] --START--
INFO: Run Behavior\WriteHtmlCacheBehavior [ RunTime:0.001001s ]
INFO: [ view_filter ] --END-- [ RunTime:0.001001s ]
INFO: [ app_end ] --START--
INFO: Run Behavior\ShowPageTraceBehavior [ RunTime:0.001000s ]
INFO: [ app_end ] --END-- [ RunTime:0.001000s ]

[ 2016-09-05T21:38:52+08:00 ] ::1 /evaluationSystem/Admin/Rbacnode/edit/id/46?_=1473082732040
INFO: [ app_begin ] --START--
INFO: Run Behavior\ReadHtmlCacheBehavior [ RunTime:0.001000s ]
INFO: [ app_begin ] --END-- [ RunTime:0.002000s ]
SQL: SHOW COLUMNS FROM `es_node` [ RunTime:0.0030s ]
SQL: SELECT * FROM `es_node` WHERE `id` = 46 LIMIT 1   [ RunTime:0.0000s ]
INFO: [ view_parse ] --START--
INFO: [ template_filter ] --START--
INFO: Run Behavior\ContentReplaceBehavior [ RunTime:0.000000s ]
INFO: [ template_filter ] --END-- [ RunTime:0.000000s ]
INFO: Run Behavior\ParseTemplateBehavior [ RunTime:0.009000s ]
INFO: [ view_parse ] --END-- [ RunTime:0.009000s ]
INFO: [ view_filter ] --START--
INFO: Run Behavior\WriteHtmlCacheBehavior [ RunTime:0.001000s ]
INFO: [ view_filter ] --END-- [ RunTime:0.001000s ]
INFO: [ app_end ] --START--
INFO: Run Behavior\ShowPageTraceBehavior [ RunTime:0.001001s ]
INFO: [ app_end ] --END-- [ RunTime:0.001001s ]

[ 2016-09-05T21:39:04+08:00 ] ::1 /evaluationSystem/Admin/Rbacnode/update/navTabId/listnodes/callbackType/closeCurrent
INFO: [ app_begin ] --START--
INFO: Run Behavior\ReadHtmlCacheBehavior [ RunTime:0.001000s ]
INFO: [ app_begin ] --END-- [ RunTime:0.001000s ]
SQL: SHOW COLUMNS FROM `es_node` [ RunTime:0.0030s ]
NOTIC: [8] Undefined index: validate D:\xampp\htdocs\evaluationSystem\ThinkPHP\Library\Think\Model.class.php 第 1185 行.
NOTIC: [8] Undefined index: auto D:\xampp\htdocs\evaluationSystem\ThinkPHP\Library\Think\Model.class.php 第 1128 行.
SQL: UPDATE `es_node` SET `name`='绩效考核分析',`title`='绩效考核分析',`imgsrc`='pmresult.png',`status`='1',`remark`='可以查看所有绩效考核结果' WHERE `id` = 46 [ RunTime:0.0000s ]
NOTIC: [8] Undefined index: forwardUrl D:\xampp\htdocs\evaluationSystem\ThinkPHP\Library\Think\Controller.class.php 第 220 行.

[ 2016-09-05T21:39:04+08:00 ] ::1 /evaluationSystem/Admin/Rbacnode/index.html
INFO: [ app_begin ] --START--
INFO: Run Behavior\ReadHtmlCacheBehavior [ RunTime:0.001000s ]
INFO: [ app_begin ] --END-- [ RunTime:0.002000s ]
SQL: SHOW COLUMNS FROM `es_node` [ RunTime:0.0030s ]
SQL: SELECT COUNT(*) AS tp_count FROM `es_node` LIMIT 1   [ RunTime:0.0000s ]
SQL: SELECT * FROM `es_node` ORDER BY id desc LIMIT 0,10   [ RunTime:0.0010s ]
SQL: SHOW COLUMNS FROM `es_node` [ RunTime:0.0020s ]
SQL: SELECT * FROM `es_node` ORDER BY sort  [ RunTime:0.0000s ]
NOTIC: [8] Undefined variable: search D:\xampp\htdocs\evaluationSystem\Application\Admin\Controller\RbacnodeController.class.php 第 307 行.
NOTIC: [8] Undefined index: values D:\xampp\htdocs\evaluationSystem\Application\Admin\Controller\RbacnodeController.class.php 第 308 行.
INFO: [ view_parse ] --START--
INFO: [ template_filter ] --START--
INFO: Run Behavior\ContentReplaceBehavior [ RunTime:0.000000s ]
INFO: [ template_filter ] --END-- [ RunTime:0.000000s ]
NOTIC: [8] Use of undefined constant name - assumed 'name' D:\xampp\htdocs\evaluationSystem\Application\Runtime\Cache\Admin\b1d0ea9fd04a9b1a6ee5cc7e9bdc1e1b.php 第 41 行.
NOTIC: [8] Array to string conversion D:\xampp\htdocs\evaluationSystem\Application\Runtime\Cache\Admin\b1d0ea9fd04a9b1a6ee5cc7e9bdc1e1b.php 第 41 行.
NOTIC: [8] Use of undefined constant name - assumed 'name' D:\xampp\htdocs\evaluationSystem\Application\Runtime\Cache\Admin\b1d0ea9fd04a9b1a6ee5cc7e9bdc1e1b.php 第 41 行.
NOTIC: [8] Array to string conversion D:\xampp\htdocs\evaluationSystem\Application\Runtime\Cache\Admin\b1d0ea9fd04a9b1a6ee5cc7e9bdc1e1b.php 第 41 行.
NOTIC: [8] Use of undefined constant name - assumed 'name' D:\xampp\htdocs\evaluationSystem\Application\Runtime\Cache\Admin\b1d0ea9fd04a9b1a6ee5cc7e9bdc1e1b.php 第 41 行.
NOTIC: [8] Array to string conversion D:\xampp\htdocs\evaluationSystem\Application\Runtime\Cache\Admin\b1d0ea9fd04a9b1a6ee5cc7e9bdc1e1b.php 第 41 行.
NOTIC: [8] Use of undefined constant name - assumed 'name' D:\xampp\htdocs\evaluationSystem\Application\Runtime\Cache\Admin\b1d0ea9fd04a9b1a6ee5cc7e9bdc1e1b.php 第 41 行.
NOTIC: [8] Array to string conversion D:\xampp\htdocs\evaluationSystem\Application\Runtime\Cache\Admin\b1d0ea9fd04a9b1a6ee5cc7e9bdc1e1b.php 第 41 行.
NOTIC: [8] Use of undefined constant name - assumed 'name' D:\xampp\htdocs\evaluationSystem\Application\Runtime\Cache\Admin\b1d0ea9fd04a9b1a6ee5cc7e9bdc1e1b.php 第 41 行.
NOTIC: [8] Array to string conversion D:\xampp\htdocs\evaluationSystem\Application\Runtime\Cache\Admin\b1d0ea9fd04a9b1a6ee5cc7e9bdc1e1b.php 第 41 行.
NOTIC: [8] Use of undefined constant name - assumed 'name' D:\xampp\htdocs\evaluationSystem\Application\Runtime\Cache\Admin\b1d0ea9fd04a9b1a6ee5cc7e9bdc1e1b.php 第 41 行.
NOTIC: [8] Array to string conversion D:\xampp\htdocs\evaluationSystem\Application\Runtime\Cache\Admin\b1d0ea9fd04a9b1a6ee5cc7e9bdc1e1b.php 第 41 行.
NOTIC: [8] Use of undefined constant name - assumed 'name' D:\xampp\htdocs\evaluationSystem\Application\Runtime\Cache\Admin\b1d0ea9fd04a9b1a6ee5cc7e9bdc1e1b.php 第 41 行.
NOTIC: [8] Array to string conversion D:\xampp\htdocs\evaluationSystem\Application\Runtime\Cache\Admin\b1d0ea9fd04a9b1a6ee5cc7e9bdc1e1b.php 第 41 行.
INFO: Run Behavior\ParseTemplateBehavior [ RunTime:0.014001s ]
INFO: [ view_parse ] --END-- [ RunTime:0.014001s ]
INFO: [ view_filter ] --START--
INFO: Run Behavior\WriteHtmlCacheBehavior [ RunTime:0.000000s ]
INFO: [ view_filter ] --END-- [ RunTime:0.000000s ]
INFO: [ app_end ] --START--
INFO: Run Behavior\ShowPageTraceBehavior [ RunTime:0.000000s ]
INFO: [ app_end ] --END-- [ RunTime:0.000000s ]

[ 2016-09-05T21:39:13+08:00 ] ::1 /evaluationSystem/admin/Login/logout
INFO: [ app_begin ] --START--
INFO: Run Behavior\ReadHtmlCacheBehavior [ RunTime:0.001000s ]
INFO: [ app_begin ] --END-- [ RunTime:0.001000s ]

[ 2016-09-05T21:39:31+08:00 ] ::1 /evaluationSystem/Admin/Index/index.html
INFO: [ app_begin ] --START--
INFO: Run Behavior\ReadHtmlCacheBehavior [ RunTime:0.001000s ]
INFO: [ app_begin ] --END-- [ RunTime:0.001000s ]
SQL: SHOW COLUMNS FROM `es_user` [ RunTime:0.0030s ]
SQL: SELECT * FROM `es_user` WHERE `username` = 'admin' LIMIT 1   [ RunTime:0.0000s ]
INFO: [ view_parse ] --START--
INFO: [ template_filter ] --START--
INFO: Run Behavior\ContentReplaceBehavior [ RunTime:0.000000s ]
INFO: [ template_filter ] --END-- [ RunTime:0.000000s ]
INFO: Run Behavior\ParseTemplateBehavior [ RunTime:0.014001s ]
INFO: [ view_parse ] --END-- [ RunTime:0.014001s ]
INFO: [ view_filter ] --START--
INFO: Run Behavior\WriteHtmlCacheBehavior [ RunTime:0.000000s ]
INFO: [ view_filter ] --END-- [ RunTime:0.000000s ]
INFO: [ app_end ] --START--
INFO: Run Behavior\ShowPageTraceBehavior [ RunTime:0.000000s ]
INFO: [ app_end ] --END-- [ RunTime:0.000000s ]

[ 2016-09-05T21:39:38+08:00 ] ::1 /evaluationSystem/Admin/Rbacrole/index.html?_=1473082778834
INFO: [ app_begin ] --START--
INFO: Run Behavior\ReadHtmlCacheBehavior [ RunTime:0.000000s ]
INFO: [ app_begin ] --END-- [ RunTime:0.002000s ]
SQL: SHOW COLUMNS FROM `es_role` [ RunTime:0.0030s ]
SQL: SELECT COUNT(*) AS tp_count FROM `es_role` LIMIT 1   [ RunTime:0.0010s ]
SQL: SELECT * FROM `es_role` ORDER BY id desc LIMIT 0,10   [ RunTime:0.0000s ]
NOTIC: [8] Undefined variable: search D:\xampp\htdocs\evaluationSystem\Application\Admin\Controller\RbacroleController.class.php 第 270 行.
NOTIC: [8] Undefined index: values D:\xampp\htdocs\evaluationSystem\Application\Admin\Controller\RbacroleController.class.php 第 271 行.
INFO: [ view_parse ] --START--
INFO: [ template_filter ] --START--
INFO: Run Behavior\ContentReplaceBehavior [ RunTime:0.000000s ]
INFO: [ template_filter ] --END-- [ RunTime:0.000000s ]
NOTIC: [8] Undefined index: _order D:\xampp\htdocs\evaluationSystem\Application\Runtime\Cache\Admin\9fcfc2dc1fe33575c952d146d6824da5.php 第 4 行.
NOTIC: [8] Undefined index: _sort D:\xampp\htdocs\evaluationSystem\Application\Runtime\Cache\Admin\9fcfc2dc1fe33575c952d146d6824da5.php 第 5 行.
INFO: Run Behavior\ParseTemplateBehavior [ RunTime:0.012001s ]
INFO: [ view_parse ] --END-- [ RunTime:0.012001s ]
INFO: [ view_filter ] --START--
INFO: Run Behavior\WriteHtmlCacheBehavior [ RunTime:0.001000s ]
INFO: [ view_filter ] --END-- [ RunTime:0.001000s ]
INFO: [ app_end ] --START--
INFO: Run Behavior\ShowPageTraceBehavior [ RunTime:0.001000s ]
INFO: [ app_end ] --END-- [ RunTime:0.001000s ]

[ 2016-09-05T21:39:43+08:00 ] ::1 /evaluationSystem/Admin/Rbacaccess/edit/role_id/9.html?_=1473082783430
INFO: [ app_begin ] --START--
INFO: Run Behavior\ReadHtmlCacheBehavior [ RunTime:0.000000s ]
INFO: [ app_begin ] --END-- [ RunTime:0.001000s ]
SQL: SHOW COLUMNS FROM `es_node` [ RunTime:0.0030s ]
SQL: SELECT `id`,`name`,`title`,`pid` FROM `es_node` ORDER BY sort  [ RunTime:0.0010s ]
SQL: SHOW COLUMNS FROM `es_access` [ RunTime:0.0020s ]
SQL: SELECT `node_id` FROM `es_access` WHERE `role_id` = 9  [ RunTime:0.0010s ]
INFO: [ view_parse ] --START--
INFO: [ template_filter ] --START--
INFO: Run Behavior\ContentReplaceBehavior [ RunTime:0.000000s ]
INFO: [ template_filter ] --END-- [ RunTime:0.000000s ]
INFO: Run Behavior\ParseTemplateBehavior [ RunTime:0.013001s ]
INFO: [ view_parse ] --END-- [ RunTime:0.013001s ]
INFO: [ view_filter ] --START--
INFO: Run Behavior\WriteHtmlCacheBehavior [ RunTime:0.000000s ]
INFO: [ view_filter ] --END-- [ RunTime:0.000000s ]
INFO: [ app_end ] --START--
INFO: Run Behavior\ShowPageTraceBehavior [ RunTime:0.001000s ]
INFO: [ app_end ] --END-- [ RunTime:0.001000s ]

[ 2016-09-05T21:39:49+08:00 ] ::1 /evaluationSystem/Admin/Rbacaccess/update/navTabId/rbacaccess/callbackType/closeCurrent
INFO: [ app_begin ] --START--
INFO: Run Behavior\ReadHtmlCacheBehavior [ RunTime:0.001000s ]
INFO: [ app_begin ] --END-- [ RunTime:0.001000s ]
SQL: SHOW COLUMNS FROM `es_access` [ RunTime:0.0020s ]
SQL: DELETE FROM `es_access` WHERE `role_id` = 9 [ RunTime:0.0000s ]
SQL: INSERT INTO `es_access` (`role_id`,`node_id`,`level`) VALUES ('9','37','1'),('9','38','2'),('9','39','3'),('9','40','1'),('9','41','2'),('9','42','3'),('9','43','1'),('9','44','2'),('9','45','3'),('9','46','1'),('9','47','2'),('9','48','3'),('9','33','1'),('9','34','2'),('9','36','3'),('9','26','1'),('9','28','2'),('9','29','3'),('9','30','1'),('9','31','2'),('9','32','3') [ RunTime:0.0000s ]
NOTIC: [8] Undefined index: forwardUrl D:\xampp\htdocs\evaluationSystem\ThinkPHP\Library\Think\Controller.class.php 第 220 行.

[ 2016-09-05T21:39:51+08:00 ] ::1 /evaluationSystem/admin/Login/logout
INFO: [ app_begin ] --START--
INFO: Run Behavior\ReadHtmlCacheBehavior [ RunTime:0.001000s ]
INFO: [ app_begin ] --END-- [ RunTime:0.002000s ]

[ 2016-09-05T23:33:33+08:00 ] ::1 /evaluationSystem/Admin/Index/index.html
INFO: [ app_begin ] --START--
INFO: Run Behavior\ReadHtmlCacheBehavior [ RunTime:0.001000s ]
INFO: [ app_begin ] --END-- [ RunTime:0.001000s ]
SQL: SHOW COLUMNS FROM `es_user` [ RunTime:0.0030s ]
SQL: SELECT * FROM `es_user` WHERE `username` = 'admin' LIMIT 1   [ RunTime:0.0000s ]
INFO: [ view_parse ] --START--
INFO: [ template_filter ] --START--
INFO: Run Behavior\ContentReplaceBehavior [ RunTime:0.000000s ]
INFO: [ template_filter ] --END-- [ RunTime:0.000000s ]
INFO: Run Behavior\ParseTemplateBehavior [ RunTime:0.015001s ]
INFO: [ view_parse ] --END-- [ RunTime:0.015001s ]
INFO: [ view_filter ] --START--
INFO: Run Behavior\WriteHtmlCacheBehavior [ RunTime:0.000000s ]
INFO: [ view_filter ] --END-- [ RunTime:0.000000s ]
INFO: [ app_end ] --START--
INFO: Run Behavior\ShowPageTraceBehavior [ RunTime:0.001000s ]
INFO: [ app_end ] --END-- [ RunTime:0.001000s ]

[ 2016-09-05T23:33:38+08:00 ] ::1 /evaluationSystem/Admin/Performance/index.html?_=1473089618045
INFO: [ app_begin ] --START--
INFO: Run Behavior\ReadHtmlCacheBehavior [ RunTime:0.001000s ]
INFO: [ app_begin ] --END-- [ RunTime:0.001000s ]
SQL: SHOW COLUMNS FROM `es_pmgroup` [ RunTime:0.0040s ]
SQL: SELECT * FROM `es_pmgroup`  [ RunTime:0.0000s ]
INFO: [ view_parse ] --START--
INFO: [ template_filter ] --START--
INFO: Run Behavior\ContentReplaceBehavior [ RunTime:0.000000s ]
INFO: [ template_filter ] --END-- [ RunTime:0.000000s ]
NOTIC: [8] Undefined variable: numPerPage D:\xampp\htdocs\evaluationSystem\Application\Runtime\Cache\Admin\639657368133e24453e83761f541339d.php 第 3 行.
NOTIC: [8] Undefined index: _order D:\xampp\htdocs\evaluationSystem\Application\Runtime\Cache\Admin\639657368133e24453e83761f541339d.php 第 4 行.
NOTIC: [8] Undefined index: _sort D:\xampp\htdocs\evaluationSystem\Application\Runtime\Cache\Admin\639657368133e24453e83761f541339d.php 第 5 行.
NOTIC: [8] Undefined variable: numPerPage D:\xampp\htdocs\evaluationSystem\Application\Runtime\Cache\Admin\639657368133e24453e83761f541339d.php 第 51 行.
NOTIC: [8] Undefined variable: numPerPage D:\xampp\htdocs\evaluationSystem\Application\Runtime\Cache\Admin\639657368133e24453e83761f541339d.php 第 52 行.
NOTIC: [8] Undefined variable: numPerPage D:\xampp\htdocs\evaluationSystem\Application\Runtime\Cache\Admin\639657368133e24453e83761f541339d.php 第 53 行.
NOTIC: [8] Undefined variable: numPerPage D:\xampp\htdocs\evaluationSystem\Application\Runtime\Cache\Admin\639657368133e24453e83761f541339d.php 第 54 行.
NOTIC: [8] Undefined variable: numPerPage D:\xampp\htdocs\evaluationSystem\Application\Runtime\Cache\Admin\639657368133e24453e83761f541339d.php 第 55 行.
NOTIC: [8] Undefined variable: totalCount D:\xampp\htdocs\evaluationSystem\Application\Runtime\Cache\Admin\639657368133e24453e83761f541339d.php 第 57 行.
NOTIC: [8] Undefined variable: totalCount D:\xampp\htdocs\evaluationSystem\Application\Runtime\Cache\Admin\639657368133e24453e83761f541339d.php 第 59 行.
NOTIC: [8] Undefined variable: numPerPage D:\xampp\htdocs\evaluationSystem\Application\Runtime\Cache\Admin\639657368133e24453e83761f541339d.php 第 59 行.
NOTIC: [8] Undefined variable: currentPage D:\xampp\htdocs\evaluationSystem\Application\Runtime\Cache\Admin\639657368133e24453e83761f541339d.php 第 59 行.
INFO: Run Behavior\ParseTemplateBehavior [ RunTime:0.009001s ]
INFO: [ view_parse ] --END-- [ RunTime:0.009001s ]
INFO: [ view_filter ] --START--
INFO: Run Behavior\WriteHtmlCacheBehavior [ RunTime:0.001000s ]
INFO: [ view_filter ] --END-- [ RunTime:0.001000s ]
INFO: [ app_end ] --START--
INFO: Run Behavior\ShowPageTraceBehavior [ RunTime:0.001000s ]
INFO: [ app_end ] --END-- [ RunTime:0.001000s ]

[ 2016-09-05T23:33:41+08:00 ] ::1 /evaluationSystem/Admin/Performance/setLeader/id/6?_=1473089621774
INFO: [ app_begin ] --START--
INFO: Run Behavior\ReadHtmlCacheBehavior [ RunTime:0.001000s ]
INFO: [ app_begin ] --END-- [ RunTime:0.001000s ]
SQL: SHOW COLUMNS FROM `es_user` [ RunTime:0.0040s ]
SQL: SELECT * FROM `es_user`  [ RunTime:0.0010s ]
SQL: SHOW COLUMNS FROM `es_pmgroup` [ RunTime:0.0040s ]
SQL: SELECT `leaders` FROM `es_pmgroup` WHERE `id` = 6 LIMIT 1   [ RunTime:0.0010s ]
INFO: [ view_parse ] --START--
INFO: [ template_filter ] --START--
INFO: Run Behavior\ContentReplaceBehavior [ RunTime:0.000000s ]
INFO: [ template_filter ] --END-- [ RunTime:0.000000s ]
INFO: Run Behavior\ParseTemplateBehavior [ RunTime:0.012001s ]
INFO: [ view_parse ] --END-- [ RunTime:0.012001s ]
INFO: [ view_filter ] --START--
INFO: Run Behavior\WriteHtmlCacheBehavior [ RunTime:0.001000s ]
INFO: [ view_filter ] --END-- [ RunTime:0.001000s ]
INFO: [ app_end ] --START--
INFO: Run Behavior\ShowPageTraceBehavior [ RunTime:0.001000s ]
INFO: [ app_end ] --END-- [ RunTime:0.001000s ]

[ 2016-09-05T23:33:45+08:00 ] ::1 /evaluationSystem/Admin/Performance/updatleaders/navTabId/performance/callbackType/closeCurrent
INFO: [ app_begin ] --START--
INFO: Run Behavior\ReadHtmlCacheBehavior [ RunTime:0.001000s ]
INFO: [ app_begin ] --END-- [ RunTime:0.002000s ]
SQL: SHOW COLUMNS FROM `es_pmgroup` [ RunTime:0.0050s ]
SQL: UPDATE `es_pmgroup` SET `leaders`='17|18|19' WHERE `id` = 6 [ RunTime:0.1440s ]
NOTIC: [8] Undefined index: forwardUrl D:\xampp\htdocs\evaluationSystem\ThinkPHP\Library\Think\Controller.class.php 第 220 行.

[ 2016-09-05T23:33:45+08:00 ] ::1 /evaluationSystem/Admin/Performance/index.html
INFO: [ app_begin ] --START--
INFO: Run Behavior\ReadHtmlCacheBehavior [ RunTime:0.001000s ]
INFO: [ app_begin ] --END-- [ RunTime:0.001000s ]
SQL: SHOW COLUMNS FROM `es_pmgroup` [ RunTime:0.0050s ]
SQL: SELECT * FROM `es_pmgroup`  [ RunTime:0.0000s ]
INFO: [ view_parse ] --START--
INFO: [ template_filter ] --START--
INFO: Run Behavior\ContentReplaceBehavior [ RunTime:0.000000s ]
INFO: [ template_filter ] --END-- [ RunTime:0.000000s ]
NOTIC: [8] Undefined variable: numPerPage D:\xampp\htdocs\evaluationSystem\Application\Runtime\Cache\Admin\639657368133e24453e83761f541339d.php 第 3 行.
NOTIC: [8] Undefined variable: numPerPage D:\xampp\htdocs\evaluationSystem\Application\Runtime\Cache\Admin\639657368133e24453e83761f541339d.php 第 51 行.
NOTIC: [8] Undefined variable: numPerPage D:\xampp\htdocs\evaluationSystem\Application\Runtime\Cache\Admin\639657368133e24453e83761f541339d.php 第 52 行.
NOTIC: [8] Undefined variable: numPerPage D:\xampp\htdocs\evaluationSystem\Application\Runtime\Cache\Admin\639657368133e24453e83761f541339d.php 第 53 行.
NOTIC: [8] Undefined variable: numPerPage D:\xampp\htdocs\evaluationSystem\Application\Runtime\Cache\Admin\639657368133e24453e83761f541339d.php 第 54 行.
NOTIC: [8] Undefined variable: numPerPage D:\xampp\htdocs\evaluationSystem\Application\Runtime\Cache\Admin\639657368133e24453e83761f541339d.php 第 55 行.
NOTIC: [8] Undefined variable: totalCount D:\xampp\htdocs\evaluationSystem\Application\Runtime\Cache\Admin\639657368133e24453e83761f541339d.php 第 57 行.
NOTIC: [8] Undefined variable: totalCount D:\xampp\htdocs\evaluationSystem\Application\Runtime\Cache\Admin\639657368133e24453e83761f541339d.php 第 59 行.
NOTIC: [8] Undefined variable: numPerPage D:\xampp\htdocs\evaluationSystem\Application\Runtime\Cache\Admin\639657368133e24453e83761f541339d.php 第 59 行.
NOTIC: [8] Undefined variable: currentPage D:\xampp\htdocs\evaluationSystem\Application\Runtime\Cache\Admin\639657368133e24453e83761f541339d.php 第 59 行.
INFO: Run Behavior\ParseTemplateBehavior [ RunTime:0.011001s ]
INFO: [ view_parse ] --END-- [ RunTime:0.011001s ]
INFO: [ view_filter ] --START--
INFO: Run Behavior\WriteHtmlCacheBehavior [ RunTime:0.001000s ]
INFO: [ view_filter ] --END-- [ RunTime:0.001000s ]
INFO: [ app_end ] --START--
INFO: Run Behavior\ShowPageTraceBehavior [ RunTime:0.001000s ]
INFO: [ app_end ] --END-- [ RunTime:0.001000s ]

[ 2016-09-05T23:33:48+08:00 ] ::1 /evaluationSystem/admin/Login/logout
INFO: [ app_begin ] --START--
INFO: Run Behavior\ReadHtmlCacheBehavior [ RunTime:0.000000s ]
INFO: [ app_begin ] --END-- [ RunTime:0.001000s ]

