[ 2016-07-29T00:25:53+08:00 ] ::1 /workspace/simpsons/trunk/server/admin/Login/logout
INFO: [ app_begin ] --START--
INFO: Run Behavior\ReadHtmlCacheBehavior [ RunTime:0.000000s ]
INFO: [ app_begin ] --END-- [ RunTime:0.001000s ]
INFO: [ view_parse ] --START--
INFO: [ template_filter ] --START--
INFO: Run Behavior\ContentReplaceBehavior [ RunTime:0.000000s ]
INFO: [ template_filter ] --END-- [ RunTime:0.000000s ]
SQL: SHOW COLUMNS FROM `easy_fields` [ RunTime:0.0030s ]
SQL: SELECT * FROM `easy_fields` WHERE `field` = 'title' LIMIT 1   [ RunTime:0.0000s ]
NOTIC: [8] Undefined index: message D:\xampp\htdocs\workspace\simpsons\trunk\server\Application\Runtime\Cache\Admin\5d913dbd2da64d0b19844a871847723d.php 第 39 行.
INFO: Run Behavior\ParseTemplateBehavior [ RunTime:0.020002s ]
INFO: [ view_parse ] --END-- [ RunTime:0.020002s ]
INFO: [ view_filter ] --START--
INFO: Run Behavior\WriteHtmlCacheBehavior [ RunTime:0.001000s ]
INFO: [ view_filter ] --END-- [ RunTime:0.001000s ]
INFO: [ app_end ] --START--
INFO: Run Behavior\ShowPageTraceBehavior [ RunTime:0.001000s ]
INFO: [ app_end ] --END-- [ RunTime:0.001000s ]

[ 2016-07-29T00:25:54+08:00 ] ::1 /workspace/simpsons/trunk/server/Admin/Login/verify/
INFO: [ app_begin ] --START--
INFO: Run Behavior\ReadHtmlCacheBehavior [ RunTime:0.001000s ]
INFO: [ app_begin ] --END-- [ RunTime:0.001000s ]
INFO: [ app_end ] --START--
INFO: Run Behavior\ShowPageTraceBehavior [ RunTime:0.001000s ]
INFO: [ app_end ] --END-- [ RunTime:0.001000s ]

[ 2016-07-29T21:34:20+08:00 ] ::1 /workspace/simpsons/trunk/server/Admin/Login/login.html
INFO: [ app_begin ] --START--
INFO: Run Behavior\ReadHtmlCacheBehavior [ RunTime:0.001000s ]
INFO: [ app_begin ] --END-- [ RunTime:0.002000s ]
INFO: [ view_parse ] --START--
INFO: [ template_filter ] --START--
INFO: Run Behavior\ContentReplaceBehavior [ RunTime:0.000000s ]
INFO: [ template_filter ] --END-- [ RunTime:0.000000s ]
SQL: SHOW COLUMNS FROM `easy_fields` [ RunTime:0.0740s ]
SQL: SELECT * FROM `easy_fields` WHERE `field` = 'title' LIMIT 1   [ RunTime:0.0010s ]
NOTIC: [8] Undefined index: message D:\xampp\htdocs\workspace\simpsons\trunk\server\Application\Runtime\Cache\Admin\5d913dbd2da64d0b19844a871847723d.php 第 39 行.
INFO: Run Behavior\ParseTemplateBehavior [ RunTime:0.092006s ]
INFO: [ view_parse ] --END-- [ RunTime:0.092006s ]
INFO: [ view_filter ] --START--
INFO: Run Behavior\WriteHtmlCacheBehavior [ RunTime:0.002000s ]
INFO: [ view_filter ] --END-- [ RunTime:0.003000s ]
INFO: [ app_end ] --START--
INFO: Run Behavior\ShowPageTraceBehavior [ RunTime:0.003000s ]
INFO: [ app_end ] --END-- [ RunTime:0.003000s ]

[ 2016-07-29T21:34:20+08:00 ] ::1 /workspace/simpsons/trunk/server/Admin/Login/verify/
INFO: [ app_begin ] --START--
INFO: Run Behavior\ReadHtmlCacheBehavior [ RunTime:0.001001s ]
INFO: [ app_begin ] --END-- [ RunTime:0.001001s ]
INFO: [ app_end ] --START--
INFO: Run Behavior\ShowPageTraceBehavior [ RunTime:0.001000s ]
INFO: [ app_end ] --END-- [ RunTime:0.001000s ]

[ 2016-07-29T21:34:22+08:00 ] ::1 /workspace/simpsons/trunk/server/Admin/Login/verify/1469799262394
INFO: [ app_begin ] --START--
INFO: Run Behavior\ReadHtmlCacheBehavior [ RunTime:0.000000s ]
INFO: [ app_begin ] --END-- [ RunTime:0.000000s ]
INFO: [ app_end ] --START--
INFO: Run Behavior\ShowPageTraceBehavior [ RunTime:0.015600s ]
INFO: [ app_end ] --END-- [ RunTime:0.015600s ]

[ 2016-07-29T21:34:35+08:00 ] ::1 /workspace/simpsons/trunk/server/Admin/Login/login.html
INFO: [ app_begin ] --START--
INFO: Run Behavior\ReadHtmlCacheBehavior [ RunTime:0.001000s ]
INFO: [ app_begin ] --END-- [ RunTime:0.002001s ]
INFO: [ view_parse ] --START--
INFO: [ template_filter ] --START--
INFO: Run Behavior\ContentReplaceBehavior [ RunTime:0.000000s ]
INFO: [ template_filter ] --END-- [ RunTime:0.000000s ]
SQL: SHOW COLUMNS FROM `easy_fields` [ RunTime:0.0030s ]
SQL: SELECT * FROM `easy_fields` WHERE `field` = 'title' LIMIT 1   [ RunTime:0.0000s ]
NOTIC: [8] Undefined index: message D:\xampp\htdocs\workspace\simpsons\trunk\server\Application\Runtime\Cache\Admin\5d913dbd2da64d0b19844a871847723d.php 第 39 行.
INFO: Run Behavior\ParseTemplateBehavior [ RunTime:0.028001s ]
INFO: [ view_parse ] --END-- [ RunTime:0.028001s ]
INFO: [ view_filter ] --START--
INFO: Run Behavior\WriteHtmlCacheBehavior [ RunTime:0.000000s ]
INFO: [ view_filter ] --END-- [ RunTime:0.000000s ]
INFO: [ app_end ] --START--
INFO: Run Behavior\ShowPageTraceBehavior [ RunTime:0.000000s ]
INFO: [ app_end ] --END-- [ RunTime:0.000000s ]

[ 2016-07-29T21:34:36+08:00 ] ::1 /workspace/simpsons/trunk/server/Admin/Login/verify/
INFO: [ app_begin ] --START--
INFO: Run Behavior\ReadHtmlCacheBehavior [ RunTime:0.002000s ]
INFO: [ app_begin ] --END-- [ RunTime:0.002000s ]
INFO: [ app_end ] --START--
INFO: Run Behavior\ShowPageTraceBehavior [ RunTime:0.000000s ]
INFO: [ app_end ] --END-- [ RunTime:0.000000s ]

[ 2016-07-29T22:28:47+08:00 ] ::1 /workspace/simpsons/trunk/server/Admin/Login/login.html
INFO: [ app_begin ] --START--
INFO: Run Behavior\ReadHtmlCacheBehavior [ RunTime:0.001000s ]
INFO: [ app_begin ] --END-- [ RunTime:0.001000s ]
INFO: [ view_parse ] --START--
INFO: [ template_filter ] --START--
INFO: Run Behavior\ContentReplaceBehavior [ RunTime:0.000000s ]
INFO: [ template_filter ] --END-- [ RunTime:0.000000s ]
SQL: SHOW COLUMNS FROM `easy_fields` [ RunTime:0.0030s ]
SQL: SELECT * FROM `easy_fields` WHERE `field` = 'title' LIMIT 1   [ RunTime:0.0010s ]
NOTIC: [8] Undefined index: message D:\xampp\htdocs\workspace\simpsons\trunk\server\Application\Runtime\Cache\Admin\5d913dbd2da64d0b19844a871847723d.php 第 39 行.
INFO: Run Behavior\ParseTemplateBehavior [ RunTime:0.019001s ]
INFO: [ view_parse ] --END-- [ RunTime:0.019001s ]
INFO: [ view_filter ] --START--
INFO: Run Behavior\WriteHtmlCacheBehavior [ RunTime:0.001000s ]
INFO: [ view_filter ] --END-- [ RunTime:0.001000s ]
INFO: [ app_end ] --START--
INFO: Run Behavior\ShowPageTraceBehavior [ RunTime:0.001000s ]
INFO: [ app_end ] --END-- [ RunTime:0.001000s ]

[ 2016-07-29T22:28:47+08:00 ] ::1 /workspace/simpsons/trunk/server/Admin/Login/verify/
INFO: [ app_begin ] --START--
INFO: Run Behavior\ReadHtmlCacheBehavior [ RunTime:0.001000s ]
INFO: [ app_begin ] --END-- [ RunTime:0.001000s ]
INFO: [ app_end ] --START--
INFO: Run Behavior\ShowPageTraceBehavior [ RunTime:0.002001s ]
INFO: [ app_end ] --END-- [ RunTime:0.002001s ]

[ 2016-07-29T22:28:50+08:00 ] ::1 /workspace/simpsons/trunk/server/Admin/Login/checkLogin/
INFO: [ app_begin ] --START--
INFO: Run Behavior\ReadHtmlCacheBehavior [ RunTime:0.000000s ]
INFO: [ app_begin ] --END-- [ RunTime:0.001000s ]
SQL: SHOW COLUMNS FROM `easy_user` [ RunTime:0.0030s ]
SQL: SELECT * FROM `easy_user` WHERE `username` = 'admin' LIMIT 1   [ RunTime:0.0000s ]
ERR: 模板不存在:./Application/Admin/View/mobile/Login/login.html

[ 2016-07-29T22:29:14+08:00 ] ::1 /workspace/simpsons/trunk/server/Admin/Login/login.html
INFO: [ app_begin ] --START--
INFO: Run Behavior\ReadHtmlCacheBehavior [ RunTime:0.001000s ]
INFO: [ app_begin ] --END-- [ RunTime:0.002000s ]
INFO: [ view_parse ] --START--
INFO: [ template_filter ] --START--
INFO: Run Behavior\ContentReplaceBehavior [ RunTime:0.000000s ]
INFO: [ template_filter ] --END-- [ RunTime:0.000000s ]
SQL: SHOW COLUMNS FROM `easy_fields` [ RunTime:0.0040s ]
SQL: SELECT * FROM `easy_fields` WHERE `field` = 'title' LIMIT 1   [ RunTime:0.0000s ]
NOTIC: [8] Undefined index: message D:\xampp\htdocs\workspace\simpsons\trunk\server\Application\Runtime\Cache\Admin\5d913dbd2da64d0b19844a871847723d.php 第 39 行.
INFO: Run Behavior\ParseTemplateBehavior [ RunTime:0.019001s ]
INFO: [ view_parse ] --END-- [ RunTime:0.019001s ]
INFO: [ view_filter ] --START--
INFO: Run Behavior\WriteHtmlCacheBehavior [ RunTime:0.001000s ]
INFO: [ view_filter ] --END-- [ RunTime:0.001000s ]
INFO: [ app_end ] --START--
INFO: Run Behavior\ShowPageTraceBehavior [ RunTime:0.001000s ]
INFO: [ app_end ] --END-- [ RunTime:0.001000s ]

[ 2016-07-29T22:29:14+08:00 ] ::1 /workspace/simpsons/trunk/server/Admin/Login/verify/
INFO: [ app_begin ] --START--
INFO: Run Behavior\ReadHtmlCacheBehavior [ RunTime:0.001000s ]
INFO: [ app_begin ] --END-- [ RunTime:0.002000s ]
INFO: [ app_end ] --START--
INFO: Run Behavior\ShowPageTraceBehavior [ RunTime:0.001000s ]
INFO: [ app_end ] --END-- [ RunTime:0.001000s ]

[ 2016-07-29T22:29:21+08:00 ] ::1 /workspace/simpsons/trunk/server/Admin/Login/checkLogin/
INFO: [ app_begin ] --START--
INFO: Run Behavior\ReadHtmlCacheBehavior [ RunTime:0.001000s ]
INFO: [ app_begin ] --END-- [ RunTime:0.001000s ]
SQL: SHOW COLUMNS FROM `easy_user` [ RunTime:0.0030s ]
SQL: SELECT * FROM `easy_user` WHERE `username` = 'admin' LIMIT 1   [ RunTime:0.0000s ]
SQL: UPDATE `easy_user` SET `logintime`='1469802561',`loginip`='0.0.0.0' WHERE `id` = 6 [ RunTime:0.0000s ]

[ 2016-07-29T22:29:21+08:00 ] ::1 /workspace/simpsons/trunk/server/Admin/Index/index.html
INFO: [ app_begin ] --START--
INFO: Run Behavior\ReadHtmlCacheBehavior [ RunTime:0.001000s ]
INFO: [ app_begin ] --END-- [ RunTime:0.001000s ]
SQL: SHOW COLUMNS FROM `easy_user` [ RunTime:0.0030s ]
SQL: SELECT * FROM `easy_user` WHERE `username` = 'admin' LIMIT 1   [ RunTime:0.0010s ]
INFO: [ view_parse ] --START--
INFO: [ template_filter ] --START--
INFO: Run Behavior\ContentReplaceBehavior [ RunTime:0.001001s ]
INFO: [ template_filter ] --END-- [ RunTime:0.001001s ]
SQL: SHOW COLUMNS FROM `easy_fields` [ RunTime:0.0030s ]
SQL: SELECT * FROM `easy_fields` WHERE `field` = 'title' LIMIT 1   [ RunTime:0.0000s ]
INFO: Run Behavior\ParseTemplateBehavior [ RunTime:0.043002s ]
INFO: [ view_parse ] --END-- [ RunTime:0.043002s ]
INFO: [ view_filter ] --START--
INFO: Run Behavior\WriteHtmlCacheBehavior [ RunTime:0.001000s ]
INFO: [ view_filter ] --END-- [ RunTime:0.001000s ]
INFO: [ app_end ] --START--
INFO: Run Behavior\ShowPageTraceBehavior [ RunTime:0.001000s ]
INFO: [ app_end ] --END-- [ RunTime:0.001000s ]

[ 2016-07-29T22:29:24+08:00 ] ::1 /workspace/simpsons/trunk/server/admin/Login/logout
INFO: [ app_begin ] --START--
INFO: Run Behavior\ReadHtmlCacheBehavior [ RunTime:0.001000s ]
INFO: [ app_begin ] --END-- [ RunTime:0.001000s ]
INFO: [ view_parse ] --START--
INFO: [ template_filter ] --START--
INFO: Run Behavior\ContentReplaceBehavior [ RunTime:0.000000s ]
INFO: [ template_filter ] --END-- [ RunTime:0.000000s ]
SQL: SHOW COLUMNS FROM `easy_fields` [ RunTime:0.0020s ]
SQL: SELECT * FROM `easy_fields` WHERE `field` = 'title' LIMIT 1   [ RunTime:0.0010s ]
NOTIC: [8] Undefined index: message D:\xampp\htdocs\workspace\simpsons\trunk\server\Application\Runtime\Cache\Admin\5d913dbd2da64d0b19844a871847723d.php 第 39 行.
INFO: Run Behavior\ParseTemplateBehavior [ RunTime:0.016001s ]
INFO: [ view_parse ] --END-- [ RunTime:0.016001s ]
INFO: [ view_filter ] --START--
INFO: Run Behavior\WriteHtmlCacheBehavior [ RunTime:0.000000s ]
INFO: [ view_filter ] --END-- [ RunTime:0.000000s ]
INFO: [ app_end ] --START--
INFO: Run Behavior\ShowPageTraceBehavior [ RunTime:0.001000s ]
INFO: [ app_end ] --END-- [ RunTime:0.001000s ]

[ 2016-07-29T22:29:24+08:00 ] ::1 /workspace/simpsons/trunk/server/Admin/Login/verify/
INFO: [ app_begin ] --START--
INFO: Run Behavior\ReadHtmlCacheBehavior [ RunTime:0.001000s ]
INFO: [ app_begin ] --END-- [ RunTime:0.001000s ]
INFO: [ app_end ] --START--
INFO: Run Behavior\ShowPageTraceBehavior [ RunTime:0.001000s ]
INFO: [ app_end ] --END-- [ RunTime:0.001000s ]

[ 2016-07-29T22:29:31+08:00 ] ::1 /workspace/simpsons/trunk/server/Admin/Login/checkLogin/
INFO: [ app_begin ] --START--
INFO: Run Behavior\ReadHtmlCacheBehavior [ RunTime:0.000000s ]
INFO: [ app_begin ] --END-- [ RunTime:0.001000s ]
SQL: SHOW COLUMNS FROM `easy_user` [ RunTime:0.0050s ]
SQL: SELECT * FROM `easy_user` WHERE `username` = 'admin' LIMIT 1   [ RunTime:0.0000s ]
ERR: 模板不存在:./Application/Admin/View/mobile/Login/login.html

[ 2016-07-29T22:54:10+08:00 ] ::1 /workspace/simpsons/trunk/server/Admin/Login/login.html
INFO: [ app_begin ] --START--
INFO: Run Behavior\ReadHtmlCacheBehavior [ RunTime:0.000000s ]
INFO: [ app_begin ] --END-- [ RunTime:0.001000s ]
INFO: [ view_parse ] --START--
INFO: [ template_filter ] --START--
INFO: Run Behavior\ContentReplaceBehavior [ RunTime:0.000000s ]
INFO: [ template_filter ] --END-- [ RunTime:0.000000s ]
SQL: SHOW COLUMNS FROM `easy_fields` [ RunTime:0.0020s ]
SQL: SELECT * FROM `easy_fields` WHERE `field` = 'title' LIMIT 1   [ RunTime:0.0000s ]
NOTIC: [8] Undefined index: message D:\xampp\htdocs\workspace\simpsons\trunk\server\Application\Runtime\Cache\Admin\5d913dbd2da64d0b19844a871847723d.php 第 39 行.
INFO: Run Behavior\ParseTemplateBehavior [ RunTime:0.017001s ]
INFO: [ view_parse ] --END-- [ RunTime:0.017001s ]
INFO: [ view_filter ] --START--
INFO: Run Behavior\WriteHtmlCacheBehavior [ RunTime:0.001000s ]
INFO: [ view_filter ] --END-- [ RunTime:0.001000s ]
INFO: [ app_end ] --START--
INFO: Run Behavior\ShowPageTraceBehavior [ RunTime:0.000000s ]
INFO: [ app_end ] --END-- [ RunTime:0.000000s ]

[ 2016-07-29T22:54:10+08:00 ] ::1 /workspace/simpsons/trunk/server/Admin/Login/verify/
INFO: [ app_begin ] --START--
INFO: Run Behavior\ReadHtmlCacheBehavior [ RunTime:0.001000s ]
INFO: [ app_begin ] --END-- [ RunTime:0.002000s ]
INFO: [ app_end ] --START--
INFO: Run Behavior\ShowPageTraceBehavior [ RunTime:0.001000s ]
INFO: [ app_end ] --END-- [ RunTime:0.001000s ]

[ 2016-07-29T22:54:14+08:00 ] ::1 /workspace/simpsons/trunk/server/Admin/Login/checkLogin/
INFO: [ app_begin ] --START--
INFO: Run Behavior\ReadHtmlCacheBehavior [ RunTime:0.001000s ]
INFO: [ app_begin ] --END-- [ RunTime:0.002000s ]
SQL: SHOW COLUMNS FROM `easy_user` [ RunTime:0.0030s ]
SQL: SELECT * FROM `easy_user` WHERE `username` = 'admin' LIMIT 1   [ RunTime:0.0000s ]
ERR: 模板不存在:./Application/Admin/View/mobile/Login/login.html

[ 2016-07-29T22:54:59+08:00 ] ::1 /workspace/simpsons/trunk/server//Admin/View/mobile/Login/login.html
INFO: [ app_begin ] --START--
INFO: Run Behavior\ReadHtmlCacheBehavior [ RunTime:0.001000s ]
INFO: [ app_begin ] --END-- [ RunTime:0.002000s ]

[ 2016-07-29T22:54:59+08:00 ] ::1 /workspace/simpsons/trunk/server/Admin/Index/index.html
INFO: [ app_begin ] --START--
INFO: Run Behavior\ReadHtmlCacheBehavior [ RunTime:0.001000s ]
INFO: [ app_begin ] --END-- [ RunTime:0.001000s ]

[ 2016-07-29T22:55:00+08:00 ] ::1 /workspace/simpsons/trunk/server/Admin/Login/login.html
INFO: [ app_begin ] --START--
INFO: Run Behavior\ReadHtmlCacheBehavior [ RunTime:0.001000s ]
INFO: [ app_begin ] --END-- [ RunTime:0.001000s ]
INFO: [ view_parse ] --START--
INFO: [ template_filter ] --START--
INFO: Run Behavior\ContentReplaceBehavior [ RunTime:0.000000s ]
INFO: [ template_filter ] --END-- [ RunTime:0.000000s ]
SQL: SHOW COLUMNS FROM `easy_fields` [ RunTime:0.0020s ]
SQL: SELECT * FROM `easy_fields` WHERE `field` = 'title' LIMIT 1   [ RunTime:0.0000s ]
NOTIC: [8] Undefined index: message D:\xampp\htdocs\workspace\simpsons\trunk\server\Application\Runtime\Cache\Admin\5d913dbd2da64d0b19844a871847723d.php 第 39 行.
INFO: Run Behavior\ParseTemplateBehavior [ RunTime:0.018001s ]
INFO: [ view_parse ] --END-- [ RunTime:0.018001s ]
INFO: [ view_filter ] --START--
INFO: Run Behavior\WriteHtmlCacheBehavior [ RunTime:0.001000s ]
INFO: [ view_filter ] --END-- [ RunTime:0.001000s ]
INFO: [ app_end ] --START--
INFO: Run Behavior\ShowPageTraceBehavior [ RunTime:0.000000s ]
INFO: [ app_end ] --END-- [ RunTime:0.000000s ]

[ 2016-07-29T22:55:00+08:00 ] ::1 /workspace/simpsons/trunk/server/Admin/Login/verify/
INFO: [ app_begin ] --START--
INFO: Run Behavior\ReadHtmlCacheBehavior [ RunTime:0.002000s ]
INFO: [ app_begin ] --END-- [ RunTime:0.002000s ]
INFO: [ app_end ] --START--
INFO: Run Behavior\ShowPageTraceBehavior [ RunTime:0.001000s ]
INFO: [ app_end ] --END-- [ RunTime:0.001000s ]

[ 2016-07-29T23:07:24+08:00 ] ::1 /workspace/simpsons/trunk/server/Admin/
INFO: [ app_begin ] --START--
INFO: Run Behavior\ReadHtmlCacheBehavior [ RunTime:0.001000s ]
INFO: [ app_begin ] --END-- [ RunTime:0.001000s ]

[ 2016-07-29T23:07:24+08:00 ] ::1 /workspace/simpsons/trunk/server/Admin/Login/login.html
INFO: [ app_begin ] --START--
INFO: Run Behavior\ReadHtmlCacheBehavior [ RunTime:0.001001s ]
INFO: [ app_begin ] --END-- [ RunTime:0.001001s ]
INFO: [ view_parse ] --START--
INFO: [ template_filter ] --START--
INFO: Run Behavior\ContentReplaceBehavior [ RunTime:0.000000s ]
INFO: [ template_filter ] --END-- [ RunTime:0.000000s ]
SQL: SHOW COLUMNS FROM `easy_fields` [ RunTime:0.1210s ]
SQL: SELECT * FROM `easy_fields` WHERE `field` = 'title' LIMIT 1   [ RunTime:0.0010s ]
NOTIC: [8] Undefined index: message D:\xampp\htdocs\workspace\simpsons\trunk\server\Application\Runtime\Cache\Admin\5d913dbd2da64d0b19844a871847723d.php 第 39 行.
INFO: Run Behavior\ParseTemplateBehavior [ RunTime:0.147008s ]
INFO: [ view_parse ] --END-- [ RunTime:0.147008s ]
INFO: [ view_filter ] --START--
INFO: Run Behavior\WriteHtmlCacheBehavior [ RunTime:0.002000s ]
INFO: [ view_filter ] --END-- [ RunTime:0.002000s ]
INFO: [ app_end ] --START--
INFO: Run Behavior\ShowPageTraceBehavior [ RunTime:0.002000s ]
INFO: [ app_end ] --END-- [ RunTime:0.003000s ]

[ 2016-07-29T23:07:24+08:00 ] ::1 /workspace/simpsons/trunk/server/Admin/Login/verify/
INFO: [ app_begin ] --START--
INFO: Run Behavior\ReadHtmlCacheBehavior [ RunTime:0.001000s ]
INFO: [ app_begin ] --END-- [ RunTime:0.002000s ]
INFO: [ app_end ] --START--
INFO: Run Behavior\ShowPageTraceBehavior [ RunTime:0.001000s ]
INFO: [ app_end ] --END-- [ RunTime:0.001000s ]

[ 2016-07-29T23:07:35+08:00 ] ::1 /workspace/simpsons/trunk/server/Admin/Login/checkLogin/
INFO: [ app_begin ] --START--
INFO: Run Behavior\ReadHtmlCacheBehavior [ RunTime:0.001000s ]
INFO: [ app_begin ] --END-- [ RunTime:0.001000s ]
SQL: SHOW COLUMNS FROM `easy_user` [ RunTime:0.0030s ]
SQL: SELECT * FROM `easy_user` WHERE `username` = 'admin' LIMIT 1   [ RunTime:0.0000s ]
SQL: UPDATE `easy_user` SET `logintime`='1469804855',`loginip`='0.0.0.0' WHERE `id` = 6 [ RunTime:0.0000s ]

[ 2016-07-29T23:07:35+08:00 ] ::1 /workspace/simpsons/trunk/server/Admin/Index/index.html
INFO: [ app_begin ] --START--
INFO: Run Behavior\ReadHtmlCacheBehavior [ RunTime:0.000000s ]
INFO: [ app_begin ] --END-- [ RunTime:0.001000s ]
SQL: SHOW COLUMNS FROM `easy_user` [ RunTime:0.0040s ]
SQL: SELECT * FROM `easy_user` WHERE `username` = 'admin' LIMIT 1   [ RunTime:0.0000s ]
INFO: [ view_parse ] --START--
INFO: [ template_filter ] --START--
INFO: Run Behavior\ContentReplaceBehavior [ RunTime:0.000000s ]
INFO: [ template_filter ] --END-- [ RunTime:0.000000s ]
SQL: SHOW COLUMNS FROM `easy_fields` [ RunTime:0.0030s ]
SQL: SELECT * FROM `easy_fields` WHERE `field` = 'title' LIMIT 1   [ RunTime:0.0010s ]
INFO: Run Behavior\ParseTemplateBehavior [ RunTime:0.019001s ]
INFO: [ view_parse ] --END-- [ RunTime:0.019001s ]
INFO: [ view_filter ] --START--
INFO: Run Behavior\WriteHtmlCacheBehavior [ RunTime:0.000000s ]
INFO: [ view_filter ] --END-- [ RunTime:0.000000s ]
INFO: [ app_end ] --START--
INFO: Run Behavior\ShowPageTraceBehavior [ RunTime:0.000000s ]
INFO: [ app_end ] --END-- [ RunTime:0.000000s ]

[ 2016-07-29T23:08:48+08:00 ] ::1 /workspace/simpsons/trunk/server/Admin/Index/index.html
INFO: [ app_begin ] --START--
INFO: Run Behavior\ReadHtmlCacheBehavior [ RunTime:0.000000s ]
INFO: [ app_begin ] --END-- [ RunTime:0.001000s ]
SQL: SHOW COLUMNS FROM `easy_user` [ RunTime:0.0030s ]
SQL: SELECT * FROM `easy_user` WHERE `username` = 'admin' LIMIT 1   [ RunTime:0.0010s ]
INFO: [ view_parse ] --START--
INFO: [ template_filter ] --START--
INFO: Run Behavior\ContentReplaceBehavior [ RunTime:0.000000s ]
INFO: [ template_filter ] --END-- [ RunTime:0.000000s ]
SQL: SHOW COLUMNS FROM `easy_fields` [ RunTime:0.0030s ]
SQL: SELECT * FROM `easy_fields` WHERE `field` = 'title' LIMIT 1   [ RunTime:0.0010s ]
INFO: Run Behavior\ParseTemplateBehavior [ RunTime:0.023001s ]
INFO: [ view_parse ] --END-- [ RunTime:0.023001s ]
INFO: [ view_filter ] --START--
INFO: Run Behavior\WriteHtmlCacheBehavior [ RunTime:0.001001s ]
INFO: [ view_filter ] --END-- [ RunTime:0.001001s ]
INFO: [ app_end ] --START--
INFO: Run Behavior\ShowPageTraceBehavior [ RunTime:0.001000s ]
INFO: [ app_end ] --END-- [ RunTime:0.001000s ]

[ 2016-07-29T23:08:53+08:00 ] ::1 /workspace/simpsons/trunk/server/Admin/Rbacuser/index.html?_=1469804933571
INFO: [ app_begin ] --START--
INFO: Run Behavior\ReadHtmlCacheBehavior [ RunTime:0.001000s ]
INFO: [ app_begin ] --END-- [ RunTime:0.002000s ]
SQL: SHOW COLUMNS FROM `easy_user` [ RunTime:0.0030s ]
SQL: SELECT * FROM `easy_user`  [ RunTime:0.0000s ]
INFO: [ view_parse ] --START--
INFO: [ template_filter ] --START--
INFO: Run Behavior\ContentReplaceBehavior [ RunTime:0.000000s ]
INFO: [ template_filter ] --END-- [ RunTime:0.000000s ]
NOTIC: [8] Undefined variable: numPerPage D:\xampp\htdocs\workspace\simpsons\trunk\server\Application\Runtime\Cache\Admin\22e12eaff75c3165acdc65ab8338079c.php 第 3 行.
NOTIC: [8] Undefined index: _order D:\xampp\htdocs\workspace\simpsons\trunk\server\Application\Runtime\Cache\Admin\22e12eaff75c3165acdc65ab8338079c.php 第 4 行.
NOTIC: [8] Undefined index: _sort D:\xampp\htdocs\workspace\simpsons\trunk\server\Application\Runtime\Cache\Admin\22e12eaff75c3165acdc65ab8338079c.php 第 5 行.
NOTIC: [8] Use of undefined constant admin - assumed 'admin' D:\xampp\htdocs\workspace\simpsons\trunk\server\Application\Runtime\Cache\Admin\22e12eaff75c3165acdc65ab8338079c.php 第 60 行.
NOTIC: [8] Use of undefined constant admin - assumed 'admin' D:\xampp\htdocs\workspace\simpsons\trunk\server\Application\Runtime\Cache\Admin\22e12eaff75c3165acdc65ab8338079c.php 第 60 行.
NOTIC: [8] Use of undefined constant admin - assumed 'admin' D:\xampp\htdocs\workspace\simpsons\trunk\server\Application\Runtime\Cache\Admin\22e12eaff75c3165acdc65ab8338079c.php 第 60 行.
NOTIC: [8] Use of undefined constant admin - assumed 'admin' D:\xampp\htdocs\workspace\simpsons\trunk\server\Application\Runtime\Cache\Admin\22e12eaff75c3165acdc65ab8338079c.php 第 60 行.
NOTIC: [8] Undefined variable: numPerPage D:\xampp\htdocs\workspace\simpsons\trunk\server\Application\Runtime\Cache\Admin\22e12eaff75c3165acdc65ab8338079c.php 第 71 行.
NOTIC: [8] Undefined variable: numPerPage D:\xampp\htdocs\workspace\simpsons\trunk\server\Application\Runtime\Cache\Admin\22e12eaff75c3165acdc65ab8338079c.php 第 72 行.
NOTIC: [8] Undefined variable: numPerPage D:\xampp\htdocs\workspace\simpsons\trunk\server\Application\Runtime\Cache\Admin\22e12eaff75c3165acdc65ab8338079c.php 第 73 行.
NOTIC: [8] Undefined variable: numPerPage D:\xampp\htdocs\workspace\simpsons\trunk\server\Application\Runtime\Cache\Admin\22e12eaff75c3165acdc65ab8338079c.php 第 74 行.
NOTIC: [8] Undefined variable: numPerPage D:\xampp\htdocs\workspace\simpsons\trunk\server\Application\Runtime\Cache\Admin\22e12eaff75c3165acdc65ab8338079c.php 第 75 行.
NOTIC: [8] Undefined variable: totalCount D:\xampp\htdocs\workspace\simpsons\trunk\server\Application\Runtime\Cache\Admin\22e12eaff75c3165acdc65ab8338079c.php 第 77 行.
NOTIC: [8] Undefined variable: totalCount D:\xampp\htdocs\workspace\simpsons\trunk\server\Application\Runtime\Cache\Admin\22e12eaff75c3165acdc65ab8338079c.php 第 79 行.
NOTIC: [8] Undefined variable: numPerPage D:\xampp\htdocs\workspace\simpsons\trunk\server\Application\Runtime\Cache\Admin\22e12eaff75c3165acdc65ab8338079c.php 第 79 行.
NOTIC: [8] Undefined variable: currentPage D:\xampp\htdocs\workspace\simpsons\trunk\server\Application\Runtime\Cache\Admin\22e12eaff75c3165acdc65ab8338079c.php 第 79 行.
INFO: Run Behavior\ParseTemplateBehavior [ RunTime:0.042002s ]
INFO: [ view_parse ] --END-- [ RunTime:0.042002s ]
INFO: [ view_filter ] --START--
INFO: Run Behavior\WriteHtmlCacheBehavior [ RunTime:0.001000s ]
INFO: [ view_filter ] --END-- [ RunTime:0.001000s ]
INFO: [ app_end ] --START--
INFO: Run Behavior\ShowPageTraceBehavior [ RunTime:0.001000s ]
INFO: [ app_end ] --END-- [ RunTime:0.001000s ]

[ 2016-07-29T23:08:59+08:00 ] ::1 /workspace/simpsons/trunk/server/Admin/Rbacuser/index.html?_=1469804939815
INFO: [ app_begin ] --START--
INFO: Run Behavior\ReadHtmlCacheBehavior [ RunTime:0.001000s ]
INFO: [ app_begin ] --END-- [ RunTime:0.003000s ]
SQL: SHOW COLUMNS FROM `easy_user` [ RunTime:0.0050s ]
SQL: SELECT * FROM `easy_user`  [ RunTime:0.0010s ]
INFO: [ view_parse ] --START--
INFO: [ template_filter ] --START--
INFO: Run Behavior\ContentReplaceBehavior [ RunTime:0.000000s ]
INFO: [ template_filter ] --END-- [ RunTime:0.000000s ]
NOTIC: [8] Undefined variable: numPerPage D:\xampp\htdocs\workspace\simpsons\trunk\server\Application\Runtime\Cache\Admin\22e12eaff75c3165acdc65ab8338079c.php 第 3 行.
NOTIC: [8] Undefined index: _order D:\xampp\htdocs\workspace\simpsons\trunk\server\Application\Runtime\Cache\Admin\22e12eaff75c3165acdc65ab8338079c.php 第 4 行.
NOTIC: [8] Undefined index: _sort D:\xampp\htdocs\workspace\simpsons\trunk\server\Application\Runtime\Cache\Admin\22e12eaff75c3165acdc65ab8338079c.php 第 5 行.
NOTIC: [8] Use of undefined constant admin - assumed 'admin' D:\xampp\htdocs\workspace\simpsons\trunk\server\Application\Runtime\Cache\Admin\22e12eaff75c3165acdc65ab8338079c.php 第 60 行.
NOTIC: [8] Use of undefined constant admin - assumed 'admin' D:\xampp\htdocs\workspace\simpsons\trunk\server\Application\Runtime\Cache\Admin\22e12eaff75c3165acdc65ab8338079c.php 第 60 行.
NOTIC: [8] Use of undefined constant admin - assumed 'admin' D:\xampp\htdocs\workspace\simpsons\trunk\server\Application\Runtime\Cache\Admin\22e12eaff75c3165acdc65ab8338079c.php 第 60 行.
NOTIC: [8] Use of undefined constant admin - assumed 'admin' D:\xampp\htdocs\workspace\simpsons\trunk\server\Application\Runtime\Cache\Admin\22e12eaff75c3165acdc65ab8338079c.php 第 60 行.
NOTIC: [8] Undefined variable: numPerPage D:\xampp\htdocs\workspace\simpsons\trunk\server\Application\Runtime\Cache\Admin\22e12eaff75c3165acdc65ab8338079c.php 第 71 行.
NOTIC: [8] Undefined variable: numPerPage D:\xampp\htdocs\workspace\simpsons\trunk\server\Application\Runtime\Cache\Admin\22e12eaff75c3165acdc65ab8338079c.php 第 72 行.
NOTIC: [8] Undefined variable: numPerPage D:\xampp\htdocs\workspace\simpsons\trunk\server\Application\Runtime\Cache\Admin\22e12eaff75c3165acdc65ab8338079c.php 第 73 行.
NOTIC: [8] Undefined variable: numPerPage D:\xampp\htdocs\workspace\simpsons\trunk\server\Application\Runtime\Cache\Admin\22e12eaff75c3165acdc65ab8338079c.php 第 74 行.
NOTIC: [8] Undefined variable: numPerPage D:\xampp\htdocs\workspace\simpsons\trunk\server\Application\Runtime\Cache\Admin\22e12eaff75c3165acdc65ab8338079c.php 第 75 行.
NOTIC: [8] Undefined variable: totalCount D:\xampp\htdocs\workspace\simpsons\trunk\server\Application\Runtime\Cache\Admin\22e12eaff75c3165acdc65ab8338079c.php 第 77 行.
NOTIC: [8] Undefined variable: totalCount D:\xampp\htdocs\workspace\simpsons\trunk\server\Application\Runtime\Cache\Admin\22e12eaff75c3165acdc65ab8338079c.php 第 79 行.
NOTIC: [8] Undefined variable: numPerPage D:\xampp\htdocs\workspace\simpsons\trunk\server\Application\Runtime\Cache\Admin\22e12eaff75c3165acdc65ab8338079c.php 第 79 行.
NOTIC: [8] Undefined variable: currentPage D:\xampp\htdocs\workspace\simpsons\trunk\server\Application\Runtime\Cache\Admin\22e12eaff75c3165acdc65ab8338079c.php 第 79 行.
INFO: Run Behavior\ParseTemplateBehavior [ RunTime:0.011000s ]
INFO: [ view_parse ] --END-- [ RunTime:0.011000s ]
INFO: [ view_filter ] --START--
INFO: Run Behavior\WriteHtmlCacheBehavior [ RunTime:0.000000s ]
INFO: [ view_filter ] --END-- [ RunTime:0.000000s ]
INFO: [ app_end ] --START--
INFO: Run Behavior\ShowPageTraceBehavior [ RunTime:0.001000s ]
INFO: [ app_end ] --END-- [ RunTime:0.001000s ]

[ 2016-07-29T23:09:00+08:00 ] ::1 /workspace/simpsons/trunk/server/Admin/Rbacrole/index.html?_=1469804940886
INFO: [ app_begin ] --START--
INFO: Run Behavior\ReadHtmlCacheBehavior [ RunTime:0.000000s ]
INFO: [ app_begin ] --END-- [ RunTime:0.001000s ]
SQL: SHOW COLUMNS FROM `easy_role` [ RunTime:0.0030s ]
SQL: SELECT COUNT(*) AS tp_count FROM `easy_role` LIMIT 1   [ RunTime:0.0000s ]

[ 2016-07-29T23:09:10+08:00 ] ::1 /workspace/simpsons/trunk/server/Admin/Rbacuser/index.html?_=1469804950885
INFO: [ app_begin ] --START--
INFO: Run Behavior\ReadHtmlCacheBehavior [ RunTime:0.001000s ]
INFO: [ app_begin ] --END-- [ RunTime:0.001000s ]
SQL: SHOW COLUMNS FROM `easy_user` [ RunTime:0.0050s ]
SQL: SELECT * FROM `easy_user`  [ RunTime:0.0010s ]
INFO: [ view_parse ] --START--
INFO: [ template_filter ] --START--
INFO: Run Behavior\ContentReplaceBehavior [ RunTime:0.000000s ]
INFO: [ template_filter ] --END-- [ RunTime:0.001000s ]
NOTIC: [8] Undefined variable: numPerPage D:\xampp\htdocs\workspace\simpsons\trunk\server\Application\Runtime\Cache\Admin\22e12eaff75c3165acdc65ab8338079c.php 第 3 行.
NOTIC: [8] Undefined index: _order D:\xampp\htdocs\workspace\simpsons\trunk\server\Application\Runtime\Cache\Admin\22e12eaff75c3165acdc65ab8338079c.php 第 4 行.
NOTIC: [8] Undefined index: _sort D:\xampp\htdocs\workspace\simpsons\trunk\server\Application\Runtime\Cache\Admin\22e12eaff75c3165acdc65ab8338079c.php 第 5 行.
NOTIC: [8] Use of undefined constant admin - assumed 'admin' D:\xampp\htdocs\workspace\simpsons\trunk\server\Application\Runtime\Cache\Admin\22e12eaff75c3165acdc65ab8338079c.php 第 60 行.
NOTIC: [8] Use of undefined constant admin - assumed 'admin' D:\xampp\htdocs\workspace\simpsons\trunk\server\Application\Runtime\Cache\Admin\22e12eaff75c3165acdc65ab8338079c.php 第 60 行.
NOTIC: [8] Use of undefined constant admin - assumed 'admin' D:\xampp\htdocs\workspace\simpsons\trunk\server\Application\Runtime\Cache\Admin\22e12eaff75c3165acdc65ab8338079c.php 第 60 行.
NOTIC: [8] Use of undefined constant admin - assumed 'admin' D:\xampp\htdocs\workspace\simpsons\trunk\server\Application\Runtime\Cache\Admin\22e12eaff75c3165acdc65ab8338079c.php 第 60 行.
NOTIC: [8] Undefined variable: numPerPage D:\xampp\htdocs\workspace\simpsons\trunk\server\Application\Runtime\Cache\Admin\22e12eaff75c3165acdc65ab8338079c.php 第 71 行.
NOTIC: [8] Undefined variable: numPerPage D:\xampp\htdocs\workspace\simpsons\trunk\server\Application\Runtime\Cache\Admin\22e12eaff75c3165acdc65ab8338079c.php 第 72 行.
NOTIC: [8] Undefined variable: numPerPage D:\xampp\htdocs\workspace\simpsons\trunk\server\Application\Runtime\Cache\Admin\22e12eaff75c3165acdc65ab8338079c.php 第 73 行.
NOTIC: [8] Undefined variable: numPerPage D:\xampp\htdocs\workspace\simpsons\trunk\server\Application\Runtime\Cache\Admin\22e12eaff75c3165acdc65ab8338079c.php 第 74 行.
NOTIC: [8] Undefined variable: numPerPage D:\xampp\htdocs\workspace\simpsons\trunk\server\Application\Runtime\Cache\Admin\22e12eaff75c3165acdc65ab8338079c.php 第 75 行.
NOTIC: [8] Undefined variable: totalCount D:\xampp\htdocs\workspace\simpsons\trunk\server\Application\Runtime\Cache\Admin\22e12eaff75c3165acdc65ab8338079c.php 第 77 行.
NOTIC: [8] Undefined variable: totalCount D:\xampp\htdocs\workspace\simpsons\trunk\server\Application\Runtime\Cache\Admin\22e12eaff75c3165acdc65ab8338079c.php 第 79 行.
NOTIC: [8] Undefined variable: numPerPage D:\xampp\htdocs\workspace\simpsons\trunk\server\Application\Runtime\Cache\Admin\22e12eaff75c3165acdc65ab8338079c.php 第 79 行.
NOTIC: [8] Undefined variable: currentPage D:\xampp\htdocs\workspace\simpsons\trunk\server\Application\Runtime\Cache\Admin\22e12eaff75c3165acdc65ab8338079c.php 第 79 行.
INFO: Run Behavior\ParseTemplateBehavior [ RunTime:0.013001s ]
INFO: [ view_parse ] --END-- [ RunTime:0.013001s ]
INFO: [ view_filter ] --START--
INFO: Run Behavior\WriteHtmlCacheBehavior [ RunTime:0.001000s ]
INFO: [ view_filter ] --END-- [ RunTime:0.001000s ]
INFO: [ app_end ] --START--
INFO: Run Behavior\ShowPageTraceBehavior [ RunTime:0.000000s ]
INFO: [ app_end ] --END-- [ RunTime:0.000000s ]

[ 2016-07-29T23:09:17+08:00 ] ::1 /workspace/simpsons/trunk/server/Admin/Rbacuser/index.html?_=1469804957853
INFO: [ app_begin ] --START--
INFO: Run Behavior\ReadHtmlCacheBehavior [ RunTime:0.001000s ]
INFO: [ app_begin ] --END-- [ RunTime:0.002000s ]
SQL: SHOW COLUMNS FROM `easy_user` [ RunTime:0.0030s ]
SQL: SELECT * FROM `easy_user`  [ RunTime:0.0010s ]
INFO: [ view_parse ] --START--
INFO: [ template_filter ] --START--
INFO: Run Behavior\ContentReplaceBehavior [ RunTime:0.000000s ]
INFO: [ template_filter ] --END-- [ RunTime:0.000000s ]
NOTIC: [8] Undefined variable: numPerPage D:\xampp\htdocs\workspace\simpsons\trunk\server\Application\Runtime\Cache\Admin\22e12eaff75c3165acdc65ab8338079c.php 第 3 行.
NOTIC: [8] Undefined index: _order D:\xampp\htdocs\workspace\simpsons\trunk\server\Application\Runtime\Cache\Admin\22e12eaff75c3165acdc65ab8338079c.php 第 4 行.
NOTIC: [8] Undefined index: _sort D:\xampp\htdocs\workspace\simpsons\trunk\server\Application\Runtime\Cache\Admin\22e12eaff75c3165acdc65ab8338079c.php 第 5 行.
NOTIC: [8] Use of undefined constant admin - assumed 'admin' D:\xampp\htdocs\workspace\simpsons\trunk\server\Application\Runtime\Cache\Admin\22e12eaff75c3165acdc65ab8338079c.php 第 60 行.
NOTIC: [8] Use of undefined constant admin - assumed 'admin' D:\xampp\htdocs\workspace\simpsons\trunk\server\Application\Runtime\Cache\Admin\22e12eaff75c3165acdc65ab8338079c.php 第 60 行.
NOTIC: [8] Use of undefined constant admin - assumed 'admin' D:\xampp\htdocs\workspace\simpsons\trunk\server\Application\Runtime\Cache\Admin\22e12eaff75c3165acdc65ab8338079c.php 第 60 行.
NOTIC: [8] Use of undefined constant admin - assumed 'admin' D:\xampp\htdocs\workspace\simpsons\trunk\server\Application\Runtime\Cache\Admin\22e12eaff75c3165acdc65ab8338079c.php 第 60 行.
NOTIC: [8] Undefined variable: numPerPage D:\xampp\htdocs\workspace\simpsons\trunk\server\Application\Runtime\Cache\Admin\22e12eaff75c3165acdc65ab8338079c.php 第 71 行.
NOTIC: [8] Undefined variable: numPerPage D:\xampp\htdocs\workspace\simpsons\trunk\server\Application\Runtime\Cache\Admin\22e12eaff75c3165acdc65ab8338079c.php 第 72 行.
NOTIC: [8] Undefined variable: numPerPage D:\xampp\htdocs\workspace\simpsons\trunk\server\Application\Runtime\Cache\Admin\22e12eaff75c3165acdc65ab8338079c.php 第 73 行.
NOTIC: [8] Undefined variable: numPerPage D:\xampp\htdocs\workspace\simpsons\trunk\server\Application\Runtime\Cache\Admin\22e12eaff75c3165acdc65ab8338079c.php 第 74 行.
NOTIC: [8] Undefined variable: numPerPage D:\xampp\htdocs\workspace\simpsons\trunk\server\Application\Runtime\Cache\Admin\22e12eaff75c3165acdc65ab8338079c.php 第 75 行.
NOTIC: [8] Undefined variable: totalCount D:\xampp\htdocs\workspace\simpsons\trunk\server\Application\Runtime\Cache\Admin\22e12eaff75c3165acdc65ab8338079c.php 第 77 行.
NOTIC: [8] Undefined variable: totalCount D:\xampp\htdocs\workspace\simpsons\trunk\server\Application\Runtime\Cache\Admin\22e12eaff75c3165acdc65ab8338079c.php 第 79 行.
NOTIC: [8] Undefined variable: numPerPage D:\xampp\htdocs\workspace\simpsons\trunk\server\Application\Runtime\Cache\Admin\22e12eaff75c3165acdc65ab8338079c.php 第 79 行.
NOTIC: [8] Undefined variable: currentPage D:\xampp\htdocs\workspace\simpsons\trunk\server\Application\Runtime\Cache\Admin\22e12eaff75c3165acdc65ab8338079c.php 第 79 行.
INFO: Run Behavior\ParseTemplateBehavior [ RunTime:0.009000s ]
INFO: [ view_parse ] --END-- [ RunTime:0.010001s ]
INFO: [ view_filter ] --START--
INFO: Run Behavior\WriteHtmlCacheBehavior [ RunTime:0.001000s ]
INFO: [ view_filter ] --END-- [ RunTime:0.001000s ]
INFO: [ app_end ] --START--
INFO: Run Behavior\ShowPageTraceBehavior [ RunTime:0.000000s ]
INFO: [ app_end ] --END-- [ RunTime:0.000000s ]

[ 2016-07-29T23:09:33+08:00 ] ::1 /workspace/simpsons/trunk/server/Admin/Rbacnode/index.html?_=1469804973647
INFO: [ app_begin ] --START--
INFO: Run Behavior\ReadHtmlCacheBehavior [ RunTime:0.001000s ]
INFO: [ app_begin ] --END-- [ RunTime:0.002000s ]
SQL: SHOW COLUMNS FROM `easy_node` [ RunTime:0.0030s ]
SQL: SELECT COUNT(*) AS tp_count FROM `easy_node` LIMIT 1   [ RunTime:0.0000s ]

[ 2016-07-29T23:16:46+08:00 ] ::1 /workspace/simpsons/trunk/server/Admin/Login/login.html
INFO: [ app_begin ] --START--
INFO: Run Behavior\ReadHtmlCacheBehavior [ RunTime:0.000000s ]
INFO: [ app_begin ] --END-- [ RunTime:0.000000s ]
INFO: [ view_parse ] --START--
INFO: [ template_filter ] --START--
INFO: Run Behavior\ContentReplaceBehavior [ RunTime:0.000000s ]
INFO: [ template_filter ] --END-- [ RunTime:0.000000s ]
SQL: SHOW COLUMNS FROM `easy_fields` [ RunTime:0.0340s ]
SQL: SELECT * FROM `easy_fields` WHERE `field` = 'title' LIMIT 1   [ RunTime:0.0010s ]
NOTIC: [8] Undefined index: message D:\xampp\htdocs\workspace\simpsons\trunk\server\Application\Runtime\Cache\Admin\5d913dbd2da64d0b19844a871847723d.php 第 39 行.
INFO: Run Behavior\ParseTemplateBehavior [ RunTime:0.064603s ]
INFO: [ view_parse ] --END-- [ RunTime:0.064603s ]
INFO: [ view_filter ] --START--
INFO: Run Behavior\WriteHtmlCacheBehavior [ RunTime:0.000000s ]
INFO: [ view_filter ] --END-- [ RunTime:0.000000s ]
INFO: [ app_end ] --START--
INFO: Run Behavior\ShowPageTraceBehavior [ RunTime:0.001000s ]
INFO: [ app_end ] --END-- [ RunTime:0.001000s ]

[ 2016-07-29T23:16:46+08:00 ] ::1 /workspace/simpsons/trunk/server/Admin/Login/verify/
INFO: [ app_begin ] --START--
INFO: Run Behavior\ReadHtmlCacheBehavior [ RunTime:0.000000s ]
INFO: [ app_begin ] --END-- [ RunTime:0.002000s ]
INFO: [ app_end ] --START--
INFO: Run Behavior\ShowPageTraceBehavior [ RunTime:0.003000s ]
INFO: [ app_end ] --END-- [ RunTime:0.003000s ]

[ 2016-07-29T23:16:51+08:00 ] ::1 /workspace/simpsons/trunk/server/Admin/Login/checkLogin/
INFO: [ app_begin ] --START--
INFO: Run Behavior\ReadHtmlCacheBehavior [ RunTime:0.001000s ]
INFO: [ app_begin ] --END-- [ RunTime:0.001000s ]
SQL: SHOW COLUMNS FROM `easy_user` [ RunTime:0.0030s ]
SQL: SELECT * FROM `easy_user` WHERE `username` = 'admin' LIMIT 1   [ RunTime:0.0000s ]
ERR: 模板不存在:./Application/Admin/View/mobile/Login/login.html

[ 2016-07-29T23:17:33+08:00 ] ::1 /workspace/simpsons/trunk/server/Admin/View/mobile/Login/login.html
INFO: [ app_begin ] --START--
INFO: Run Behavior\ReadHtmlCacheBehavior [ RunTime:0.000000s ]
INFO: [ app_begin ] --END-- [ RunTime:0.001000s ]

[ 2016-07-29T23:17:33+08:00 ] ::1 /workspace/simpsons/trunk/server/Admin/Index/index.html
INFO: [ app_begin ] --START--
INFO: Run Behavior\ReadHtmlCacheBehavior [ RunTime:0.001000s ]
INFO: [ app_begin ] --END-- [ RunTime:0.002000s ]
SQL: SHOW COLUMNS FROM `easy_user` [ RunTime:0.0040s ]
SQL: SELECT * FROM `easy_user` WHERE `username` = 'admin' LIMIT 1   [ RunTime:0.0010s ]
INFO: [ view_parse ] --START--
INFO: [ template_filter ] --START--
INFO: Run Behavior\ContentReplaceBehavior [ RunTime:0.000000s ]
INFO: [ template_filter ] --END-- [ RunTime:0.000000s ]
SQL: SHOW COLUMNS FROM `easy_fields` [ RunTime:0.0030s ]
SQL: SELECT * FROM `easy_fields` WHERE `field` = 'title' LIMIT 1   [ RunTime:0.0010s ]
INFO: Run Behavior\ParseTemplateBehavior [ RunTime:0.020001s ]
INFO: [ view_parse ] --END-- [ RunTime:0.020001s ]
INFO: [ view_filter ] --START--
INFO: Run Behavior\WriteHtmlCacheBehavior [ RunTime:0.000000s ]
INFO: [ view_filter ] --END-- [ RunTime:0.000000s ]
INFO: [ app_end ] --START--
INFO: Run Behavior\ShowPageTraceBehavior [ RunTime:0.001000s ]
INFO: [ app_end ] --END-- [ RunTime:0.001000s ]

[ 2016-07-29T23:19:30+08:00 ] ::1 /workspace/simpsons/trunk/server/Admin/Login/login.html
INFO: [ app_begin ] --START--
INFO: Run Behavior\ReadHtmlCacheBehavior [ RunTime:0.001001s ]
INFO: [ app_begin ] --END-- [ RunTime:0.002001s ]
INFO: [ view_parse ] --START--
INFO: [ template_filter ] --START--
INFO: Run Behavior\ContentReplaceBehavior [ RunTime:0.000000s ]
INFO: [ template_filter ] --END-- [ RunTime:0.000000s ]
SQL: SHOW COLUMNS FROM `easy_fields` [ RunTime:0.0040s ]
SQL: SELECT * FROM `easy_fields` WHERE `field` = 'title' LIMIT 1   [ RunTime:0.0000s ]
NOTIC: [8] Undefined index: message D:\xampp\htdocs\workspace\simpsons\trunk\server\Application\Runtime\Cache\Admin\5d913dbd2da64d0b19844a871847723d.php 第 39 行.
INFO: Run Behavior\ParseTemplateBehavior [ RunTime:0.018001s ]
INFO: [ view_parse ] --END-- [ RunTime:0.018001s ]
INFO: [ view_filter ] --START--
INFO: Run Behavior\WriteHtmlCacheBehavior [ RunTime:0.001000s ]
INFO: [ view_filter ] --END-- [ RunTime:0.001000s ]
INFO: [ app_end ] --START--
INFO: Run Behavior\ShowPageTraceBehavior [ RunTime:0.001000s ]
INFO: [ app_end ] --END-- [ RunTime:0.001000s ]

[ 2016-07-29T23:19:30+08:00 ] ::1 /workspace/simpsons/trunk/server/Admin/Login/verify/
INFO: [ app_begin ] --START--
INFO: Run Behavior\ReadHtmlCacheBehavior [ RunTime:0.001000s ]
INFO: [ app_begin ] --END-- [ RunTime:0.001000s ]
INFO: [ app_end ] --START--
INFO: Run Behavior\ShowPageTraceBehavior [ RunTime:0.001000s ]
INFO: [ app_end ] --END-- [ RunTime:0.001000s ]

[ 2016-07-29T23:19:36+08:00 ] ::1 /workspace/simpsons/trunk/server/Admin/Login/checkLogin/
INFO: [ app_begin ] --START--
INFO: Run Behavior\ReadHtmlCacheBehavior [ RunTime:0.001000s ]
INFO: [ app_begin ] --END-- [ RunTime:0.001000s ]
SQL: SHOW COLUMNS FROM `easy_user` [ RunTime:0.0030s ]
SQL: SELECT * FROM `easy_user` WHERE `username` = 'admin' LIMIT 1   [ RunTime:0.0000s ]
ERR: 模板不存在:./Application/Admin/View/mobile/Login/login.html

[ 2016-07-29T23:20:08+08:00 ] ::1 /workspace/simpsons/trunk/server/Admin/Login/checkLogin/
INFO: [ app_begin ] --START--
INFO: Run Behavior\ReadHtmlCacheBehavior [ RunTime:0.000000s ]
INFO: [ app_begin ] --END-- [ RunTime:0.000000s ]

[ 2016-07-29T23:20:18+08:00 ] ::1 /workspace/simpsons/trunk/server/Admin/Login/checkLogin/
INFO: [ app_begin ] --START--
INFO: Run Behavior\ReadHtmlCacheBehavior [ RunTime:0.001000s ]
INFO: [ app_begin ] --END-- [ RunTime:0.001000s ]

