[ 2016-07-13T21:25:03+08:00 ] ::1 /workspace/simpsons/trunk/server/Admin/Login/login.html
INFO: [ app_begin ] --START--
INFO: Run Behavior\ReadHtmlCacheBehavior [ RunTime:0.019001s ]
INFO: [ app_begin ] --END-- [ RunTime:0.028002s ]
INFO: [ view_parse ] --START--
INFO: [ template_filter ] --START--
INFO: Run Behavior\ContentReplaceBehavior [ RunTime:0.000000s ]
INFO: [ template_filter ] --END-- [ RunTime:0.000000s ]
SQL: SHOW COLUMNS FROM `easy_fields` [ RunTime:0.0360s ]
SQL: SELECT * FROM `easy_fields` WHERE `field` = 'title' LIMIT 1   [ RunTime:0.0190s ]
NOTIC: [8] Undefined index: message D:\xampp\htdocs\workspace\simpsons\trunk\server\Application\Runtime\Cache\Admin\5d913dbd2da64d0b19844a871847723d.php 第 39 行.
INFO: Run Behavior\ParseTemplateBehavior [ RunTime:0.225013s ]
INFO: [ view_parse ] --END-- [ RunTime:0.225013s ]
INFO: [ view_filter ] --START--
INFO: Run Behavior\WriteHtmlCacheBehavior [ RunTime:0.019001s ]
INFO: [ view_filter ] --END-- [ RunTime:0.019001s ]
INFO: [ app_end ] --START--
INFO: Run Behavior\ShowPageTraceBehavior [ RunTime:0.016001s ]
INFO: [ app_end ] --END-- [ RunTime:0.016001s ]

[ 2016-07-13T21:25:03+08:00 ] ::1 /workspace/simpsons/trunk/server/Admin/Login/verify/
INFO: [ app_begin ] --START--
INFO: Run Behavior\ReadHtmlCacheBehavior [ RunTime:0.000000s ]
INFO: [ app_begin ] --END-- [ RunTime:0.001000s ]
INFO: [ app_end ] --START--
INFO: Run Behavior\ShowPageTraceBehavior [ RunTime:0.000000s ]
INFO: [ app_end ] --END-- [ RunTime:0.000000s ]

[ 2016-07-13T21:41:15+08:00 ] ::1 /workspace/simpsons/trunk/server/Admin/Login/checkLogin/
INFO: [ app_begin ] --START--
INFO: Run Behavior\ReadHtmlCacheBehavior [ RunTime:0.001000s ]
INFO: [ app_begin ] --END-- [ RunTime:0.001000s ]
SQL: SHOW COLUMNS FROM `easy_user` [ RunTime:0.0610s ]
SQL: SELECT * FROM `easy_user` WHERE `username` = 'admin' LIMIT 1   [ RunTime:0.0000s ]
SQL: UPDATE `easy_user` SET `logintime`='1468417275',`loginip`='0.0.0.0' WHERE `id` = 6 [ RunTime:0.0010s ]

[ 2016-07-13T21:41:15+08:00 ] ::1 /workspace/simpsons/trunk/server/Admin/Index/index.html
INFO: [ app_begin ] --START--
INFO: Run Behavior\ReadHtmlCacheBehavior [ RunTime:0.001000s ]
INFO: [ app_begin ] --END-- [ RunTime:0.001000s ]
SQL: SHOW COLUMNS FROM `easy_user` [ RunTime:0.0040s ]
SQL: SELECT * FROM `easy_user` WHERE `username` = 'admin' LIMIT 1   [ RunTime:0.0010s ]
INFO: [ view_parse ] --START--
INFO: [ template_filter ] --START--
INFO: Run Behavior\ContentReplaceBehavior [ RunTime:0.001000s ]
INFO: [ template_filter ] --END-- [ RunTime:0.001000s ]
SQL: SHOW COLUMNS FROM `easy_fields` [ RunTime:0.0030s ]
SQL: SELECT * FROM `easy_fields` WHERE `field` = 'title' LIMIT 1   [ RunTime:0.0000s ]
INFO: Run Behavior\ParseTemplateBehavior [ RunTime:0.105006s ]
INFO: [ view_parse ] --END-- [ RunTime:0.105006s ]
INFO: [ view_filter ] --START--
INFO: Run Behavior\WriteHtmlCacheBehavior [ RunTime:0.001000s ]
INFO: [ view_filter ] --END-- [ RunTime:0.001000s ]
INFO: [ app_end ] --START--
INFO: Run Behavior\ShowPageTraceBehavior [ RunTime:0.001000s ]
INFO: [ app_end ] --END-- [ RunTime:0.001000s ]

[ 2016-07-13T21:43:05+08:00 ] ::1 /workspace/simpsons/trunk/server/Admin/Lotteryaudit/index.html?_=1468417385029
INFO: [ app_begin ] --START--
INFO: Run Behavior\ReadHtmlCacheBehavior [ RunTime:0.001000s ]
INFO: [ app_begin ] --END-- [ RunTime:0.007001s ]
SQL: SHOW COLUMNS FROM `easy_lotteryaudit` [ RunTime:0.0230s ]
SQL: SELECT COUNT(*) AS tp_count FROM `easy_lotteryaudit` LIMIT 1   [ RunTime:0.0000s ]
SQL: SELECT * FROM `easy_lotteryaudit` ORDER BY lotteryauditid desc LIMIT 0,10   [ RunTime:0.0010s ]
NOTIC: [8] Undefined variable: search D:\xampp\htdocs\workspace\simpsons\trunk\server\Application\Admin\Controller\LotteryauditController.class.php 第 269 行.
NOTIC: [8] Undefined index: values D:\xampp\htdocs\workspace\simpsons\trunk\server\Application\Admin\Controller\LotteryauditController.class.php 第 270 行.
INFO: [ view_parse ] --START--
INFO: [ template_filter ] --START--
INFO: Run Behavior\ContentReplaceBehavior [ RunTime:0.000000s ]
INFO: [ template_filter ] --END-- [ RunTime:0.000000s ]
NOTIC: [8] Undefined index: _order D:\xampp\htdocs\workspace\simpsons\trunk\server\Application\Runtime\Cache\Admin\9a28fd75a2b948214998553ebc501d50.php 第 4 行.
NOTIC: [8] Undefined index: _sort D:\xampp\htdocs\workspace\simpsons\trunk\server\Application\Runtime\Cache\Admin\9a28fd75a2b948214998553ebc501d50.php 第 5 行.
NOTIC: [8] Undefined index: keyword D:\xampp\htdocs\workspace\simpsons\trunk\server\Application\Runtime\Cache\Admin\9a28fd75a2b948214998553ebc501d50.php 第 14 行.
NOTIC: [8] Use of undefined constant redpacket - assumed 'redpacket' D:\xampp\htdocs\workspace\simpsons\trunk\server\Application\Runtime\Cache\Admin\9a28fd75a2b948214998553ebc501d50.php 第 52 行.
NOTIC: [8] Use of undefined constant coupontype - assumed 'coupontype' D:\xampp\htdocs\workspace\simpsons\trunk\server\Application\Runtime\Cache\Admin\9a28fd75a2b948214998553ebc501d50.php 第 52 行.
NOTIC: [8] Use of undefined constant scoretype - assumed 'scoretype' D:\xampp\htdocs\workspace\simpsons\trunk\server\Application\Runtime\Cache\Admin\9a28fd75a2b948214998553ebc501d50.php 第 52 行.
NOTIC: [8] Use of undefined constant redpacket - assumed 'redpacket' D:\xampp\htdocs\workspace\simpsons\trunk\server\Application\Runtime\Cache\Admin\9a28fd75a2b948214998553ebc501d50.php 第 52 行.
NOTIC: [8] Use of undefined constant coupontype - assumed 'coupontype' D:\xampp\htdocs\workspace\simpsons\trunk\server\Application\Runtime\Cache\Admin\9a28fd75a2b948214998553ebc501d50.php 第 52 行.
NOTIC: [8] Use of undefined constant scoretype - assumed 'scoretype' D:\xampp\htdocs\workspace\simpsons\trunk\server\Application\Runtime\Cache\Admin\9a28fd75a2b948214998553ebc501d50.php 第 52 行.
NOTIC: [8] Use of undefined constant redpacket - assumed 'redpacket' D:\xampp\htdocs\workspace\simpsons\trunk\server\Application\Runtime\Cache\Admin\9a28fd75a2b948214998553ebc501d50.php 第 52 行.
NOTIC: [8] Use of undefined constant coupontype - assumed 'coupontype' D:\xampp\htdocs\workspace\simpsons\trunk\server\Application\Runtime\Cache\Admin\9a28fd75a2b948214998553ebc501d50.php 第 52 行.
NOTIC: [8] Use of undefined constant scoretype - assumed 'scoretype' D:\xampp\htdocs\workspace\simpsons\trunk\server\Application\Runtime\Cache\Admin\9a28fd75a2b948214998553ebc501d50.php 第 52 行.
NOTIC: [8] Use of undefined constant redpacket - assumed 'redpacket' D:\xampp\htdocs\workspace\simpsons\trunk\server\Application\Runtime\Cache\Admin\9a28fd75a2b948214998553ebc501d50.php 第 52 行.
NOTIC: [8] Use of undefined constant coupontype - assumed 'coupontype' D:\xampp\htdocs\workspace\simpsons\trunk\server\Application\Runtime\Cache\Admin\9a28fd75a2b948214998553ebc501d50.php 第 52 行.
NOTIC: [8] Use of undefined constant scoretype - assumed 'scoretype' D:\xampp\htdocs\workspace\simpsons\trunk\server\Application\Runtime\Cache\Admin\9a28fd75a2b948214998553ebc501d50.php 第 52 行.
NOTIC: [8] Use of undefined constant redpacket - assumed 'redpacket' D:\xampp\htdocs\workspace\simpsons\trunk\server\Application\Runtime\Cache\Admin\9a28fd75a2b948214998553ebc501d50.php 第 52 行.
NOTIC: [8] Use of undefined constant coupontype - assumed 'coupontype' D:\xampp\htdocs\workspace\simpsons\trunk\server\Application\Runtime\Cache\Admin\9a28fd75a2b948214998553ebc501d50.php 第 52 行.
NOTIC: [8] Use of undefined constant scoretype - assumed 'scoretype' D:\xampp\htdocs\workspace\simpsons\trunk\server\Application\Runtime\Cache\Admin\9a28fd75a2b948214998553ebc501d50.php 第 52 行.
NOTIC: [8] Use of undefined constant redpacket - assumed 'redpacket' D:\xampp\htdocs\workspace\simpsons\trunk\server\Application\Runtime\Cache\Admin\9a28fd75a2b948214998553ebc501d50.php 第 52 行.
NOTIC: [8] Use of undefined constant coupontype - assumed 'coupontype' D:\xampp\htdocs\workspace\simpsons\trunk\server\Application\Runtime\Cache\Admin\9a28fd75a2b948214998553ebc501d50.php 第 52 行.
NOTIC: [8] Use of undefined constant scoretype - assumed 'scoretype' D:\xampp\htdocs\workspace\simpsons\trunk\server\Application\Runtime\Cache\Admin\9a28fd75a2b948214998553ebc501d50.php 第 52 行.
NOTIC: [8] Use of undefined constant redpacket - assumed 'redpacket' D:\xampp\htdocs\workspace\simpsons\trunk\server\Application\Runtime\Cache\Admin\9a28fd75a2b948214998553ebc501d50.php 第 52 行.
NOTIC: [8] Use of undefined constant coupontype - assumed 'coupontype' D:\xampp\htdocs\workspace\simpsons\trunk\server\Application\Runtime\Cache\Admin\9a28fd75a2b948214998553ebc501d50.php 第 52 行.
NOTIC: [8] Use of undefined constant scoretype - assumed 'scoretype' D:\xampp\htdocs\workspace\simpsons\trunk\server\Application\Runtime\Cache\Admin\9a28fd75a2b948214998553ebc501d50.php 第 52 行.
NOTIC: [8] Use of undefined constant redpacket - assumed 'redpacket' D:\xampp\htdocs\workspace\simpsons\trunk\server\Application\Runtime\Cache\Admin\9a28fd75a2b948214998553ebc501d50.php 第 52 行.
NOTIC: [8] Use of undefined constant coupontype - assumed 'coupontype' D:\xampp\htdocs\workspace\simpsons\trunk\server\Application\Runtime\Cache\Admin\9a28fd75a2b948214998553ebc501d50.php 第 52 行.
NOTIC: [8] Use of undefined constant scoretype - assumed 'scoretype' D:\xampp\htdocs\workspace\simpsons\trunk\server\Application\Runtime\Cache\Admin\9a28fd75a2b948214998553ebc501d50.php 第 52 行.
NOTIC: [8] Use of undefined constant redpacket - assumed 'redpacket' D:\xampp\htdocs\workspace\simpsons\trunk\server\Application\Runtime\Cache\Admin\9a28fd75a2b948214998553ebc501d50.php 第 52 行.
NOTIC: [8] Use of undefined constant coupontype - assumed 'coupontype' D:\xampp\htdocs\workspace\simpsons\trunk\server\Application\Runtime\Cache\Admin\9a28fd75a2b948214998553ebc501d50.php 第 52 行.
NOTIC: [8] Use of undefined constant scoretype - assumed 'scoretype' D:\xampp\htdocs\workspace\simpsons\trunk\server\Application\Runtime\Cache\Admin\9a28fd75a2b948214998553ebc501d50.php 第 52 行.
NOTIC: [8] Use of undefined constant redpacket - assumed 'redpacket' D:\xampp\htdocs\workspace\simpsons\trunk\server\Application\Runtime\Cache\Admin\9a28fd75a2b948214998553ebc501d50.php 第 52 行.
NOTIC: [8] Use of undefined constant coupontype - assumed 'coupontype' D:\xampp\htdocs\workspace\simpsons\trunk\server\Application\Runtime\Cache\Admin\9a28fd75a2b948214998553ebc501d50.php 第 52 行.
NOTIC: [8] Use of undefined constant scoretype - assumed 'scoretype' D:\xampp\htdocs\workspace\simpsons\trunk\server\Application\Runtime\Cache\Admin\9a28fd75a2b948214998553ebc501d50.php 第 52 行.
INFO: Run Behavior\ParseTemplateBehavior [ RunTime:0.020001s ]
INFO: [ view_parse ] --END-- [ RunTime:0.020001s ]
INFO: [ view_filter ] --START--
INFO: Run Behavior\WriteHtmlCacheBehavior [ RunTime:0.000000s ]
INFO: [ view_filter ] --END-- [ RunTime:0.000000s ]
INFO: [ app_end ] --START--
INFO: Run Behavior\ShowPageTraceBehavior [ RunTime:0.001000s ]
INFO: [ app_end ] --END-- [ RunTime:0.001000s ]

[ 2016-07-13T21:43:09+08:00 ] ::1 /workspace/simpsons/trunk/server/Admin/Product/index.html?_=1468417389512
INFO: [ app_begin ] --START--
INFO: Run Behavior\ReadHtmlCacheBehavior [ RunTime:0.001000s ]
INFO: [ app_begin ] --END-- [ RunTime:0.002000s ]
SQL: SHOW COLUMNS FROM `easy_product` [ RunTime:0.0290s ]
SQL: SELECT COUNT(*) AS tp_count FROM `easy_product` LIMIT 1   [ RunTime:0.0000s ]
SQL: SELECT * FROM `easy_product` ORDER BY productid desc LIMIT 0,10   [ RunTime:0.0000s ]
NOTIC: [8] Undefined variable: search D:\xampp\htdocs\workspace\simpsons\trunk\server\Application\Admin\Controller\ProductController.class.php 第 412 行.
NOTIC: [8] Undefined index: values D:\xampp\htdocs\workspace\simpsons\trunk\server\Application\Admin\Controller\ProductController.class.php 第 413 行.
INFO: [ view_parse ] --START--
INFO: [ template_filter ] --START--
INFO: Run Behavior\ContentReplaceBehavior [ RunTime:0.000000s ]
INFO: [ template_filter ] --END-- [ RunTime:0.000000s ]
NOTIC: [8] Undefined index: _order D:\xampp\htdocs\workspace\simpsons\trunk\server\Application\Runtime\Cache\Admin\543886cf434153c66490642398adebe3.php 第 4 行.
NOTIC: [8] Undefined index: _sort D:\xampp\htdocs\workspace\simpsons\trunk\server\Application\Runtime\Cache\Admin\543886cf434153c66490642398adebe3.php 第 5 行.
NOTIC: [8] Undefined index: keyword D:\xampp\htdocs\workspace\simpsons\trunk\server\Application\Runtime\Cache\Admin\543886cf434153c66490642398adebe3.php 第 14 行.
INFO: Run Behavior\ParseTemplateBehavior [ RunTime:0.021002s ]
INFO: [ view_parse ] --END-- [ RunTime:0.021002s ]
INFO: [ view_filter ] --START--
INFO: Run Behavior\WriteHtmlCacheBehavior [ RunTime:0.001000s ]
INFO: [ view_filter ] --END-- [ RunTime:0.001000s ]
INFO: [ app_end ] --START--
INFO: Run Behavior\ShowPageTraceBehavior [ RunTime:0.001000s ]
INFO: [ app_end ] --END-- [ RunTime:0.001000s ]

[ 2016-07-13T21:43:11+08:00 ] ::1 /workspace/simpsons/trunk/server/Admin/Scoreproduct/index.html?_=1468417391297
INFO: [ app_begin ] --START--
INFO: Run Behavior\ReadHtmlCacheBehavior [ RunTime:0.001000s ]
INFO: [ app_begin ] --END-- [ RunTime:0.001000s ]
SQL: SHOW COLUMNS FROM `easy_scoreproduct` [ RunTime:0.0460s ]
SQL: SELECT COUNT(*) AS tp_count FROM `easy_scoreproduct` LIMIT 1   [ RunTime:0.0000s ]
SQL: SELECT * FROM `easy_scoreproduct` ORDER BY scoreproductid desc LIMIT 0,10   [ RunTime:0.0010s ]
NOTIC: [8] Undefined variable: search D:\xampp\htdocs\workspace\simpsons\trunk\server\Application\Admin\Controller\ScoreproductController.class.php 第 412 行.
NOTIC: [8] Undefined index: values D:\xampp\htdocs\workspace\simpsons\trunk\server\Application\Admin\Controller\ScoreproductController.class.php 第 413 行.
INFO: [ view_parse ] --START--
INFO: [ template_filter ] --START--
INFO: Run Behavior\ContentReplaceBehavior [ RunTime:0.000000s ]
INFO: [ template_filter ] --END-- [ RunTime:0.000000s ]
NOTIC: [8] Undefined index: _order D:\xampp\htdocs\workspace\simpsons\trunk\server\Application\Runtime\Cache\Admin\1aa47668307f3ede4692441ef3e16cf0.php 第 4 行.
NOTIC: [8] Undefined index: _sort D:\xampp\htdocs\workspace\simpsons\trunk\server\Application\Runtime\Cache\Admin\1aa47668307f3ede4692441ef3e16cf0.php 第 5 行.
NOTIC: [8] Undefined index: keyword D:\xampp\htdocs\workspace\simpsons\trunk\server\Application\Runtime\Cache\Admin\1aa47668307f3ede4692441ef3e16cf0.php 第 14 行.
INFO: Run Behavior\ParseTemplateBehavior [ RunTime:0.014000s ]
INFO: [ view_parse ] --END-- [ RunTime:0.014000s ]
INFO: [ view_filter ] --START--
INFO: Run Behavior\WriteHtmlCacheBehavior [ RunTime:0.001000s ]
INFO: [ view_filter ] --END-- [ RunTime:0.001000s ]
INFO: [ app_end ] --START--
INFO: Run Behavior\ShowPageTraceBehavior [ RunTime:0.001000s ]
INFO: [ app_end ] --END-- [ RunTime:0.001000s ]

[ 2016-07-13T21:43:14+08:00 ] ::1 /workspace/simpsons/trunk/server/Admin/News/index.html?_=1468417394365
INFO: [ app_begin ] --START--
INFO: Run Behavior\ReadHtmlCacheBehavior [ RunTime:0.000000s ]
INFO: [ app_begin ] --END-- [ RunTime:0.001000s ]
SQL: SHOW COLUMNS FROM `easy_news` [ RunTime:0.0130s ]
SQL: SELECT COUNT(*) AS tp_count FROM `easy_news` LIMIT 1   [ RunTime:0.0000s ]
SQL: SELECT * FROM `easy_news` ORDER BY newsid desc LIMIT 0,10   [ RunTime:0.0000s ]
NOTIC: [8] Undefined variable: search D:\xampp\htdocs\workspace\simpsons\trunk\server\Application\Admin\Controller\NewsController.class.php 第 414 行.
NOTIC: [8] Undefined index: values D:\xampp\htdocs\workspace\simpsons\trunk\server\Application\Admin\Controller\NewsController.class.php 第 415 行.
INFO: [ view_parse ] --START--
INFO: [ template_filter ] --START--
INFO: Run Behavior\ContentReplaceBehavior [ RunTime:0.001000s ]
INFO: [ template_filter ] --END-- [ RunTime:0.001000s ]
NOTIC: [8] Undefined index: _order D:\xampp\htdocs\workspace\simpsons\trunk\server\Application\Runtime\Cache\Admin\9c9069fb50ed95e0d557427c41be5bdb.php 第 4 行.
NOTIC: [8] Undefined index: _sort D:\xampp\htdocs\workspace\simpsons\trunk\server\Application\Runtime\Cache\Admin\9c9069fb50ed95e0d557427c41be5bdb.php 第 5 行.
NOTIC: [8] Undefined index: keyword D:\xampp\htdocs\workspace\simpsons\trunk\server\Application\Runtime\Cache\Admin\9c9069fb50ed95e0d557427c41be5bdb.php 第 14 行.
INFO: Run Behavior\ParseTemplateBehavior [ RunTime:0.022001s ]
INFO: [ view_parse ] --END-- [ RunTime:0.022001s ]
INFO: [ view_filter ] --START--
INFO: Run Behavior\WriteHtmlCacheBehavior [ RunTime:0.001000s ]
INFO: [ view_filter ] --END-- [ RunTime:0.001000s ]
INFO: [ app_end ] --START--
INFO: Run Behavior\ShowPageTraceBehavior [ RunTime:0.000000s ]
INFO: [ app_end ] --END-- [ RunTime:0.001000s ]

[ 2016-07-13T21:43:17+08:00 ] ::1 /workspace/simpsons/trunk/server/Admin/Order/index.html?_=1468417397133
INFO: [ app_begin ] --START--
INFO: Run Behavior\ReadHtmlCacheBehavior [ RunTime:0.001000s ]
INFO: [ app_begin ] --END-- [ RunTime:0.002000s ]
SQL: SHOW COLUMNS FROM `easy_order` [ RunTime:0.0250s ]
SQL: SELECT COUNT(*) AS tp_count FROM `easy_order` WHERE `producttypekey` = 'product' LIMIT 1   [ RunTime:0.0000s ]
SQL: SELECT * FROM `easy_order` WHERE `producttypekey` = 'product' ORDER BY id desc LIMIT 0,10   [ RunTime:0.0000s ]
NOTIC: [8] Array to string conversion D:\xampp\htdocs\workspace\simpsons\trunk\server\Application\Admin\Controller\OrderController.class.php 第 261 行.
NOTIC: [2] Illegal string offset 'p' D:\xampp\htdocs\workspace\simpsons\trunk\server\ThinkPHP\Library\Think\Page.class.php 第 81 行.
NOTIC: [8] Undefined variable: search D:\xampp\htdocs\workspace\simpsons\trunk\server\Application\Admin\Controller\OrderController.class.php 第 282 行.
NOTIC: [8] Undefined index: values D:\xampp\htdocs\workspace\simpsons\trunk\server\Application\Admin\Controller\OrderController.class.php 第 283 行.
INFO: [ view_parse ] --START--
INFO: [ template_filter ] --START--
INFO: Run Behavior\ContentReplaceBehavior [ RunTime:0.000000s ]
INFO: [ template_filter ] --END-- [ RunTime:0.000000s ]
NOTIC: [8] Undefined index: _order D:\xampp\htdocs\workspace\simpsons\trunk\server\Application\Runtime\Cache\Admin\ad58160d0ba497e124f68b10fdc57ae6.php 第 4 行.
NOTIC: [8] Undefined index: _sort D:\xampp\htdocs\workspace\simpsons\trunk\server\Application\Runtime\Cache\Admin\ad58160d0ba497e124f68b10fdc57ae6.php 第 5 行.
NOTIC: [8] Undefined index: keyword D:\xampp\htdocs\workspace\simpsons\trunk\server\Application\Runtime\Cache\Admin\ad58160d0ba497e124f68b10fdc57ae6.php 第 14 行.
NOTIC: [8] Use of undefined constant scoreproduct - assumed 'scoreproduct' D:\xampp\htdocs\workspace\simpsons\trunk\server\Application\Runtime\Cache\Admin\ad58160d0ba497e124f68b10fdc57ae6.php 第 72 行.
NOTIC: [8] Use of undefined constant scoreproduct - assumed 'scoreproduct' D:\xampp\htdocs\workspace\simpsons\trunk\server\Application\Runtime\Cache\Admin\ad58160d0ba497e124f68b10fdc57ae6.php 第 72 行.
NOTIC: [8] Use of undefined constant scoreproduct - assumed 'scoreproduct' D:\xampp\htdocs\workspace\simpsons\trunk\server\Application\Runtime\Cache\Admin\ad58160d0ba497e124f68b10fdc57ae6.php 第 72 行.
NOTIC: [8] Use of undefined constant scoreproduct - assumed 'scoreproduct' D:\xampp\htdocs\workspace\simpsons\trunk\server\Application\Runtime\Cache\Admin\ad58160d0ba497e124f68b10fdc57ae6.php 第 72 行.
NOTIC: [8] Use of undefined constant scoreproduct - assumed 'scoreproduct' D:\xampp\htdocs\workspace\simpsons\trunk\server\Application\Runtime\Cache\Admin\ad58160d0ba497e124f68b10fdc57ae6.php 第 72 行.
NOTIC: [8] Use of undefined constant scoreproduct - assumed 'scoreproduct' D:\xampp\htdocs\workspace\simpsons\trunk\server\Application\Runtime\Cache\Admin\ad58160d0ba497e124f68b10fdc57ae6.php 第 72 行.
NOTIC: [8] Use of undefined constant scoreproduct - assumed 'scoreproduct' D:\xampp\htdocs\workspace\simpsons\trunk\server\Application\Runtime\Cache\Admin\ad58160d0ba497e124f68b10fdc57ae6.php 第 72 行.
NOTIC: [8] Use of undefined constant scoreproduct - assumed 'scoreproduct' D:\xampp\htdocs\workspace\simpsons\trunk\server\Application\Runtime\Cache\Admin\ad58160d0ba497e124f68b10fdc57ae6.php 第 72 行.
INFO: Run Behavior\ParseTemplateBehavior [ RunTime:0.009001s ]
INFO: [ view_parse ] --END-- [ RunTime:0.009001s ]
INFO: [ view_filter ] --START--
INFO: Run Behavior\WriteHtmlCacheBehavior [ RunTime:0.000000s ]
INFO: [ view_filter ] --END-- [ RunTime:0.000000s ]
INFO: [ app_end ] --START--
INFO: Run Behavior\ShowPageTraceBehavior [ RunTime:0.001000s ]
INFO: [ app_end ] --END-- [ RunTime:0.001000s ]

[ 2016-07-13T21:43:18+08:00 ] ::1 /workspace/simpsons/trunk/server/Admin/ExchangeOrder/index.html?_=1468417398287
INFO: [ app_begin ] --START--
INFO: Run Behavior\ReadHtmlCacheBehavior [ RunTime:0.001000s ]
INFO: [ app_begin ] --END-- [ RunTime:0.002000s ]
SQL: SHOW COLUMNS FROM `easy_order` [ RunTime:0.0030s ]
SQL: SELECT COUNT(*) AS tp_count FROM `easy_order` WHERE `producttypekey` = 'scoreproduct' LIMIT 1   [ RunTime:0.0010s ]
SQL: SELECT * FROM `easy_order` WHERE `producttypekey` = 'scoreproduct' ORDER BY id desc LIMIT 0,10   [ RunTime:0.0010s ]
NOTIC: [8] Array to string conversion D:\xampp\htdocs\workspace\simpsons\trunk\server\Application\Admin\Controller\ExchangeOrderController.class.php 第 261 行.
NOTIC: [2] Illegal string offset 'p' D:\xampp\htdocs\workspace\simpsons\trunk\server\ThinkPHP\Library\Think\Page.class.php 第 81 行.
NOTIC: [8] Undefined variable: search D:\xampp\htdocs\workspace\simpsons\trunk\server\Application\Admin\Controller\ExchangeOrderController.class.php 第 282 行.
NOTIC: [8] Undefined index: values D:\xampp\htdocs\workspace\simpsons\trunk\server\Application\Admin\Controller\ExchangeOrderController.class.php 第 283 行.
INFO: [ view_parse ] --START--
INFO: [ template_filter ] --START--
INFO: Run Behavior\ContentReplaceBehavior [ RunTime:0.000000s ]
INFO: [ template_filter ] --END-- [ RunTime:0.000000s ]
NOTIC: [8] Undefined index: _order D:\xampp\htdocs\workspace\simpsons\trunk\server\Application\Runtime\Cache\Admin\fc6ec18fd534929bfb75dcb861e98a9a.php 第 4 行.
NOTIC: [8] Undefined index: _sort D:\xampp\htdocs\workspace\simpsons\trunk\server\Application\Runtime\Cache\Admin\fc6ec18fd534929bfb75dcb861e98a9a.php 第 5 行.
NOTIC: [8] Undefined index: keyword D:\xampp\htdocs\workspace\simpsons\trunk\server\Application\Runtime\Cache\Admin\fc6ec18fd534929bfb75dcb861e98a9a.php 第 14 行.
NOTIC: [8] Use of undefined constant scoreproduct - assumed 'scoreproduct' D:\xampp\htdocs\workspace\simpsons\trunk\server\Application\Runtime\Cache\Admin\fc6ec18fd534929bfb75dcb861e98a9a.php 第 72 行.
NOTIC: [8] Use of undefined constant scoreproduct - assumed 'scoreproduct' D:\xampp\htdocs\workspace\simpsons\trunk\server\Application\Runtime\Cache\Admin\fc6ec18fd534929bfb75dcb861e98a9a.php 第 72 行.
NOTIC: [8] Use of undefined constant scoreproduct - assumed 'scoreproduct' D:\xampp\htdocs\workspace\simpsons\trunk\server\Application\Runtime\Cache\Admin\fc6ec18fd534929bfb75dcb861e98a9a.php 第 72 行.
NOTIC: [8] Use of undefined constant scoreproduct - assumed 'scoreproduct' D:\xampp\htdocs\workspace\simpsons\trunk\server\Application\Runtime\Cache\Admin\fc6ec18fd534929bfb75dcb861e98a9a.php 第 72 行.
NOTIC: [8] Use of undefined constant scoreproduct - assumed 'scoreproduct' D:\xampp\htdocs\workspace\simpsons\trunk\server\Application\Runtime\Cache\Admin\fc6ec18fd534929bfb75dcb861e98a9a.php 第 72 行.
NOTIC: [8] Use of undefined constant scoreproduct - assumed 'scoreproduct' D:\xampp\htdocs\workspace\simpsons\trunk\server\Application\Runtime\Cache\Admin\fc6ec18fd534929bfb75dcb861e98a9a.php 第 72 行.
NOTIC: [8] Use of undefined constant scoreproduct - assumed 'scoreproduct' D:\xampp\htdocs\workspace\simpsons\trunk\server\Application\Runtime\Cache\Admin\fc6ec18fd534929bfb75dcb861e98a9a.php 第 72 行.
NOTIC: [8] Use of undefined constant scoreproduct - assumed 'scoreproduct' D:\xampp\htdocs\workspace\simpsons\trunk\server\Application\Runtime\Cache\Admin\fc6ec18fd534929bfb75dcb861e98a9a.php 第 72 行.
NOTIC: [8] Use of undefined constant scoreproduct - assumed 'scoreproduct' D:\xampp\htdocs\workspace\simpsons\trunk\server\Application\Runtime\Cache\Admin\fc6ec18fd534929bfb75dcb861e98a9a.php 第 72 行.
NOTIC: [8] Use of undefined constant scoreproduct - assumed 'scoreproduct' D:\xampp\htdocs\workspace\simpsons\trunk\server\Application\Runtime\Cache\Admin\fc6ec18fd534929bfb75dcb861e98a9a.php 第 72 行.
INFO: Run Behavior\ParseTemplateBehavior [ RunTime:0.033002s ]
INFO: [ view_parse ] --END-- [ RunTime:0.034002s ]
INFO: [ view_filter ] --START--
INFO: Run Behavior\WriteHtmlCacheBehavior [ RunTime:0.001000s ]
INFO: [ view_filter ] --END-- [ RunTime:0.001000s ]
INFO: [ app_end ] --START--
INFO: Run Behavior\ShowPageTraceBehavior [ RunTime:0.000000s ]
INFO: [ app_end ] --END-- [ RunTime:0.000000s ]

[ 2016-07-13T21:43:21+08:00 ] ::1 /workspace/simpsons/trunk/server/Admin/Couponverify/index.html?_=1468417401196
INFO: [ app_begin ] --START--
INFO: Run Behavior\ReadHtmlCacheBehavior [ RunTime:0.001000s ]
INFO: [ app_begin ] --END-- [ RunTime:0.001000s ]
SQL: SHOW COLUMNS FROM `easy_coupon` [ RunTime:0.0600s ]
SQL: SELECT COUNT(*) AS tp_count FROM `easy_coupon` LIMIT 1   [ RunTime:0.0000s ]
SQL: SELECT * FROM `easy_coupon` ORDER BY couponid desc  [ RunTime:0.0010s ]
NOTIC: [8] Undefined variable: search D:\xampp\htdocs\workspace\simpsons\trunk\server\Application\Admin\Controller\CouponverifyController.class.php 第 265 行.
NOTIC: [8] Undefined index: values D:\xampp\htdocs\workspace\simpsons\trunk\server\Application\Admin\Controller\CouponverifyController.class.php 第 266 行.
INFO: [ view_parse ] --START--
INFO: [ template_filter ] --START--
INFO: Run Behavior\ContentReplaceBehavior [ RunTime:0.000000s ]
INFO: [ template_filter ] --END-- [ RunTime:0.000000s ]
NOTIC: [8] Undefined index: _order D:\xampp\htdocs\workspace\simpsons\trunk\server\Application\Runtime\Cache\Admin\9249b054c75bd4fbcae56a540f40e7fd.php 第 4 行.
NOTIC: [8] Undefined index: _sort D:\xampp\htdocs\workspace\simpsons\trunk\server\Application\Runtime\Cache\Admin\9249b054c75bd4fbcae56a540f40e7fd.php 第 5 行.
NOTIC: [8] Undefined index: keyword D:\xampp\htdocs\workspace\simpsons\trunk\server\Application\Runtime\Cache\Admin\9249b054c75bd4fbcae56a540f40e7fd.php 第 14 行.
INFO: Run Behavior\ParseTemplateBehavior [ RunTime:0.025001s ]
INFO: [ view_parse ] --END-- [ RunTime:0.025001s ]
INFO: [ view_filter ] --START--
INFO: Run Behavior\WriteHtmlCacheBehavior [ RunTime:0.000000s ]
INFO: [ view_filter ] --END-- [ RunTime:0.000000s ]
INFO: [ app_end ] --START--
INFO: Run Behavior\ShowPageTraceBehavior [ RunTime:0.001000s ]
INFO: [ app_end ] --END-- [ RunTime:0.001000s ]

[ 2016-07-13T22:14:22+08:00 ] ::1 /workspace/simpsons/trunk/server/Admin/Couponverify/index.html?_=1468419262659
INFO: [ app_begin ] --START--
INFO: Run Behavior\ReadHtmlCacheBehavior [ RunTime:0.001000s ]
INFO: [ app_begin ] --END-- [ RunTime:0.002000s ]
SQL: SHOW COLUMNS FROM `easy_coupon` [ RunTime:0.0030s ]
SQL: SELECT COUNT(*) AS tp_count FROM `easy_coupon` LIMIT 1   [ RunTime:0.0000s ]
SQL: SELECT * FROM `easy_coupon` ORDER BY couponid desc  [ RunTime:0.0010s ]
NOTIC: [8] Undefined variable: search D:\xampp\htdocs\workspace\simpsons\trunk\server\Application\Admin\Controller\CouponverifyController.class.php 第 266 行.
NOTIC: [8] Undefined index: values D:\xampp\htdocs\workspace\simpsons\trunk\server\Application\Admin\Controller\CouponverifyController.class.php 第 267 行.
INFO: [ view_parse ] --START--
INFO: [ template_filter ] --START--
INFO: Run Behavior\ContentReplaceBehavior [ RunTime:0.000000s ]
INFO: [ template_filter ] --END-- [ RunTime:0.000000s ]
NOTIC: [8] Undefined index: _order D:\xampp\htdocs\workspace\simpsons\trunk\server\Application\Runtime\Cache\Admin\9249b054c75bd4fbcae56a540f40e7fd.php 第 4 行.
NOTIC: [8] Undefined index: _sort D:\xampp\htdocs\workspace\simpsons\trunk\server\Application\Runtime\Cache\Admin\9249b054c75bd4fbcae56a540f40e7fd.php 第 5 行.
NOTIC: [8] Undefined index: keyword D:\xampp\htdocs\workspace\simpsons\trunk\server\Application\Runtime\Cache\Admin\9249b054c75bd4fbcae56a540f40e7fd.php 第 14 行.
INFO: Run Behavior\ParseTemplateBehavior [ RunTime:0.008000s ]
INFO: [ view_parse ] --END-- [ RunTime:0.008000s ]
INFO: [ view_filter ] --START--
INFO: Run Behavior\WriteHtmlCacheBehavior [ RunTime:0.001000s ]
INFO: [ view_filter ] --END-- [ RunTime:0.001000s ]
INFO: [ app_end ] --START--
INFO: Run Behavior\ShowPageTraceBehavior [ RunTime:0.001001s ]
INFO: [ app_end ] --END-- [ RunTime:0.001001s ]

[ 2016-07-13T22:14:24+08:00 ] ::1 /workspace/simpsons/trunk/server/Admin/Index/index.html
INFO: [ app_begin ] --START--
INFO: Run Behavior\ReadHtmlCacheBehavior [ RunTime:0.000000s ]
INFO: [ app_begin ] --END-- [ RunTime:0.001000s ]
SQL: SHOW COLUMNS FROM `easy_user` [ RunTime:0.0030s ]
SQL: SELECT * FROM `easy_user` WHERE `username` = 'admin' LIMIT 1   [ RunTime:0.0000s ]
INFO: [ view_parse ] --START--
INFO: [ template_filter ] --START--
INFO: Run Behavior\ContentReplaceBehavior [ RunTime:0.000000s ]
INFO: [ template_filter ] --END-- [ RunTime:0.000000s ]
SQL: SHOW COLUMNS FROM `easy_fields` [ RunTime:0.0020s ]
SQL: SELECT * FROM `easy_fields` WHERE `field` = 'title' LIMIT 1   [ RunTime:0.0010s ]
INFO: Run Behavior\ParseTemplateBehavior [ RunTime:0.017001s ]
INFO: [ view_parse ] --END-- [ RunTime:0.017001s ]
INFO: [ view_filter ] --START--
INFO: Run Behavior\WriteHtmlCacheBehavior [ RunTime:0.000000s ]
INFO: [ view_filter ] --END-- [ RunTime:0.000000s ]
INFO: [ app_end ] --START--
INFO: Run Behavior\ShowPageTraceBehavior [ RunTime:0.001000s ]
INFO: [ app_end ] --END-- [ RunTime:0.001000s ]

[ 2016-07-13T22:14:29+08:00 ] ::1 /workspace/simpsons/trunk/server/Admin/Couponverify/index.html?_=1468419269363
INFO: [ app_begin ] --START--
INFO: Run Behavior\ReadHtmlCacheBehavior [ RunTime:0.000000s ]
INFO: [ app_begin ] --END-- [ RunTime:0.000000s ]
SQL: SHOW COLUMNS FROM `easy_coupon` [ RunTime:0.0030s ]
SQL: SELECT COUNT(*) AS tp_count FROM `easy_coupon` LIMIT 1   [ RunTime:0.0010s ]
SQL: SELECT * FROM `easy_coupon` ORDER BY couponid desc  [ RunTime:0.0000s ]
NOTIC: [8] Undefined variable: search D:\xampp\htdocs\workspace\simpsons\trunk\server\Application\Admin\Controller\CouponverifyController.class.php 第 266 行.
NOTIC: [8] Undefined index: values D:\xampp\htdocs\workspace\simpsons\trunk\server\Application\Admin\Controller\CouponverifyController.class.php 第 267 行.
INFO: [ view_parse ] --START--
INFO: [ template_filter ] --START--
INFO: Run Behavior\ContentReplaceBehavior [ RunTime:0.001000s ]
INFO: [ template_filter ] --END-- [ RunTime:0.001000s ]
NOTIC: [8] Undefined index: _order D:\xampp\htdocs\workspace\simpsons\trunk\server\Application\Runtime\Cache\Admin\9249b054c75bd4fbcae56a540f40e7fd.php 第 4 行.
NOTIC: [8] Undefined index: _sort D:\xampp\htdocs\workspace\simpsons\trunk\server\Application\Runtime\Cache\Admin\9249b054c75bd4fbcae56a540f40e7fd.php 第 5 行.
NOTIC: [8] Undefined index: keyword D:\xampp\htdocs\workspace\simpsons\trunk\server\Application\Runtime\Cache\Admin\9249b054c75bd4fbcae56a540f40e7fd.php 第 14 行.
INFO: Run Behavior\ParseTemplateBehavior [ RunTime:0.008000s ]
INFO: [ view_parse ] --END-- [ RunTime:0.008000s ]
INFO: [ view_filter ] --START--
INFO: Run Behavior\WriteHtmlCacheBehavior [ RunTime:0.000000s ]
INFO: [ view_filter ] --END-- [ RunTime:0.000000s ]
INFO: [ app_end ] --START--
INFO: Run Behavior\ShowPageTraceBehavior [ RunTime:0.000000s ]
INFO: [ app_end ] --END-- [ RunTime:0.000000s ]

[ 2016-07-13T22:14:47+08:00 ] ::1 /workspace/simpsons/trunk/server/Admin/Index/index.html
INFO: [ app_begin ] --START--
INFO: Run Behavior\ReadHtmlCacheBehavior [ RunTime:0.001000s ]
INFO: [ app_begin ] --END-- [ RunTime:0.001000s ]
SQL: SHOW COLUMNS FROM `easy_user` [ RunTime:0.0030s ]
SQL: SELECT * FROM `easy_user` WHERE `username` = 'admin' LIMIT 1   [ RunTime:0.0000s ]
INFO: [ view_parse ] --START--
INFO: [ template_filter ] --START--
INFO: Run Behavior\ContentReplaceBehavior [ RunTime:0.000000s ]
INFO: [ template_filter ] --END-- [ RunTime:0.000000s ]
SQL: SHOW COLUMNS FROM `easy_fields` [ RunTime:0.0030s ]
SQL: SELECT * FROM `easy_fields` WHERE `field` = 'title' LIMIT 1   [ RunTime:0.0000s ]
INFO: Run Behavior\ParseTemplateBehavior [ RunTime:0.018001s ]
INFO: [ view_parse ] --END-- [ RunTime:0.018001s ]
INFO: [ view_filter ] --START--
INFO: Run Behavior\WriteHtmlCacheBehavior [ RunTime:0.001001s ]
INFO: [ view_filter ] --END-- [ RunTime:0.001001s ]
INFO: [ app_end ] --START--
INFO: Run Behavior\ShowPageTraceBehavior [ RunTime:0.001000s ]
INFO: [ app_end ] --END-- [ RunTime:0.001000s ]

[ 2016-07-13T22:14:52+08:00 ] ::1 /workspace/simpsons/trunk/server/Admin/Couponverify/index.html?_=1468419292031
INFO: [ app_begin ] --START--
INFO: Run Behavior\ReadHtmlCacheBehavior [ RunTime:0.001000s ]
INFO: [ app_begin ] --END-- [ RunTime:0.002001s ]
SQL: SHOW COLUMNS FROM `easy_coupon` [ RunTime:0.0030s ]
SQL: SELECT COUNT(*) AS tp_count FROM `easy_coupon` LIMIT 1   [ RunTime:0.0000s ]
SQL: SELECT * FROM `easy_coupon` ORDER BY couponid desc  [ RunTime:0.0000s ]
NOTIC: [8] Undefined variable: search D:\xampp\htdocs\workspace\simpsons\trunk\server\Application\Admin\Controller\CouponverifyController.class.php 第 267 行.
NOTIC: [8] Undefined index: values D:\xampp\htdocs\workspace\simpsons\trunk\server\Application\Admin\Controller\CouponverifyController.class.php 第 268 行.
INFO: [ view_parse ] --START--
INFO: [ template_filter ] --START--
INFO: Run Behavior\ContentReplaceBehavior [ RunTime:0.000000s ]
INFO: [ template_filter ] --END-- [ RunTime:0.000000s ]
NOTIC: [8] Undefined index: _order D:\xampp\htdocs\workspace\simpsons\trunk\server\Application\Runtime\Cache\Admin\9249b054c75bd4fbcae56a540f40e7fd.php 第 4 行.
NOTIC: [8] Undefined index: _sort D:\xampp\htdocs\workspace\simpsons\trunk\server\Application\Runtime\Cache\Admin\9249b054c75bd4fbcae56a540f40e7fd.php 第 5 行.
NOTIC: [8] Undefined index: keyword D:\xampp\htdocs\workspace\simpsons\trunk\server\Application\Runtime\Cache\Admin\9249b054c75bd4fbcae56a540f40e7fd.php 第 14 行.
INFO: Run Behavior\ParseTemplateBehavior [ RunTime:0.009001s ]
INFO: [ view_parse ] --END-- [ RunTime:0.009001s ]
INFO: [ view_filter ] --START--
INFO: Run Behavior\WriteHtmlCacheBehavior [ RunTime:0.000000s ]
INFO: [ view_filter ] --END-- [ RunTime:0.001000s ]

[ 2016-07-13T22:15:19+08:00 ] ::1 /workspace/simpsons/trunk/server/Admin/Index/index.html
INFO: [ app_begin ] --START--
INFO: Run Behavior\ReadHtmlCacheBehavior [ RunTime:0.001000s ]
INFO: [ app_begin ] --END-- [ RunTime:0.001000s ]
SQL: SHOW COLUMNS FROM `easy_user` [ RunTime:0.0030s ]
SQL: SELECT * FROM `easy_user` WHERE `username` = 'admin' LIMIT 1   [ RunTime:0.0000s ]
INFO: [ view_parse ] --START--
INFO: [ template_filter ] --START--
INFO: Run Behavior\ContentReplaceBehavior [ RunTime:0.000000s ]
INFO: [ template_filter ] --END-- [ RunTime:0.000000s ]
SQL: SHOW COLUMNS FROM `easy_fields` [ RunTime:0.0030s ]
SQL: SELECT * FROM `easy_fields` WHERE `field` = 'title' LIMIT 1   [ RunTime:0.0000s ]
INFO: Run Behavior\ParseTemplateBehavior [ RunTime:0.017001s ]
INFO: [ view_parse ] --END-- [ RunTime:0.017001s ]
INFO: [ view_filter ] --START--
INFO: Run Behavior\WriteHtmlCacheBehavior [ RunTime:0.001000s ]
INFO: [ view_filter ] --END-- [ RunTime:0.001000s ]
INFO: [ app_end ] --START--
INFO: Run Behavior\ShowPageTraceBehavior [ RunTime:0.001000s ]
INFO: [ app_end ] --END-- [ RunTime:0.001000s ]

[ 2016-07-13T22:15:23+08:00 ] ::1 /workspace/simpsons/trunk/server/Admin/Couponverify/index.html?_=1468419323160
INFO: [ app_begin ] --START--
INFO: Run Behavior\ReadHtmlCacheBehavior [ RunTime:0.001000s ]
INFO: [ app_begin ] --END-- [ RunTime:0.001000s ]
SQL: SHOW COLUMNS FROM `easy_coupon` [ RunTime:0.0020s ]
SQL: SELECT COUNT(*) AS tp_count FROM `easy_coupon` LIMIT 1   [ RunTime:0.0000s ]
SQL: SELECT * FROM `easy_coupon` ORDER BY couponid desc  [ RunTime:0.0000s ]
NOTIC: [8] Undefined variable: search D:\xampp\htdocs\workspace\simpsons\trunk\server\Application\Admin\Controller\CouponverifyController.class.php 第 267 行.
NOTIC: [8] Undefined index: values D:\xampp\htdocs\workspace\simpsons\trunk\server\Application\Admin\Controller\CouponverifyController.class.php 第 268 行.

[ 2016-07-13T22:16:06+08:00 ] ::1 /workspace/simpsons/trunk/server/Admin/Index/index.html
INFO: [ app_begin ] --START--
INFO: Run Behavior\ReadHtmlCacheBehavior [ RunTime:0.001000s ]
INFO: [ app_begin ] --END-- [ RunTime:0.002000s ]
SQL: SHOW COLUMNS FROM `easy_user` [ RunTime:0.0030s ]
SQL: SELECT * FROM `easy_user` WHERE `username` = 'admin' LIMIT 1   [ RunTime:0.0000s ]
INFO: [ view_parse ] --START--
INFO: [ template_filter ] --START--
INFO: Run Behavior\ContentReplaceBehavior [ RunTime:0.001000s ]
INFO: [ template_filter ] --END-- [ RunTime:0.001000s ]
SQL: SHOW COLUMNS FROM `easy_fields` [ RunTime:0.0020s ]
SQL: SELECT * FROM `easy_fields` WHERE `field` = 'title' LIMIT 1   [ RunTime:0.0010s ]
INFO: Run Behavior\ParseTemplateBehavior [ RunTime:0.020001s ]
INFO: [ view_parse ] --END-- [ RunTime:0.020001s ]
INFO: [ view_filter ] --START--
INFO: Run Behavior\WriteHtmlCacheBehavior [ RunTime:0.000000s ]
INFO: [ view_filter ] --END-- [ RunTime:0.000000s ]
INFO: [ app_end ] --START--
INFO: Run Behavior\ShowPageTraceBehavior [ RunTime:0.001000s ]
INFO: [ app_end ] --END-- [ RunTime:0.001000s ]

[ 2016-07-13T22:16:10+08:00 ] ::1 /workspace/simpsons/trunk/server/Admin/Couponverify/index.html?_=1468419370044
INFO: [ app_begin ] --START--
INFO: Run Behavior\ReadHtmlCacheBehavior [ RunTime:0.001000s ]
INFO: [ app_begin ] --END-- [ RunTime:0.001000s ]
SQL: SHOW COLUMNS FROM `easy_coupon` [ RunTime:0.0040s ]
SQL: SELECT COUNT(*) AS tp_count FROM `easy_coupon` LIMIT 1   [ RunTime:0.0000s ]
SQL: SELECT * FROM `easy_coupon` ORDER BY couponid desc  [ RunTime:0.0010s ]
NOTIC: [8] Undefined variable: search D:\xampp\htdocs\workspace\simpsons\trunk\server\Application\Admin\Controller\CouponverifyController.class.php 第 267 行.
NOTIC: [8] Undefined index: values D:\xampp\htdocs\workspace\simpsons\trunk\server\Application\Admin\Controller\CouponverifyController.class.php 第 268 行.

[ 2016-07-13T22:16:24+08:00 ] ::1 /workspace/simpsons/trunk/server/Admin/Index/index.html
INFO: [ app_begin ] --START--
INFO: Run Behavior\ReadHtmlCacheBehavior [ RunTime:0.000000s ]
INFO: [ app_begin ] --END-- [ RunTime:0.001000s ]
SQL: SHOW COLUMNS FROM `easy_user` [ RunTime:0.0030s ]
SQL: SELECT * FROM `easy_user` WHERE `username` = 'admin' LIMIT 1   [ RunTime:0.0000s ]
INFO: [ view_parse ] --START--
INFO: [ template_filter ] --START--
INFO: Run Behavior\ContentReplaceBehavior [ RunTime:0.000000s ]
INFO: [ template_filter ] --END-- [ RunTime:0.000000s ]
SQL: SHOW COLUMNS FROM `easy_fields` [ RunTime:0.0030s ]
SQL: SELECT * FROM `easy_fields` WHERE `field` = 'title' LIMIT 1   [ RunTime:0.0010s ]
INFO: Run Behavior\ParseTemplateBehavior [ RunTime:0.018001s ]
INFO: [ view_parse ] --END-- [ RunTime:0.018001s ]
INFO: [ view_filter ] --START--
INFO: Run Behavior\WriteHtmlCacheBehavior [ RunTime:0.000000s ]
INFO: [ view_filter ] --END-- [ RunTime:0.000000s ]
INFO: [ app_end ] --START--
INFO: Run Behavior\ShowPageTraceBehavior [ RunTime:0.001000s ]
INFO: [ app_end ] --END-- [ RunTime:0.001000s ]

[ 2016-07-13T23:38:18+08:00 ] ::1 /workspace/simpsons/trunk/server/Admin/Memberuser/index.html?_=1468424297942
INFO: [ app_begin ] --START--
INFO: Run Behavior\ReadHtmlCacheBehavior [ RunTime:0.015001s ]
INFO: [ app_begin ] --END-- [ RunTime:0.016001s ]
SQL: SHOW COLUMNS FROM `easy_member_user` [ RunTime:0.0380s ]
SQL: SELECT COUNT(*) AS tp_count FROM `easy_member_user` LIMIT 1   [ RunTime:0.0020s ]
SQL: SELECT * FROM `easy_member_user` ORDER BY userid desc LIMIT 0,10   [ RunTime:0.0480s ]
NOTIC: [8] Undefined variable: search D:\xampp\htdocs\workspace\simpsons\trunk\server\Application\Admin\Controller\MemberuserController.class.php 第 483 行.
NOTIC: [8] Undefined index: values D:\xampp\htdocs\workspace\simpsons\trunk\server\Application\Admin\Controller\MemberuserController.class.php 第 484 行.
INFO: [ view_parse ] --START--
INFO: [ template_filter ] --START--
INFO: Run Behavior\ContentReplaceBehavior [ RunTime:0.000000s ]
INFO: [ template_filter ] --END-- [ RunTime:0.000000s ]
NOTIC: [8] Undefined index: _order D:\xampp\htdocs\workspace\simpsons\trunk\server\Application\Runtime\Cache\Admin\45dbf6a18f3e47a1ee3d2b2369ed965f.php 第 4 行.
NOTIC: [8] Undefined index: _sort D:\xampp\htdocs\workspace\simpsons\trunk\server\Application\Runtime\Cache\Admin\45dbf6a18f3e47a1ee3d2b2369ed965f.php 第 5 行.
NOTIC: [8] Undefined index: keyword D:\xampp\htdocs\workspace\simpsons\trunk\server\Application\Runtime\Cache\Admin\45dbf6a18f3e47a1ee3d2b2369ed965f.php 第 14 行.
NOTIC: [8] Undefined index: username D:\xampp\htdocs\workspace\simpsons\trunk\server\Application\Runtime\Cache\Admin\45dbf6a18f3e47a1ee3d2b2369ed965f.php 第 62 行.
NOTIC: [8] Undefined index: username D:\xampp\htdocs\workspace\simpsons\trunk\server\Application\Runtime\Cache\Admin\45dbf6a18f3e47a1ee3d2b2369ed965f.php 第 62 行.
NOTIC: [8] Undefined index: username D:\xampp\htdocs\workspace\simpsons\trunk\server\Application\Runtime\Cache\Admin\45dbf6a18f3e47a1ee3d2b2369ed965f.php 第 62 行.
NOTIC: [8] Undefined index: username D:\xampp\htdocs\workspace\simpsons\trunk\server\Application\Runtime\Cache\Admin\45dbf6a18f3e47a1ee3d2b2369ed965f.php 第 62 行.
NOTIC: [8] Undefined index: username D:\xampp\htdocs\workspace\simpsons\trunk\server\Application\Runtime\Cache\Admin\45dbf6a18f3e47a1ee3d2b2369ed965f.php 第 62 行.
NOTIC: [8] Undefined index: username D:\xampp\htdocs\workspace\simpsons\trunk\server\Application\Runtime\Cache\Admin\45dbf6a18f3e47a1ee3d2b2369ed965f.php 第 62 行.
NOTIC: [8] Undefined index: username D:\xampp\htdocs\workspace\simpsons\trunk\server\Application\Runtime\Cache\Admin\45dbf6a18f3e47a1ee3d2b2369ed965f.php 第 62 行.
NOTIC: [8] Undefined index: username D:\xampp\htdocs\workspace\simpsons\trunk\server\Application\Runtime\Cache\Admin\45dbf6a18f3e47a1ee3d2b2369ed965f.php 第 62 行.
NOTIC: [8] Undefined index: username D:\xampp\htdocs\workspace\simpsons\trunk\server\Application\Runtime\Cache\Admin\45dbf6a18f3e47a1ee3d2b2369ed965f.php 第 62 行.
INFO: Run Behavior\ParseTemplateBehavior [ RunTime:0.062003s ]
INFO: [ view_parse ] --END-- [ RunTime:0.063003s ]
INFO: [ view_filter ] --START--
INFO: Run Behavior\WriteHtmlCacheBehavior [ RunTime:0.023001s ]
INFO: [ view_filter ] --END-- [ RunTime:0.023001s ]
INFO: [ app_end ] --START--
INFO: Run Behavior\ShowPageTraceBehavior [ RunTime:0.001001s ]
INFO: [ app_end ] --END-- [ RunTime:0.001001s ]

[ 2016-07-13T23:39:00+08:00 ] ::1 /workspace/simpsons/trunk/server/Admin/Couponverify/index.html?_=1468424340077
INFO: [ app_begin ] --START--
INFO: Run Behavior\ReadHtmlCacheBehavior [ RunTime:0.001000s ]
INFO: [ app_begin ] --END-- [ RunTime:0.002000s ]
SQL: SHOW COLUMNS FROM `easy_coupon` [ RunTime:0.0040s ]
SQL: SELECT COUNT(*) AS tp_count FROM `easy_coupon` LIMIT 1   [ RunTime:0.0000s ]
SQL: SELECT * FROM `easy_coupon` ORDER BY couponid desc  [ RunTime:0.0000s ]
NOTIC: [8] Undefined variable: search D:\xampp\htdocs\workspace\simpsons\trunk\server\Application\Admin\Controller\CouponverifyController.class.php 第 287 行.
NOTIC: [8] Undefined index: values D:\xampp\htdocs\workspace\simpsons\trunk\server\Application\Admin\Controller\CouponverifyController.class.php 第 288 行.
INFO: [ view_parse ] --START--
INFO: [ template_filter ] --START--
INFO: Run Behavior\ContentReplaceBehavior [ RunTime:0.000000s ]
INFO: [ template_filter ] --END-- [ RunTime:0.000000s ]
NOTIC: [8] Undefined index: _order D:\xampp\htdocs\workspace\simpsons\trunk\server\Application\Runtime\Cache\Admin\9249b054c75bd4fbcae56a540f40e7fd.php 第 4 行.
NOTIC: [8] Undefined index: _sort D:\xampp\htdocs\workspace\simpsons\trunk\server\Application\Runtime\Cache\Admin\9249b054c75bd4fbcae56a540f40e7fd.php 第 5 行.
NOTIC: [8] Undefined index: keyword D:\xampp\htdocs\workspace\simpsons\trunk\server\Application\Runtime\Cache\Admin\9249b054c75bd4fbcae56a540f40e7fd.php 第 14 行.
INFO: Run Behavior\ParseTemplateBehavior [ RunTime:0.018001s ]
INFO: [ view_parse ] --END-- [ RunTime:0.018001s ]
INFO: [ view_filter ] --START--
INFO: Run Behavior\WriteHtmlCacheBehavior [ RunTime:0.001000s ]
INFO: [ view_filter ] --END-- [ RunTime:0.001000s ]
INFO: [ app_end ] --START--
INFO: Run Behavior\ShowPageTraceBehavior [ RunTime:0.000000s ]
INFO: [ app_end ] --END-- [ RunTime:0.000000s ]

[ 2016-07-13T23:39:42+08:00 ] 127.0.0.1 /workspace/simpsons/trunk/server/Admin/Index/verifyCoupon
INFO: [ app_begin ] --START--
INFO: Run Behavior\ReadHtmlCacheBehavior [ RunTime:0.001000s ]
INFO: [ app_begin ] --END-- [ RunTime:0.001000s ]

[ 2016-07-13T23:39:42+08:00 ] 127.0.0.1 /workspace/simpsons/trunk/server/Admin/Login/login.html
INFO: [ app_begin ] --START--
INFO: Run Behavior\ReadHtmlCacheBehavior [ RunTime:0.001000s ]
INFO: [ app_begin ] --END-- [ RunTime:0.001000s ]
INFO: [ view_parse ] --START--
INFO: [ template_filter ] --START--
INFO: Run Behavior\ContentReplaceBehavior [ RunTime:0.000000s ]
INFO: [ template_filter ] --END-- [ RunTime:0.000000s ]
SQL: SHOW COLUMNS FROM `easy_fields` [ RunTime:0.0040s ]
SQL: SELECT * FROM `easy_fields` WHERE `field` = 'title' LIMIT 1   [ RunTime:0.0010s ]
NOTIC: [8] Undefined index: message D:\xampp\htdocs\workspace\simpsons\trunk\server\Application\Runtime\Cache\Admin\5d913dbd2da64d0b19844a871847723d.php 第 39 行.
INFO: Run Behavior\ParseTemplateBehavior [ RunTime:0.065004s ]
INFO: [ view_parse ] --END-- [ RunTime:0.065004s ]
INFO: [ view_filter ] --START--
INFO: Run Behavior\WriteHtmlCacheBehavior [ RunTime:0.000000s ]
INFO: [ view_filter ] --END-- [ RunTime:0.000000s ]
INFO: [ app_end ] --START--
INFO: Run Behavior\ShowPageTraceBehavior [ RunTime:0.000000s ]
INFO: [ app_end ] --END-- [ RunTime:0.001000s ]

[ 2016-07-13T23:40:37+08:00 ] 127.0.0.1 /workspace/simpsons/trunk/server/Admin/Index/verifyCoupon
INFO: [ app_begin ] --START--
INFO: Run Behavior\ReadHtmlCacheBehavior [ RunTime:0.018001s ]
INFO: [ app_begin ] --END-- [ RunTime:0.027001s ]

[ 2016-07-13T23:40:37+08:00 ] 127.0.0.1 /workspace/simpsons/trunk/server/Admin/Login/login.html
INFO: [ app_begin ] --START--
INFO: Run Behavior\ReadHtmlCacheBehavior [ RunTime:0.001000s ]
INFO: [ app_begin ] --END-- [ RunTime:0.001000s ]
INFO: [ view_parse ] --START--
INFO: [ template_filter ] --START--
INFO: Run Behavior\ContentReplaceBehavior [ RunTime:0.000000s ]
INFO: [ template_filter ] --END-- [ RunTime:0.001001s ]
SQL: SHOW COLUMNS FROM `easy_fields` [ RunTime:0.0020s ]
SQL: SELECT * FROM `easy_fields` WHERE `field` = 'title' LIMIT 1   [ RunTime:0.0010s ]
NOTIC: [8] Undefined index: message D:\xampp\htdocs\workspace\simpsons\trunk\server\Application\Runtime\Cache\Admin\5d913dbd2da64d0b19844a871847723d.php 第 39 行.
INFO: Run Behavior\ParseTemplateBehavior [ RunTime:0.095006s ]
INFO: [ view_parse ] --END-- [ RunTime:0.095006s ]
INFO: [ view_filter ] --START--
INFO: Run Behavior\WriteHtmlCacheBehavior [ RunTime:0.017001s ]
INFO: [ view_filter ] --END-- [ RunTime:0.017001s ]
INFO: [ app_end ] --START--
INFO: Run Behavior\ShowPageTraceBehavior [ RunTime:0.015001s ]
INFO: [ app_end ] --END-- [ RunTime:0.015001s ]

[ 2016-07-13T23:41:01+08:00 ] 127.0.0.1 /workspace/simpsons/trunk/server/Admin/CouponverifyController/verifyCoupon
INFO: [ app_begin ] --START--
INFO: Run Behavior\ReadHtmlCacheBehavior [ RunTime:0.005001s ]
INFO: [ app_begin ] --END-- [ RunTime:0.005001s ]

[ 2016-07-13T23:41:01+08:00 ] 127.0.0.1 /workspace/simpsons/trunk/server/Admin/Index/index.html
INFO: [ app_begin ] --START--
INFO: Run Behavior\ReadHtmlCacheBehavior [ RunTime:0.000000s ]
INFO: [ app_begin ] --END-- [ RunTime:0.000000s ]

[ 2016-07-13T23:41:01+08:00 ] 127.0.0.1 /workspace/simpsons/trunk/server/Admin/Login/login.html
INFO: [ app_begin ] --START--
INFO: Run Behavior\ReadHtmlCacheBehavior [ RunTime:0.001000s ]
INFO: [ app_begin ] --END-- [ RunTime:0.001000s ]
INFO: [ view_parse ] --START--
INFO: [ template_filter ] --START--
INFO: Run Behavior\ContentReplaceBehavior [ RunTime:0.000000s ]
INFO: [ template_filter ] --END-- [ RunTime:0.000000s ]
SQL: SHOW COLUMNS FROM `easy_fields` [ RunTime:0.0020s ]
SQL: SELECT * FROM `easy_fields` WHERE `field` = 'title' LIMIT 1   [ RunTime:0.0000s ]
NOTIC: [8] Undefined index: message D:\xampp\htdocs\workspace\simpsons\trunk\server\Application\Runtime\Cache\Admin\5d913dbd2da64d0b19844a871847723d.php 第 39 行.
INFO: Run Behavior\ParseTemplateBehavior [ RunTime:0.016001s ]
INFO: [ view_parse ] --END-- [ RunTime:0.016001s ]
INFO: [ view_filter ] --START--
INFO: Run Behavior\WriteHtmlCacheBehavior [ RunTime:0.001000s ]
INFO: [ view_filter ] --END-- [ RunTime:0.001000s ]
INFO: [ app_end ] --START--
INFO: Run Behavior\ShowPageTraceBehavior [ RunTime:0.000000s ]
INFO: [ app_end ] --END-- [ RunTime:0.000000s ]

[ 2016-07-13T23:41:31+08:00 ] 127.0.0.1 /workspace/simpsons/trunk/server/Admin/CouponverifyController/verifyCoupon
INFO: [ app_begin ] --START--
INFO: Run Behavior\ReadHtmlCacheBehavior [ RunTime:0.003000s ]
INFO: [ app_begin ] --END-- [ RunTime:0.005000s ]

[ 2016-07-13T23:41:31+08:00 ] 127.0.0.1 /workspace/simpsons/trunk/server/Admin/Index/index.html
INFO: [ app_begin ] --START--
INFO: Run Behavior\ReadHtmlCacheBehavior [ RunTime:0.001001s ]
INFO: [ app_begin ] --END-- [ RunTime:0.001001s ]

[ 2016-07-13T23:41:31+08:00 ] 127.0.0.1 /workspace/simpsons/trunk/server/Admin/Login/login.html
INFO: [ app_begin ] --START--
INFO: Run Behavior\ReadHtmlCacheBehavior [ RunTime:0.001000s ]
INFO: [ app_begin ] --END-- [ RunTime:0.001000s ]
INFO: [ view_parse ] --START--
INFO: [ template_filter ] --START--
INFO: Run Behavior\ContentReplaceBehavior [ RunTime:0.000000s ]
INFO: [ template_filter ] --END-- [ RunTime:0.000000s ]
SQL: SHOW COLUMNS FROM `easy_fields` [ RunTime:0.0040s ]
SQL: SELECT * FROM `easy_fields` WHERE `field` = 'title' LIMIT 1   [ RunTime:0.0000s ]
NOTIC: [8] Undefined index: message D:\xampp\htdocs\workspace\simpsons\trunk\server\Application\Runtime\Cache\Admin\5d913dbd2da64d0b19844a871847723d.php 第 39 行.
INFO: Run Behavior\ParseTemplateBehavior [ RunTime:0.027001s ]
INFO: [ view_parse ] --END-- [ RunTime:0.027001s ]
INFO: [ view_filter ] --START--
INFO: Run Behavior\WriteHtmlCacheBehavior [ RunTime:0.000000s ]
INFO: [ view_filter ] --END-- [ RunTime:0.000000s ]
INFO: [ app_end ] --START--
INFO: Run Behavior\ShowPageTraceBehavior [ RunTime:0.001001s ]
INFO: [ app_end ] --END-- [ RunTime:0.001001s ]

[ 2016-07-13T23:42:18+08:00 ] 127.0.0.1 /workspace/simpsons/trunk/server/Admin/Couponverify/verifyCoupon
INFO: [ app_begin ] --START--
INFO: Run Behavior\ReadHtmlCacheBehavior [ RunTime:0.000000s ]
INFO: [ app_begin ] --END-- [ RunTime:0.001000s ]

[ 2016-07-13T23:42:18+08:00 ] 127.0.0.1 /workspace/simpsons/trunk/server/Admin/Login/login.html
INFO: [ app_begin ] --START--
INFO: Run Behavior\ReadHtmlCacheBehavior [ RunTime:0.001000s ]
INFO: [ app_begin ] --END-- [ RunTime:0.001000s ]
INFO: [ view_parse ] --START--
INFO: [ template_filter ] --START--
INFO: Run Behavior\ContentReplaceBehavior [ RunTime:0.000000s ]
INFO: [ template_filter ] --END-- [ RunTime:0.000000s ]
SQL: SHOW COLUMNS FROM `easy_fields` [ RunTime:0.0020s ]
SQL: SELECT * FROM `easy_fields` WHERE `field` = 'title' LIMIT 1   [ RunTime:0.0000s ]
NOTIC: [8] Undefined index: message D:\xampp\htdocs\workspace\simpsons\trunk\server\Application\Runtime\Cache\Admin\5d913dbd2da64d0b19844a871847723d.php 第 39 行.
INFO: Run Behavior\ParseTemplateBehavior [ RunTime:0.016001s ]
INFO: [ view_parse ] --END-- [ RunTime:0.016001s ]
INFO: [ view_filter ] --START--
INFO: Run Behavior\WriteHtmlCacheBehavior [ RunTime:0.001000s ]
INFO: [ view_filter ] --END-- [ RunTime:0.001000s ]
INFO: [ app_end ] --START--
INFO: Run Behavior\ShowPageTraceBehavior [ RunTime:0.000000s ]
INFO: [ app_end ] --END-- [ RunTime:0.001000s ]

[ 2016-07-13T23:42:19+08:00 ] 127.0.0.1 /workspace/simpsons/trunk/server/Admin/Couponverify/verifyCoupon
INFO: [ app_begin ] --START--
INFO: Run Behavior\ReadHtmlCacheBehavior [ RunTime:0.001000s ]
INFO: [ app_begin ] --END-- [ RunTime:0.001000s ]

[ 2016-07-13T23:42:19+08:00 ] 127.0.0.1 /workspace/simpsons/trunk/server/Admin/Login/login.html
INFO: [ app_begin ] --START--
INFO: Run Behavior\ReadHtmlCacheBehavior [ RunTime:0.001000s ]
INFO: [ app_begin ] --END-- [ RunTime:0.001000s ]
INFO: [ view_parse ] --START--
INFO: [ template_filter ] --START--
INFO: Run Behavior\ContentReplaceBehavior [ RunTime:0.000000s ]
INFO: [ template_filter ] --END-- [ RunTime:0.000000s ]
SQL: SHOW COLUMNS FROM `easy_fields` [ RunTime:0.0030s ]
SQL: SELECT * FROM `easy_fields` WHERE `field` = 'title' LIMIT 1   [ RunTime:0.0010s ]
NOTIC: [8] Undefined index: message D:\xampp\htdocs\workspace\simpsons\trunk\server\Application\Runtime\Cache\Admin\5d913dbd2da64d0b19844a871847723d.php 第 39 行.
INFO: Run Behavior\ParseTemplateBehavior [ RunTime:0.017001s ]
INFO: [ view_parse ] --END-- [ RunTime:0.017001s ]
INFO: [ view_filter ] --START--
INFO: Run Behavior\WriteHtmlCacheBehavior [ RunTime:0.000000s ]
INFO: [ view_filter ] --END-- [ RunTime:0.000000s ]
INFO: [ app_end ] --START--
INFO: Run Behavior\ShowPageTraceBehavior [ RunTime:0.001001s ]
INFO: [ app_end ] --END-- [ RunTime:0.001001s ]

[ 2016-07-13T23:42:20+08:00 ] 127.0.0.1 /workspace/simpsons/trunk/server/Admin/Couponverify/verifyCoupon
INFO: [ app_begin ] --START--
INFO: Run Behavior\ReadHtmlCacheBehavior [ RunTime:0.001001s ]
INFO: [ app_begin ] --END-- [ RunTime:0.001001s ]

[ 2016-07-13T23:42:20+08:00 ] 127.0.0.1 /workspace/simpsons/trunk/server/Admin/Login/login.html
INFO: [ app_begin ] --START--
INFO: Run Behavior\ReadHtmlCacheBehavior [ RunTime:0.000000s ]
INFO: [ app_begin ] --END-- [ RunTime:0.000000s ]
INFO: [ view_parse ] --START--
INFO: [ template_filter ] --START--
INFO: Run Behavior\ContentReplaceBehavior [ RunTime:0.000000s ]
INFO: [ template_filter ] --END-- [ RunTime:0.000000s ]
SQL: SHOW COLUMNS FROM `easy_fields` [ RunTime:0.0030s ]
SQL: SELECT * FROM `easy_fields` WHERE `field` = 'title' LIMIT 1   [ RunTime:0.0000s ]
NOTIC: [8] Undefined index: message D:\xampp\htdocs\workspace\simpsons\trunk\server\Application\Runtime\Cache\Admin\5d913dbd2da64d0b19844a871847723d.php 第 39 行.
INFO: Run Behavior\ParseTemplateBehavior [ RunTime:0.017001s ]
INFO: [ view_parse ] --END-- [ RunTime:0.017001s ]
INFO: [ view_filter ] --START--
INFO: Run Behavior\WriteHtmlCacheBehavior [ RunTime:0.001000s ]
INFO: [ view_filter ] --END-- [ RunTime:0.001000s ]
INFO: [ app_end ] --START--
INFO: Run Behavior\ShowPageTraceBehavior [ RunTime:0.000000s ]
INFO: [ app_end ] --END-- [ RunTime:0.000000s ]

[ 2016-07-13T23:42:21+08:00 ] 127.0.0.1 /workspace/simpsons/trunk/server/Admin/Couponverify/verifyCoupon
INFO: [ app_begin ] --START--
INFO: Run Behavior\ReadHtmlCacheBehavior [ RunTime:0.000000s ]
INFO: [ app_begin ] --END-- [ RunTime:0.001000s ]

[ 2016-07-13T23:42:21+08:00 ] 127.0.0.1 /workspace/simpsons/trunk/server/Admin/Login/login.html
INFO: [ app_begin ] --START--
INFO: Run Behavior\ReadHtmlCacheBehavior [ RunTime:0.000000s ]
INFO: [ app_begin ] --END-- [ RunTime:0.001000s ]
INFO: [ view_parse ] --START--
INFO: [ template_filter ] --START--
INFO: Run Behavior\ContentReplaceBehavior [ RunTime:0.000000s ]
INFO: [ template_filter ] --END-- [ RunTime:0.000000s ]
SQL: SHOW COLUMNS FROM `easy_fields` [ RunTime:0.0020s ]
SQL: SELECT * FROM `easy_fields` WHERE `field` = 'title' LIMIT 1   [ RunTime:0.0000s ]
NOTIC: [8] Undefined index: message D:\xampp\htdocs\workspace\simpsons\trunk\server\Application\Runtime\Cache\Admin\5d913dbd2da64d0b19844a871847723d.php 第 39 行.
INFO: Run Behavior\ParseTemplateBehavior [ RunTime:0.054003s ]
INFO: [ view_parse ] --END-- [ RunTime:0.054003s ]
INFO: [ view_filter ] --START--
INFO: Run Behavior\WriteHtmlCacheBehavior [ RunTime:0.001000s ]
INFO: [ view_filter ] --END-- [ RunTime:0.001000s ]
INFO: [ app_end ] --START--
INFO: Run Behavior\ShowPageTraceBehavior [ RunTime:0.001000s ]
INFO: [ app_end ] --END-- [ RunTime:0.001000s ]

[ 2016-07-13T23:43:10+08:00 ] 127.0.0.1 /workspace/simpsons/trunk/server/Admin/Couponverify/verifyCoupon
INFO: [ app_begin ] --START--
INFO: Run Behavior\ReadHtmlCacheBehavior [ RunTime:0.001000s ]
INFO: [ app_begin ] --END-- [ RunTime:0.001000s ]
ERR: Think\Controller:_post方法不存在！

[ 2016-07-13T23:46:38+08:00 ] 127.0.0.1 /workspace/simpsons/trunk/server/Admin/Couponverify/verifyCoupon
INFO: [ app_begin ] --START--
INFO: Run Behavior\ReadHtmlCacheBehavior [ RunTime:0.001000s ]
INFO: [ app_begin ] --END-- [ RunTime:0.003001s ]
INFO: [ app_end ] --START--
INFO: Run Behavior\ShowPageTraceBehavior [ RunTime:0.000000s ]
INFO: [ app_end ] --END-- [ RunTime:0.000000s ]

[ 2016-07-13T23:48:04+08:00 ] 127.0.0.1 /workspace/simpsons/trunk/server/Admin/Couponverify/verifyCoupon
INFO: [ app_begin ] --START--
INFO: Run Behavior\ReadHtmlCacheBehavior [ RunTime:0.001000s ]
INFO: [ app_begin ] --END-- [ RunTime:0.002001s ]
ERR: Think\Controller:_post方法不存在！

[ 2016-07-13T23:48:33+08:00 ] 127.0.0.1 /workspace/simpsons/trunk/server/Admin/Couponverify/verifyCoupon
INFO: [ app_begin ] --START--
INFO: Run Behavior\ReadHtmlCacheBehavior [ RunTime:0.001000s ]
INFO: [ app_begin ] --END-- [ RunTime:0.001000s ]
NOTIC: [8] Undefined variable: __POST D:\xampp\htdocs\workspace\simpsons\trunk\server\Application\Admin\Controller\CouponverifyController.class.php 第 24 行.

[ 2016-07-13T23:49:32+08:00 ] 127.0.0.1 /workspace/simpsons/trunk/server/Admin/Couponverify/verifyCoupon
INFO: [ app_begin ] --START--
INFO: Run Behavior\ReadHtmlCacheBehavior [ RunTime:0.000000s ]
INFO: [ app_begin ] --END-- [ RunTime:0.001000s ]

[ 2016-07-13T23:49:44+08:00 ] 127.0.0.1 /workspace/simpsons/trunk/server/Admin/Couponverify/verifyCoupon
INFO: [ app_begin ] --START--
INFO: Run Behavior\ReadHtmlCacheBehavior [ RunTime:0.000000s ]
INFO: [ app_begin ] --END-- [ RunTime:0.001000s ]
NOTIC: [8] Array to string conversion D:\xampp\htdocs\workspace\simpsons\trunk\server\Application\Admin\Controller\CouponverifyController.class.php 第 24 行.
ERR: Think\Controller:_post方法不存在！

[ 2016-07-13T23:50:06+08:00 ] 127.0.0.1 /workspace/simpsons/trunk/server/Admin/Couponverify/verifyCoupon
INFO: [ app_begin ] --START--
INFO: Run Behavior\ReadHtmlCacheBehavior [ RunTime:0.001000s ]
INFO: [ app_begin ] --END-- [ RunTime:0.001000s ]
NOTIC: [8] Undefined index: sim_sign D:\xampp\htdocs\workspace\simpsons\trunk\server\Application\Admin\Controller\CouponverifyController.class.php 第 24 行.
ERR: Think\Controller:_post方法不存在！

[ 2016-07-13T23:50:26+08:00 ] 127.0.0.1 /workspace/simpsons/trunk/server/Admin/Couponverify/verifyCoupon
INFO: [ app_begin ] --START--
INFO: Run Behavior\ReadHtmlCacheBehavior [ RunTime:0.000000s ]
INFO: [ app_begin ] --END-- [ RunTime:0.001000s ]

[ 2016-07-13T23:50:48+08:00 ] 127.0.0.1 /workspace/simpsons/trunk/server/Admin/Couponverify/verifyCoupon
INFO: [ app_begin ] --START--
INFO: Run Behavior\ReadHtmlCacheBehavior [ RunTime:0.001000s ]
INFO: [ app_begin ] --END-- [ RunTime:0.001000s ]
ERR: Think\Controller:_post方法不存在！

[ 2016-07-13T23:51:23+08:00 ] 127.0.0.1 /workspace/simpsons/trunk/server/Admin/Couponverify/verifyCoupon
INFO: [ app_begin ] --START--
INFO: Run Behavior\ReadHtmlCacheBehavior [ RunTime:0.000000s ]
INFO: [ app_begin ] --END-- [ RunTime:0.001000s ]
ERR: Think\Controller:_param方法不存在！

[ 2016-07-13T23:53:19+08:00 ] 127.0.0.1 /workspace/simpsons/trunk/server/Admin/Couponverify/verifyCoupon
INFO: [ app_begin ] --START--
INFO: Run Behavior\ReadHtmlCacheBehavior [ RunTime:0.001000s ]
INFO: [ app_begin ] --END-- [ RunTime:0.001000s ]
NOTIC: [8] Undefined index: sim_sign D:\xampp\htdocs\workspace\simpsons\trunk\server\Application\Admin\Controller\CouponverifyController.class.php 第 24 行.
ERR: Think\Controller:_param方法不存在！

[ 2016-07-13T23:53:32+08:00 ] 127.0.0.1 /workspace/simpsons/trunk/server/Admin/Couponverify/verifyCoupon
INFO: [ app_begin ] --START--
INFO: Run Behavior\ReadHtmlCacheBehavior [ RunTime:0.000000s ]
INFO: [ app_begin ] --END-- [ RunTime:0.001000s ]
NOTIC: [8] Undefined index: sim_sign D:\xampp\htdocs\workspace\simpsons\trunk\server\Application\Admin\Controller\CouponverifyController.class.php 第 24 行.
ERR: Think\Controller:_param方法不存在！

[ 2016-07-13T23:54:17+08:00 ] 127.0.0.1 /workspace/simpsons/trunk/server/Admin/Couponverify/verifyCoupon
INFO: [ app_begin ] --START--
INFO: Run Behavior\ReadHtmlCacheBehavior [ RunTime:0.001000s ]
INFO: [ app_begin ] --END-- [ RunTime:0.001000s ]
NOTIC: [8] Undefined index: sim_sign D:\xampp\htdocs\workspace\simpsons\trunk\server\Application\Admin\Controller\CouponverifyController.class.php 第 24 行.
ERR: Think\Controller:_param方法不存在！

[ 2016-07-13T23:54:35+08:00 ] 127.0.0.1 /workspace/simpsons/trunk/server/Admin/Couponverify/verifyCoupon
INFO: [ app_begin ] --START--
INFO: Run Behavior\ReadHtmlCacheBehavior [ RunTime:0.001000s ]
INFO: [ app_begin ] --END-- [ RunTime:0.002000s ]
NOTIC: [8] Undefined index: sim_sign D:\xampp\htdocs\workspace\simpsons\trunk\server\Application\Admin\Controller\CouponverifyController.class.php 第 24 行.
ERR: Think\Controller:_param方法不存在！

[ 2016-07-13T23:55:20+08:00 ] 127.0.0.1 /workspace/simpsons/trunk/server/Admin/Couponverify/verifyCoupon
INFO: [ app_begin ] --START--
INFO: Run Behavior\ReadHtmlCacheBehavior [ RunTime:0.001000s ]
INFO: [ app_begin ] --END-- [ RunTime:0.002000s ]
NOTIC: [8] Undefined index: sim_sign D:\xampp\htdocs\workspace\simpsons\trunk\server\Application\Admin\Controller\CouponverifyController.class.php 第 24 行.
ERR: Think\Controller:_param方法不存在！

[ 2016-07-13T23:55:56+08:00 ] 127.0.0.1 /workspace/simpsons/trunk/server/Admin/Couponverify/verifyCoupon
INFO: [ app_begin ] --START--
INFO: Run Behavior\ReadHtmlCacheBehavior [ RunTime:0.001000s ]
INFO: [ app_begin ] --END-- [ RunTime:0.001000s ]
NOTIC: [8] Undefined index: sim_sign D:\xampp\htdocs\workspace\simpsons\trunk\server\Application\Admin\Controller\CouponverifyController.class.php 第 24 行.
ERR: Think\Controller:_param方法不存在！

[ 2016-07-13T23:56:14+08:00 ] 127.0.0.1 /workspace/simpsons/trunk/server/Admin/Couponverify/verifyCoupon
INFO: [ app_begin ] --START--
INFO: Run Behavior\ReadHtmlCacheBehavior [ RunTime:0.001000s ]
INFO: [ app_begin ] --END-- [ RunTime:0.002000s ]
NOTIC: [8] Undefined index: sim_sign D:\xampp\htdocs\workspace\simpsons\trunk\server\Application\Admin\Controller\CouponverifyController.class.php 第 24 行.
ERR: Think\Controller:_param方法不存在！

[ 2016-07-13T23:56:15+08:00 ] 127.0.0.1 /workspace/simpsons/trunk/server/Admin/Couponverify/verifyCoupon
INFO: [ app_begin ] --START--
INFO: Run Behavior\ReadHtmlCacheBehavior [ RunTime:0.000000s ]
INFO: [ app_begin ] --END-- [ RunTime:0.002000s ]
NOTIC: [8] Undefined index: sim_sign D:\xampp\htdocs\workspace\simpsons\trunk\server\Application\Admin\Controller\CouponverifyController.class.php 第 24 行.
ERR: Think\Controller:_param方法不存在！

[ 2016-07-13T23:56:15+08:00 ] 127.0.0.1 /workspace/simpsons/trunk/server/Admin/Couponverify/verifyCoupon
INFO: [ app_begin ] --START--
INFO: Run Behavior\ReadHtmlCacheBehavior [ RunTime:0.000000s ]
INFO: [ app_begin ] --END-- [ RunTime:0.001000s ]
NOTIC: [8] Undefined index: sim_sign D:\xampp\htdocs\workspace\simpsons\trunk\server\Application\Admin\Controller\CouponverifyController.class.php 第 24 行.
ERR: Think\Controller:_param方法不存在！

[ 2016-07-13T23:56:16+08:00 ] 127.0.0.1 /workspace/simpsons/trunk/server/Admin/Couponverify/verifyCoupon
INFO: [ app_begin ] --START--
INFO: Run Behavior\ReadHtmlCacheBehavior [ RunTime:0.001000s ]
INFO: [ app_begin ] --END-- [ RunTime:0.001000s ]
NOTIC: [8] Undefined index: sim_sign D:\xampp\htdocs\workspace\simpsons\trunk\server\Application\Admin\Controller\CouponverifyController.class.php 第 24 行.
ERR: Think\Controller:_param方法不存在！

[ 2016-07-13T23:56:16+08:00 ] 127.0.0.1 /workspace/simpsons/trunk/server/Admin/Couponverify/verifyCoupon
INFO: [ app_begin ] --START--
INFO: Run Behavior\ReadHtmlCacheBehavior [ RunTime:0.000000s ]
INFO: [ app_begin ] --END-- [ RunTime:0.001000s ]
NOTIC: [8] Undefined index: sim_sign D:\xampp\htdocs\workspace\simpsons\trunk\server\Application\Admin\Controller\CouponverifyController.class.php 第 24 行.
ERR: Think\Controller:_param方法不存在！

[ 2016-07-13T23:56:40+08:00 ] 127.0.0.1 /workspace/simpsons/trunk/server/Admin/Couponverify/verifyCoupon
INFO: [ app_begin ] --START--
INFO: Run Behavior\ReadHtmlCacheBehavior [ RunTime:0.000000s ]
INFO: [ app_begin ] --END-- [ RunTime:0.000000s ]
NOTIC: [8] Undefined index: sim_sign D:\xampp\htdocs\workspace\simpsons\trunk\server\Application\Admin\Controller\CouponverifyController.class.php 第 24 行.
ERR: Think\Controller:_param方法不存在！

[ 2016-07-13T23:57:04+08:00 ] 127.0.0.1 /workspace/simpsons/trunk/server/Admin/Couponverify/verifyCoupon
INFO: [ app_begin ] --START--
INFO: Run Behavior\ReadHtmlCacheBehavior [ RunTime:0.001000s ]
INFO: [ app_begin ] --END-- [ RunTime:0.002000s ]

[ 2016-07-13T23:57:34+08:00 ] 127.0.0.1 /workspace/simpsons/trunk/server/Admin/Couponverify/verifyCoupon
INFO: [ app_begin ] --START--
INFO: Run Behavior\ReadHtmlCacheBehavior [ RunTime:0.002000s ]
INFO: [ app_begin ] --END-- [ RunTime:0.003001s ]
ERR: Think\Controller:_param方法不存在！

[ 2016-07-13T23:57:53+08:00 ] 127.0.0.1 /workspace/simpsons/trunk/server/Admin/Couponverify/verifyCoupon
INFO: [ app_begin ] --START--
INFO: Run Behavior\ReadHtmlCacheBehavior [ RunTime:0.000000s ]
INFO: [ app_begin ] --END-- [ RunTime:0.002000s ]
ERR: Think\Controller:_param方法不存在！

[ 2016-07-13T23:58:09+08:00 ] 127.0.0.1 /workspace/simpsons/trunk/server/Admin/Index/index.html
INFO: [ app_begin ] --START--
INFO: Run Behavior\ReadHtmlCacheBehavior [ RunTime:0.000000s ]
INFO: [ app_begin ] --END-- [ RunTime:0.001000s ]
SQL: SHOW COLUMNS FROM `easy_user` [ RunTime:0.0020s ]
SQL: SELECT * FROM `easy_user` WHERE `username` = '' LIMIT 1   [ RunTime:0.0000s ]
INFO: [ view_parse ] --START--
INFO: [ template_filter ] --START--
INFO: Run Behavior\ContentReplaceBehavior [ RunTime:0.000000s ]
INFO: [ template_filter ] --END-- [ RunTime:0.000000s ]
SQL: SHOW COLUMNS FROM `easy_fields` [ RunTime:0.0030s ]
SQL: SELECT * FROM `easy_fields` WHERE `field` = 'title' LIMIT 1   [ RunTime:0.0010s ]
INFO: Run Behavior\ParseTemplateBehavior [ RunTime:0.031002s ]
INFO: [ view_parse ] --END-- [ RunTime:0.031002s ]
INFO: [ view_filter ] --START--
INFO: Run Behavior\WriteHtmlCacheBehavior [ RunTime:0.000000s ]
INFO: [ view_filter ] --END-- [ RunTime:0.000000s ]
INFO: [ app_end ] --START--
INFO: Run Behavior\ShowPageTraceBehavior [ RunTime:0.000000s ]
INFO: [ app_end ] --END-- [ RunTime:0.000000s ]

[ 2016-07-13T23:58:12+08:00 ] 127.0.0.1 /workspace/simpsons/trunk/server/Admin/Index/index.html
INFO: [ app_begin ] --START--
INFO: Run Behavior\ReadHtmlCacheBehavior [ RunTime:0.001000s ]
INFO: [ app_begin ] --END-- [ RunTime:0.002000s ]
SQL: SHOW COLUMNS FROM `easy_user` [ RunTime:0.0030s ]
SQL: SELECT * FROM `easy_user` WHERE `username` = '' LIMIT 1   [ RunTime:0.0000s ]
INFO: [ view_parse ] --START--
INFO: [ template_filter ] --START--
INFO: Run Behavior\ContentReplaceBehavior [ RunTime:0.000000s ]
INFO: [ template_filter ] --END-- [ RunTime:0.000000s ]
SQL: SHOW COLUMNS FROM `easy_fields` [ RunTime:0.0230s ]
SQL: SELECT * FROM `easy_fields` WHERE `field` = 'title' LIMIT 1   [ RunTime:0.0000s ]
INFO: Run Behavior\ParseTemplateBehavior [ RunTime:0.037003s ]
INFO: [ view_parse ] --END-- [ RunTime:0.037003s ]
INFO: [ view_filter ] --START--
INFO: Run Behavior\WriteHtmlCacheBehavior [ RunTime:0.001000s ]
INFO: [ view_filter ] --END-- [ RunTime:0.001000s ]
INFO: [ app_end ] --START--
INFO: Run Behavior\ShowPageTraceBehavior [ RunTime:0.001000s ]
INFO: [ app_end ] --END-- [ RunTime:0.001000s ]

[ 2016-07-13T23:58:13+08:00 ] 127.0.0.1 /workspace/simpsons/trunk/server/Admin/Index/index.html
INFO: [ app_begin ] --START--
INFO: Run Behavior\ReadHtmlCacheBehavior [ RunTime:0.000000s ]
INFO: [ app_begin ] --END-- [ RunTime:0.001001s ]
SQL: SHOW COLUMNS FROM `easy_user` [ RunTime:0.0040s ]
SQL: SELECT * FROM `easy_user` WHERE `username` = '' LIMIT 1   [ RunTime:0.0000s ]
INFO: [ view_parse ] --START--
INFO: [ template_filter ] --START--
INFO: Run Behavior\ContentReplaceBehavior [ RunTime:0.001000s ]
INFO: [ template_filter ] --END-- [ RunTime:0.001000s ]
SQL: SHOW COLUMNS FROM `easy_fields` [ RunTime:0.0020s ]
SQL: SELECT * FROM `easy_fields` WHERE `field` = 'title' LIMIT 1   [ RunTime:0.0000s ]
INFO: Run Behavior\ParseTemplateBehavior [ RunTime:0.017001s ]
INFO: [ view_parse ] --END-- [ RunTime:0.017001s ]
INFO: [ view_filter ] --START--
INFO: Run Behavior\WriteHtmlCacheBehavior [ RunTime:0.001000s ]
INFO: [ view_filter ] --END-- [ RunTime:0.001000s ]
INFO: [ app_end ] --START--
INFO: Run Behavior\ShowPageTraceBehavior [ RunTime:0.001000s ]
INFO: [ app_end ] --END-- [ RunTime:0.001000s ]

[ 2016-07-13T23:58:16+08:00 ] 127.0.0.1 /workspace/simpsons/trunk/server/Admin/Index/index.html
INFO: [ app_begin ] --START--
INFO: Run Behavior\ReadHtmlCacheBehavior [ RunTime:0.001000s ]
INFO: [ app_begin ] --END-- [ RunTime:0.001000s ]
SQL: SHOW COLUMNS FROM `easy_user` [ RunTime:0.0030s ]
SQL: SELECT * FROM `easy_user` WHERE `username` = '' LIMIT 1   [ RunTime:0.0010s ]
INFO: [ view_parse ] --START--
INFO: [ template_filter ] --START--
INFO: Run Behavior\ContentReplaceBehavior [ RunTime:0.000000s ]
INFO: [ template_filter ] --END-- [ RunTime:0.000000s ]
SQL: SHOW COLUMNS FROM `easy_fields` [ RunTime:0.0030s ]
SQL: SELECT * FROM `easy_fields` WHERE `field` = 'title' LIMIT 1   [ RunTime:0.0000s ]
INFO: Run Behavior\ParseTemplateBehavior [ RunTime:0.018001s ]
INFO: [ view_parse ] --END-- [ RunTime:0.018001s ]
INFO: [ view_filter ] --START--
INFO: Run Behavior\WriteHtmlCacheBehavior [ RunTime:0.001000s ]
INFO: [ view_filter ] --END-- [ RunTime:0.001000s ]
INFO: [ app_end ] --START--
INFO: Run Behavior\ShowPageTraceBehavior [ RunTime:0.001000s ]
INFO: [ app_end ] --END-- [ RunTime:0.001000s ]

[ 2016-07-13T23:58:28+08:00 ] 127.0.0.1 /workspace/simpsons/trunk/server/Admin/Couponverify/verifyCoupon
INFO: [ app_begin ] --START--
INFO: Run Behavior\ReadHtmlCacheBehavior [ RunTime:0.001000s ]
INFO: [ app_begin ] --END-- [ RunTime:0.002000s ]
ERR: Think\Controller:_param方法不存在！

[ 2016-07-13T23:59:01+08:00 ] 127.0.0.1 /workspace/simpsons/trunk/server/Admin/Couponverify/verifyCoupon
INFO: [ app_begin ] --START--
INFO: Run Behavior\ReadHtmlCacheBehavior [ RunTime:0.001000s ]
INFO: [ app_begin ] --END-- [ RunTime:0.001000s ]
ERR: Think\Controller:_param方法不存在！

[ 2016-07-13T23:59:35+08:00 ] 127.0.0.1 /workspace/simpsons/trunk/server/Admin/Couponverify/verifyCoupon
INFO: [ app_begin ] --START--
INFO: Run Behavior\ReadHtmlCacheBehavior [ RunTime:0.000000s ]
INFO: [ app_begin ] --END-- [ RunTime:0.001000s ]
ERR: Think\Controller:_param方法不存在！

[ 2016-07-13T23:59:50+08:00 ] 127.0.0.1 /workspace/simpsons/trunk/server/Admin/Couponverify/verifyCoupon
INFO: [ app_begin ] --START--
INFO: Run Behavior\ReadHtmlCacheBehavior [ RunTime:0.000000s ]
INFO: [ app_begin ] --END-- [ RunTime:0.001000s ]
ERR: Think\Controller:_param方法不存在！

[ 2016-07-13T23:59:53+08:00 ] 127.0.0.1 /workspace/simpsons/trunk/server/Admin/Couponverify/verifyCoupon
INFO: [ app_begin ] --START--
INFO: Run Behavior\ReadHtmlCacheBehavior [ RunTime:0.000000s ]
INFO: [ app_begin ] --END-- [ RunTime:0.000000s ]
ERR: Think\Controller:_param方法不存在！

