[ 2016-08-23T22:05:55+08:00 ] ::1 /evaluationSystem/Admin/Index/index.html
INFO: [ app_begin ] --START--
INFO: Run Behavior\ReadHtmlCacheBehavior [ RunTime:0.001000s ]
INFO: [ app_begin ] --END-- [ RunTime:0.002000s ]
SQL: SHOW COLUMNS FROM `es_user` [ RunTime:0.0390s ]
SQL: SELECT * FROM `es_user` WHERE `username` = 'admin' LIMIT 1   [ RunTime:0.0010s ]
INFO: [ view_parse ] --START--
INFO: [ template_filter ] --START--
INFO: Run Behavior\ContentReplaceBehavior [ RunTime:0.000000s ]
INFO: [ template_filter ] --END-- [ RunTime:0.000000s ]
INFO: Run Behavior\ParseTemplateBehavior [ RunTime:0.029002s ]
INFO: [ view_parse ] --END-- [ RunTime:0.029002s ]
INFO: [ view_filter ] --START--
INFO: Run Behavior\WriteHtmlCacheBehavior [ RunTime:0.001000s ]
INFO: [ view_filter ] --END-- [ RunTime:0.002000s ]
INFO: [ app_end ] --START--
INFO: Run Behavior\ShowPageTraceBehavior [ RunTime:0.001000s ]
INFO: [ app_end ] --END-- [ RunTime:0.001000s ]

[ 2016-08-23T22:15:38+08:00 ] ::1 /evaluationSystem/Admin/Index/index.html
INFO: [ app_begin ] --START--
INFO: Run Behavior\ReadHtmlCacheBehavior [ RunTime:0.001000s ]
INFO: [ app_begin ] --END-- [ RunTime:0.002000s ]
SQL: SHOW COLUMNS FROM `es_user` [ RunTime:0.0040s ]
SQL: SELECT * FROM `es_user` WHERE `username` = 'admin' LIMIT 1   [ RunTime:0.0000s ]
INFO: [ view_parse ] --START--
INFO: [ template_filter ] --START--
INFO: Run Behavior\ContentReplaceBehavior [ RunTime:0.001000s ]
INFO: [ template_filter ] --END-- [ RunTime:0.001000s ]
INFO: Run Behavior\ParseTemplateBehavior [ RunTime:0.015001s ]
INFO: [ view_parse ] --END-- [ RunTime:0.015001s ]
INFO: [ view_filter ] --START--
INFO: Run Behavior\WriteHtmlCacheBehavior [ RunTime:0.000000s ]
INFO: [ view_filter ] --END-- [ RunTime:0.001000s ]
INFO: [ app_end ] --START--
INFO: Run Behavior\ShowPageTraceBehavior [ RunTime:0.001000s ]
INFO: [ app_end ] --END-- [ RunTime:0.001000s ]

[ 2016-08-23T22:15:40+08:00 ] ::1 /evaluationSystem/Admin/Assessgroup/index.html?_=1471961740768
INFO: [ app_begin ] --START--
INFO: Run Behavior\ReadHtmlCacheBehavior [ RunTime:0.000000s ]
INFO: [ app_begin ] --END-- [ RunTime:0.001000s ]
SQL: SHOW COLUMNS FROM `es_assessgroup` [ RunTime:0.0050s ]
SQL: SELECT * FROM `es_assessgroup`  [ RunTime:0.0000s ]
INFO: [ view_parse ] --START--
INFO: [ template_filter ] --START--
INFO: Run Behavior\ContentReplaceBehavior [ RunTime:0.000000s ]
INFO: [ template_filter ] --END-- [ RunTime:0.000000s ]
NOTIC: [8] Undefined variable: numPerPage D:\xampp\htdocs\evaluationSystem\Application\Runtime\Cache\Admin\5ff8c2219647bfe3626bf6d219719e3e.php 第 3 行.
NOTIC: [8] Undefined index: _order D:\xampp\htdocs\evaluationSystem\Application\Runtime\Cache\Admin\5ff8c2219647bfe3626bf6d219719e3e.php 第 4 行.
NOTIC: [8] Undefined index: _sort D:\xampp\htdocs\evaluationSystem\Application\Runtime\Cache\Admin\5ff8c2219647bfe3626bf6d219719e3e.php 第 5 行.
NOTIC: [8] Undefined variable: numPerPage D:\xampp\htdocs\evaluationSystem\Application\Runtime\Cache\Admin\5ff8c2219647bfe3626bf6d219719e3e.php 第 47 行.
NOTIC: [8] Undefined variable: numPerPage D:\xampp\htdocs\evaluationSystem\Application\Runtime\Cache\Admin\5ff8c2219647bfe3626bf6d219719e3e.php 第 48 行.
NOTIC: [8] Undefined variable: numPerPage D:\xampp\htdocs\evaluationSystem\Application\Runtime\Cache\Admin\5ff8c2219647bfe3626bf6d219719e3e.php 第 49 行.
NOTIC: [8] Undefined variable: numPerPage D:\xampp\htdocs\evaluationSystem\Application\Runtime\Cache\Admin\5ff8c2219647bfe3626bf6d219719e3e.php 第 50 行.
NOTIC: [8] Undefined variable: numPerPage D:\xampp\htdocs\evaluationSystem\Application\Runtime\Cache\Admin\5ff8c2219647bfe3626bf6d219719e3e.php 第 51 行.
NOTIC: [8] Undefined variable: totalCount D:\xampp\htdocs\evaluationSystem\Application\Runtime\Cache\Admin\5ff8c2219647bfe3626bf6d219719e3e.php 第 53 行.
NOTIC: [8] Undefined variable: totalCount D:\xampp\htdocs\evaluationSystem\Application\Runtime\Cache\Admin\5ff8c2219647bfe3626bf6d219719e3e.php 第 55 行.
NOTIC: [8] Undefined variable: numPerPage D:\xampp\htdocs\evaluationSystem\Application\Runtime\Cache\Admin\5ff8c2219647bfe3626bf6d219719e3e.php 第 55 行.
NOTIC: [8] Undefined variable: currentPage D:\xampp\htdocs\evaluationSystem\Application\Runtime\Cache\Admin\5ff8c2219647bfe3626bf6d219719e3e.php 第 55 行.
INFO: Run Behavior\ParseTemplateBehavior [ RunTime:0.045003s ]
INFO: [ view_parse ] --END-- [ RunTime:0.045003s ]
INFO: [ view_filter ] --START--
INFO: Run Behavior\WriteHtmlCacheBehavior [ RunTime:0.001000s ]
INFO: [ view_filter ] --END-- [ RunTime:0.001000s ]
INFO: [ app_end ] --START--
INFO: Run Behavior\ShowPageTraceBehavior [ RunTime:0.001000s ]
INFO: [ app_end ] --END-- [ RunTime:0.001000s ]

[ 2016-08-23T22:15:44+08:00 ] ::1 /evaluationSystem/Admin/Performance/index.html?_=1471961744112
INFO: [ app_begin ] --START--
INFO: Run Behavior\ReadHtmlCacheBehavior [ RunTime:0.001000s ]
INFO: [ app_begin ] --END-- [ RunTime:0.002000s ]

[ 2016-08-23T22:15:44+08:00 ] ::1 /evaluationSystem/Admin/Index/index.html
INFO: [ app_begin ] --START--
INFO: Run Behavior\ReadHtmlCacheBehavior [ RunTime:0.001000s ]
INFO: [ app_begin ] --END-- [ RunTime:0.001000s ]
SQL: SHOW COLUMNS FROM `es_user` [ RunTime:0.0040s ]
SQL: SELECT * FROM `es_user` WHERE `username` = 'admin' LIMIT 1   [ RunTime:0.0010s ]
INFO: [ view_parse ] --START--
INFO: [ template_filter ] --START--
INFO: Run Behavior\ContentReplaceBehavior [ RunTime:0.001000s ]
INFO: [ template_filter ] --END-- [ RunTime:0.001000s ]
INFO: Run Behavior\ParseTemplateBehavior [ RunTime:0.017001s ]
INFO: [ view_parse ] --END-- [ RunTime:0.017001s ]
INFO: [ view_filter ] --START--
INFO: Run Behavior\WriteHtmlCacheBehavior [ RunTime:0.001000s ]
INFO: [ view_filter ] --END-- [ RunTime:0.001000s ]
INFO: [ app_end ] --START--
INFO: Run Behavior\ShowPageTraceBehavior [ RunTime:0.001000s ]
INFO: [ app_end ] --END-- [ RunTime:0.001000s ]

[ 2016-08-23T22:15:50+08:00 ] ::1 /evaluationSystem/Admin/Index/index.html
INFO: [ app_begin ] --START--
INFO: Run Behavior\ReadHtmlCacheBehavior [ RunTime:0.000000s ]
INFO: [ app_begin ] --END-- [ RunTime:0.001001s ]
SQL: SHOW COLUMNS FROM `es_user` [ RunTime:0.0030s ]
SQL: SELECT * FROM `es_user` WHERE `username` = 'admin' LIMIT 1   [ RunTime:0.0010s ]
INFO: [ view_parse ] --START--
INFO: [ template_filter ] --START--
INFO: Run Behavior\ContentReplaceBehavior [ RunTime:0.000000s ]
INFO: [ template_filter ] --END-- [ RunTime:0.000000s ]
INFO: Run Behavior\ParseTemplateBehavior [ RunTime:0.015001s ]
INFO: [ view_parse ] --END-- [ RunTime:0.015001s ]
INFO: [ view_filter ] --START--
INFO: Run Behavior\WriteHtmlCacheBehavior [ RunTime:0.000000s ]
INFO: [ view_filter ] --END-- [ RunTime:0.000000s ]
INFO: [ app_end ] --START--
INFO: Run Behavior\ShowPageTraceBehavior [ RunTime:0.001000s ]
INFO: [ app_end ] --END-- [ RunTime:0.001000s ]

[ 2016-08-23T22:15:53+08:00 ] ::1 /evaluationSystem/Admin/Rbacuser/index.html?_=1471961753457
INFO: [ app_begin ] --START--
INFO: Run Behavior\ReadHtmlCacheBehavior [ RunTime:0.001000s ]
INFO: [ app_begin ] --END-- [ RunTime:0.001000s ]
SQL: SHOW COLUMNS FROM `es_user` [ RunTime:0.0030s ]
SQL: SELECT `id`,`username`,`phone`,`position`,`showname`,`directleader`,`deptid`,`enrolldate`,`islock`,`logintime`,`loginip`,`inserttime`,`lastmodifytime` FROM `es_user`  [ RunTime:0.0000s ]
SQL: SHOW COLUMNS FROM `es_role` [ RunTime:0.0030s ]
NOTIC: [8] Undefined index: mapping_order D:\xampp\htdocs\evaluationSystem\ThinkPHP\Library\Think\Model\RelationModel.class.php 第 186 行.
NOTIC: [8] Undefined index: mapping_limit D:\xampp\htdocs\evaluationSystem\ThinkPHP\Library\Think\Model\RelationModel.class.php 第 187 行.
NOTIC: [8] Undefined index: relation_foreign_key D:\xampp\htdocs\evaluationSystem\ThinkPHP\Library\Think\Model\RelationModel.class.php 第 188 行.
SQL: SELECT b.id,name,remark FROM es_role_user AS a, es_role AS b WHERE a.role_id = b.id AND a. user_id='1' [ RunTime:0.0090s ]
NOTIC: [8] Undefined index: mapping_order D:\xampp\htdocs\evaluationSystem\ThinkPHP\Library\Think\Model\RelationModel.class.php 第 186 行.
NOTIC: [8] Undefined index: mapping_limit D:\xampp\htdocs\evaluationSystem\ThinkPHP\Library\Think\Model\RelationModel.class.php 第 187 行.
NOTIC: [8] Undefined index: relation_foreign_key D:\xampp\htdocs\evaluationSystem\ThinkPHP\Library\Think\Model\RelationModel.class.php 第 188 行.
SQL: SELECT b.id,name,remark FROM es_role_user AS a, es_role AS b WHERE a.role_id = b.id AND a. user_id='17' [ RunTime:0.0000s ]
NOTIC: [8] Undefined index: mapping_order D:\xampp\htdocs\evaluationSystem\ThinkPHP\Library\Think\Model\RelationModel.class.php 第 186 行.
NOTIC: [8] Undefined index: mapping_limit D:\xampp\htdocs\evaluationSystem\ThinkPHP\Library\Think\Model\RelationModel.class.php 第 187 行.
NOTIC: [8] Undefined index: relation_foreign_key D:\xampp\htdocs\evaluationSystem\ThinkPHP\Library\Think\Model\RelationModel.class.php 第 188 行.
SQL: SELECT b.id,name,remark FROM es_role_user AS a, es_role AS b WHERE a.role_id = b.id AND a. user_id='18' [ RunTime:0.0000s ]
NOTIC: [8] Undefined index: mapping_order D:\xampp\htdocs\evaluationSystem\ThinkPHP\Library\Think\Model\RelationModel.class.php 第 186 行.
NOTIC: [8] Undefined index: mapping_limit D:\xampp\htdocs\evaluationSystem\ThinkPHP\Library\Think\Model\RelationModel.class.php 第 187 行.
NOTIC: [8] Undefined index: relation_foreign_key D:\xampp\htdocs\evaluationSystem\ThinkPHP\Library\Think\Model\RelationModel.class.php 第 188 行.
SQL: SELECT b.id,name,remark FROM es_role_user AS a, es_role AS b WHERE a.role_id = b.id AND a. user_id='19' [ RunTime:0.0000s ]
INFO: [ view_parse ] --START--
INFO: [ template_filter ] --START--
INFO: Run Behavior\ContentReplaceBehavior [ RunTime:0.000000s ]
INFO: [ template_filter ] --END-- [ RunTime:0.000000s ]
NOTIC: [8] Undefined variable: numPerPage D:\xampp\htdocs\evaluationSystem\Application\Runtime\Cache\Admin\22e12eaff75c3165acdc65ab8338079c.php 第 3 行.
NOTIC: [8] Undefined index: _order D:\xampp\htdocs\evaluationSystem\Application\Runtime\Cache\Admin\22e12eaff75c3165acdc65ab8338079c.php 第 4 行.
NOTIC: [8] Undefined index: _sort D:\xampp\htdocs\evaluationSystem\Application\Runtime\Cache\Admin\22e12eaff75c3165acdc65ab8338079c.php 第 5 行.
NOTIC: [8] Use of undefined constant admin - assumed 'admin' D:\xampp\htdocs\evaluationSystem\Application\Runtime\Cache\Admin\22e12eaff75c3165acdc65ab8338079c.php 第 68 行.
NOTIC: [8] Use of undefined constant admin - assumed 'admin' D:\xampp\htdocs\evaluationSystem\Application\Runtime\Cache\Admin\22e12eaff75c3165acdc65ab8338079c.php 第 68 行.
NOTIC: [8] Use of undefined constant admin - assumed 'admin' D:\xampp\htdocs\evaluationSystem\Application\Runtime\Cache\Admin\22e12eaff75c3165acdc65ab8338079c.php 第 68 行.
NOTIC: [8] Use of undefined constant admin - assumed 'admin' D:\xampp\htdocs\evaluationSystem\Application\Runtime\Cache\Admin\22e12eaff75c3165acdc65ab8338079c.php 第 68 行.
NOTIC: [8] Undefined variable: numPerPage D:\xampp\htdocs\evaluationSystem\Application\Runtime\Cache\Admin\22e12eaff75c3165acdc65ab8338079c.php 第 79 行.
NOTIC: [8] Undefined variable: numPerPage D:\xampp\htdocs\evaluationSystem\Application\Runtime\Cache\Admin\22e12eaff75c3165acdc65ab8338079c.php 第 80 行.
NOTIC: [8] Undefined variable: numPerPage D:\xampp\htdocs\evaluationSystem\Application\Runtime\Cache\Admin\22e12eaff75c3165acdc65ab8338079c.php 第 81 行.
NOTIC: [8] Undefined variable: numPerPage D:\xampp\htdocs\evaluationSystem\Application\Runtime\Cache\Admin\22e12eaff75c3165acdc65ab8338079c.php 第 82 行.
NOTIC: [8] Undefined variable: numPerPage D:\xampp\htdocs\evaluationSystem\Application\Runtime\Cache\Admin\22e12eaff75c3165acdc65ab8338079c.php 第 83 行.
NOTIC: [8] Undefined variable: totalCount D:\xampp\htdocs\evaluationSystem\Application\Runtime\Cache\Admin\22e12eaff75c3165acdc65ab8338079c.php 第 85 行.
NOTIC: [8] Undefined variable: totalCount D:\xampp\htdocs\evaluationSystem\Application\Runtime\Cache\Admin\22e12eaff75c3165acdc65ab8338079c.php 第 87 行.
NOTIC: [8] Undefined variable: numPerPage D:\xampp\htdocs\evaluationSystem\Application\Runtime\Cache\Admin\22e12eaff75c3165acdc65ab8338079c.php 第 87 行.
NOTIC: [8] Undefined variable: currentPage D:\xampp\htdocs\evaluationSystem\Application\Runtime\Cache\Admin\22e12eaff75c3165acdc65ab8338079c.php 第 87 行.
INFO: Run Behavior\ParseTemplateBehavior [ RunTime:0.023001s ]
INFO: [ view_parse ] --END-- [ RunTime:0.023001s ]
INFO: [ view_filter ] --START--
INFO: Run Behavior\WriteHtmlCacheBehavior [ RunTime:0.001000s ]
INFO: [ view_filter ] --END-- [ RunTime:0.001000s ]
INFO: [ app_end ] --START--
INFO: Run Behavior\ShowPageTraceBehavior [ RunTime:0.001000s ]
INFO: [ app_end ] --END-- [ RunTime:0.001000s ]

[ 2016-08-23T22:15:54+08:00 ] ::1 /evaluationSystem/Admin/Rbacrole/index.html?_=1471961754308
INFO: [ app_begin ] --START--
INFO: Run Behavior\ReadHtmlCacheBehavior [ RunTime:0.001000s ]
INFO: [ app_begin ] --END-- [ RunTime:0.002000s ]
SQL: SHOW COLUMNS FROM `es_role` [ RunTime:0.0030s ]
SQL: SELECT COUNT(*) AS tp_count FROM `es_role` LIMIT 1   [ RunTime:0.0010s ]
SQL: SELECT * FROM `es_role` ORDER BY id desc LIMIT 0,10   [ RunTime:0.0010s ]
NOTIC: [8] Undefined variable: search D:\xampp\htdocs\evaluationSystem\Application\Admin\Controller\RbacroleController.class.php 第 270 行.
NOTIC: [8] Undefined index: values D:\xampp\htdocs\evaluationSystem\Application\Admin\Controller\RbacroleController.class.php 第 271 行.
INFO: [ view_parse ] --START--
INFO: [ template_filter ] --START--
INFO: Run Behavior\ContentReplaceBehavior [ RunTime:0.000000s ]
INFO: [ template_filter ] --END-- [ RunTime:0.000000s ]
NOTIC: [8] Undefined index: _order D:\xampp\htdocs\evaluationSystem\Application\Runtime\Cache\Admin\9fcfc2dc1fe33575c952d146d6824da5.php 第 4 行.
NOTIC: [8] Undefined index: _sort D:\xampp\htdocs\evaluationSystem\Application\Runtime\Cache\Admin\9fcfc2dc1fe33575c952d146d6824da5.php 第 5 行.
INFO: Run Behavior\ParseTemplateBehavior [ RunTime:0.011001s ]
INFO: [ view_parse ] --END-- [ RunTime:0.011001s ]
INFO: [ view_filter ] --START--
INFO: Run Behavior\WriteHtmlCacheBehavior [ RunTime:0.001000s ]
INFO: [ view_filter ] --END-- [ RunTime:0.001000s ]
INFO: [ app_end ] --START--
INFO: Run Behavior\ShowPageTraceBehavior [ RunTime:0.001000s ]
INFO: [ app_end ] --END-- [ RunTime:0.001000s ]

[ 2016-08-23T22:17:53+08:00 ] ::1 /evaluationSystem/admin/Login/logout
INFO: [ app_begin ] --START--
INFO: Run Behavior\ReadHtmlCacheBehavior [ RunTime:0.001000s ]
INFO: [ app_begin ] --END-- [ RunTime:0.001000s ]

[ 2016-08-23T22:22:53+08:00 ] ::1 /evaluationSystem/Admin/Index/index.html
INFO: [ app_begin ] --START--
INFO: Run Behavior\ReadHtmlCacheBehavior [ RunTime:0.001000s ]
INFO: [ app_begin ] --END-- [ RunTime:0.001000s ]
SQL: SHOW COLUMNS FROM `es_user` [ RunTime:0.0030s ]
SQL: SELECT * FROM `es_user` WHERE `username` = 'admin' LIMIT 1   [ RunTime:0.0000s ]
INFO: [ view_parse ] --START--
INFO: [ template_filter ] --START--
INFO: Run Behavior\ContentReplaceBehavior [ RunTime:0.000000s ]
INFO: [ template_filter ] --END-- [ RunTime:0.000000s ]
INFO: Run Behavior\ParseTemplateBehavior [ RunTime:0.015000s ]
INFO: [ view_parse ] --END-- [ RunTime:0.015000s ]
INFO: [ view_filter ] --START--
INFO: Run Behavior\WriteHtmlCacheBehavior [ RunTime:0.000000s ]
INFO: [ view_filter ] --END-- [ RunTime:0.000000s ]
INFO: [ app_end ] --START--
INFO: Run Behavior\ShowPageTraceBehavior [ RunTime:0.001000s ]
INFO: [ app_end ] --END-- [ RunTime:0.001000s ]

[ 2016-08-23T22:22:55+08:00 ] ::1 /evaluationSystem/Admin/Assessgroup/index.html?_=1471962175012
INFO: [ app_begin ] --START--
INFO: Run Behavior\ReadHtmlCacheBehavior [ RunTime:0.000000s ]
INFO: [ app_begin ] --END-- [ RunTime:0.001000s ]
SQL: SHOW COLUMNS FROM `es_assessgroup` [ RunTime:0.0070s ]
SQL: SELECT * FROM `es_assessgroup`  [ RunTime:0.0000s ]
INFO: [ view_parse ] --START--
INFO: [ template_filter ] --START--
INFO: Run Behavior\ContentReplaceBehavior [ RunTime:0.000000s ]
INFO: [ template_filter ] --END-- [ RunTime:0.001000s ]
NOTIC: [8] Undefined variable: numPerPage D:\xampp\htdocs\evaluationSystem\Application\Runtime\Cache\Admin\5ff8c2219647bfe3626bf6d219719e3e.php 第 3 行.
NOTIC: [8] Undefined index: _order D:\xampp\htdocs\evaluationSystem\Application\Runtime\Cache\Admin\5ff8c2219647bfe3626bf6d219719e3e.php 第 4 行.
NOTIC: [8] Undefined index: _sort D:\xampp\htdocs\evaluationSystem\Application\Runtime\Cache\Admin\5ff8c2219647bfe3626bf6d219719e3e.php 第 5 行.
NOTIC: [8] Undefined variable: numPerPage D:\xampp\htdocs\evaluationSystem\Application\Runtime\Cache\Admin\5ff8c2219647bfe3626bf6d219719e3e.php 第 47 行.
NOTIC: [8] Undefined variable: numPerPage D:\xampp\htdocs\evaluationSystem\Application\Runtime\Cache\Admin\5ff8c2219647bfe3626bf6d219719e3e.php 第 48 行.
NOTIC: [8] Undefined variable: numPerPage D:\xampp\htdocs\evaluationSystem\Application\Runtime\Cache\Admin\5ff8c2219647bfe3626bf6d219719e3e.php 第 49 行.
NOTIC: [8] Undefined variable: numPerPage D:\xampp\htdocs\evaluationSystem\Application\Runtime\Cache\Admin\5ff8c2219647bfe3626bf6d219719e3e.php 第 50 行.
NOTIC: [8] Undefined variable: numPerPage D:\xampp\htdocs\evaluationSystem\Application\Runtime\Cache\Admin\5ff8c2219647bfe3626bf6d219719e3e.php 第 51 行.
NOTIC: [8] Undefined variable: totalCount D:\xampp\htdocs\evaluationSystem\Application\Runtime\Cache\Admin\5ff8c2219647bfe3626bf6d219719e3e.php 第 53 行.
NOTIC: [8] Undefined variable: totalCount D:\xampp\htdocs\evaluationSystem\Application\Runtime\Cache\Admin\5ff8c2219647bfe3626bf6d219719e3e.php 第 55 行.
NOTIC: [8] Undefined variable: numPerPage D:\xampp\htdocs\evaluationSystem\Application\Runtime\Cache\Admin\5ff8c2219647bfe3626bf6d219719e3e.php 第 55 行.
NOTIC: [8] Undefined variable: currentPage D:\xampp\htdocs\evaluationSystem\Application\Runtime\Cache\Admin\5ff8c2219647bfe3626bf6d219719e3e.php 第 55 行.
INFO: Run Behavior\ParseTemplateBehavior [ RunTime:0.009000s ]
INFO: [ view_parse ] --END-- [ RunTime:0.009000s ]
INFO: [ view_filter ] --START--
INFO: Run Behavior\WriteHtmlCacheBehavior [ RunTime:0.000000s ]
INFO: [ view_filter ] --END-- [ RunTime:0.000000s ]
INFO: [ app_end ] --START--
INFO: Run Behavior\ShowPageTraceBehavior [ RunTime:0.001000s ]
INFO: [ app_end ] --END-- [ RunTime:0.001000s ]

[ 2016-08-23T22:22:57+08:00 ] ::1 /evaluationSystem/Admin/Performance/index.html?_=1471962177041
INFO: [ app_begin ] --START--
INFO: Run Behavior\ReadHtmlCacheBehavior [ RunTime:0.001000s ]
INFO: [ app_begin ] --END-- [ RunTime:0.001000s ]
SQL: SHOW COLUMNS FROM `es_user` [ RunTime:0.0030s ]
SQL: SELECT `id`,`username`,`phone`,`position`,`showname`,`directleader`,`deptid`,`enrolldate`,`islock`,`logintime`,`loginip`,`inserttime`,`lastmodifytime` FROM `es_user`  [ RunTime:0.0010s ]
SQL: SHOW COLUMNS FROM `es_role` [ RunTime:0.0030s ]
NOTIC: [8] Undefined index: mapping_order D:\xampp\htdocs\evaluationSystem\ThinkPHP\Library\Think\Model\RelationModel.class.php 第 186 行.
NOTIC: [8] Undefined index: mapping_limit D:\xampp\htdocs\evaluationSystem\ThinkPHP\Library\Think\Model\RelationModel.class.php 第 187 行.
NOTIC: [8] Undefined index: relation_foreign_key D:\xampp\htdocs\evaluationSystem\ThinkPHP\Library\Think\Model\RelationModel.class.php 第 188 行.
SQL: SELECT b.id,name,remark FROM es_role_user AS a, es_role AS b WHERE a.role_id = b.id AND a. user_id='1' [ RunTime:0.0000s ]
NOTIC: [8] Undefined index: mapping_order D:\xampp\htdocs\evaluationSystem\ThinkPHP\Library\Think\Model\RelationModel.class.php 第 186 行.
NOTIC: [8] Undefined index: mapping_limit D:\xampp\htdocs\evaluationSystem\ThinkPHP\Library\Think\Model\RelationModel.class.php 第 187 行.
NOTIC: [8] Undefined index: relation_foreign_key D:\xampp\htdocs\evaluationSystem\ThinkPHP\Library\Think\Model\RelationModel.class.php 第 188 行.
SQL: SELECT b.id,name,remark FROM es_role_user AS a, es_role AS b WHERE a.role_id = b.id AND a. user_id='17' [ RunTime:0.0000s ]
NOTIC: [8] Undefined index: mapping_order D:\xampp\htdocs\evaluationSystem\ThinkPHP\Library\Think\Model\RelationModel.class.php 第 186 行.
NOTIC: [8] Undefined index: mapping_limit D:\xampp\htdocs\evaluationSystem\ThinkPHP\Library\Think\Model\RelationModel.class.php 第 187 行.
NOTIC: [8] Undefined index: relation_foreign_key D:\xampp\htdocs\evaluationSystem\ThinkPHP\Library\Think\Model\RelationModel.class.php 第 188 行.
SQL: SELECT b.id,name,remark FROM es_role_user AS a, es_role AS b WHERE a.role_id = b.id AND a. user_id='18' [ RunTime:0.0010s ]
NOTIC: [8] Undefined index: mapping_order D:\xampp\htdocs\evaluationSystem\ThinkPHP\Library\Think\Model\RelationModel.class.php 第 186 行.
NOTIC: [8] Undefined index: mapping_limit D:\xampp\htdocs\evaluationSystem\ThinkPHP\Library\Think\Model\RelationModel.class.php 第 187 行.
NOTIC: [8] Undefined index: relation_foreign_key D:\xampp\htdocs\evaluationSystem\ThinkPHP\Library\Think\Model\RelationModel.class.php 第 188 行.
SQL: SELECT b.id,name,remark FROM es_role_user AS a, es_role AS b WHERE a.role_id = b.id AND a. user_id='19' [ RunTime:0.0010s ]
INFO: [ view_parse ] --START--
INFO: [ template_filter ] --START--
INFO: Run Behavior\ContentReplaceBehavior [ RunTime:0.000000s ]
INFO: [ template_filter ] --END-- [ RunTime:0.000000s ]
NOTIC: [8] Undefined variable: numPerPage D:\xampp\htdocs\evaluationSystem\Application\Runtime\Cache\Admin\639657368133e24453e83761f541339d.php 第 3 行.
NOTIC: [8] Undefined index: _order D:\xampp\htdocs\evaluationSystem\Application\Runtime\Cache\Admin\639657368133e24453e83761f541339d.php 第 4 行.
NOTIC: [8] Undefined index: _sort D:\xampp\htdocs\evaluationSystem\Application\Runtime\Cache\Admin\639657368133e24453e83761f541339d.php 第 5 行.
NOTIC: [8] Undefined index: name D:\xampp\htdocs\evaluationSystem\Application\Runtime\Cache\Admin\639657368133e24453e83761f541339d.php 第 31 行.
NOTIC: [8] Undefined index: remark D:\xampp\htdocs\evaluationSystem\Application\Runtime\Cache\Admin\639657368133e24453e83761f541339d.php 第 32 行.
NOTIC: [8] Undefined index: status D:\xampp\htdocs\evaluationSystem\Application\Runtime\Cache\Admin\639657368133e24453e83761f541339d.php 第 33 行.
NOTIC: [8] Undefined index: name D:\xampp\htdocs\evaluationSystem\Application\Runtime\Cache\Admin\639657368133e24453e83761f541339d.php 第 31 行.
NOTIC: [8] Undefined index: remark D:\xampp\htdocs\evaluationSystem\Application\Runtime\Cache\Admin\639657368133e24453e83761f541339d.php 第 32 行.
NOTIC: [8] Undefined index: status D:\xampp\htdocs\evaluationSystem\Application\Runtime\Cache\Admin\639657368133e24453e83761f541339d.php 第 33 行.
NOTIC: [8] Undefined index: name D:\xampp\htdocs\evaluationSystem\Application\Runtime\Cache\Admin\639657368133e24453e83761f541339d.php 第 31 行.
NOTIC: [8] Undefined index: remark D:\xampp\htdocs\evaluationSystem\Application\Runtime\Cache\Admin\639657368133e24453e83761f541339d.php 第 32 行.
NOTIC: [8] Undefined index: status D:\xampp\htdocs\evaluationSystem\Application\Runtime\Cache\Admin\639657368133e24453e83761f541339d.php 第 33 行.
NOTIC: [8] Undefined index: name D:\xampp\htdocs\evaluationSystem\Application\Runtime\Cache\Admin\639657368133e24453e83761f541339d.php 第 31 行.
NOTIC: [8] Undefined index: remark D:\xampp\htdocs\evaluationSystem\Application\Runtime\Cache\Admin\639657368133e24453e83761f541339d.php 第 32 行.
NOTIC: [8] Undefined index: status D:\xampp\htdocs\evaluationSystem\Application\Runtime\Cache\Admin\639657368133e24453e83761f541339d.php 第 33 行.
NOTIC: [8] Undefined variable: numPerPage D:\xampp\htdocs\evaluationSystem\Application\Runtime\Cache\Admin\639657368133e24453e83761f541339d.php 第 43 行.
NOTIC: [8] Undefined variable: numPerPage D:\xampp\htdocs\evaluationSystem\Application\Runtime\Cache\Admin\639657368133e24453e83761f541339d.php 第 44 行.
NOTIC: [8] Undefined variable: numPerPage D:\xampp\htdocs\evaluationSystem\Application\Runtime\Cache\Admin\639657368133e24453e83761f541339d.php 第 45 行.
NOTIC: [8] Undefined variable: numPerPage D:\xampp\htdocs\evaluationSystem\Application\Runtime\Cache\Admin\639657368133e24453e83761f541339d.php 第 46 行.
NOTIC: [8] Undefined variable: numPerPage D:\xampp\htdocs\evaluationSystem\Application\Runtime\Cache\Admin\639657368133e24453e83761f541339d.php 第 47 行.
NOTIC: [8] Undefined variable: totalCount D:\xampp\htdocs\evaluationSystem\Application\Runtime\Cache\Admin\639657368133e24453e83761f541339d.php 第 49 行.
NOTIC: [8] Undefined variable: totalCount D:\xampp\htdocs\evaluationSystem\Application\Runtime\Cache\Admin\639657368133e24453e83761f541339d.php 第 51 行.
NOTIC: [8] Undefined variable: numPerPage D:\xampp\htdocs\evaluationSystem\Application\Runtime\Cache\Admin\639657368133e24453e83761f541339d.php 第 51 行.
NOTIC: [8] Undefined variable: currentPage D:\xampp\htdocs\evaluationSystem\Application\Runtime\Cache\Admin\639657368133e24453e83761f541339d.php 第 51 行.
INFO: Run Behavior\ParseTemplateBehavior [ RunTime:0.008001s ]
INFO: [ view_parse ] --END-- [ RunTime:0.008001s ]
INFO: [ view_filter ] --START--
INFO: Run Behavior\WriteHtmlCacheBehavior [ RunTime:0.000000s ]
INFO: [ view_filter ] --END-- [ RunTime:0.001000s ]
INFO: [ app_end ] --START--
INFO: Run Behavior\ShowPageTraceBehavior [ RunTime:0.000000s ]
INFO: [ app_end ] --END-- [ RunTime:0.000000s ]

