[ 2016-03-16T21:55:05+08:00 ] ::1 /workspace/simpsons/trunk/server/Admin/Login/login.html
INFO: [ app_begin ] --START--
INFO: Run Behavior\ReadHtmlCacheBehavior [ RunTime:0.000000s ]
INFO: [ app_begin ] --END-- [ RunTime:0.001000s ]
INFO: [ view_parse ] --START--
INFO: [ template_filter ] --START--
INFO: Run Behavior\ContentReplaceBehavior [ RunTime:0.001001s ]
INFO: [ template_filter ] --END-- [ RunTime:0.001001s ]
SQL: SHOW COLUMNS FROM `easy_fields` [ RunTime:0.0020s ]
SQL: SELECT * FROM `easy_fields` WHERE `field` = 'title' LIMIT 1   [ RunTime:0.0130s ]
INFO: Run Behavior\ParseTemplateBehavior [ RunTime:0.050003s ]
INFO: [ view_parse ] --END-- [ RunTime:0.050003s ]
INFO: [ view_filter ] --START--
INFO: Run Behavior\WriteHtmlCacheBehavior [ RunTime:0.001000s ]
INFO: [ view_filter ] --END-- [ RunTime:0.001000s ]
INFO: [ app_end ] --START--
INFO: Run Behavior\ShowPageTraceBehavior [ RunTime:0.001000s ]
INFO: [ app_end ] --END-- [ RunTime:0.001000s ]

[ 2016-03-16T21:55:05+08:00 ] ::1 /workspace/simpsons/trunk/server/Admin/Login/verify/
INFO: [ app_begin ] --START--
INFO: Run Behavior\ReadHtmlCacheBehavior [ RunTime:0.001000s ]
INFO: [ app_begin ] --END-- [ RunTime:0.001000s ]
INFO: [ app_end ] --START--
INFO: Run Behavior\ShowPageTraceBehavior [ RunTime:0.001000s ]
INFO: [ app_end ] --END-- [ RunTime:0.002000s ]

[ 2016-03-16T21:55:14+08:00 ] ::1 /workspace/simpsons/trunk/server/Admin/Login/checkLogin/
INFO: [ app_begin ] --START--
INFO: Run Behavior\ReadHtmlCacheBehavior [ RunTime:0.001000s ]
INFO: [ app_begin ] --END-- [ RunTime:0.001000s ]
SQL: SHOW COLUMNS FROM `easy_user` [ RunTime:0.0030s ]
SQL: SELECT * FROM `easy_user` WHERE `username` = 'admin' LIMIT 1   [ RunTime:0.0000s ]
SQL: UPDATE `easy_user` SET `logintime`='1458136514',`loginip`='0.0.0.0' WHERE `id` = 6 [ RunTime:0.0000s ]

[ 2016-03-16T21:55:14+08:00 ] ::1 /workspace/simpsons/trunk/server/Admin/Index/index.html
INFO: [ app_begin ] --START--
INFO: Run Behavior\ReadHtmlCacheBehavior [ RunTime:0.000000s ]
INFO: [ app_begin ] --END-- [ RunTime:0.001000s ]
INFO: [ view_parse ] --START--
INFO: [ template_filter ] --START--
INFO: Run Behavior\ContentReplaceBehavior [ RunTime:0.000000s ]
INFO: [ template_filter ] --END-- [ RunTime:0.000000s ]
SQL: SHOW COLUMNS FROM `easy_fields` [ RunTime:0.0020s ]
SQL: SELECT * FROM `easy_fields` WHERE `field` = 'title' LIMIT 1   [ RunTime:0.0010s ]
INFO: Run Behavior\ParseTemplateBehavior [ RunTime:0.021001s ]
INFO: [ view_parse ] --END-- [ RunTime:0.021001s ]
INFO: [ view_filter ] --START--
INFO: Run Behavior\WriteHtmlCacheBehavior [ RunTime:0.001000s ]
INFO: [ view_filter ] --END-- [ RunTime:0.001000s ]
INFO: [ app_end ] --START--
INFO: Run Behavior\ShowPageTraceBehavior [ RunTime:0.001000s ]
INFO: [ app_end ] --END-- [ RunTime:0.001000s ]

[ 2016-03-16T21:55:18+08:00 ] ::1 /workspace/simpsons/trunk/server/Admin/Product/index.html?_=1458136518672
INFO: [ app_begin ] --START--
INFO: Run Behavior\ReadHtmlCacheBehavior [ RunTime:0.002000s ]
INFO: [ app_begin ] --END-- [ RunTime:0.003001s ]
SQL: SHOW COLUMNS FROM `easy_product` [ RunTime:0.0030s ]
SQL: SELECT COUNT(*) AS tp_count FROM `easy_product` LIMIT 1   [ RunTime:0.0000s ]
SQL: SELECT * FROM `easy_product` ORDER BY productid desc LIMIT 0,10   [ RunTime:0.0000s ]
NOTIC: [8] Undefined variable: search D:\xampp\htdocs\workspace\simpsons\trunk\server\Application\Admin\Controller\ProductController.class.php 第 412 行.
NOTIC: [8] Undefined index: values D:\xampp\htdocs\workspace\simpsons\trunk\server\Application\Admin\Controller\ProductController.class.php 第 413 行.
INFO: [ view_parse ] --START--
INFO: [ template_filter ] --START--
INFO: Run Behavior\ContentReplaceBehavior [ RunTime:0.000000s ]
INFO: [ template_filter ] --END-- [ RunTime:0.000000s ]
NOTIC: [8] Undefined index: _order D:\xampp\htdocs\workspace\simpsons\trunk\server\Application\Runtime\Cache\Admin\543886cf434153c66490642398adebe3.php 第 4 行.
NOTIC: [8] Undefined index: _sort D:\xampp\htdocs\workspace\simpsons\trunk\server\Application\Runtime\Cache\Admin\543886cf434153c66490642398adebe3.php 第 5 行.
NOTIC: [8] Undefined index: keyword D:\xampp\htdocs\workspace\simpsons\trunk\server\Application\Runtime\Cache\Admin\543886cf434153c66490642398adebe3.php 第 14 行.
INFO: Run Behavior\ParseTemplateBehavior [ RunTime:0.010001s ]
INFO: [ view_parse ] --END-- [ RunTime:0.010001s ]
INFO: [ view_filter ] --START--
INFO: Run Behavior\WriteHtmlCacheBehavior [ RunTime:0.001000s ]
INFO: [ view_filter ] --END-- [ RunTime:0.001000s ]
INFO: [ app_end ] --START--
INFO: Run Behavior\ShowPageTraceBehavior [ RunTime:0.001000s ]
INFO: [ app_end ] --END-- [ RunTime:0.001000s ]

[ 2016-03-16T21:55:29+08:00 ] ::1 /workspace/simpsons/trunk/server/Admin/Product/delAll
INFO: [ app_begin ] --START--
INFO: Run Behavior\ReadHtmlCacheBehavior [ RunTime:0.001000s ]
INFO: [ app_begin ] --END-- [ RunTime:0.001000s ]
SQL: SHOW COLUMNS FROM `easy_product` [ RunTime:0.0030s ]
SQL: DELETE FROM `easy_product` WHERE `productid` IN ('13','12','11','10','9') [ RunTime:0.0910s ]
NOTIC: [8] Undefined index: navTabId D:\xampp\htdocs\workspace\simpsons\trunk\server\ThinkPHP\Library\Think\Controller.class.php 第 218 行.
NOTIC: [8] Undefined index: callbackType D:\xampp\htdocs\workspace\simpsons\trunk\server\ThinkPHP\Library\Think\Controller.class.php 第 219 行.
NOTIC: [8] Undefined index: forwardUrl D:\xampp\htdocs\workspace\simpsons\trunk\server\ThinkPHP\Library\Think\Controller.class.php 第 220 行.

[ 2016-03-16T21:55:29+08:00 ] ::1 /workspace/simpsons/trunk/server/Admin/Product/index
INFO: [ app_begin ] --START--
INFO: Run Behavior\ReadHtmlCacheBehavior [ RunTime:0.001000s ]
INFO: [ app_begin ] --END-- [ RunTime:0.001000s ]
SQL: SHOW COLUMNS FROM `easy_product` [ RunTime:0.0020s ]
SQL: SELECT COUNT(*) AS tp_count FROM `easy_product` LIMIT 1   [ RunTime:0.0010s ]
SQL: SELECT * FROM `easy_product` ORDER BY productid desc LIMIT 0,10   [ RunTime:0.0000s ]
NOTIC: [8] Undefined variable: search D:\xampp\htdocs\workspace\simpsons\trunk\server\Application\Admin\Controller\ProductController.class.php 第 412 行.
NOTIC: [8] Undefined index: values D:\xampp\htdocs\workspace\simpsons\trunk\server\Application\Admin\Controller\ProductController.class.php 第 413 行.
INFO: [ view_parse ] --START--
INFO: [ template_filter ] --START--
INFO: Run Behavior\ContentReplaceBehavior [ RunTime:0.000000s ]
INFO: [ template_filter ] --END-- [ RunTime:0.000000s ]
INFO: Run Behavior\ParseTemplateBehavior [ RunTime:0.010000s ]
INFO: [ view_parse ] --END-- [ RunTime:0.010000s ]
INFO: [ view_filter ] --START--
INFO: Run Behavior\WriteHtmlCacheBehavior [ RunTime:0.001000s ]
INFO: [ view_filter ] --END-- [ RunTime:0.001000s ]
INFO: [ app_end ] --START--
INFO: Run Behavior\ShowPageTraceBehavior [ RunTime:0.000000s ]
INFO: [ app_end ] --END-- [ RunTime:0.000000s ]

[ 2016-03-16T21:55:46+08:00 ] ::1 /workspace/simpsons/trunk/server/Admin/Product/add?_=1458136546141
INFO: [ app_begin ] --START--
INFO: Run Behavior\ReadHtmlCacheBehavior [ RunTime:0.000000s ]
INFO: [ app_begin ] --END-- [ RunTime:0.001000s ]
INFO: [ view_parse ] --START--
INFO: [ template_filter ] --START--
INFO: Run Behavior\ContentReplaceBehavior [ RunTime:0.000000s ]
INFO: [ template_filter ] --END-- [ RunTime:0.000000s ]
INFO: Run Behavior\ParseTemplateBehavior [ RunTime:0.006000s ]
INFO: [ view_parse ] --END-- [ RunTime:0.006000s ]
INFO: [ view_filter ] --START--
INFO: Run Behavior\WriteHtmlCacheBehavior [ RunTime:0.001000s ]
INFO: [ view_filter ] --END-- [ RunTime:0.001000s ]
INFO: [ app_end ] --START--
INFO: Run Behavior\ShowPageTraceBehavior [ RunTime:0.001000s ]
INFO: [ app_end ] --END-- [ RunTime:0.001000s ]

[ 2016-03-16T22:01:46+08:00 ] ::1 /workspace/simpsons/trunk/server/Admin/Product/insert/navTabId/listproducts/callbackType/closeCurrent
INFO: [ app_begin ] --START--
INFO: Run Behavior\ReadHtmlCacheBehavior [ RunTime:0.001000s ]
INFO: [ app_begin ] --END-- [ RunTime:0.002000s ]
NOTIC: [8] Undefined index: productid D:\xampp\htdocs\workspace\simpsons\trunk\server\Application\Admin\Controller\ProductController.class.php 第 41 行.
NOTIC: [2] call_user_func() expects parameter 1 to be a valid callback, no array or string given D:\xampp\htdocs\workspace\simpsons\trunk\server\ThinkPHP\Library\Think\Upload.class.php 第 170 行.
SQL: SHOW COLUMNS FROM `easy_product` [ RunTime:0.0030s ]
NOTIC: [8] Undefined index: validate D:\xampp\htdocs\workspace\simpsons\trunk\server\ThinkPHP\Library\Think\Model.class.php 第 1185 行.
NOTIC: [8] Undefined index: auto D:\xampp\htdocs\workspace\simpsons\trunk\server\ThinkPHP\Library\Think\Model.class.php 第 1128 行.
SQL: INSERT INTO `easy_product` (`productname`,`productprice`,`producttotal`,`productleft`,`productshortdescription`,`productdescription`,`productpic`,`inserttime`,`lastmodifytime`) VALUES ('大不列颠','5000','50','50','大不列颠大不列颠大不列颠大不列颠大不列颠大不列颠大不列颠大不列颠大不列颠大不列颠大不列颠大不列颠大不列颠大不列颠大不列颠大不列颠大不列颠大不列颠','大不列颠大不列颠大不列颠大不列颠大不列颠大不列颠大不列颠大不列颠大不列颠大不列颠大不列颠','/Uploads/Product//1458136906.png','1458136906','1458136906') [ RunTime:0.1620s ]
NOTIC: [8] Undefined index: forwardUrl D:\xampp\htdocs\workspace\simpsons\trunk\server\ThinkPHP\Library\Think\Controller.class.php 第 220 行.

[ 2016-03-16T22:01:47+08:00 ] ::1 /workspace/simpsons/trunk/server/Admin/Product/index.html
INFO: [ app_begin ] --START--
INFO: Run Behavior\ReadHtmlCacheBehavior [ RunTime:0.000000s ]
INFO: [ app_begin ] --END-- [ RunTime:0.001000s ]
SQL: SHOW COLUMNS FROM `easy_product` [ RunTime:0.0040s ]
SQL: SELECT COUNT(*) AS tp_count FROM `easy_product` LIMIT 1   [ RunTime:0.0010s ]
SQL: SELECT * FROM `easy_product` ORDER BY productid desc LIMIT 0,10   [ RunTime:0.0010s ]
NOTIC: [8] Undefined variable: search D:\xampp\htdocs\workspace\simpsons\trunk\server\Application\Admin\Controller\ProductController.class.php 第 412 行.
NOTIC: [8] Undefined index: values D:\xampp\htdocs\workspace\simpsons\trunk\server\Application\Admin\Controller\ProductController.class.php 第 413 行.
INFO: [ view_parse ] --START--
INFO: [ template_filter ] --START--
INFO: Run Behavior\ContentReplaceBehavior [ RunTime:0.001000s ]
INFO: [ template_filter ] --END-- [ RunTime:0.001000s ]
INFO: Run Behavior\ParseTemplateBehavior [ RunTime:0.017001s ]
INFO: [ view_parse ] --END-- [ RunTime:0.017001s ]
INFO: [ view_filter ] --START--
INFO: Run Behavior\WriteHtmlCacheBehavior [ RunTime:0.001000s ]
INFO: [ view_filter ] --END-- [ RunTime:0.001000s ]
INFO: [ app_end ] --START--
INFO: Run Behavior\ShowPageTraceBehavior [ RunTime:0.001000s ]
INFO: [ app_end ] --END-- [ RunTime:0.001000s ]

[ 2016-03-16T22:04:58+08:00 ] ::1 /workspace/simpsons/trunk/server/Admin/Product/edit/productid/14?_=1458137098344
INFO: [ app_begin ] --START--
INFO: Run Behavior\ReadHtmlCacheBehavior [ RunTime:0.001000s ]
INFO: [ app_begin ] --END-- [ RunTime:0.002000s ]
SQL: SHOW COLUMNS FROM `easy_product` [ RunTime:0.0030s ]
SQL: SELECT * FROM `easy_product` WHERE `productid` = 14 LIMIT 1   [ RunTime:0.0000s ]
INFO: [ view_parse ] --START--
INFO: [ template_filter ] --START--
INFO: Run Behavior\ContentReplaceBehavior [ RunTime:0.000000s ]
INFO: [ template_filter ] --END-- [ RunTime:0.000000s ]
INFO: Run Behavior\ParseTemplateBehavior [ RunTime:0.025001s ]
INFO: [ view_parse ] --END-- [ RunTime:0.025001s ]
INFO: [ view_filter ] --START--
INFO: Run Behavior\WriteHtmlCacheBehavior [ RunTime:0.001000s ]
INFO: [ view_filter ] --END-- [ RunTime:0.001000s ]
INFO: [ app_end ] --START--
INFO: Run Behavior\ShowPageTraceBehavior [ RunTime:0.001000s ]
INFO: [ app_end ] --END-- [ RunTime:0.001000s ]

[ 2016-03-16T22:07:07+08:00 ] ::1 /workspace/simpsons/trunk/server/Admin/Login/login.html
INFO: [ app_begin ] --START--
INFO: Run Behavior\ReadHtmlCacheBehavior [ RunTime:0.000000s ]
INFO: [ app_begin ] --END-- [ RunTime:0.000000s ]
INFO: [ view_parse ] --START--
INFO: [ template_filter ] --START--
INFO: Run Behavior\ContentReplaceBehavior [ RunTime:0.000000s ]
INFO: [ template_filter ] --END-- [ RunTime:0.000000s ]
SQL: SHOW COLUMNS FROM `easy_fields` [ RunTime:0.0020s ]
SQL: SELECT * FROM `easy_fields` WHERE `field` = 'title' LIMIT 1   [ RunTime:0.0000s ]
INFO: Run Behavior\ParseTemplateBehavior [ RunTime:0.015001s ]
INFO: [ view_parse ] --END-- [ RunTime:0.015001s ]
INFO: [ view_filter ] --START--
INFO: Run Behavior\WriteHtmlCacheBehavior [ RunTime:0.001000s ]
INFO: [ view_filter ] --END-- [ RunTime:0.001000s ]
INFO: [ app_end ] --START--
INFO: Run Behavior\ShowPageTraceBehavior [ RunTime:0.000000s ]
INFO: [ app_end ] --END-- [ RunTime:0.000000s ]

[ 2016-03-16T22:07:08+08:00 ] ::1 /workspace/simpsons/trunk/server/Admin/Login/verify/
INFO: [ app_begin ] --START--
INFO: Run Behavior\ReadHtmlCacheBehavior [ RunTime:0.001000s ]
INFO: [ app_begin ] --END-- [ RunTime:0.001000s ]
INFO: [ app_end ] --START--
INFO: Run Behavior\ShowPageTraceBehavior [ RunTime:0.001000s ]
INFO: [ app_end ] --END-- [ RunTime:0.001000s ]

[ 2016-03-16T22:07:17+08:00 ] ::1 /workspace/simpsons/trunk/server/Admin/Login/checkLogin/
INFO: [ app_begin ] --START--
INFO: Run Behavior\ReadHtmlCacheBehavior [ RunTime:0.001000s ]
INFO: [ app_begin ] --END-- [ RunTime:0.001000s ]
SQL: SHOW COLUMNS FROM `easy_user` [ RunTime:0.0020s ]
SQL: SELECT * FROM `easy_user` WHERE `username` = 'admin' LIMIT 1   [ RunTime:0.0000s ]
SQL: UPDATE `easy_user` SET `logintime`='1458137237',`loginip`='0.0.0.0' WHERE `id` = 6 [ RunTime:0.0010s ]

[ 2016-03-16T22:07:17+08:00 ] ::1 /workspace/simpsons/trunk/server/Admin/Index/index.html
INFO: [ app_begin ] --START--
INFO: Run Behavior\ReadHtmlCacheBehavior [ RunTime:0.001000s ]
INFO: [ app_begin ] --END-- [ RunTime:0.001000s ]
INFO: [ view_parse ] --START--
INFO: [ template_filter ] --START--
INFO: Run Behavior\ContentReplaceBehavior [ RunTime:0.000000s ]
INFO: [ template_filter ] --END-- [ RunTime:0.000000s ]
SQL: SHOW COLUMNS FROM `easy_fields` [ RunTime:0.0020s ]
SQL: SELECT * FROM `easy_fields` WHERE `field` = 'title' LIMIT 1   [ RunTime:0.0010s ]
INFO: Run Behavior\ParseTemplateBehavior [ RunTime:0.030002s ]
INFO: [ view_parse ] --END-- [ RunTime:0.030002s ]
INFO: [ view_filter ] --START--
INFO: Run Behavior\WriteHtmlCacheBehavior [ RunTime:0.000000s ]
INFO: [ view_filter ] --END-- [ RunTime:0.000000s ]
INFO: [ app_end ] --START--
INFO: Run Behavior\ShowPageTraceBehavior [ RunTime:0.000000s ]
INFO: [ app_end ] --END-- [ RunTime:0.000000s ]

[ 2016-03-16T22:07:21+08:00 ] ::1 /workspace/simpsons/trunk/server/Admin/Product/index.html?_=1458137241442
INFO: [ app_begin ] --START--
INFO: Run Behavior\ReadHtmlCacheBehavior [ RunTime:0.001000s ]
INFO: [ app_begin ] --END-- [ RunTime:0.002000s ]
SQL: SHOW COLUMNS FROM `easy_product` [ RunTime:0.0050s ]
SQL: SELECT COUNT(*) AS tp_count FROM `easy_product` LIMIT 1   [ RunTime:0.0000s ]
SQL: SELECT * FROM `easy_product` ORDER BY productid desc LIMIT 0,10   [ RunTime:0.0010s ]
NOTIC: [8] Undefined variable: search D:\xampp\htdocs\workspace\simpsons\trunk\server\Application\Admin\Controller\ProductController.class.php 第 412 行.
NOTIC: [8] Undefined index: values D:\xampp\htdocs\workspace\simpsons\trunk\server\Application\Admin\Controller\ProductController.class.php 第 413 行.
INFO: [ view_parse ] --START--
INFO: [ template_filter ] --START--
INFO: Run Behavior\ContentReplaceBehavior [ RunTime:0.000000s ]
INFO: [ template_filter ] --END-- [ RunTime:0.000000s ]
NOTIC: [8] Undefined index: _order D:\xampp\htdocs\workspace\simpsons\trunk\server\Application\Runtime\Cache\Admin\543886cf434153c66490642398adebe3.php 第 4 行.
NOTIC: [8] Undefined index: _sort D:\xampp\htdocs\workspace\simpsons\trunk\server\Application\Runtime\Cache\Admin\543886cf434153c66490642398adebe3.php 第 5 行.
NOTIC: [8] Undefined index: keyword D:\xampp\htdocs\workspace\simpsons\trunk\server\Application\Runtime\Cache\Admin\543886cf434153c66490642398adebe3.php 第 14 行.
INFO: Run Behavior\ParseTemplateBehavior [ RunTime:0.010001s ]
INFO: [ view_parse ] --END-- [ RunTime:0.010001s ]
INFO: [ view_filter ] --START--
INFO: Run Behavior\WriteHtmlCacheBehavior [ RunTime:0.001000s ]
INFO: [ view_filter ] --END-- [ RunTime:0.001000s ]
INFO: [ app_end ] --START--
INFO: Run Behavior\ShowPageTraceBehavior [ RunTime:0.001000s ]
INFO: [ app_end ] --END-- [ RunTime:0.001000s ]

[ 2016-03-16T22:07:22+08:00 ] ::1 /workspace/simpsons/trunk/server/Admin/Product/add?_=1458137242756
INFO: [ app_begin ] --START--
INFO: Run Behavior\ReadHtmlCacheBehavior [ RunTime:0.002000s ]
INFO: [ app_begin ] --END-- [ RunTime:0.003000s ]
INFO: [ view_parse ] --START--
INFO: [ template_filter ] --START--
INFO: Run Behavior\ContentReplaceBehavior [ RunTime:0.000000s ]
INFO: [ template_filter ] --END-- [ RunTime:0.000000s ]
INFO: Run Behavior\ParseTemplateBehavior [ RunTime:0.011001s ]
INFO: [ view_parse ] --END-- [ RunTime:0.011001s ]
INFO: [ view_filter ] --START--
INFO: Run Behavior\WriteHtmlCacheBehavior [ RunTime:0.001000s ]
INFO: [ view_filter ] --END-- [ RunTime:0.001000s ]
INFO: [ app_end ] --START--
INFO: Run Behavior\ShowPageTraceBehavior [ RunTime:0.001000s ]
INFO: [ app_end ] --END-- [ RunTime:0.001000s ]

[ 2016-03-16T22:07:52+08:00 ] ::1 /workspace/simpsons/trunk/server/Admin/Product/insert/navTabId/listproducts/callbackType/closeCurrent
INFO: [ app_begin ] --START--
INFO: Run Behavior\ReadHtmlCacheBehavior [ RunTime:0.001000s ]
INFO: [ app_begin ] --END-- [ RunTime:0.002000s ]
NOTIC: [8] Undefined index: productid D:\xampp\htdocs\workspace\simpsons\trunk\server\Application\Admin\Controller\ProductController.class.php 第 41 行.
NOTIC: [2] call_user_func() expects parameter 1 to be a valid callback, no array or string given D:\xampp\htdocs\workspace\simpsons\trunk\server\ThinkPHP\Library\Think\Upload.class.php 第 170 行.
SQL: SHOW COLUMNS FROM `easy_product` [ RunTime:0.0020s ]
NOTIC: [8] Undefined index: validate D:\xampp\htdocs\workspace\simpsons\trunk\server\ThinkPHP\Library\Think\Model.class.php 第 1185 行.
NOTIC: [8] Undefined index: auto D:\xampp\htdocs\workspace\simpsons\trunk\server\ThinkPHP\Library\Think\Model.class.php 第 1128 行.
SQL: INSERT INTO `easy_product` (`productname`,`productprice`,`producttotal`,`productleft`,`productshortdescription`,`productdescription`,`productpic`,`inserttime`,`lastmodifytime`) VALUES ('睡衣','344','34','34','睡衣睡衣睡衣睡衣','睡衣睡衣睡衣睡衣睡衣睡衣','/Uploads/Product//1458137272.png','1458137272','1458137272') [ RunTime:0.1490s ]
NOTIC: [8] Undefined index: forwardUrl D:\xampp\htdocs\workspace\simpsons\trunk\server\ThinkPHP\Library\Think\Controller.class.php 第 220 行.

[ 2016-03-16T22:07:52+08:00 ] ::1 /workspace/simpsons/trunk/server/Admin/Product/index.html
INFO: [ app_begin ] --START--
INFO: Run Behavior\ReadHtmlCacheBehavior [ RunTime:0.001000s ]
INFO: [ app_begin ] --END-- [ RunTime:0.002000s ]
SQL: SHOW COLUMNS FROM `easy_product` [ RunTime:0.0040s ]
SQL: SELECT COUNT(*) AS tp_count FROM `easy_product` LIMIT 1   [ RunTime:0.0000s ]
SQL: SELECT * FROM `easy_product` ORDER BY productid desc LIMIT 0,10   [ RunTime:0.0000s ]
NOTIC: [8] Undefined variable: search D:\xampp\htdocs\workspace\simpsons\trunk\server\Application\Admin\Controller\ProductController.class.php 第 412 行.
NOTIC: [8] Undefined index: values D:\xampp\htdocs\workspace\simpsons\trunk\server\Application\Admin\Controller\ProductController.class.php 第 413 行.
INFO: [ view_parse ] --START--
INFO: [ template_filter ] --START--
INFO: Run Behavior\ContentReplaceBehavior [ RunTime:0.001000s ]
INFO: [ template_filter ] --END-- [ RunTime:0.001000s ]
INFO: Run Behavior\ParseTemplateBehavior [ RunTime:0.013001s ]
INFO: [ view_parse ] --END-- [ RunTime:0.013001s ]
INFO: [ view_filter ] --START--
INFO: Run Behavior\WriteHtmlCacheBehavior [ RunTime:0.001000s ]
INFO: [ view_filter ] --END-- [ RunTime:0.001000s ]
INFO: [ app_end ] --START--
INFO: Run Behavior\ShowPageTraceBehavior [ RunTime:0.000000s ]
INFO: [ app_end ] --END-- [ RunTime:0.000000s ]

[ 2016-03-16T22:07:56+08:00 ] ::1 /workspace/simpsons/trunk/server/Admin/Product/add?_=1458137276145
INFO: [ app_begin ] --START--
INFO: Run Behavior\ReadHtmlCacheBehavior [ RunTime:0.000000s ]
INFO: [ app_begin ] --END-- [ RunTime:0.000000s ]
INFO: [ view_parse ] --START--
INFO: [ template_filter ] --START--
INFO: Run Behavior\ContentReplaceBehavior [ RunTime:0.000000s ]
INFO: [ template_filter ] --END-- [ RunTime:0.000000s ]
INFO: Run Behavior\ParseTemplateBehavior [ RunTime:0.022600s ]
INFO: [ view_parse ] --END-- [ RunTime:0.022600s ]
INFO: [ view_filter ] --START--
INFO: Run Behavior\WriteHtmlCacheBehavior [ RunTime:0.001000s ]
INFO: [ view_filter ] --END-- [ RunTime:0.001000s ]
INFO: [ app_end ] --START--
INFO: Run Behavior\ShowPageTraceBehavior [ RunTime:0.001000s ]
INFO: [ app_end ] --END-- [ RunTime:0.001000s ]

[ 2016-03-16T22:08:28+08:00 ] ::1 /workspace/simpsons/trunk/server/Admin/Product/insert/navTabId/listproducts/callbackType/closeCurrent
INFO: [ app_begin ] --START--
INFO: Run Behavior\ReadHtmlCacheBehavior [ RunTime:0.001000s ]
INFO: [ app_begin ] --END-- [ RunTime:0.001000s ]
NOTIC: [8] Undefined index: productid D:\xampp\htdocs\workspace\simpsons\trunk\server\Application\Admin\Controller\ProductController.class.php 第 41 行.
NOTIC: [2] call_user_func() expects parameter 1 to be a valid callback, no array or string given D:\xampp\htdocs\workspace\simpsons\trunk\server\ThinkPHP\Library\Think\Upload.class.php 第 170 行.
SQL: SHOW COLUMNS FROM `easy_product` [ RunTime:0.0030s ]
NOTIC: [8] Undefined index: validate D:\xampp\htdocs\workspace\simpsons\trunk\server\ThinkPHP\Library\Think\Model.class.php 第 1185 行.
NOTIC: [8] Undefined index: auto D:\xampp\htdocs\workspace\simpsons\trunk\server\ThinkPHP\Library\Think\Model.class.php 第 1128 行.
SQL: INSERT INTO `easy_product` (`productname`,`productprice`,`producttotal`,`productleft`,`productshortdescription`,`productdescription`,`productpic`,`inserttime`,`lastmodifytime`) VALUES ('商品3','23424','432','342','商品3商品3','商品3商品3商品3商品3商品3商品3商品3商品3商品3商品3商品3商品3商品3商品3商品3商品3商品3商品3商品3商品3商品3商品3商品3商品3商品3商品3商品3商品3商品3商品3','/Uploads/Product//1458137308.png','1458137308','1458137308') [ RunTime:0.0920s ]
NOTIC: [8] Undefined index: forwardUrl D:\xampp\htdocs\workspace\simpsons\trunk\server\ThinkPHP\Library\Think\Controller.class.php 第 220 行.

[ 2016-03-16T22:08:28+08:00 ] ::1 /workspace/simpsons/trunk/server/Admin/Product/index.html
INFO: [ app_begin ] --START--
INFO: Run Behavior\ReadHtmlCacheBehavior [ RunTime:0.002000s ]
INFO: [ app_begin ] --END-- [ RunTime:0.003000s ]
SQL: SHOW COLUMNS FROM `easy_product` [ RunTime:0.0060s ]
SQL: SELECT COUNT(*) AS tp_count FROM `easy_product` LIMIT 1   [ RunTime:0.0010s ]
SQL: SELECT * FROM `easy_product` ORDER BY productid desc LIMIT 0,10   [ RunTime:0.0000s ]
NOTIC: [8] Undefined variable: search D:\xampp\htdocs\workspace\simpsons\trunk\server\Application\Admin\Controller\ProductController.class.php 第 412 行.
NOTIC: [8] Undefined index: values D:\xampp\htdocs\workspace\simpsons\trunk\server\Application\Admin\Controller\ProductController.class.php 第 413 行.
INFO: [ view_parse ] --START--
INFO: [ template_filter ] --START--
INFO: Run Behavior\ContentReplaceBehavior [ RunTime:0.000000s ]
INFO: [ template_filter ] --END-- [ RunTime:0.000000s ]
INFO: Run Behavior\ParseTemplateBehavior [ RunTime:0.009000s ]
INFO: [ view_parse ] --END-- [ RunTime:0.009000s ]
INFO: [ view_filter ] --START--
INFO: Run Behavior\WriteHtmlCacheBehavior [ RunTime:0.000000s ]
INFO: [ view_filter ] --END-- [ RunTime:0.000000s ]
INFO: [ app_end ] --START--
INFO: Run Behavior\ShowPageTraceBehavior [ RunTime:0.001001s ]
INFO: [ app_end ] --END-- [ RunTime:0.001001s ]

[ 2016-03-16T22:10:17+08:00 ] ::1 /workspace/simpsons/trunk/server/Admin/Product/delete/productid/16/navTabId/listproducts
INFO: [ app_begin ] --START--
INFO: Run Behavior\ReadHtmlCacheBehavior [ RunTime:0.000000s ]
INFO: [ app_begin ] --END-- [ RunTime:0.001000s ]
SQL: SHOW COLUMNS FROM `easy_product` [ RunTime:0.0020s ]
SQL: DELETE FROM `easy_product` WHERE `productid` IN ('16') [ RunTime:0.1150s ]
NOTIC: [8] Undefined index: callbackType D:\xampp\htdocs\workspace\simpsons\trunk\server\ThinkPHP\Library\Think\Controller.class.php 第 219 行.
NOTIC: [8] Undefined index: forwardUrl D:\xampp\htdocs\workspace\simpsons\trunk\server\ThinkPHP\Library\Think\Controller.class.php 第 220 行.

[ 2016-03-16T22:10:17+08:00 ] ::1 /workspace/simpsons/trunk/server/Admin/Product/index.html?pageNum=1&numPerPage=10&_order=&_sort=&keyword=&_=1458137417362
INFO: [ app_begin ] --START--
INFO: Run Behavior\ReadHtmlCacheBehavior [ RunTime:0.000000s ]
INFO: [ app_begin ] --END-- [ RunTime:0.001001s ]
SQL: SHOW COLUMNS FROM `easy_product` [ RunTime:0.0030s ]
SQL: SELECT COUNT(*) AS tp_count FROM `easy_product` LIMIT 1   [ RunTime:0.0000s ]
SQL: SELECT * FROM `easy_product` ORDER BY productid desc LIMIT 0,10   [ RunTime:0.0000s ]
NOTIC: [8] Undefined variable: search D:\xampp\htdocs\workspace\simpsons\trunk\server\Application\Admin\Controller\ProductController.class.php 第 412 行.
NOTIC: [8] Undefined index: values D:\xampp\htdocs\workspace\simpsons\trunk\server\Application\Admin\Controller\ProductController.class.php 第 413 行.
INFO: [ view_parse ] --START--
INFO: [ template_filter ] --START--
INFO: Run Behavior\ContentReplaceBehavior [ RunTime:0.000000s ]
INFO: [ template_filter ] --END-- [ RunTime:0.000000s ]
NOTIC: [8] Undefined index: keyword D:\xampp\htdocs\workspace\simpsons\trunk\server\Application\Runtime\Cache\Admin\543886cf434153c66490642398adebe3.php 第 14 行.
INFO: Run Behavior\ParseTemplateBehavior [ RunTime:0.012001s ]
INFO: [ view_parse ] --END-- [ RunTime:0.012001s ]
INFO: [ view_filter ] --START--
INFO: Run Behavior\WriteHtmlCacheBehavior [ RunTime:0.001000s ]
INFO: [ view_filter ] --END-- [ RunTime:0.001000s ]
INFO: [ app_end ] --START--
INFO: Run Behavior\ShowPageTraceBehavior [ RunTime:0.001000s ]
INFO: [ app_end ] --END-- [ RunTime:0.001000s ]

[ 2016-03-16T23:47:50+08:00 ] ::1 /workspace/simpsons/trunk/server/Admin/Product/add?_=1458143270107
INFO: [ app_begin ] --START--
INFO: Run Behavior\ReadHtmlCacheBehavior [ RunTime:0.000000s ]
INFO: [ app_begin ] --END-- [ RunTime:0.002000s ]
INFO: [ view_parse ] --START--
INFO: [ template_filter ] --START--
INFO: Run Behavior\ContentReplaceBehavior [ RunTime:0.000000s ]
INFO: [ template_filter ] --END-- [ RunTime:0.000000s ]
INFO: Run Behavior\ParseTemplateBehavior [ RunTime:0.024001s ]
INFO: [ view_parse ] --END-- [ RunTime:0.024001s ]
INFO: [ view_filter ] --START--
INFO: Run Behavior\WriteHtmlCacheBehavior [ RunTime:0.000000s ]
INFO: [ view_filter ] --END-- [ RunTime:0.000000s ]
INFO: [ app_end ] --START--
INFO: Run Behavior\ShowPageTraceBehavior [ RunTime:0.001000s ]
INFO: [ app_end ] --END-- [ RunTime:0.001000s ]

[ 2016-03-16T23:48:16+08:00 ] ::1 /workspace/simpsons/trunk/server/Admin/Product/insert/navTabId/listproducts/callbackType/closeCurrent
INFO: [ app_begin ] --START--
INFO: Run Behavior\ReadHtmlCacheBehavior [ RunTime:0.001000s ]
INFO: [ app_begin ] --END-- [ RunTime:0.001000s ]
NOTIC: [8] Undefined index: productid D:\xampp\htdocs\workspace\simpsons\trunk\server\Application\Admin\Controller\ProductController.class.php 第 41 行.
NOTIC: [2] call_user_func() expects parameter 1 to be a valid callback, no array or string given D:\xampp\htdocs\workspace\simpsons\trunk\server\ThinkPHP\Library\Think\Upload.class.php 第 170 行.
SQL: SHOW COLUMNS FROM `easy_product` [ RunTime:0.0030s ]
NOTIC: [8] Undefined index: validate D:\xampp\htdocs\workspace\simpsons\trunk\server\ThinkPHP\Library\Think\Model.class.php 第 1185 行.
NOTIC: [8] Undefined index: auto D:\xampp\htdocs\workspace\simpsons\trunk\server\ThinkPHP\Library\Think\Model.class.php 第 1128 行.
SQL: INSERT INTO `easy_product` (`productname`,`productprice`,`producttotal`,`productleft`,`productshortdescription`,`productdescription`,`productpic`,`inserttime`,`lastmodifytime`) VALUES ('产品3','23','32','32','产品2222222','产品2222222','/Uploads/Product//1458143296.png','1458143296','1458143296') [ RunTime:0.0950s ]
NOTIC: [8] Undefined index: forwardUrl D:\xampp\htdocs\workspace\simpsons\trunk\server\ThinkPHP\Library\Think\Controller.class.php 第 220 行.

[ 2016-03-16T23:48:16+08:00 ] ::1 /workspace/simpsons/trunk/server/Admin/Product/index.html
INFO: [ app_begin ] --START--
INFO: Run Behavior\ReadHtmlCacheBehavior [ RunTime:0.001000s ]
INFO: [ app_begin ] --END-- [ RunTime:0.002000s ]
SQL: SHOW COLUMNS FROM `easy_product` [ RunTime:0.0030s ]
SQL: SELECT COUNT(*) AS tp_count FROM `easy_product` LIMIT 1   [ RunTime:0.0000s ]
SQL: SELECT * FROM `easy_product` ORDER BY productid desc LIMIT 0,10   [ RunTime:0.0010s ]
NOTIC: [8] Undefined variable: search D:\xampp\htdocs\workspace\simpsons\trunk\server\Application\Admin\Controller\ProductController.class.php 第 412 行.
NOTIC: [8] Undefined index: values D:\xampp\htdocs\workspace\simpsons\trunk\server\Application\Admin\Controller\ProductController.class.php 第 413 行.
INFO: [ view_parse ] --START--
INFO: [ template_filter ] --START--
INFO: Run Behavior\ContentReplaceBehavior [ RunTime:0.001000s ]
INFO: [ template_filter ] --END-- [ RunTime:0.001000s ]
INFO: Run Behavior\ParseTemplateBehavior [ RunTime:0.019002s ]
INFO: [ view_parse ] --END-- [ RunTime:0.019002s ]
INFO: [ view_filter ] --START--
INFO: Run Behavior\WriteHtmlCacheBehavior [ RunTime:0.001000s ]
INFO: [ view_filter ] --END-- [ RunTime:0.001000s ]
INFO: [ app_end ] --START--
INFO: Run Behavior\ShowPageTraceBehavior [ RunTime:0.001000s ]
INFO: [ app_end ] --END-- [ RunTime:0.001000s ]

