[ 2016-07-22T21:14:17+08:00 ] ::1 /workspace/simpsons/trunk/server/Admin/Login/login.html
INFO: [ app_begin ] --START--
INFO: Run Behavior\ReadHtmlCacheBehavior [ RunTime:0.001000s ]
INFO: [ app_begin ] --END-- [ RunTime:0.001000s ]
INFO: [ view_parse ] --START--
INFO: [ template_filter ] --START--
INFO: Run Behavior\ContentReplaceBehavior [ RunTime:0.000000s ]
INFO: [ template_filter ] --END-- [ RunTime:0.000000s ]
SQL: SHOW COLUMNS FROM `easy_fields` [ RunTime:0.0310s ]
SQL: SELECT * FROM `easy_fields` WHERE `field` = 'title' LIMIT 1   [ RunTime:0.0010s ]
NOTIC: [8] Undefined index: message D:\xampp\htdocs\workspace\simpsons\trunk\server\Application\Runtime\Cache\Admin\5d913dbd2da64d0b19844a871847723d.php 第 39 行.
INFO: Run Behavior\ParseTemplateBehavior [ RunTime:0.095005s ]
INFO: [ view_parse ] --END-- [ RunTime:0.095005s ]
INFO: [ view_filter ] --START--
INFO: Run Behavior\WriteHtmlCacheBehavior [ RunTime:0.001000s ]
INFO: [ view_filter ] --END-- [ RunTime:0.001000s ]
INFO: [ app_end ] --START--
INFO: Run Behavior\ShowPageTraceBehavior [ RunTime:0.000000s ]
INFO: [ app_end ] --END-- [ RunTime:0.000000s ]

[ 2016-07-22T21:14:17+08:00 ] ::1 /workspace/simpsons/trunk/server/Admin/Login/verify/
INFO: [ app_begin ] --START--
INFO: Run Behavior\ReadHtmlCacheBehavior [ RunTime:0.000000s ]
INFO: [ app_begin ] --END-- [ RunTime:0.001000s ]
INFO: [ app_end ] --START--
INFO: Run Behavior\ShowPageTraceBehavior [ RunTime:0.002001s ]
INFO: [ app_end ] --END-- [ RunTime:0.002001s ]

[ 2016-07-22T21:14:28+08:00 ] ::1 /workspace/simpsons/trunk/server/Admin/Login/checkLogin/
INFO: [ app_begin ] --START--
INFO: Run Behavior\ReadHtmlCacheBehavior [ RunTime:0.000000s ]
INFO: [ app_begin ] --END-- [ RunTime:0.000000s ]
SQL: SHOW COLUMNS FROM `easy_user` [ RunTime:0.0680s ]
SQL: SELECT * FROM `easy_user` WHERE `username` = 'admin' LIMIT 1   [ RunTime:0.0010s ]
SQL: UPDATE `easy_user` SET `logintime`='1469193268',`loginip`='0.0.0.0' WHERE `id` = 6 [ RunTime:0.0010s ]

[ 2016-07-22T21:14:28+08:00 ] ::1 /workspace/simpsons/trunk/server/Admin/Index/index.html
INFO: [ app_begin ] --START--
INFO: Run Behavior\ReadHtmlCacheBehavior [ RunTime:0.001000s ]
INFO: [ app_begin ] --END-- [ RunTime:0.001000s ]
SQL: SHOW COLUMNS FROM `easy_user` [ RunTime:0.0020s ]
SQL: SELECT * FROM `easy_user` WHERE `username` = 'admin' LIMIT 1   [ RunTime:0.0010s ]
INFO: [ view_parse ] --START--
INFO: [ template_filter ] --START--
INFO: Run Behavior\ContentReplaceBehavior [ RunTime:0.000000s ]
INFO: [ template_filter ] --END-- [ RunTime:0.000000s ]
SQL: SHOW COLUMNS FROM `easy_fields` [ RunTime:0.0020s ]
SQL: SELECT * FROM `easy_fields` WHERE `field` = 'title' LIMIT 1   [ RunTime:0.0000s ]
INFO: Run Behavior\ParseTemplateBehavior [ RunTime:0.017001s ]
INFO: [ view_parse ] --END-- [ RunTime:0.017001s ]
INFO: [ view_filter ] --START--
INFO: Run Behavior\WriteHtmlCacheBehavior [ RunTime:0.001000s ]
INFO: [ view_filter ] --END-- [ RunTime:0.001000s ]
INFO: [ app_end ] --START--
INFO: Run Behavior\ShowPageTraceBehavior [ RunTime:0.001000s ]
INFO: [ app_end ] --END-- [ RunTime:0.001000s ]

[ 2016-07-22T21:14:33+08:00 ] ::1 /workspace/simpsons/trunk/server/Admin/Score/index.html?_=1469193273002
INFO: [ app_begin ] --START--
INFO: Run Behavior\ReadHtmlCacheBehavior [ RunTime:0.000000s ]
INFO: [ app_begin ] --END-- [ RunTime:0.000000s ]
SQL: SHOW COLUMNS FROM `easy_scoretype` [ RunTime:0.0390s ]
SQL: SELECT COUNT(*) AS tp_count FROM `easy_scoretype` LIMIT 1   [ RunTime:0.0010s ]
SQL: SELECT * FROM `easy_scoretype` ORDER BY typeid desc LIMIT 0,10   [ RunTime:0.0010s ]
NOTIC: [8] Undefined variable: search D:\xampp\htdocs\workspace\simpsons\trunk\server\Application\Admin\Controller\ScoreController.class.php 第 313 行.
NOTIC: [8] Undefined index: values D:\xampp\htdocs\workspace\simpsons\trunk\server\Application\Admin\Controller\ScoreController.class.php 第 314 行.
INFO: [ view_parse ] --START--
INFO: [ template_filter ] --START--
INFO: Run Behavior\ContentReplaceBehavior [ RunTime:0.000000s ]
INFO: [ template_filter ] --END-- [ RunTime:0.000000s ]
NOTIC: [8] Undefined index: _order D:\xampp\htdocs\workspace\simpsons\trunk\server\Application\Runtime\Cache\Admin\208109520c309d58627b3bfa24792380.php 第 4 行.
NOTIC: [8] Undefined index: _sort D:\xampp\htdocs\workspace\simpsons\trunk\server\Application\Runtime\Cache\Admin\208109520c309d58627b3bfa24792380.php 第 5 行.
NOTIC: [8] Undefined index: keyword D:\xampp\htdocs\workspace\simpsons\trunk\server\Application\Runtime\Cache\Admin\208109520c309d58627b3bfa24792380.php 第 14 行.
INFO: Run Behavior\ParseTemplateBehavior [ RunTime:0.029001s ]
INFO: [ view_parse ] --END-- [ RunTime:0.029001s ]
INFO: [ view_filter ] --START--
INFO: Run Behavior\WriteHtmlCacheBehavior [ RunTime:0.001000s ]
INFO: [ view_filter ] --END-- [ RunTime:0.001000s ]
INFO: [ app_end ] --START--
INFO: Run Behavior\ShowPageTraceBehavior [ RunTime:0.000000s ]
INFO: [ app_end ] --END-- [ RunTime:0.001000s ]

[ 2016-07-22T21:14:39+08:00 ] ::1 /workspace/simpsons/trunk/server/Admin/Order/index.html?_=1469193279551
INFO: [ app_begin ] --START--
INFO: Run Behavior\ReadHtmlCacheBehavior [ RunTime:0.002000s ]
INFO: [ app_begin ] --END-- [ RunTime:0.002000s ]
SQL: SHOW COLUMNS FROM `easy_order` [ RunTime:0.0470s ]
SQL: SELECT COUNT(*) AS tp_count FROM `easy_order` WHERE `producttypekey` = 'product' LIMIT 1   [ RunTime:0.0010s ]
SQL: SELECT * FROM `easy_order` WHERE `producttypekey` = 'product' ORDER BY id desc LIMIT 0,10   [ RunTime:0.0010s ]
NOTIC: [8] Array to string conversion D:\xampp\htdocs\workspace\simpsons\trunk\server\Application\Admin\Controller\OrderController.class.php 第 261 行.
NOTIC: [2] Illegal string offset 'p' D:\xampp\htdocs\workspace\simpsons\trunk\server\ThinkPHP\Library\Think\Page.class.php 第 81 行.
NOTIC: [8] Undefined variable: search D:\xampp\htdocs\workspace\simpsons\trunk\server\Application\Admin\Controller\OrderController.class.php 第 282 行.
NOTIC: [8] Undefined index: values D:\xampp\htdocs\workspace\simpsons\trunk\server\Application\Admin\Controller\OrderController.class.php 第 283 行.
INFO: [ view_parse ] --START--
INFO: [ template_filter ] --START--
INFO: Run Behavior\ContentReplaceBehavior [ RunTime:0.001000s ]
INFO: [ template_filter ] --END-- [ RunTime:0.001000s ]
NOTIC: [8] Undefined index: _order D:\xampp\htdocs\workspace\simpsons\trunk\server\Application\Runtime\Cache\Admin\ad58160d0ba497e124f68b10fdc57ae6.php 第 4 行.
NOTIC: [8] Undefined index: _sort D:\xampp\htdocs\workspace\simpsons\trunk\server\Application\Runtime\Cache\Admin\ad58160d0ba497e124f68b10fdc57ae6.php 第 5 行.
NOTIC: [8] Undefined index: keyword D:\xampp\htdocs\workspace\simpsons\trunk\server\Application\Runtime\Cache\Admin\ad58160d0ba497e124f68b10fdc57ae6.php 第 14 行.
NOTIC: [8] Use of undefined constant scoreproduct - assumed 'scoreproduct' D:\xampp\htdocs\workspace\simpsons\trunk\server\Application\Runtime\Cache\Admin\ad58160d0ba497e124f68b10fdc57ae6.php 第 72 行.
NOTIC: [8] Use of undefined constant scoreproduct - assumed 'scoreproduct' D:\xampp\htdocs\workspace\simpsons\trunk\server\Application\Runtime\Cache\Admin\ad58160d0ba497e124f68b10fdc57ae6.php 第 72 行.
NOTIC: [8] Use of undefined constant scoreproduct - assumed 'scoreproduct' D:\xampp\htdocs\workspace\simpsons\trunk\server\Application\Runtime\Cache\Admin\ad58160d0ba497e124f68b10fdc57ae6.php 第 72 行.
NOTIC: [8] Use of undefined constant scoreproduct - assumed 'scoreproduct' D:\xampp\htdocs\workspace\simpsons\trunk\server\Application\Runtime\Cache\Admin\ad58160d0ba497e124f68b10fdc57ae6.php 第 72 行.
NOTIC: [8] Use of undefined constant scoreproduct - assumed 'scoreproduct' D:\xampp\htdocs\workspace\simpsons\trunk\server\Application\Runtime\Cache\Admin\ad58160d0ba497e124f68b10fdc57ae6.php 第 72 行.
NOTIC: [8] Use of undefined constant scoreproduct - assumed 'scoreproduct' D:\xampp\htdocs\workspace\simpsons\trunk\server\Application\Runtime\Cache\Admin\ad58160d0ba497e124f68b10fdc57ae6.php 第 72 行.
NOTIC: [8] Use of undefined constant scoreproduct - assumed 'scoreproduct' D:\xampp\htdocs\workspace\simpsons\trunk\server\Application\Runtime\Cache\Admin\ad58160d0ba497e124f68b10fdc57ae6.php 第 72 行.
NOTIC: [8] Use of undefined constant scoreproduct - assumed 'scoreproduct' D:\xampp\htdocs\workspace\simpsons\trunk\server\Application\Runtime\Cache\Admin\ad58160d0ba497e124f68b10fdc57ae6.php 第 72 行.
INFO: Run Behavior\ParseTemplateBehavior [ RunTime:0.026002s ]
INFO: [ view_parse ] --END-- [ RunTime:0.026002s ]
INFO: [ view_filter ] --START--
INFO: Run Behavior\WriteHtmlCacheBehavior [ RunTime:0.001000s ]
INFO: [ view_filter ] --END-- [ RunTime:0.001000s ]
INFO: [ app_end ] --START--
INFO: Run Behavior\ShowPageTraceBehavior [ RunTime:0.001000s ]
INFO: [ app_end ] --END-- [ RunTime:0.001000s ]

[ 2016-07-22T21:14:40+08:00 ] ::1 /workspace/simpsons/trunk/server/Admin/ExchangeOrder/index.html?_=1469193280635
INFO: [ app_begin ] --START--
INFO: Run Behavior\ReadHtmlCacheBehavior [ RunTime:0.000000s ]
INFO: [ app_begin ] --END-- [ RunTime:0.000000s ]
SQL: SHOW COLUMNS FROM `easy_order` [ RunTime:0.0020s ]
SQL: SELECT COUNT(*) AS tp_count FROM `easy_order` WHERE `producttypekey` = 'scoreproduct' LIMIT 1   [ RunTime:0.0010s ]
SQL: SELECT * FROM `easy_order` WHERE `producttypekey` = 'scoreproduct' ORDER BY id desc LIMIT 0,10   [ RunTime:0.0000s ]
NOTIC: [8] Array to string conversion D:\xampp\htdocs\workspace\simpsons\trunk\server\Application\Admin\Controller\ExchangeOrderController.class.php 第 261 行.
NOTIC: [2] Illegal string offset 'p' D:\xampp\htdocs\workspace\simpsons\trunk\server\ThinkPHP\Library\Think\Page.class.php 第 81 行.
NOTIC: [8] Undefined variable: search D:\xampp\htdocs\workspace\simpsons\trunk\server\Application\Admin\Controller\ExchangeOrderController.class.php 第 282 行.
NOTIC: [8] Undefined index: values D:\xampp\htdocs\workspace\simpsons\trunk\server\Application\Admin\Controller\ExchangeOrderController.class.php 第 283 行.
INFO: [ view_parse ] --START--
INFO: [ template_filter ] --START--
INFO: Run Behavior\ContentReplaceBehavior [ RunTime:0.000000s ]
INFO: [ template_filter ] --END-- [ RunTime:0.000000s ]
NOTIC: [8] Undefined index: _order D:\xampp\htdocs\workspace\simpsons\trunk\server\Application\Runtime\Cache\Admin\fc6ec18fd534929bfb75dcb861e98a9a.php 第 4 行.
NOTIC: [8] Undefined index: _sort D:\xampp\htdocs\workspace\simpsons\trunk\server\Application\Runtime\Cache\Admin\fc6ec18fd534929bfb75dcb861e98a9a.php 第 5 行.
NOTIC: [8] Undefined index: keyword D:\xampp\htdocs\workspace\simpsons\trunk\server\Application\Runtime\Cache\Admin\fc6ec18fd534929bfb75dcb861e98a9a.php 第 14 行.
NOTIC: [8] Use of undefined constant scoreproduct - assumed 'scoreproduct' D:\xampp\htdocs\workspace\simpsons\trunk\server\Application\Runtime\Cache\Admin\fc6ec18fd534929bfb75dcb861e98a9a.php 第 72 行.
NOTIC: [8] Use of undefined constant scoreproduct - assumed 'scoreproduct' D:\xampp\htdocs\workspace\simpsons\trunk\server\Application\Runtime\Cache\Admin\fc6ec18fd534929bfb75dcb861e98a9a.php 第 72 行.
NOTIC: [8] Use of undefined constant scoreproduct - assumed 'scoreproduct' D:\xampp\htdocs\workspace\simpsons\trunk\server\Application\Runtime\Cache\Admin\fc6ec18fd534929bfb75dcb861e98a9a.php 第 72 行.
NOTIC: [8] Use of undefined constant scoreproduct - assumed 'scoreproduct' D:\xampp\htdocs\workspace\simpsons\trunk\server\Application\Runtime\Cache\Admin\fc6ec18fd534929bfb75dcb861e98a9a.php 第 72 行.
NOTIC: [8] Use of undefined constant scoreproduct - assumed 'scoreproduct' D:\xampp\htdocs\workspace\simpsons\trunk\server\Application\Runtime\Cache\Admin\fc6ec18fd534929bfb75dcb861e98a9a.php 第 72 行.
NOTIC: [8] Use of undefined constant scoreproduct - assumed 'scoreproduct' D:\xampp\htdocs\workspace\simpsons\trunk\server\Application\Runtime\Cache\Admin\fc6ec18fd534929bfb75dcb861e98a9a.php 第 72 行.
NOTIC: [8] Use of undefined constant scoreproduct - assumed 'scoreproduct' D:\xampp\htdocs\workspace\simpsons\trunk\server\Application\Runtime\Cache\Admin\fc6ec18fd534929bfb75dcb861e98a9a.php 第 72 行.
NOTIC: [8] Use of undefined constant scoreproduct - assumed 'scoreproduct' D:\xampp\htdocs\workspace\simpsons\trunk\server\Application\Runtime\Cache\Admin\fc6ec18fd534929bfb75dcb861e98a9a.php 第 72 行.
NOTIC: [8] Use of undefined constant scoreproduct - assumed 'scoreproduct' D:\xampp\htdocs\workspace\simpsons\trunk\server\Application\Runtime\Cache\Admin\fc6ec18fd534929bfb75dcb861e98a9a.php 第 72 行.
NOTIC: [8] Use of undefined constant scoreproduct - assumed 'scoreproduct' D:\xampp\htdocs\workspace\simpsons\trunk\server\Application\Runtime\Cache\Admin\fc6ec18fd534929bfb75dcb861e98a9a.php 第 72 行.
INFO: Run Behavior\ParseTemplateBehavior [ RunTime:0.026002s ]
INFO: [ view_parse ] --END-- [ RunTime:0.026002s ]
INFO: [ view_filter ] --START--
INFO: Run Behavior\WriteHtmlCacheBehavior [ RunTime:0.000000s ]
INFO: [ view_filter ] --END-- [ RunTime:0.000000s ]
INFO: [ app_end ] --START--
INFO: Run Behavior\ShowPageTraceBehavior [ RunTime:0.000000s ]
INFO: [ app_end ] --END-- [ RunTime:0.000000s ]

