[ 2016-02-10T10:49:17+08:00 ] ::1 /workspace/simpsons/trunk/server/Admin/Login/login.html
INFO: [ app_begin ] --START--
INFO: Run Behavior\ReadHtmlCacheBehavior [ RunTime:0.012500s ]
INFO: [ app_begin ] --END-- [ RunTime:0.025000s ]
INFO: [ view_parse ] --START--
INFO: [ template_filter ] --START--
INFO: Run Behavior\ContentReplaceBehavior [ RunTime:0.010001s ]
INFO: [ template_filter ] --END-- [ RunTime:0.010001s ]
SQL: SHOW COLUMNS FROM `easy_fields` [ RunTime:0.2100s ]
SQL: SELECT * FROM `easy_fields` WHERE `field` = 'title' LIMIT 1   [ RunTime:0.0250s ]
INFO: Run Behavior\ParseTemplateBehavior [ RunTime:0.530009s ]
INFO: [ view_parse ] --END-- [ RunTime:0.530009s ]
INFO: [ view_filter ] --START--
INFO: Run Behavior\WriteHtmlCacheBehavior [ RunTime:0.010000s ]
INFO: [ view_filter ] --END-- [ RunTime:0.010000s ]
INFO: [ app_end ] --START--
INFO: Run Behavior\ShowPageTraceBehavior [ RunTime:0.015000s ]
INFO: [ app_end ] --END-- [ RunTime:0.015000s ]

[ 2016-02-10T10:49:17+08:00 ] ::1 /workspace/simpsons/trunk/server/Admin/Login/verify/
INFO: [ app_begin ] --START--
INFO: Run Behavior\ReadHtmlCacheBehavior [ RunTime:0.000000s ]
INFO: [ app_begin ] --END-- [ RunTime:0.002500s ]
INFO: [ app_end ] --START--
INFO: Run Behavior\ShowPageTraceBehavior [ RunTime:0.002500s ]
INFO: [ app_end ] --END-- [ RunTime:0.002500s ]

[ 2016-02-10T10:49:29+08:00 ] ::1 /workspace/simpsons/trunk/server/Admin/Login/checkLogin/
INFO: [ app_begin ] --START--
INFO: Run Behavior\ReadHtmlCacheBehavior [ RunTime:0.002500s ]
INFO: [ app_begin ] --END-- [ RunTime:0.002500s ]
SQL: SHOW COLUMNS FROM `easy_user` [ RunTime:0.0725s ]
SQL: SELECT * FROM `easy_user` WHERE `username` = 'admin' LIMIT 1   [ RunTime:0.1225s ]
SQL: UPDATE `easy_user` SET `logintime`='1455072568',`loginip`='0.0.0.0' WHERE `id` = 6 [ RunTime:0.4325s ]

[ 2016-02-10T10:49:29+08:00 ] ::1 /workspace/simpsons/trunk/server/Admin/Index/index.html
INFO: [ app_begin ] --START--
INFO: Run Behavior\ReadHtmlCacheBehavior [ RunTime:0.000000s ]
INFO: [ app_begin ] --END-- [ RunTime:0.002500s ]
NOTIC: [8] Use of undefined constant GROUP_NAME - assumed 'GROUP_NAME' D:\xampp\htdocs\workspace\simpsons\trunk\server\Application\Admin\Controller\CommonController.class.php 第 27 行.
INFO: [ view_parse ] --START--
INFO: [ template_filter ] --START--
INFO: Run Behavior\ContentReplaceBehavior [ RunTime:0.000000s ]
INFO: [ template_filter ] --END-- [ RunTime:0.000000s ]
SQL: SHOW COLUMNS FROM `easy_fields` [ RunTime:0.0025s ]
SQL: SELECT * FROM `easy_fields` WHERE `field` = 'title' LIMIT 1   [ RunTime:0.0000s ]
INFO: Run Behavior\ParseTemplateBehavior [ RunTime:0.130002s ]
INFO: [ view_parse ] --END-- [ RunTime:0.130002s ]
INFO: [ view_filter ] --START--
INFO: Run Behavior\WriteHtmlCacheBehavior [ RunTime:0.000000s ]
INFO: [ view_filter ] --END-- [ RunTime:0.000000s ]
INFO: [ app_end ] --START--
INFO: Run Behavior\ShowPageTraceBehavior [ RunTime:0.002500s ]
INFO: [ app_end ] --END-- [ RunTime:0.002500s ]

[ 2016-02-10T10:51:47+08:00 ] ::1 /workspace/simpsons/trunk/server/Admin/Memberuser/index.html?_=1455072707003
INFO: [ app_begin ] --START--
INFO: Run Behavior\ReadHtmlCacheBehavior [ RunTime:0.000000s ]
INFO: [ app_begin ] --END-- [ RunTime:0.000000s ]
NOTIC: [8] Use of undefined constant GROUP_NAME - assumed 'GROUP_NAME' D:\xampp\htdocs\workspace\simpsons\trunk\server\Application\Admin\Controller\CommonController.class.php 第 27 行.
SQL: SHOW COLUMNS FROM `easy_member_user` [ RunTime:0.1125s ]
SQL: SELECT COUNT(*) AS tp_count FROM `easy_member_user` LIMIT 1   [ RunTime:0.0000s ]
SQL: SELECT * FROM `easy_member_user` ORDER BY userid desc LIMIT 0,10   [ RunTime:0.0000s ]
NOTIC: [8] Undefined variable: search D:\xampp\htdocs\workspace\simpsons\trunk\server\Application\Admin\Controller\MemberuserController.class.php 第 483 行.
NOTIC: [8] Undefined index: values D:\xampp\htdocs\workspace\simpsons\trunk\server\Application\Admin\Controller\MemberuserController.class.php 第 484 行.
INFO: [ view_parse ] --START--
INFO: [ template_filter ] --START--
INFO: Run Behavior\ContentReplaceBehavior [ RunTime:0.000000s ]
INFO: [ template_filter ] --END-- [ RunTime:0.000000s ]
NOTIC: [8] Undefined index: _order D:\xampp\htdocs\workspace\simpsons\trunk\server\Application\Runtime\Cache\Admin\45dbf6a18f3e47a1ee3d2b2369ed965f.php 第 4 行.
NOTIC: [8] Undefined index: _sort D:\xampp\htdocs\workspace\simpsons\trunk\server\Application\Runtime\Cache\Admin\45dbf6a18f3e47a1ee3d2b2369ed965f.php 第 5 行.
NOTIC: [8] Undefined index: keyword D:\xampp\htdocs\workspace\simpsons\trunk\server\Application\Runtime\Cache\Admin\45dbf6a18f3e47a1ee3d2b2369ed965f.php 第 14 行.
INFO: Run Behavior\ParseTemplateBehavior [ RunTime:0.055001s ]
INFO: [ view_parse ] --END-- [ RunTime:0.055001s ]
INFO: [ view_filter ] --START--
INFO: Run Behavior\WriteHtmlCacheBehavior [ RunTime:0.000000s ]
INFO: [ view_filter ] --END-- [ RunTime:0.000000s ]
INFO: [ app_end ] --START--
INFO: Run Behavior\ShowPageTraceBehavior [ RunTime:0.002500s ]
INFO: [ app_end ] --END-- [ RunTime:0.002500s ]

[ 2016-02-10T10:51:54+08:00 ] ::1 /workspace/simpsons/trunk/server/Admin/News/index.html?_=1455072714274
INFO: [ app_begin ] --START--
INFO: Run Behavior\ReadHtmlCacheBehavior [ RunTime:0.000000s ]
INFO: [ app_begin ] --END-- [ RunTime:0.002500s ]
NOTIC: [8] Use of undefined constant GROUP_NAME - assumed 'GROUP_NAME' D:\xampp\htdocs\workspace\simpsons\trunk\server\Application\Admin\Controller\CommonController.class.php 第 27 行.
SQL: SHOW COLUMNS FROM `easy_news` [ RunTime:0.1125s ]
SQL: SELECT COUNT(*) AS tp_count FROM `easy_news` LIMIT 1   [ RunTime:0.0000s ]
SQL: SELECT * FROM `easy_news` ORDER BY newsid desc LIMIT 0,10   [ RunTime:0.0000s ]
NOTIC: [8] Undefined variable: search D:\xampp\htdocs\workspace\simpsons\trunk\server\Application\Admin\Controller\NewsController.class.php 第 411 行.
NOTIC: [8] Undefined index: values D:\xampp\htdocs\workspace\simpsons\trunk\server\Application\Admin\Controller\NewsController.class.php 第 412 行.
INFO: [ view_parse ] --START--
INFO: [ template_filter ] --START--
INFO: Run Behavior\ContentReplaceBehavior [ RunTime:0.002500s ]
INFO: [ template_filter ] --END-- [ RunTime:0.002500s ]
NOTIC: [8] Undefined index: _order D:\xampp\htdocs\workspace\simpsons\trunk\server\Application\Runtime\Cache\Admin\9c9069fb50ed95e0d557427c41be5bdb.php 第 4 行.
NOTIC: [8] Undefined index: _sort D:\xampp\htdocs\workspace\simpsons\trunk\server\Application\Runtime\Cache\Admin\9c9069fb50ed95e0d557427c41be5bdb.php 第 5 行.
NOTIC: [8] Undefined index: keyword D:\xampp\htdocs\workspace\simpsons\trunk\server\Application\Runtime\Cache\Admin\9c9069fb50ed95e0d557427c41be5bdb.php 第 14 行.
INFO: Run Behavior\ParseTemplateBehavior [ RunTime:0.065001s ]
INFO: [ view_parse ] --END-- [ RunTime:0.065001s ]
INFO: [ view_filter ] --START--
INFO: Run Behavior\WriteHtmlCacheBehavior [ RunTime:0.000000s ]
INFO: [ view_filter ] --END-- [ RunTime:0.000000s ]
INFO: [ app_end ] --START--
INFO: Run Behavior\ShowPageTraceBehavior [ RunTime:0.000000s ]
INFO: [ app_end ] --END-- [ RunTime:0.002500s ]

[ 2016-02-10T10:52:06+08:00 ] ::1 /workspace/simpsons/trunk/server/Admin/Product/index.html?_=1455072726169
INFO: [ app_begin ] --START--
INFO: Run Behavior\ReadHtmlCacheBehavior [ RunTime:0.000000s ]
INFO: [ app_begin ] --END-- [ RunTime:0.000000s ]
NOTIC: [8] Use of undefined constant GROUP_NAME - assumed 'GROUP_NAME' D:\xampp\htdocs\workspace\simpsons\trunk\server\Application\Admin\Controller\CommonController.class.php 第 27 行.
SQL: SHOW COLUMNS FROM `easy_product` [ RunTime:0.0550s ]
SQL: SELECT COUNT(*) AS tp_count FROM `easy_product` LIMIT 1   [ RunTime:0.0000s ]
SQL: SELECT * FROM `easy_product` ORDER BY productid desc LIMIT 0,10   [ RunTime:0.0000s ]
NOTIC: [8] Undefined variable: search D:\xampp\htdocs\workspace\simpsons\trunk\server\Application\Admin\Controller\ProductController.class.php 第 412 行.
NOTIC: [8] Undefined index: values D:\xampp\htdocs\workspace\simpsons\trunk\server\Application\Admin\Controller\ProductController.class.php 第 413 行.
INFO: [ view_parse ] --START--
INFO: [ template_filter ] --START--
INFO: Run Behavior\ContentReplaceBehavior [ RunTime:0.000000s ]
INFO: [ template_filter ] --END-- [ RunTime:0.000000s ]
NOTIC: [8] Undefined index: _order D:\xampp\htdocs\workspace\simpsons\trunk\server\Application\Runtime\Cache\Admin\543886cf434153c66490642398adebe3.php 第 4 行.
NOTIC: [8] Undefined index: _sort D:\xampp\htdocs\workspace\simpsons\trunk\server\Application\Runtime\Cache\Admin\543886cf434153c66490642398adebe3.php 第 5 行.
NOTIC: [8] Undefined index: keyword D:\xampp\htdocs\workspace\simpsons\trunk\server\Application\Runtime\Cache\Admin\543886cf434153c66490642398adebe3.php 第 14 行.
INFO: Run Behavior\ParseTemplateBehavior [ RunTime:0.022501s ]
INFO: [ view_parse ] --END-- [ RunTime:0.022501s ]
INFO: [ view_filter ] --START--
INFO: Run Behavior\WriteHtmlCacheBehavior [ RunTime:0.000000s ]
INFO: [ view_filter ] --END-- [ RunTime:0.000000s ]
INFO: [ app_end ] --START--
INFO: Run Behavior\ShowPageTraceBehavior [ RunTime:0.002500s ]
INFO: [ app_end ] --END-- [ RunTime:0.002500s ]

[ 2016-02-10T10:52:13+08:00 ] ::1 /workspace/simpsons/trunk/server/Admin/Order/index.html?_=1455072732754
INFO: [ app_begin ] --START--
INFO: Run Behavior\ReadHtmlCacheBehavior [ RunTime:0.000000s ]
INFO: [ app_begin ] --END-- [ RunTime:0.000000s ]
NOTIC: [8] Use of undefined constant GROUP_NAME - assumed 'GROUP_NAME' D:\xampp\htdocs\workspace\simpsons\trunk\server\Application\Admin\Controller\CommonController.class.php 第 27 行.
SQL: SHOW COLUMNS FROM `easy_order` [ RunTime:0.0950s ]
SQL: SELECT COUNT(*) AS tp_count FROM `easy_order` LIMIT 1   [ RunTime:0.0000s ]
SQL: SELECT * FROM `easy_order` ORDER BY orderid desc LIMIT 0,10   [ RunTime:0.0000s ]
NOTIC: [8] Undefined variable: search D:\xampp\htdocs\workspace\simpsons\trunk\server\Application\Admin\Controller\OrderController.class.php 第 270 行.
NOTIC: [8] Undefined index: values D:\xampp\htdocs\workspace\simpsons\trunk\server\Application\Admin\Controller\OrderController.class.php 第 271 行.
INFO: [ view_parse ] --START--
INFO: [ template_filter ] --START--
INFO: Run Behavior\ContentReplaceBehavior [ RunTime:0.000000s ]
INFO: [ template_filter ] --END-- [ RunTime:0.000000s ]
NOTIC: [8] Undefined index: _order D:\xampp\htdocs\workspace\simpsons\trunk\server\Application\Runtime\Cache\Admin\ad58160d0ba497e124f68b10fdc57ae6.php 第 4 行.
NOTIC: [8] Undefined index: _sort D:\xampp\htdocs\workspace\simpsons\trunk\server\Application\Runtime\Cache\Admin\ad58160d0ba497e124f68b10fdc57ae6.php 第 5 行.
NOTIC: [8] Undefined index: keyword D:\xampp\htdocs\workspace\simpsons\trunk\server\Application\Runtime\Cache\Admin\ad58160d0ba497e124f68b10fdc57ae6.php 第 14 行.
INFO: Run Behavior\ParseTemplateBehavior [ RunTime:0.055001s ]
INFO: [ view_parse ] --END-- [ RunTime:0.055001s ]
INFO: [ view_filter ] --START--
INFO: Run Behavior\WriteHtmlCacheBehavior [ RunTime:0.000000s ]
INFO: [ view_filter ] --END-- [ RunTime:0.000000s ]
INFO: [ app_end ] --START--
INFO: Run Behavior\ShowPageTraceBehavior [ RunTime:0.002500s ]
INFO: [ app_end ] --END-- [ RunTime:0.002500s ]

