[ 2016-08-20T21:36:01+08:00 ] ::1 /evaluationSystem/Index/Login/logout
INFO: [ app_begin ] --START--
INFO: Run Behavior\ReadHtmlCacheBehavior [ RunTime:0.001000s ]
INFO: [ app_begin ] --END-- [ RunTime:0.001000s ]
INFO: [ view_parse ] --START--
INFO: [ template_filter ] --START--
INFO: Run Behavior\ContentReplaceBehavior [ RunTime:0.000000s ]
INFO: [ template_filter ] --END-- [ RunTime:0.000000s ]
NOTIC: [8] Undefined index: message D:\xampp\htdocs\evaluationSystem\Application\Runtime\Cache\Index\380876ff5eecdf3888d6968a913a5ee2.php 第 58 行.
INFO: Run Behavior\ParseTemplateBehavior [ RunTime:0.005000s ]
INFO: [ view_parse ] --END-- [ RunTime:0.005000s ]
INFO: [ view_filter ] --START--
INFO: Run Behavior\WriteHtmlCacheBehavior [ RunTime:0.000000s ]
INFO: [ view_filter ] --END-- [ RunTime:0.000000s ]
INFO: [ app_end ] --START--
INFO: Run Behavior\ShowPageTraceBehavior [ RunTime:0.001001s ]
INFO: [ app_end ] --END-- [ RunTime:0.001001s ]

[ 2016-08-20T21:36:02+08:00 ] ::1 /evaluationSystem/Index/Login/verify/
INFO: [ app_begin ] --START--
INFO: Run Behavior\ReadHtmlCacheBehavior [ RunTime:0.001000s ]
INFO: [ app_begin ] --END-- [ RunTime:0.001000s ]
INFO: [ app_end ] --START--
INFO: Run Behavior\ShowPageTraceBehavior [ RunTime:0.001000s ]
INFO: [ app_end ] --END-- [ RunTime:0.001000s ]

[ 2016-08-20T21:40:47+08:00 ] ::1 /evaluationSystem/Index/Login/checkLogin/
INFO: [ app_begin ] --START--
INFO: Run Behavior\ReadHtmlCacheBehavior [ RunTime:0.000000s ]
INFO: [ app_begin ] --END-- [ RunTime:0.001000s ]
SQL: SHOW COLUMNS FROM `es_user` [ RunTime:0.1270s ]
SQL: SELECT * FROM `es_user` WHERE `username` = 'admin' LIMIT 1   [ RunTime:0.0030s ]
INFO: [ view_parse ] --START--
INFO: [ template_filter ] --START--
INFO: Run Behavior\ContentReplaceBehavior [ RunTime:0.000000s ]
INFO: [ template_filter ] --END-- [ RunTime:0.000000s ]
INFO: Run Behavior\ParseTemplateBehavior [ RunTime:0.010001s ]
INFO: [ view_parse ] --END-- [ RunTime:0.010001s ]
INFO: [ view_filter ] --START--
INFO: Run Behavior\WriteHtmlCacheBehavior [ RunTime:0.001000s ]
INFO: [ view_filter ] --END-- [ RunTime:0.001000s ]

[ 2016-08-20T21:40:47+08:00 ] ::1 /evaluationSystem/Index/Login/verify/
INFO: [ app_begin ] --START--
INFO: Run Behavior\ReadHtmlCacheBehavior [ RunTime:0.001000s ]
INFO: [ app_begin ] --END-- [ RunTime:0.001000s ]
INFO: [ app_end ] --START--
INFO: Run Behavior\ShowPageTraceBehavior [ RunTime:0.001000s ]
INFO: [ app_end ] --END-- [ RunTime:0.001000s ]

[ 2016-08-20T21:40:56+08:00 ] ::1 /evaluationSystem/Index/Login/checkLogin/
INFO: [ app_begin ] --START--
INFO: Run Behavior\ReadHtmlCacheBehavior [ RunTime:0.000000s ]
INFO: [ app_begin ] --END-- [ RunTime:0.001001s ]
SQL: SHOW COLUMNS FROM `es_user` [ RunTime:0.0030s ]
SQL: SELECT * FROM `es_user` WHERE `username` = 'admin' LIMIT 1   [ RunTime:0.0000s ]
SQL: UPDATE `es_user` SET `logintime`='1471700455',`loginip`='0' WHERE `id` = 1 [ RunTime:0.0720s ]

[ 2016-08-20T21:47:55+08:00 ] ::1 /evaluationSystem/Index/Login/login.html
INFO: [ app_begin ] --START--
INFO: Run Behavior\ReadHtmlCacheBehavior [ RunTime:0.001000s ]
INFO: [ app_begin ] --END-- [ RunTime:0.001000s ]
INFO: [ view_parse ] --START--
INFO: [ template_filter ] --START--
INFO: Run Behavior\ContentReplaceBehavior [ RunTime:0.000000s ]
INFO: [ template_filter ] --END-- [ RunTime:0.000000s ]
NOTIC: [8] Undefined index: message D:\xampp\htdocs\evaluationSystem\Application\Runtime\Cache\Index\380876ff5eecdf3888d6968a913a5ee2.php 第 58 行.
INFO: Run Behavior\ParseTemplateBehavior [ RunTime:0.005000s ]
INFO: [ view_parse ] --END-- [ RunTime:0.005000s ]
INFO: [ view_filter ] --START--
INFO: Run Behavior\WriteHtmlCacheBehavior [ RunTime:0.000000s ]
INFO: [ view_filter ] --END-- [ RunTime:0.000000s ]
INFO: [ app_end ] --START--
INFO: Run Behavior\ShowPageTraceBehavior [ RunTime:0.000000s ]
INFO: [ app_end ] --END-- [ RunTime:0.000000s ]

[ 2016-08-20T21:47:56+08:00 ] ::1 /evaluationSystem/Index/Login/verify/
INFO: [ app_begin ] --START--
INFO: Run Behavior\ReadHtmlCacheBehavior [ RunTime:0.001000s ]
INFO: [ app_begin ] --END-- [ RunTime:0.001000s ]
INFO: [ app_end ] --START--
INFO: Run Behavior\ShowPageTraceBehavior [ RunTime:0.001001s ]
INFO: [ app_end ] --END-- [ RunTime:0.001001s ]

[ 2016-08-20T21:48:05+08:00 ] ::1 /evaluationSystem/Index/Login/checkLogin/
INFO: [ app_begin ] --START--
INFO: Run Behavior\ReadHtmlCacheBehavior [ RunTime:0.000000s ]
INFO: [ app_begin ] --END-- [ RunTime:0.000000s ]
SQL: SHOW COLUMNS FROM `es_user` [ RunTime:0.0030s ]
SQL: SELECT * FROM `es_user` WHERE `username` = 'bhao' LIMIT 1   [ RunTime:0.0000s ]
SQL: UPDATE `es_user` SET `logintime`='1471700885',`loginip`='0' WHERE `id` = 17 [ RunTime:0.1440s ]
SQL: select node.id,node.name,node.title,node.imgsrc,node.remark from es_role as role,es_role_user as user,es_access as access ,es_node as node where user.user_id='17' and user.role_id=role.id and ( access.role_id=role.id  or (access.role_id=role.pid and role.pid!=0 ) ) and role.status=1 and access.node_id=node.id and node.level=1 and node.status=1 [ RunTime:0.0270s ]
SQL: select node.id,node.name from es_role as role,es_role_user as user,es_access as access ,es_node as node where user.user_id='17' and user.role_id=role.id and ( access.role_id=role.id  or (access.role_id=role.pid and role.pid!=0 ) ) and role.status=1 and access.node_id=node.id and node.level=2 and node.pid=26 and node.status=1 [ RunTime:0.0020s ]
SQL: select node.id,node.name from es_role as role,es_role_user as user,es_access as access ,es_node as node where user.user_id='17' and user.role_id=role.id and ( access.role_id=role.id  or (access.role_id=role.pid and role.pid!=0 ) ) and role.status=1 and access.node_id=node.id and node.level=3 and node.pid=28 and node.status=1 [ RunTime:0.0010s ]
SQL: select node.id,node.name from es_role as role,es_role_user as user,es_access as access ,es_node as node where user.user_id='17' and user.role_id=role.id and ( access.role_id=role.id  or (access.role_id=role.pid and role.pid!=0 ) ) and role.status=1 and access.node_id=node.id and node.level=2 and node.pid=30 and node.status=1 [ RunTime:0.0010s ]
SQL: select node.id,node.name from es_role as role,es_role_user as user,es_access as access ,es_node as node where user.user_id='17' and user.role_id=role.id and ( access.role_id=role.id  or (access.role_id=role.pid and role.pid!=0 ) ) and role.status=1 and access.node_id=node.id and node.level=3 and node.pid=31 and node.status=1 [ RunTime:0.0020s ]
SQL: select node.id,node.name from es_role as role,es_role_user as user,es_access as access ,es_node as node where user.user_id='17' and user.role_id=role.id and ( access.role_id=role.id  or (access.role_id=role.pid and role.pid!=0 ) ) and role.status=1 and access.node_id=node.id and node.level=2 and node.pid=33 and node.status=1 [ RunTime:0.0000s ]
SQL: select node.id,node.name from es_role as role,es_role_user as user,es_access as access ,es_node as node where user.user_id='17' and user.role_id=role.id and ( access.role_id=role.id  or (access.role_id=role.pid and role.pid!=0 ) ) and role.status=1 and access.node_id=node.id and node.level=3 and node.pid=34 and node.status=1 [ RunTime:0.0000s ]
SQL: select node.id,node.name from es_role as role,es_role_user as user,es_access as access ,es_node as node where user.user_id='17' and user.role_id=role.id and ( access.role_id=role.id  or (access.role_id=role.pid and role.pid!=0 ) ) and role.status=1 and access.node_id=node.id and node.level=2 and node.pid=37 and node.status=1 [ RunTime:0.0000s ]
SQL: select node.id,node.name from es_role as role,es_role_user as user,es_access as access ,es_node as node where user.user_id='17' and user.role_id=role.id and ( access.role_id=role.id  or (access.role_id=role.pid and role.pid!=0 ) ) and role.status=1 and access.node_id=node.id and node.level=3 and node.pid=38 and node.status=1 [ RunTime:0.0010s ]

[ 2016-08-20T21:48:06+08:00 ] ::1 /evaluationSystem/Index/Index/index.html
INFO: [ app_begin ] --START--
INFO: Run Behavior\ReadHtmlCacheBehavior [ RunTime:0.000000s ]
INFO: [ app_begin ] --END-- [ RunTime:0.000000s ]
SQL: SHOW COLUMNS FROM `es_fields` [ RunTime:0.0500s ]
SQL: SELECT * FROM `es_fields` WHERE `field` = 'ad'  [ RunTime:0.0010s ]
INFO: [ view_parse ] --START--
INFO: [ template_filter ] --START--
INFO: Run Behavior\ContentReplaceBehavior [ RunTime:0.000000s ]
INFO: [ template_filter ] --END-- [ RunTime:0.000000s ]
INFO: Run Behavior\ParseTemplateBehavior [ RunTime:0.020001s ]
INFO: [ view_parse ] --END-- [ RunTime:0.020001s ]
INFO: [ view_filter ] --START--
INFO: Run Behavior\WriteHtmlCacheBehavior [ RunTime:0.001000s ]
INFO: [ view_filter ] --END-- [ RunTime:0.001000s ]
INFO: [ app_end ] --START--
INFO: Run Behavior\ShowPageTraceBehavior [ RunTime:0.001000s ]
INFO: [ app_end ] --END-- [ RunTime:0.001000s ]

[ 2016-08-20T21:48:43+08:00 ] ::1 /evaluationSystem/Index/Login/logout
INFO: [ app_begin ] --START--
INFO: Run Behavior\ReadHtmlCacheBehavior [ RunTime:0.000000s ]
INFO: [ app_begin ] --END-- [ RunTime:0.001000s ]
INFO: [ view_parse ] --START--
INFO: [ template_filter ] --START--
INFO: Run Behavior\ContentReplaceBehavior [ RunTime:0.000000s ]
INFO: [ template_filter ] --END-- [ RunTime:0.000000s ]
NOTIC: [8] Undefined index: message D:\xampp\htdocs\evaluationSystem\Application\Runtime\Cache\Index\380876ff5eecdf3888d6968a913a5ee2.php 第 58 行.
INFO: Run Behavior\ParseTemplateBehavior [ RunTime:0.005000s ]
INFO: [ view_parse ] --END-- [ RunTime:0.005000s ]
INFO: [ view_filter ] --START--
INFO: Run Behavior\WriteHtmlCacheBehavior [ RunTime:0.000000s ]
INFO: [ view_filter ] --END-- [ RunTime:0.000000s ]
INFO: [ app_end ] --START--
INFO: Run Behavior\ShowPageTraceBehavior [ RunTime:0.001000s ]
INFO: [ app_end ] --END-- [ RunTime:0.001000s ]

[ 2016-08-20T21:48:43+08:00 ] ::1 /evaluationSystem/Index/Login/verify/
INFO: [ app_begin ] --START--
INFO: Run Behavior\ReadHtmlCacheBehavior [ RunTime:0.000000s ]
INFO: [ app_begin ] --END-- [ RunTime:0.002000s ]
INFO: [ app_end ] --START--
INFO: Run Behavior\ShowPageTraceBehavior [ RunTime:0.001000s ]
INFO: [ app_end ] --END-- [ RunTime:0.001000s ]

[ 2016-08-20T21:48:50+08:00 ] ::1 /evaluationSystem/Index/Login/checkLogin/
INFO: [ app_begin ] --START--
INFO: Run Behavior\ReadHtmlCacheBehavior [ RunTime:0.000000s ]
INFO: [ app_begin ] --END-- [ RunTime:0.000000s ]
SQL: SHOW COLUMNS FROM `es_user` [ RunTime:0.0030s ]
SQL: SELECT * FROM `es_user` WHERE `username` = 'admin' LIMIT 1   [ RunTime:0.0000s ]
SQL: UPDATE `es_user` SET `logintime`='1471700930',`loginip`='0' WHERE `id` = 1 [ RunTime:0.1610s ]

[ 2016-08-20T21:49:24+08:00 ] ::1 /evaluationSystem/Index/Login/login.html
INFO: [ app_begin ] --START--
INFO: Run Behavior\ReadHtmlCacheBehavior [ RunTime:0.000000s ]
INFO: [ app_begin ] --END-- [ RunTime:0.000000s ]
INFO: [ view_parse ] --START--
INFO: [ template_filter ] --START--
INFO: Run Behavior\ContentReplaceBehavior [ RunTime:0.000000s ]
INFO: [ template_filter ] --END-- [ RunTime:0.000000s ]
NOTIC: [8] Undefined index: message D:\xampp\htdocs\evaluationSystem\Application\Runtime\Cache\Index\380876ff5eecdf3888d6968a913a5ee2.php 第 58 行.
INFO: Run Behavior\ParseTemplateBehavior [ RunTime:0.006000s ]
INFO: [ view_parse ] --END-- [ RunTime:0.006000s ]
INFO: [ view_filter ] --START--
INFO: Run Behavior\WriteHtmlCacheBehavior [ RunTime:0.001000s ]
INFO: [ view_filter ] --END-- [ RunTime:0.001000s ]
INFO: [ app_end ] --START--
INFO: Run Behavior\ShowPageTraceBehavior [ RunTime:0.000000s ]
INFO: [ app_end ] --END-- [ RunTime:0.000000s ]

[ 2016-08-20T21:49:24+08:00 ] ::1 /evaluationSystem/Index/Login/verify/
INFO: [ app_begin ] --START--
INFO: Run Behavior\ReadHtmlCacheBehavior [ RunTime:0.000000s ]
INFO: [ app_begin ] --END-- [ RunTime:0.001000s ]
INFO: [ app_end ] --START--
INFO: Run Behavior\ShowPageTraceBehavior [ RunTime:0.001000s ]
INFO: [ app_end ] --END-- [ RunTime:0.001000s ]

[ 2016-08-20T21:49:31+08:00 ] ::1 /evaluationSystem/Index/Login/checkLogin/
INFO: [ app_begin ] --START--
INFO: Run Behavior\ReadHtmlCacheBehavior [ RunTime:0.000000s ]
INFO: [ app_begin ] --END-- [ RunTime:0.001000s ]
SQL: SHOW COLUMNS FROM `es_user` [ RunTime:0.0030s ]
SQL: SELECT * FROM `es_user` WHERE `username` = 'bhao' LIMIT 1   [ RunTime:0.0010s ]
SQL: UPDATE `es_user` SET `logintime`='1471700971',`loginip`='0' WHERE `id` = 17 [ RunTime:0.1140s ]
SQL: select node.id,node.name,node.title,node.imgsrc,node.remark from es_role as role,es_role_user as user,es_access as access ,es_node as node where user.user_id='17' and user.role_id=role.id and ( access.role_id=role.id  or (access.role_id=role.pid and role.pid!=0 ) ) and role.status=1 and access.node_id=node.id and node.level=1 and node.status=1 [ RunTime:0.0010s ]
SQL: select node.id,node.name from es_role as role,es_role_user as user,es_access as access ,es_node as node where user.user_id='17' and user.role_id=role.id and ( access.role_id=role.id  or (access.role_id=role.pid and role.pid!=0 ) ) and role.status=1 and access.node_id=node.id and node.level=2 and node.pid=26 and node.status=1 [ RunTime:0.0010s ]
SQL: select node.id,node.name from es_role as role,es_role_user as user,es_access as access ,es_node as node where user.user_id='17' and user.role_id=role.id and ( access.role_id=role.id  or (access.role_id=role.pid and role.pid!=0 ) ) and role.status=1 and access.node_id=node.id and node.level=3 and node.pid=28 and node.status=1 [ RunTime:0.0010s ]
SQL: select node.id,node.name from es_role as role,es_role_user as user,es_access as access ,es_node as node where user.user_id='17' and user.role_id=role.id and ( access.role_id=role.id  or (access.role_id=role.pid and role.pid!=0 ) ) and role.status=1 and access.node_id=node.id and node.level=2 and node.pid=30 and node.status=1 [ RunTime:0.0020s ]
SQL: select node.id,node.name from es_role as role,es_role_user as user,es_access as access ,es_node as node where user.user_id='17' and user.role_id=role.id and ( access.role_id=role.id  or (access.role_id=role.pid and role.pid!=0 ) ) and role.status=1 and access.node_id=node.id and node.level=3 and node.pid=31 and node.status=1 [ RunTime:0.0010s ]
SQL: select node.id,node.name from es_role as role,es_role_user as user,es_access as access ,es_node as node where user.user_id='17' and user.role_id=role.id and ( access.role_id=role.id  or (access.role_id=role.pid and role.pid!=0 ) ) and role.status=1 and access.node_id=node.id and node.level=2 and node.pid=33 and node.status=1 [ RunTime:0.0020s ]
SQL: select node.id,node.name from es_role as role,es_role_user as user,es_access as access ,es_node as node where user.user_id='17' and user.role_id=role.id and ( access.role_id=role.id  or (access.role_id=role.pid and role.pid!=0 ) ) and role.status=1 and access.node_id=node.id and node.level=3 and node.pid=34 and node.status=1 [ RunTime:0.0010s ]
SQL: select node.id,node.name from es_role as role,es_role_user as user,es_access as access ,es_node as node where user.user_id='17' and user.role_id=role.id and ( access.role_id=role.id  or (access.role_id=role.pid and role.pid!=0 ) ) and role.status=1 and access.node_id=node.id and node.level=2 and node.pid=37 and node.status=1 [ RunTime:0.0010s ]
SQL: select node.id,node.name from es_role as role,es_role_user as user,es_access as access ,es_node as node where user.user_id='17' and user.role_id=role.id and ( access.role_id=role.id  or (access.role_id=role.pid and role.pid!=0 ) ) and role.status=1 and access.node_id=node.id and node.level=3 and node.pid=38 and node.status=1 [ RunTime:0.0010s ]

[ 2016-08-20T21:49:31+08:00 ] ::1 /evaluationSystem/Index/Index/index.html
INFO: [ app_begin ] --START--
INFO: Run Behavior\ReadHtmlCacheBehavior [ RunTime:0.001000s ]
INFO: [ app_begin ] --END-- [ RunTime:0.001000s ]
SQL: SHOW COLUMNS FROM `es_fields` [ RunTime:0.0030s ]
SQL: SELECT * FROM `es_fields` WHERE `field` = 'ad'  [ RunTime:0.0000s ]
INFO: [ view_parse ] --START--
INFO: [ template_filter ] --START--
INFO: Run Behavior\ContentReplaceBehavior [ RunTime:0.000000s ]
INFO: [ template_filter ] --END-- [ RunTime:0.000000s ]
INFO: Run Behavior\ParseTemplateBehavior [ RunTime:0.008000s ]
INFO: [ view_parse ] --END-- [ RunTime:0.008000s ]
INFO: [ view_filter ] --START--
INFO: Run Behavior\WriteHtmlCacheBehavior [ RunTime:0.000000s ]
INFO: [ view_filter ] --END-- [ RunTime:0.000000s ]
INFO: [ app_end ] --START--
INFO: Run Behavior\ShowPageTraceBehavior [ RunTime:0.001000s ]
INFO: [ app_end ] --END-- [ RunTime:0.001000s ]

[ 2016-08-20T21:49:41+08:00 ] ::1 /evaluationSystem/Index/assessmentallhistory/index
INFO: [ app_begin ] --START--
INFO: Run Behavior\ReadHtmlCacheBehavior [ RunTime:0.001000s ]
INFO: [ app_begin ] --END-- [ RunTime:0.001000s ]
ERR: Think\Controller:assessmentallhistory方法不存在！

[ 2016-08-20T21:49:47+08:00 ] ::1 /evaluationSystem/Index/assessmentallhistory/index
INFO: [ app_begin ] --START--
INFO: Run Behavior\ReadHtmlCacheBehavior [ RunTime:0.002000s ]
INFO: [ app_begin ] --END-- [ RunTime:0.002000s ]
ERR: Think\Controller:assessmentallhistory方法不存在！

[ 2016-08-20T21:50:36+08:00 ] ::1 /evaluationSystem/Index/assessmentallhistory/index
INFO: [ app_begin ] --START--
INFO: Run Behavior\ReadHtmlCacheBehavior [ RunTime:0.001000s ]
INFO: [ app_begin ] --END-- [ RunTime:0.001000s ]
SQL: SHOW COLUMNS FROM `es_assessment` [ RunTime:0.0410s ]
SQL: SELECT es_user.showname,es_assessment.score,es_assessment.remark,es_assessment.isanony,es_assessment.inserttime FROM `es_assessment` INNER JOIN es_user ON es_assessment.targetuser= es_user.id  WHERE `month` = 3 AND `year` = '2016' AND `fromuser` = '17'  [ RunTime:0.0160s ]
SQL: SELECT es_user.showname,es_assessment.score,es_assessment.remark,es_assessment.isanony,es_assessment.inserttime FROM `es_assessment` INNER JOIN es_user ON es_assessment.targetuser= es_user.id  WHERE `month` = 4 AND `year` = '2016' AND `fromuser` = '17'  [ RunTime:0.0000s ]
SQL: SELECT es_user.showname,es_assessment.score,es_assessment.remark,es_assessment.isanony,es_assessment.inserttime FROM `es_assessment` INNER JOIN es_user ON es_assessment.targetuser= es_user.id  WHERE `month` = 5 AND `year` = '2016' AND `fromuser` = '17'  [ RunTime:0.0010s ]
SQL: SELECT es_user.showname,es_assessment.score,es_assessment.remark,es_assessment.isanony,es_assessment.inserttime FROM `es_assessment` INNER JOIN es_user ON es_assessment.targetuser= es_user.id  WHERE `month` = 6 AND `year` = '2016' AND `fromuser` = '17'  [ RunTime:0.0010s ]
SQL: SELECT es_user.showname,es_assessment.score,es_assessment.remark,es_assessment.isanony,es_assessment.inserttime FROM `es_assessment` INNER JOIN es_user ON es_assessment.targetuser= es_user.id  WHERE `month` = 7 AND `year` = '2016' AND `fromuser` = '17'  [ RunTime:0.0000s ]
SQL: SELECT es_user.showname,es_assessment.score,es_assessment.remark,es_assessment.isanony,es_assessment.inserttime FROM `es_assessment` INNER JOIN es_user ON es_assessment.targetuser= es_user.id  WHERE `month` = 8 AND `year` = '2016' AND `fromuser` = '17'  [ RunTime:0.0010s ]
INFO: [ view_parse ] --START--
INFO: [ template_filter ] --START--
INFO: Run Behavior\ContentReplaceBehavior [ RunTime:0.000000s ]
INFO: [ template_filter ] --END-- [ RunTime:0.000000s ]
NOTIC: [8] Use of undefined constant one - assumed 'one' D:\xampp\htdocs\evaluationSystem\Application\Runtime\Cache\Index\a7b3a28a9778a20f160433bb0c8eefb6.php 第 36 行.
NOTIC: [8] Use of undefined constant one - assumed 'one' D:\xampp\htdocs\evaluationSystem\Application\Runtime\Cache\Index\a7b3a28a9778a20f160433bb0c8eefb6.php 第 36 行.
NOTIC: [8] Use of undefined constant one - assumed 'one' D:\xampp\htdocs\evaluationSystem\Application\Runtime\Cache\Index\a7b3a28a9778a20f160433bb0c8eefb6.php 第 36 行.
NOTIC: [8] Use of undefined constant one - assumed 'one' D:\xampp\htdocs\evaluationSystem\Application\Runtime\Cache\Index\a7b3a28a9778a20f160433bb0c8eefb6.php 第 36 行.
NOTIC: [8] Use of undefined constant one - assumed 'one' D:\xampp\htdocs\evaluationSystem\Application\Runtime\Cache\Index\a7b3a28a9778a20f160433bb0c8eefb6.php 第 36 行.
NOTIC: [8] Use of undefined constant one - assumed 'one' D:\xampp\htdocs\evaluationSystem\Application\Runtime\Cache\Index\a7b3a28a9778a20f160433bb0c8eefb6.php 第 36 行.
NOTIC: [8] Use of undefined constant one - assumed 'one' D:\xampp\htdocs\evaluationSystem\Application\Runtime\Cache\Index\a7b3a28a9778a20f160433bb0c8eefb6.php 第 43 行.
NOTIC: [8] Use of undefined constant one - assumed 'one' D:\xampp\htdocs\evaluationSystem\Application\Runtime\Cache\Index\a7b3a28a9778a20f160433bb0c8eefb6.php 第 43 行.
NOTIC: [8] Use of undefined constant one - assumed 'one' D:\xampp\htdocs\evaluationSystem\Application\Runtime\Cache\Index\a7b3a28a9778a20f160433bb0c8eefb6.php 第 43 行.
NOTIC: [8] Use of undefined constant one - assumed 'one' D:\xampp\htdocs\evaluationSystem\Application\Runtime\Cache\Index\a7b3a28a9778a20f160433bb0c8eefb6.php 第 43 行.
NOTIC: [8] Use of undefined constant one - assumed 'one' D:\xampp\htdocs\evaluationSystem\Application\Runtime\Cache\Index\a7b3a28a9778a20f160433bb0c8eefb6.php 第 43 行.
NOTIC: [8] Use of undefined constant one - assumed 'one' D:\xampp\htdocs\evaluationSystem\Application\Runtime\Cache\Index\a7b3a28a9778a20f160433bb0c8eefb6.php 第 43 行.
INFO: Run Behavior\ParseTemplateBehavior [ RunTime:0.039002s ]
INFO: [ view_parse ] --END-- [ RunTime:0.039002s ]
INFO: [ view_filter ] --START--
INFO: Run Behavior\WriteHtmlCacheBehavior [ RunTime:0.001001s ]
INFO: [ view_filter ] --END-- [ RunTime:0.001001s ]
INFO: [ app_end ] --START--
INFO: Run Behavior\ShowPageTraceBehavior [ RunTime:0.001000s ]
INFO: [ app_end ] --END-- [ RunTime:0.001000s ]

[ 2016-08-20T21:53:06+08:00 ] ::1 /evaluationSystem/Index/assessmentallhistory/index
INFO: [ app_begin ] --START--
INFO: Run Behavior\ReadHtmlCacheBehavior [ RunTime:0.000000s ]
INFO: [ app_begin ] --END-- [ RunTime:0.001000s ]
SQL: SHOW COLUMNS FROM `es_assessment` [ RunTime:0.0020s ]
SQL: SELECT es_user.showname,es_assessment.score,es_assessment.remark,es_assessment.isanony,es_assessment.inserttime FROM `es_assessment` INNER JOIN es_user ON es_assessment.targetuser= es_user.id  WHERE `month` = 3 AND `year` = '2016'  [ RunTime:0.0000s ]
SQL: SELECT es_user.showname,es_assessment.score,es_assessment.remark,es_assessment.isanony,es_assessment.inserttime FROM `es_assessment` INNER JOIN es_user ON es_assessment.targetuser= es_user.id  WHERE `month` = 4 AND `year` = '2016'  [ RunTime:0.0010s ]
SQL: SELECT es_user.showname,es_assessment.score,es_assessment.remark,es_assessment.isanony,es_assessment.inserttime FROM `es_assessment` INNER JOIN es_user ON es_assessment.targetuser= es_user.id  WHERE `month` = 5 AND `year` = '2016'  [ RunTime:0.0000s ]
SQL: SELECT es_user.showname,es_assessment.score,es_assessment.remark,es_assessment.isanony,es_assessment.inserttime FROM `es_assessment` INNER JOIN es_user ON es_assessment.targetuser= es_user.id  WHERE `month` = 6 AND `year` = '2016'  [ RunTime:0.0010s ]
SQL: SELECT es_user.showname,es_assessment.score,es_assessment.remark,es_assessment.isanony,es_assessment.inserttime FROM `es_assessment` INNER JOIN es_user ON es_assessment.targetuser= es_user.id  WHERE `month` = 7 AND `year` = '2016'  [ RunTime:0.0000s ]
SQL: SELECT es_user.showname,es_assessment.score,es_assessment.remark,es_assessment.isanony,es_assessment.inserttime FROM `es_assessment` INNER JOIN es_user ON es_assessment.targetuser= es_user.id  WHERE `month` = 8 AND `year` = '2016'  [ RunTime:0.0010s ]
INFO: [ view_parse ] --START--
INFO: [ template_filter ] --START--
INFO: Run Behavior\ContentReplaceBehavior [ RunTime:0.000000s ]
INFO: [ template_filter ] --END-- [ RunTime:0.000000s ]
NOTIC: [8] Use of undefined constant one - assumed 'one' D:\xampp\htdocs\evaluationSystem\Application\Runtime\Cache\Index\a7b3a28a9778a20f160433bb0c8eefb6.php 第 36 行.
NOTIC: [8] Use of undefined constant one - assumed 'one' D:\xampp\htdocs\evaluationSystem\Application\Runtime\Cache\Index\a7b3a28a9778a20f160433bb0c8eefb6.php 第 36 行.
NOTIC: [8] Use of undefined constant one - assumed 'one' D:\xampp\htdocs\evaluationSystem\Application\Runtime\Cache\Index\a7b3a28a9778a20f160433bb0c8eefb6.php 第 36 行.
NOTIC: [8] Use of undefined constant one - assumed 'one' D:\xampp\htdocs\evaluationSystem\Application\Runtime\Cache\Index\a7b3a28a9778a20f160433bb0c8eefb6.php 第 36 行.
NOTIC: [8] Use of undefined constant one - assumed 'one' D:\xampp\htdocs\evaluationSystem\Application\Runtime\Cache\Index\a7b3a28a9778a20f160433bb0c8eefb6.php 第 36 行.
NOTIC: [8] Use of undefined constant one - assumed 'one' D:\xampp\htdocs\evaluationSystem\Application\Runtime\Cache\Index\a7b3a28a9778a20f160433bb0c8eefb6.php 第 36 行.
NOTIC: [8] Use of undefined constant one - assumed 'one' D:\xampp\htdocs\evaluationSystem\Application\Runtime\Cache\Index\a7b3a28a9778a20f160433bb0c8eefb6.php 第 43 行.
NOTIC: [8] Use of undefined constant one - assumed 'one' D:\xampp\htdocs\evaluationSystem\Application\Runtime\Cache\Index\a7b3a28a9778a20f160433bb0c8eefb6.php 第 43 行.
NOTIC: [8] Use of undefined constant one - assumed 'one' D:\xampp\htdocs\evaluationSystem\Application\Runtime\Cache\Index\a7b3a28a9778a20f160433bb0c8eefb6.php 第 43 行.
NOTIC: [8] Use of undefined constant one - assumed 'one' D:\xampp\htdocs\evaluationSystem\Application\Runtime\Cache\Index\a7b3a28a9778a20f160433bb0c8eefb6.php 第 43 行.
NOTIC: [8] Use of undefined constant one - assumed 'one' D:\xampp\htdocs\evaluationSystem\Application\Runtime\Cache\Index\a7b3a28a9778a20f160433bb0c8eefb6.php 第 43 行.
NOTIC: [8] Use of undefined constant one - assumed 'one' D:\xampp\htdocs\evaluationSystem\Application\Runtime\Cache\Index\a7b3a28a9778a20f160433bb0c8eefb6.php 第 43 行.
INFO: Run Behavior\ParseTemplateBehavior [ RunTime:0.014001s ]
INFO: [ view_parse ] --END-- [ RunTime:0.014001s ]
INFO: [ view_filter ] --START--
INFO: Run Behavior\WriteHtmlCacheBehavior [ RunTime:0.000000s ]
INFO: [ view_filter ] --END-- [ RunTime:0.000000s ]
INFO: [ app_end ] --START--
INFO: Run Behavior\ShowPageTraceBehavior [ RunTime:0.000000s ]
INFO: [ app_end ] --END-- [ RunTime:0.000000s ]

[ 2016-08-20T21:53:08+08:00 ] ::1 /evaluationSystem/Index/assessmentallhistory/index
INFO: [ app_begin ] --START--
INFO: Run Behavior\ReadHtmlCacheBehavior [ RunTime:0.001000s ]
INFO: [ app_begin ] --END-- [ RunTime:0.001000s ]
SQL: SHOW COLUMNS FROM `es_assessment` [ RunTime:0.0020s ]
SQL: SELECT es_user.showname,es_assessment.score,es_assessment.remark,es_assessment.isanony,es_assessment.inserttime FROM `es_assessment` INNER JOIN es_user ON es_assessment.targetuser= es_user.id  WHERE `month` = 3 AND `year` = '2016'  [ RunTime:0.0000s ]
SQL: SELECT es_user.showname,es_assessment.score,es_assessment.remark,es_assessment.isanony,es_assessment.inserttime FROM `es_assessment` INNER JOIN es_user ON es_assessment.targetuser= es_user.id  WHERE `month` = 4 AND `year` = '2016'  [ RunTime:0.0000s ]
SQL: SELECT es_user.showname,es_assessment.score,es_assessment.remark,es_assessment.isanony,es_assessment.inserttime FROM `es_assessment` INNER JOIN es_user ON es_assessment.targetuser= es_user.id  WHERE `month` = 5 AND `year` = '2016'  [ RunTime:0.0000s ]
SQL: SELECT es_user.showname,es_assessment.score,es_assessment.remark,es_assessment.isanony,es_assessment.inserttime FROM `es_assessment` INNER JOIN es_user ON es_assessment.targetuser= es_user.id  WHERE `month` = 6 AND `year` = '2016'  [ RunTime:0.0000s ]
SQL: SELECT es_user.showname,es_assessment.score,es_assessment.remark,es_assessment.isanony,es_assessment.inserttime FROM `es_assessment` INNER JOIN es_user ON es_assessment.targetuser= es_user.id  WHERE `month` = 7 AND `year` = '2016'  [ RunTime:0.0010s ]
SQL: SELECT es_user.showname,es_assessment.score,es_assessment.remark,es_assessment.isanony,es_assessment.inserttime FROM `es_assessment` INNER JOIN es_user ON es_assessment.targetuser= es_user.id  WHERE `month` = 8 AND `year` = '2016'  [ RunTime:0.0000s ]
INFO: [ view_parse ] --START--
INFO: [ template_filter ] --START--
INFO: Run Behavior\ContentReplaceBehavior [ RunTime:0.000000s ]
INFO: [ template_filter ] --END-- [ RunTime:0.000000s ]
NOTIC: [8] Use of undefined constant one - assumed 'one' D:\xampp\htdocs\evaluationSystem\Application\Runtime\Cache\Index\a7b3a28a9778a20f160433bb0c8eefb6.php 第 36 行.
NOTIC: [8] Use of undefined constant one - assumed 'one' D:\xampp\htdocs\evaluationSystem\Application\Runtime\Cache\Index\a7b3a28a9778a20f160433bb0c8eefb6.php 第 36 行.
NOTIC: [8] Use of undefined constant one - assumed 'one' D:\xampp\htdocs\evaluationSystem\Application\Runtime\Cache\Index\a7b3a28a9778a20f160433bb0c8eefb6.php 第 36 行.
NOTIC: [8] Use of undefined constant one - assumed 'one' D:\xampp\htdocs\evaluationSystem\Application\Runtime\Cache\Index\a7b3a28a9778a20f160433bb0c8eefb6.php 第 36 行.
NOTIC: [8] Use of undefined constant one - assumed 'one' D:\xampp\htdocs\evaluationSystem\Application\Runtime\Cache\Index\a7b3a28a9778a20f160433bb0c8eefb6.php 第 36 行.
NOTIC: [8] Use of undefined constant one - assumed 'one' D:\xampp\htdocs\evaluationSystem\Application\Runtime\Cache\Index\a7b3a28a9778a20f160433bb0c8eefb6.php 第 36 行.
NOTIC: [8] Use of undefined constant one - assumed 'one' D:\xampp\htdocs\evaluationSystem\Application\Runtime\Cache\Index\a7b3a28a9778a20f160433bb0c8eefb6.php 第 43 行.
NOTIC: [8] Use of undefined constant one - assumed 'one' D:\xampp\htdocs\evaluationSystem\Application\Runtime\Cache\Index\a7b3a28a9778a20f160433bb0c8eefb6.php 第 43 行.
NOTIC: [8] Use of undefined constant one - assumed 'one' D:\xampp\htdocs\evaluationSystem\Application\Runtime\Cache\Index\a7b3a28a9778a20f160433bb0c8eefb6.php 第 43 行.
NOTIC: [8] Use of undefined constant one - assumed 'one' D:\xampp\htdocs\evaluationSystem\Application\Runtime\Cache\Index\a7b3a28a9778a20f160433bb0c8eefb6.php 第 43 行.
NOTIC: [8] Use of undefined constant one - assumed 'one' D:\xampp\htdocs\evaluationSystem\Application\Runtime\Cache\Index\a7b3a28a9778a20f160433bb0c8eefb6.php 第 43 行.
NOTIC: [8] Use of undefined constant one - assumed 'one' D:\xampp\htdocs\evaluationSystem\Application\Runtime\Cache\Index\a7b3a28a9778a20f160433bb0c8eefb6.php 第 43 行.
INFO: Run Behavior\ParseTemplateBehavior [ RunTime:0.013000s ]
INFO: [ view_parse ] --END-- [ RunTime:0.013000s ]
INFO: [ view_filter ] --START--
INFO: Run Behavior\WriteHtmlCacheBehavior [ RunTime:0.000000s ]
INFO: [ view_filter ] --END-- [ RunTime:0.001000s ]
INFO: [ app_end ] --START--
INFO: Run Behavior\ShowPageTraceBehavior [ RunTime:0.001001s ]
INFO: [ app_end ] --END-- [ RunTime:0.001001s ]

[ 2016-08-20T21:53:09+08:00 ] ::1 /evaluationSystem/Index/assessmentallhistory/index
INFO: [ app_begin ] --START--
INFO: Run Behavior\ReadHtmlCacheBehavior [ RunTime:0.001000s ]
INFO: [ app_begin ] --END-- [ RunTime:0.002000s ]
SQL: SHOW COLUMNS FROM `es_assessment` [ RunTime:0.0030s ]
SQL: SELECT es_user.showname,es_assessment.score,es_assessment.remark,es_assessment.isanony,es_assessment.inserttime FROM `es_assessment` INNER JOIN es_user ON es_assessment.targetuser= es_user.id  WHERE `month` = 3 AND `year` = '2016'  [ RunTime:0.0010s ]
SQL: SELECT es_user.showname,es_assessment.score,es_assessment.remark,es_assessment.isanony,es_assessment.inserttime FROM `es_assessment` INNER JOIN es_user ON es_assessment.targetuser= es_user.id  WHERE `month` = 4 AND `year` = '2016'  [ RunTime:0.0010s ]
SQL: SELECT es_user.showname,es_assessment.score,es_assessment.remark,es_assessment.isanony,es_assessment.inserttime FROM `es_assessment` INNER JOIN es_user ON es_assessment.targetuser= es_user.id  WHERE `month` = 5 AND `year` = '2016'  [ RunTime:0.0000s ]
SQL: SELECT es_user.showname,es_assessment.score,es_assessment.remark,es_assessment.isanony,es_assessment.inserttime FROM `es_assessment` INNER JOIN es_user ON es_assessment.targetuser= es_user.id  WHERE `month` = 6 AND `year` = '2016'  [ RunTime:0.0010s ]
SQL: SELECT es_user.showname,es_assessment.score,es_assessment.remark,es_assessment.isanony,es_assessment.inserttime FROM `es_assessment` INNER JOIN es_user ON es_assessment.targetuser= es_user.id  WHERE `month` = 7 AND `year` = '2016'  [ RunTime:0.0000s ]
SQL: SELECT es_user.showname,es_assessment.score,es_assessment.remark,es_assessment.isanony,es_assessment.inserttime FROM `es_assessment` INNER JOIN es_user ON es_assessment.targetuser= es_user.id  WHERE `month` = 8 AND `year` = '2016'  [ RunTime:0.0000s ]
INFO: [ view_parse ] --START--
INFO: [ template_filter ] --START--
INFO: Run Behavior\ContentReplaceBehavior [ RunTime:0.000000s ]
INFO: [ template_filter ] --END-- [ RunTime:0.000000s ]
NOTIC: [8] Use of undefined constant one - assumed 'one' D:\xampp\htdocs\evaluationSystem\Application\Runtime\Cache\Index\a7b3a28a9778a20f160433bb0c8eefb6.php 第 36 行.
NOTIC: [8] Use of undefined constant one - assumed 'one' D:\xampp\htdocs\evaluationSystem\Application\Runtime\Cache\Index\a7b3a28a9778a20f160433bb0c8eefb6.php 第 36 行.
NOTIC: [8] Use of undefined constant one - assumed 'one' D:\xampp\htdocs\evaluationSystem\Application\Runtime\Cache\Index\a7b3a28a9778a20f160433bb0c8eefb6.php 第 36 行.
NOTIC: [8] Use of undefined constant one - assumed 'one' D:\xampp\htdocs\evaluationSystem\Application\Runtime\Cache\Index\a7b3a28a9778a20f160433bb0c8eefb6.php 第 36 行.
NOTIC: [8] Use of undefined constant one - assumed 'one' D:\xampp\htdocs\evaluationSystem\Application\Runtime\Cache\Index\a7b3a28a9778a20f160433bb0c8eefb6.php 第 36 行.
NOTIC: [8] Use of undefined constant one - assumed 'one' D:\xampp\htdocs\evaluationSystem\Application\Runtime\Cache\Index\a7b3a28a9778a20f160433bb0c8eefb6.php 第 36 行.
NOTIC: [8] Use of undefined constant one - assumed 'one' D:\xampp\htdocs\evaluationSystem\Application\Runtime\Cache\Index\a7b3a28a9778a20f160433bb0c8eefb6.php 第 43 行.
NOTIC: [8] Use of undefined constant one - assumed 'one' D:\xampp\htdocs\evaluationSystem\Application\Runtime\Cache\Index\a7b3a28a9778a20f160433bb0c8eefb6.php 第 43 行.
NOTIC: [8] Use of undefined constant one - assumed 'one' D:\xampp\htdocs\evaluationSystem\Application\Runtime\Cache\Index\a7b3a28a9778a20f160433bb0c8eefb6.php 第 43 行.
NOTIC: [8] Use of undefined constant one - assumed 'one' D:\xampp\htdocs\evaluationSystem\Application\Runtime\Cache\Index\a7b3a28a9778a20f160433bb0c8eefb6.php 第 43 行.
NOTIC: [8] Use of undefined constant one - assumed 'one' D:\xampp\htdocs\evaluationSystem\Application\Runtime\Cache\Index\a7b3a28a9778a20f160433bb0c8eefb6.php 第 43 行.
NOTIC: [8] Use of undefined constant one - assumed 'one' D:\xampp\htdocs\evaluationSystem\Application\Runtime\Cache\Index\a7b3a28a9778a20f160433bb0c8eefb6.php 第 43 行.
INFO: Run Behavior\ParseTemplateBehavior [ RunTime:0.013001s ]
INFO: [ view_parse ] --END-- [ RunTime:0.013001s ]
INFO: [ view_filter ] --START--
INFO: Run Behavior\WriteHtmlCacheBehavior [ RunTime:0.001000s ]
INFO: [ view_filter ] --END-- [ RunTime:0.001000s ]
INFO: [ app_end ] --START--
INFO: Run Behavior\ShowPageTraceBehavior [ RunTime:0.001000s ]
INFO: [ app_end ] --END-- [ RunTime:0.001000s ]

[ 2016-08-20T21:53:10+08:00 ] ::1 /evaluationSystem/Index/assessmentallhistory/index
INFO: [ app_begin ] --START--
INFO: Run Behavior\ReadHtmlCacheBehavior [ RunTime:0.001000s ]
INFO: [ app_begin ] --END-- [ RunTime:0.002000s ]
SQL: SHOW COLUMNS FROM `es_assessment` [ RunTime:0.0030s ]
SQL: SELECT es_user.showname,es_assessment.score,es_assessment.remark,es_assessment.isanony,es_assessment.inserttime FROM `es_assessment` INNER JOIN es_user ON es_assessment.targetuser= es_user.id  WHERE `month` = 3 AND `year` = '2016'  [ RunTime:0.0010s ]
SQL: SELECT es_user.showname,es_assessment.score,es_assessment.remark,es_assessment.isanony,es_assessment.inserttime FROM `es_assessment` INNER JOIN es_user ON es_assessment.targetuser= es_user.id  WHERE `month` = 4 AND `year` = '2016'  [ RunTime:0.0000s ]
SQL: SELECT es_user.showname,es_assessment.score,es_assessment.remark,es_assessment.isanony,es_assessment.inserttime FROM `es_assessment` INNER JOIN es_user ON es_assessment.targetuser= es_user.id  WHERE `month` = 5 AND `year` = '2016'  [ RunTime:0.0000s ]
SQL: SELECT es_user.showname,es_assessment.score,es_assessment.remark,es_assessment.isanony,es_assessment.inserttime FROM `es_assessment` INNER JOIN es_user ON es_assessment.targetuser= es_user.id  WHERE `month` = 6 AND `year` = '2016'  [ RunTime:0.0010s ]
SQL: SELECT es_user.showname,es_assessment.score,es_assessment.remark,es_assessment.isanony,es_assessment.inserttime FROM `es_assessment` INNER JOIN es_user ON es_assessment.targetuser= es_user.id  WHERE `month` = 7 AND `year` = '2016'  [ RunTime:0.0000s ]
SQL: SELECT es_user.showname,es_assessment.score,es_assessment.remark,es_assessment.isanony,es_assessment.inserttime FROM `es_assessment` INNER JOIN es_user ON es_assessment.targetuser= es_user.id  WHERE `month` = 8 AND `year` = '2016'  [ RunTime:0.0010s ]
INFO: [ view_parse ] --START--
INFO: [ template_filter ] --START--
INFO: Run Behavior\ContentReplaceBehavior [ RunTime:0.000000s ]
INFO: [ template_filter ] --END-- [ RunTime:0.000000s ]
NOTIC: [8] Use of undefined constant one - assumed 'one' D:\xampp\htdocs\evaluationSystem\Application\Runtime\Cache\Index\a7b3a28a9778a20f160433bb0c8eefb6.php 第 36 行.
NOTIC: [8] Use of undefined constant one - assumed 'one' D:\xampp\htdocs\evaluationSystem\Application\Runtime\Cache\Index\a7b3a28a9778a20f160433bb0c8eefb6.php 第 36 行.
NOTIC: [8] Use of undefined constant one - assumed 'one' D:\xampp\htdocs\evaluationSystem\Application\Runtime\Cache\Index\a7b3a28a9778a20f160433bb0c8eefb6.php 第 36 行.
NOTIC: [8] Use of undefined constant one - assumed 'one' D:\xampp\htdocs\evaluationSystem\Application\Runtime\Cache\Index\a7b3a28a9778a20f160433bb0c8eefb6.php 第 36 行.
NOTIC: [8] Use of undefined constant one - assumed 'one' D:\xampp\htdocs\evaluationSystem\Application\Runtime\Cache\Index\a7b3a28a9778a20f160433bb0c8eefb6.php 第 36 行.
NOTIC: [8] Use of undefined constant one - assumed 'one' D:\xampp\htdocs\evaluationSystem\Application\Runtime\Cache\Index\a7b3a28a9778a20f160433bb0c8eefb6.php 第 36 行.
NOTIC: [8] Use of undefined constant one - assumed 'one' D:\xampp\htdocs\evaluationSystem\Application\Runtime\Cache\Index\a7b3a28a9778a20f160433bb0c8eefb6.php 第 43 行.
NOTIC: [8] Use of undefined constant one - assumed 'one' D:\xampp\htdocs\evaluationSystem\Application\Runtime\Cache\Index\a7b3a28a9778a20f160433bb0c8eefb6.php 第 43 行.
NOTIC: [8] Use of undefined constant one - assumed 'one' D:\xampp\htdocs\evaluationSystem\Application\Runtime\Cache\Index\a7b3a28a9778a20f160433bb0c8eefb6.php 第 43 行.
NOTIC: [8] Use of undefined constant one - assumed 'one' D:\xampp\htdocs\evaluationSystem\Application\Runtime\Cache\Index\a7b3a28a9778a20f160433bb0c8eefb6.php 第 43 行.
NOTIC: [8] Use of undefined constant one - assumed 'one' D:\xampp\htdocs\evaluationSystem\Application\Runtime\Cache\Index\a7b3a28a9778a20f160433bb0c8eefb6.php 第 43 行.
NOTIC: [8] Use of undefined constant one - assumed 'one' D:\xampp\htdocs\evaluationSystem\Application\Runtime\Cache\Index\a7b3a28a9778a20f160433bb0c8eefb6.php 第 43 行.
INFO: Run Behavior\ParseTemplateBehavior [ RunTime:0.012001s ]
INFO: [ view_parse ] --END-- [ RunTime:0.012001s ]
INFO: [ view_filter ] --START--
INFO: Run Behavior\WriteHtmlCacheBehavior [ RunTime:0.000000s ]
INFO: [ view_filter ] --END-- [ RunTime:0.000000s ]
INFO: [ app_end ] --START--
INFO: Run Behavior\ShowPageTraceBehavior [ RunTime:0.000000s ]
INFO: [ app_end ] --END-- [ RunTime:0.001000s ]

[ 2016-08-20T21:53:14+08:00 ] ::1 /evaluationSystem/Index/assessmenthistory/index
INFO: [ app_begin ] --START--
INFO: Run Behavior\ReadHtmlCacheBehavior [ RunTime:0.000000s ]
INFO: [ app_begin ] --END-- [ RunTime:0.001000s ]
SQL: SHOW COLUMNS FROM `es_assessment` [ RunTime:0.0030s ]
SQL: SELECT es_user.showname,es_assessment.score,es_assessment.remark,es_assessment.isanony,es_assessment.inserttime FROM `es_assessment` INNER JOIN es_user ON es_assessment.targetuser= es_user.id  WHERE `month` = 3 AND `year` = '2016' AND `fromuser` = '17'  [ RunTime:0.0010s ]
SQL: SELECT es_user.showname,es_assessment.score,es_assessment.remark,es_assessment.isanony,es_assessment.inserttime FROM `es_assessment` INNER JOIN es_user ON es_assessment.targetuser= es_user.id  WHERE `month` = 4 AND `year` = '2016' AND `fromuser` = '17'  [ RunTime:0.0000s ]
SQL: SELECT es_user.showname,es_assessment.score,es_assessment.remark,es_assessment.isanony,es_assessment.inserttime FROM `es_assessment` INNER JOIN es_user ON es_assessment.targetuser= es_user.id  WHERE `month` = 5 AND `year` = '2016' AND `fromuser` = '17'  [ RunTime:0.0000s ]
SQL: SELECT es_user.showname,es_assessment.score,es_assessment.remark,es_assessment.isanony,es_assessment.inserttime FROM `es_assessment` INNER JOIN es_user ON es_assessment.targetuser= es_user.id  WHERE `month` = 6 AND `year` = '2016' AND `fromuser` = '17'  [ RunTime:0.0000s ]
SQL: SELECT es_user.showname,es_assessment.score,es_assessment.remark,es_assessment.isanony,es_assessment.inserttime FROM `es_assessment` INNER JOIN es_user ON es_assessment.targetuser= es_user.id  WHERE `month` = 7 AND `year` = '2016' AND `fromuser` = '17'  [ RunTime:0.0010s ]
SQL: SELECT es_user.showname,es_assessment.score,es_assessment.remark,es_assessment.isanony,es_assessment.inserttime FROM `es_assessment` INNER JOIN es_user ON es_assessment.targetuser= es_user.id  WHERE `month` = 8 AND `year` = '2016' AND `fromuser` = '17'  [ RunTime:0.0000s ]
INFO: [ view_parse ] --START--
INFO: [ template_filter ] --START--
INFO: Run Behavior\ContentReplaceBehavior [ RunTime:0.000000s ]
INFO: [ template_filter ] --END-- [ RunTime:0.000000s ]
NOTIC: [8] Use of undefined constant one - assumed 'one' D:\xampp\htdocs\evaluationSystem\Application\Runtime\Cache\Index\0797ea481aba60ef9a3397302d865c1b.php 第 36 行.
NOTIC: [8] Use of undefined constant one - assumed 'one' D:\xampp\htdocs\evaluationSystem\Application\Runtime\Cache\Index\0797ea481aba60ef9a3397302d865c1b.php 第 36 行.
NOTIC: [8] Use of undefined constant one - assumed 'one' D:\xampp\htdocs\evaluationSystem\Application\Runtime\Cache\Index\0797ea481aba60ef9a3397302d865c1b.php 第 36 行.
NOTIC: [8] Use of undefined constant one - assumed 'one' D:\xampp\htdocs\evaluationSystem\Application\Runtime\Cache\Index\0797ea481aba60ef9a3397302d865c1b.php 第 36 行.
NOTIC: [8] Use of undefined constant one - assumed 'one' D:\xampp\htdocs\evaluationSystem\Application\Runtime\Cache\Index\0797ea481aba60ef9a3397302d865c1b.php 第 36 行.
NOTIC: [8] Use of undefined constant one - assumed 'one' D:\xampp\htdocs\evaluationSystem\Application\Runtime\Cache\Index\0797ea481aba60ef9a3397302d865c1b.php 第 36 行.
NOTIC: [8] Use of undefined constant one - assumed 'one' D:\xampp\htdocs\evaluationSystem\Application\Runtime\Cache\Index\0797ea481aba60ef9a3397302d865c1b.php 第 43 行.
NOTIC: [8] Use of undefined constant one - assumed 'one' D:\xampp\htdocs\evaluationSystem\Application\Runtime\Cache\Index\0797ea481aba60ef9a3397302d865c1b.php 第 43 行.
NOTIC: [8] Use of undefined constant one - assumed 'one' D:\xampp\htdocs\evaluationSystem\Application\Runtime\Cache\Index\0797ea481aba60ef9a3397302d865c1b.php 第 43 行.
NOTIC: [8] Use of undefined constant one - assumed 'one' D:\xampp\htdocs\evaluationSystem\Application\Runtime\Cache\Index\0797ea481aba60ef9a3397302d865c1b.php 第 43 行.
NOTIC: [8] Use of undefined constant one - assumed 'one' D:\xampp\htdocs\evaluationSystem\Application\Runtime\Cache\Index\0797ea481aba60ef9a3397302d865c1b.php 第 43 行.
NOTIC: [8] Use of undefined constant one - assumed 'one' D:\xampp\htdocs\evaluationSystem\Application\Runtime\Cache\Index\0797ea481aba60ef9a3397302d865c1b.php 第 43 行.
INFO: Run Behavior\ParseTemplateBehavior [ RunTime:0.013000s ]
INFO: [ view_parse ] --END-- [ RunTime:0.013000s ]
INFO: [ view_filter ] --START--
INFO: Run Behavior\WriteHtmlCacheBehavior [ RunTime:0.001000s ]
INFO: [ view_filter ] --END-- [ RunTime:0.001000s ]
INFO: [ app_end ] --START--
INFO: Run Behavior\ShowPageTraceBehavior [ RunTime:0.001000s ]
INFO: [ app_end ] --END-- [ RunTime:0.001000s ]

[ 2016-08-20T21:53:20+08:00 ] ::1 /evaluationSystem/Index/Login/logout
INFO: [ app_begin ] --START--
INFO: Run Behavior\ReadHtmlCacheBehavior [ RunTime:0.001000s ]
INFO: [ app_begin ] --END-- [ RunTime:0.001000s ]
INFO: [ view_parse ] --START--
INFO: [ template_filter ] --START--
INFO: Run Behavior\ContentReplaceBehavior [ RunTime:0.000000s ]
INFO: [ template_filter ] --END-- [ RunTime:0.000000s ]
NOTIC: [8] Undefined index: message D:\xampp\htdocs\evaluationSystem\Application\Runtime\Cache\Index\380876ff5eecdf3888d6968a913a5ee2.php 第 58 行.
INFO: Run Behavior\ParseTemplateBehavior [ RunTime:0.005000s ]
INFO: [ view_parse ] --END-- [ RunTime:0.005000s ]
INFO: [ view_filter ] --START--
INFO: Run Behavior\WriteHtmlCacheBehavior [ RunTime:0.000000s ]
INFO: [ view_filter ] --END-- [ RunTime:0.000000s ]
INFO: [ app_end ] --START--
INFO: Run Behavior\ShowPageTraceBehavior [ RunTime:0.000000s ]
INFO: [ app_end ] --END-- [ RunTime:0.000000s ]

[ 2016-08-20T21:53:20+08:00 ] ::1 /evaluationSystem/Index/Login/verify/
INFO: [ app_begin ] --START--
INFO: Run Behavior\ReadHtmlCacheBehavior [ RunTime:0.001000s ]
INFO: [ app_begin ] --END-- [ RunTime:0.001000s ]
INFO: [ app_end ] --START--
INFO: Run Behavior\ShowPageTraceBehavior [ RunTime:0.001000s ]
INFO: [ app_end ] --END-- [ RunTime:0.001000s ]

[ 2016-08-20T21:53:26+08:00 ] ::1 /evaluationSystem/Index/Login/checkLogin/
INFO: [ app_begin ] --START--
INFO: Run Behavior\ReadHtmlCacheBehavior [ RunTime:0.000000s ]
INFO: [ app_begin ] --END-- [ RunTime:0.001000s ]
SQL: SHOW COLUMNS FROM `es_user` [ RunTime:0.0020s ]
SQL: SELECT * FROM `es_user` WHERE `username` = 'admin' LIMIT 1   [ RunTime:0.0010s ]
SQL: UPDATE `es_user` SET `logintime`='1471701206',`loginip`='0' WHERE `id` = 1 [ RunTime:0.1300s ]

[ 2016-08-20T21:53:54+08:00 ] ::1 /evaluationSystem/Index/Login/login.html
INFO: [ app_begin ] --START--
INFO: Run Behavior\ReadHtmlCacheBehavior [ RunTime:0.001000s ]
INFO: [ app_begin ] --END-- [ RunTime:0.001000s ]
INFO: [ view_parse ] --START--
INFO: [ template_filter ] --START--
INFO: Run Behavior\ContentReplaceBehavior [ RunTime:0.000000s ]
INFO: [ template_filter ] --END-- [ RunTime:0.000000s ]
NOTIC: [8] Undefined index: message D:\xampp\htdocs\evaluationSystem\Application\Runtime\Cache\Index\380876ff5eecdf3888d6968a913a5ee2.php 第 58 行.
INFO: Run Behavior\ParseTemplateBehavior [ RunTime:0.005000s ]
INFO: [ view_parse ] --END-- [ RunTime:0.005000s ]
INFO: [ view_filter ] --START--
INFO: Run Behavior\WriteHtmlCacheBehavior [ RunTime:0.000000s ]
INFO: [ view_filter ] --END-- [ RunTime:0.000000s ]
INFO: [ app_end ] --START--
INFO: Run Behavior\ShowPageTraceBehavior [ RunTime:0.000000s ]
INFO: [ app_end ] --END-- [ RunTime:0.000000s ]

[ 2016-08-20T21:53:54+08:00 ] ::1 /evaluationSystem/Index/Login/verify/
INFO: [ app_begin ] --START--
INFO: Run Behavior\ReadHtmlCacheBehavior [ RunTime:0.001000s ]
INFO: [ app_begin ] --END-- [ RunTime:0.001000s ]
INFO: [ app_end ] --START--
INFO: Run Behavior\ShowPageTraceBehavior [ RunTime:0.001000s ]
INFO: [ app_end ] --END-- [ RunTime:0.001000s ]

[ 2016-08-20T21:54:00+08:00 ] ::1 /evaluationSystem/Index/Login/checkLogin/
INFO: [ app_begin ] --START--
INFO: Run Behavior\ReadHtmlCacheBehavior [ RunTime:0.001000s ]
INFO: [ app_begin ] --END-- [ RunTime:0.001000s ]
SQL: SHOW COLUMNS FROM `es_user` [ RunTime:0.0030s ]
SQL: SELECT * FROM `es_user` WHERE `username` = 'test' LIMIT 1   [ RunTime:0.0000s ]
SQL: UPDATE `es_user` SET `logintime`='1471701240',`loginip`='0' WHERE `id` = 19 [ RunTime:0.2190s ]
SQL: select node.id,node.name,node.title,node.imgsrc,node.remark from es_role as role,es_role_user as user,es_access as access ,es_node as node where user.user_id='19' and user.role_id=role.id and ( access.role_id=role.id  or (access.role_id=role.pid and role.pid!=0 ) ) and role.status=1 and access.node_id=node.id and node.level=1 and node.status=1 [ RunTime:0.0010s ]

[ 2016-08-20T21:54:00+08:00 ] ::1 /evaluationSystem/Index/Index/index.html
INFO: [ app_begin ] --START--
INFO: Run Behavior\ReadHtmlCacheBehavior [ RunTime:0.001000s ]
INFO: [ app_begin ] --END-- [ RunTime:0.001000s ]

[ 2016-08-20T21:54:00+08:00 ] ::1 /evaluationSystem/Index/Login/login.html
INFO: [ app_begin ] --START--
INFO: Run Behavior\ReadHtmlCacheBehavior [ RunTime:0.000000s ]
INFO: [ app_begin ] --END-- [ RunTime:0.000000s ]
INFO: [ view_parse ] --START--
INFO: [ template_filter ] --START--
INFO: Run Behavior\ContentReplaceBehavior [ RunTime:0.000000s ]
INFO: [ template_filter ] --END-- [ RunTime:0.000000s ]
NOTIC: [8] Undefined index: message D:\xampp\htdocs\evaluationSystem\Application\Runtime\Cache\Index\380876ff5eecdf3888d6968a913a5ee2.php 第 58 行.
INFO: Run Behavior\ParseTemplateBehavior [ RunTime:0.006000s ]
INFO: [ view_parse ] --END-- [ RunTime:0.006000s ]
INFO: [ view_filter ] --START--
INFO: Run Behavior\WriteHtmlCacheBehavior [ RunTime:0.001000s ]
INFO: [ view_filter ] --END-- [ RunTime:0.001000s ]
INFO: [ app_end ] --START--
INFO: Run Behavior\ShowPageTraceBehavior [ RunTime:0.000000s ]
INFO: [ app_end ] --END-- [ RunTime:0.000000s ]

[ 2016-08-20T21:54:00+08:00 ] ::1 /evaluationSystem/Index/Login/verify/
INFO: [ app_begin ] --START--
INFO: Run Behavior\ReadHtmlCacheBehavior [ RunTime:0.000000s ]
INFO: [ app_begin ] --END-- [ RunTime:0.001000s ]
INFO: [ app_end ] --START--
INFO: Run Behavior\ShowPageTraceBehavior [ RunTime:0.000000s ]
INFO: [ app_end ] --END-- [ RunTime:0.000000s ]

[ 2016-08-20T21:54:13+08:00 ] ::1 /evaluationSystem/Index/Login/checkLogin/
INFO: [ app_begin ] --START--
INFO: Run Behavior\ReadHtmlCacheBehavior [ RunTime:0.001000s ]
INFO: [ app_begin ] --END-- [ RunTime:0.001000s ]
SQL: SHOW COLUMNS FROM `es_user` [ RunTime:0.0030s ]
SQL: SELECT * FROM `es_user` WHERE `username` = 'test' LIMIT 1   [ RunTime:0.0020s ]
SQL: UPDATE `es_user` SET `logintime`='1471701253',`loginip`='0' WHERE `id` = 19 [ RunTime:0.1260s ]
SQL: select node.id,node.name,node.title,node.imgsrc,node.remark from es_role as role,es_role_user as user,es_access as access ,es_node as node where user.user_id='19' and user.role_id=role.id and ( access.role_id=role.id  or (access.role_id=role.pid and role.pid!=0 ) ) and role.status=1 and access.node_id=node.id and node.level=1 and node.status=1 [ RunTime:0.0010s ]

[ 2016-08-20T21:54:13+08:00 ] ::1 /evaluationSystem/Index/Index/index.html
INFO: [ app_begin ] --START--
INFO: Run Behavior\ReadHtmlCacheBehavior [ RunTime:0.001000s ]
INFO: [ app_begin ] --END-- [ RunTime:0.001000s ]

[ 2016-08-20T21:54:13+08:00 ] ::1 /evaluationSystem/Index/Login/login.html
INFO: [ app_begin ] --START--
INFO: Run Behavior\ReadHtmlCacheBehavior [ RunTime:0.000000s ]
INFO: [ app_begin ] --END-- [ RunTime:0.001000s ]
INFO: [ view_parse ] --START--
INFO: [ template_filter ] --START--
INFO: Run Behavior\ContentReplaceBehavior [ RunTime:0.000000s ]
INFO: [ template_filter ] --END-- [ RunTime:0.000000s ]
NOTIC: [8] Undefined index: message D:\xampp\htdocs\evaluationSystem\Application\Runtime\Cache\Index\380876ff5eecdf3888d6968a913a5ee2.php 第 58 行.
INFO: Run Behavior\ParseTemplateBehavior [ RunTime:0.005000s ]
INFO: [ view_parse ] --END-- [ RunTime:0.005000s ]
INFO: [ view_filter ] --START--
INFO: Run Behavior\WriteHtmlCacheBehavior [ RunTime:0.000000s ]
INFO: [ view_filter ] --END-- [ RunTime:0.000000s ]
INFO: [ app_end ] --START--
INFO: Run Behavior\ShowPageTraceBehavior [ RunTime:0.001000s ]
INFO: [ app_end ] --END-- [ RunTime:0.001000s ]

[ 2016-08-20T21:54:13+08:00 ] ::1 /evaluationSystem/Index/Login/verify/
INFO: [ app_begin ] --START--
INFO: Run Behavior\ReadHtmlCacheBehavior [ RunTime:0.000000s ]
INFO: [ app_begin ] --END-- [ RunTime:0.001000s ]
INFO: [ app_end ] --START--
INFO: Run Behavior\ShowPageTraceBehavior [ RunTime:0.001000s ]
INFO: [ app_end ] --END-- [ RunTime:0.001000s ]

[ 2016-08-20T21:54:23+08:00 ] ::1 /evaluationSystem/Index/Login/checkLogin/
INFO: [ app_begin ] --START--
INFO: Run Behavior\ReadHtmlCacheBehavior [ RunTime:0.001000s ]
INFO: [ app_begin ] --END-- [ RunTime:0.001000s ]
SQL: SHOW COLUMNS FROM `es_user` [ RunTime:0.0030s ]
SQL: SELECT * FROM `es_user` WHERE `username` = 'admin' LIMIT 1   [ RunTime:0.0000s ]
SQL: UPDATE `es_user` SET `logintime`='1471701262',`loginip`='0' WHERE `id` = 1 [ RunTime:0.1250s ]

[ 2016-08-20T21:54:44+08:00 ] ::1 /evaluationSystem/Index/Login/login.html
INFO: [ app_begin ] --START--
INFO: Run Behavior\ReadHtmlCacheBehavior [ RunTime:0.001000s ]
INFO: [ app_begin ] --END-- [ RunTime:0.001000s ]
INFO: [ view_parse ] --START--
INFO: [ template_filter ] --START--
INFO: Run Behavior\ContentReplaceBehavior [ RunTime:0.000000s ]
INFO: [ template_filter ] --END-- [ RunTime:0.000000s ]
NOTIC: [8] Undefined index: message D:\xampp\htdocs\evaluationSystem\Application\Runtime\Cache\Index\380876ff5eecdf3888d6968a913a5ee2.php 第 58 行.
INFO: Run Behavior\ParseTemplateBehavior [ RunTime:0.005000s ]
INFO: [ view_parse ] --END-- [ RunTime:0.005000s ]
INFO: [ view_filter ] --START--
INFO: Run Behavior\WriteHtmlCacheBehavior [ RunTime:0.000000s ]
INFO: [ view_filter ] --END-- [ RunTime:0.000000s ]
INFO: [ app_end ] --START--
INFO: Run Behavior\ShowPageTraceBehavior [ RunTime:0.000000s ]
INFO: [ app_end ] --END-- [ RunTime:0.000000s ]

[ 2016-08-20T21:54:45+08:00 ] ::1 /evaluationSystem/Index/Login/verify/
INFO: [ app_begin ] --START--
INFO: Run Behavior\ReadHtmlCacheBehavior [ RunTime:0.001000s ]
INFO: [ app_begin ] --END-- [ RunTime:0.002000s ]
INFO: [ app_end ] --START--
INFO: Run Behavior\ShowPageTraceBehavior [ RunTime:0.000000s ]
INFO: [ app_end ] --END-- [ RunTime:0.000000s ]

[ 2016-08-20T21:54:50+08:00 ] ::1 /evaluationSystem/Index/Login/checkLogin/
INFO: [ app_begin ] --START--
INFO: Run Behavior\ReadHtmlCacheBehavior [ RunTime:0.001000s ]
INFO: [ app_begin ] --END-- [ RunTime:0.001000s ]
SQL: SHOW COLUMNS FROM `es_user` [ RunTime:0.0030s ]
SQL: SELECT * FROM `es_user` WHERE `username` = 'test' LIMIT 1   [ RunTime:0.0000s ]
SQL: UPDATE `es_user` SET `logintime`='1471701290',`loginip`='0' WHERE `id` = 19 [ RunTime:0.3790s ]
SQL: select node.id,node.name,node.title,node.imgsrc,node.remark from es_role as role,es_role_user as user,es_access as access ,es_node as node where user.user_id='19' and user.role_id=role.id and ( access.role_id=role.id  or (access.role_id=role.pid and role.pid!=0 ) ) and role.status=1 and access.node_id=node.id and node.level=1 and node.status=1 [ RunTime:0.0010s ]

[ 2016-08-20T21:54:50+08:00 ] ::1 /evaluationSystem/Index/Index/index.html
INFO: [ app_begin ] --START--
INFO: Run Behavior\ReadHtmlCacheBehavior [ RunTime:0.001000s ]
INFO: [ app_begin ] --END-- [ RunTime:0.001000s ]

[ 2016-08-20T21:54:50+08:00 ] ::1 /evaluationSystem/Index/Login/login.html
INFO: [ app_begin ] --START--
INFO: Run Behavior\ReadHtmlCacheBehavior [ RunTime:0.000000s ]
INFO: [ app_begin ] --END-- [ RunTime:0.001000s ]
INFO: [ view_parse ] --START--
INFO: [ template_filter ] --START--
INFO: Run Behavior\ContentReplaceBehavior [ RunTime:0.001000s ]
INFO: [ template_filter ] --END-- [ RunTime:0.001000s ]
NOTIC: [8] Undefined index: message D:\xampp\htdocs\evaluationSystem\Application\Runtime\Cache\Index\380876ff5eecdf3888d6968a913a5ee2.php 第 58 行.
INFO: Run Behavior\ParseTemplateBehavior [ RunTime:0.006000s ]
INFO: [ view_parse ] --END-- [ RunTime:0.006000s ]
INFO: [ view_filter ] --START--
INFO: Run Behavior\WriteHtmlCacheBehavior [ RunTime:0.001000s ]
INFO: [ view_filter ] --END-- [ RunTime:0.001000s ]
INFO: [ app_end ] --START--
INFO: Run Behavior\ShowPageTraceBehavior [ RunTime:0.000000s ]
INFO: [ app_end ] --END-- [ RunTime:0.000000s ]

[ 2016-08-20T21:54:50+08:00 ] ::1 /evaluationSystem/Index/Login/verify/
INFO: [ app_begin ] --START--
INFO: Run Behavior\ReadHtmlCacheBehavior [ RunTime:0.001000s ]
INFO: [ app_begin ] --END-- [ RunTime:0.001000s ]
INFO: [ app_end ] --START--
INFO: Run Behavior\ShowPageTraceBehavior [ RunTime:0.000000s ]
INFO: [ app_end ] --END-- [ RunTime:0.000000s ]

[ 2016-08-20T21:55:01+08:00 ] ::1 /evaluationSystem/Index/Login/checkLogin/
INFO: [ app_begin ] --START--
INFO: Run Behavior\ReadHtmlCacheBehavior [ RunTime:0.000000s ]
INFO: [ app_begin ] --END-- [ RunTime:0.001000s ]
SQL: SHOW COLUMNS FROM `es_user` [ RunTime:0.0030s ]
SQL: SELECT * FROM `es_user` WHERE `username` = 'test' LIMIT 1   [ RunTime:0.0010s ]
INFO: [ view_parse ] --START--
INFO: [ template_filter ] --START--
INFO: Run Behavior\ContentReplaceBehavior [ RunTime:0.000000s ]
INFO: [ template_filter ] --END-- [ RunTime:0.000000s ]
INFO: Run Behavior\ParseTemplateBehavior [ RunTime:0.005000s ]
INFO: [ view_parse ] --END-- [ RunTime:0.005000s ]
INFO: [ view_filter ] --START--
INFO: Run Behavior\WriteHtmlCacheBehavior [ RunTime:0.000000s ]
INFO: [ view_filter ] --END-- [ RunTime:0.000000s ]

[ 2016-08-20T21:55:01+08:00 ] ::1 /evaluationSystem/Index/Login/verify/
INFO: [ app_begin ] --START--
INFO: Run Behavior\ReadHtmlCacheBehavior [ RunTime:0.001000s ]
INFO: [ app_begin ] --END-- [ RunTime:0.001000s ]
INFO: [ app_end ] --START--
INFO: Run Behavior\ShowPageTraceBehavior [ RunTime:0.001000s ]
INFO: [ app_end ] --END-- [ RunTime:0.001000s ]

[ 2016-08-20T21:55:10+08:00 ] ::1 /evaluationSystem/Index/Login/checkLogin/
INFO: [ app_begin ] --START--
INFO: Run Behavior\ReadHtmlCacheBehavior [ RunTime:0.001000s ]
INFO: [ app_begin ] --END-- [ RunTime:0.002000s ]
SQL: SHOW COLUMNS FROM `es_user` [ RunTime:0.0030s ]
SQL: SELECT * FROM `es_user` WHERE `username` = 'test' LIMIT 1   [ RunTime:0.0000s ]
SQL: UPDATE `es_user` SET `logintime`='1471701310',`loginip`='0' WHERE `id` = 19 [ RunTime:0.2140s ]
SQL: select node.id,node.name,node.title,node.imgsrc,node.remark from es_role as role,es_role_user as user,es_access as access ,es_node as node where user.user_id='19' and user.role_id=role.id and ( access.role_id=role.id  or (access.role_id=role.pid and role.pid!=0 ) ) and role.status=1 and access.node_id=node.id and node.level=1 and node.status=1 [ RunTime:0.0020s ]

[ 2016-08-20T21:55:10+08:00 ] ::1 /evaluationSystem/Index/Index/index.html
INFO: [ app_begin ] --START--
INFO: Run Behavior\ReadHtmlCacheBehavior [ RunTime:0.001000s ]
INFO: [ app_begin ] --END-- [ RunTime:0.001000s ]

[ 2016-08-20T21:55:11+08:00 ] ::1 /evaluationSystem/Index/Login/login.html
INFO: [ app_begin ] --START--
INFO: Run Behavior\ReadHtmlCacheBehavior [ RunTime:0.000000s ]
INFO: [ app_begin ] --END-- [ RunTime:0.001000s ]
INFO: [ view_parse ] --START--
INFO: [ template_filter ] --START--
INFO: Run Behavior\ContentReplaceBehavior [ RunTime:0.000000s ]
INFO: [ template_filter ] --END-- [ RunTime:0.000000s ]
NOTIC: [8] Undefined index: message D:\xampp\htdocs\evaluationSystem\Application\Runtime\Cache\Index\380876ff5eecdf3888d6968a913a5ee2.php 第 58 行.
INFO: Run Behavior\ParseTemplateBehavior [ RunTime:0.005000s ]
INFO: [ view_parse ] --END-- [ RunTime:0.005000s ]
INFO: [ view_filter ] --START--
INFO: Run Behavior\WriteHtmlCacheBehavior [ RunTime:0.000000s ]
INFO: [ view_filter ] --END-- [ RunTime:0.000000s ]
INFO: [ app_end ] --START--
INFO: Run Behavior\ShowPageTraceBehavior [ RunTime:0.001000s ]
INFO: [ app_end ] --END-- [ RunTime:0.001000s ]

[ 2016-08-20T21:55:11+08:00 ] ::1 /evaluationSystem/Index/Login/verify/
INFO: [ app_begin ] --START--
INFO: Run Behavior\ReadHtmlCacheBehavior [ RunTime:0.001001s ]
INFO: [ app_begin ] --END-- [ RunTime:0.001001s ]
INFO: [ app_end ] --START--
INFO: Run Behavior\ShowPageTraceBehavior [ RunTime:0.001000s ]
INFO: [ app_end ] --END-- [ RunTime:0.001000s ]

[ 2016-08-20T21:55:20+08:00 ] ::1 /evaluationSystem/Index/Login/checkLogin/
INFO: [ app_begin ] --START--
INFO: Run Behavior\ReadHtmlCacheBehavior [ RunTime:0.001000s ]
INFO: [ app_begin ] --END-- [ RunTime:0.001000s ]
SQL: SHOW COLUMNS FROM `es_user` [ RunTime:0.0030s ]
SQL: SELECT * FROM `es_user` WHERE `username` = 'admin' LIMIT 1   [ RunTime:0.0000s ]
SQL: UPDATE `es_user` SET `logintime`='1471701320',`loginip`='0' WHERE `id` = 1 [ RunTime:0.1000s ]

[ 2016-08-20T21:56:01+08:00 ] ::1 /evaluationSystem/Index/Login/login.html
INFO: [ app_begin ] --START--
INFO: Run Behavior\ReadHtmlCacheBehavior [ RunTime:0.001000s ]
INFO: [ app_begin ] --END-- [ RunTime:0.001000s ]
INFO: [ view_parse ] --START--
INFO: [ template_filter ] --START--
INFO: Run Behavior\ContentReplaceBehavior [ RunTime:0.000000s ]
INFO: [ template_filter ] --END-- [ RunTime:0.000000s ]
NOTIC: [8] Undefined index: message D:\xampp\htdocs\evaluationSystem\Application\Runtime\Cache\Index\380876ff5eecdf3888d6968a913a5ee2.php 第 58 行.
INFO: Run Behavior\ParseTemplateBehavior [ RunTime:0.005001s ]
INFO: [ view_parse ] --END-- [ RunTime:0.005001s ]
INFO: [ view_filter ] --START--
INFO: Run Behavior\WriteHtmlCacheBehavior [ RunTime:0.000000s ]
INFO: [ view_filter ] --END-- [ RunTime:0.000000s ]
INFO: [ app_end ] --START--
INFO: Run Behavior\ShowPageTraceBehavior [ RunTime:0.001000s ]
INFO: [ app_end ] --END-- [ RunTime:0.001000s ]

[ 2016-08-20T21:56:01+08:00 ] ::1 /evaluationSystem/Index/Login/verify/
INFO: [ app_begin ] --START--
INFO: Run Behavior\ReadHtmlCacheBehavior [ RunTime:0.000000s ]
INFO: [ app_begin ] --END-- [ RunTime:0.000000s ]
INFO: [ app_end ] --START--
INFO: Run Behavior\ShowPageTraceBehavior [ RunTime:0.001000s ]
INFO: [ app_end ] --END-- [ RunTime:0.001000s ]

[ 2016-08-20T21:56:09+08:00 ] ::1 /evaluationSystem/Index/Login/checkLogin/
INFO: [ app_begin ] --START--
INFO: Run Behavior\ReadHtmlCacheBehavior [ RunTime:0.001000s ]
INFO: [ app_begin ] --END-- [ RunTime:0.002000s ]
SQL: SHOW COLUMNS FROM `es_user` [ RunTime:0.0030s ]
SQL: SELECT * FROM `es_user` WHERE `username` = 'test' LIMIT 1   [ RunTime:0.0010s ]
INFO: [ view_parse ] --START--
INFO: [ template_filter ] --START--
INFO: Run Behavior\ContentReplaceBehavior [ RunTime:0.000000s ]
INFO: [ template_filter ] --END-- [ RunTime:0.000000s ]
INFO: Run Behavior\ParseTemplateBehavior [ RunTime:0.006000s ]
INFO: [ view_parse ] --END-- [ RunTime:0.006000s ]
INFO: [ view_filter ] --START--
INFO: Run Behavior\WriteHtmlCacheBehavior [ RunTime:0.000000s ]
INFO: [ view_filter ] --END-- [ RunTime:0.000000s ]

[ 2016-08-20T21:56:09+08:00 ] ::1 /evaluationSystem/Index/Login/verify/
INFO: [ app_begin ] --START--
INFO: Run Behavior\ReadHtmlCacheBehavior [ RunTime:0.001000s ]
INFO: [ app_begin ] --END-- [ RunTime:0.001000s ]
INFO: [ app_end ] --START--
INFO: Run Behavior\ShowPageTraceBehavior [ RunTime:0.001000s ]
INFO: [ app_end ] --END-- [ RunTime:0.001000s ]

