[ 2016-03-26T19:41:58+08:00 ] ::1 /workspace/simpsons/trunk/server/index.php/Index/WScreen/index
INFO: [ app_begin ] --START--
INFO: Run Behavior\ReadHtmlCacheBehavior [ RunTime:0.000000s ]
INFO: [ app_begin ] --END-- [ RunTime:0.001000s ]
DEBUG: 

[ 2016-03-26T19:43:02+08:00 ] ::1 /workspace/simpsons/trunk/server/index.php/Index/WScreen/index
INFO: [ app_begin ] --START--
INFO: Run Behavior\ReadHtmlCacheBehavior [ RunTime:0.001000s ]
INFO: [ app_begin ] --END-- [ RunTime:0.001000s ]
DEBUG: 
SQL: SHOW COLUMNS FROM `easy_member_user` [ RunTime:0.0360s ]
SQL: SELECT * FROM `easy_member_user` WHERE `openid` = ' OPENID' LIMIT 1   [ RunTime:0.0010s ]
SQL: UPDATE `easy_member_user` SET `photosrc`='http://wx.qlogo.cn/mmopen/g3MonUZtNHkdmzicIlibx6iaFqAc56vxLSUfpb6n5WKSYVY0ChQKkiaJSgQ1dZuTOgvLLrhJbERQQ4eMsv84eavHiaiceqxibJxCfHe/46',`lastmodifytime`='1458992582' WHERE `openid` = ' OPENID' [ RunTime:0.0000s ]
NOTIC: [8] Undefined index: access_token D:\xampp\htdocs\workspace\simpsons\trunk\server\Application\Index\Controller\WechatController.class.php 第 87 行.
NOTIC: [8] Undefined index: id D:\xampp\htdocs\workspace\simpsons\trunk\server\Application\Index\Controller\WechatController.class.php 第 89 行.
NOTIC: [8] Undefined index: access_token D:\xampp\htdocs\workspace\simpsons\trunk\server\Application\Index\Controller\WechatController.class.php 第 91 行.
SQL: SHOW COLUMNS FROM `easy_member_user` [ RunTime:0.0020s ]
SQL: SELECT `phonenumber` FROM `easy_member_user` WHERE ( userid=62 ) LIMIT 1   [ RunTime:0.0010s ]
INFO: [ view_parse ] --START--
INFO: [ template_filter ] --START--
INFO: Run Behavior\ContentReplaceBehavior [ RunTime:0.001000s ]
INFO: [ template_filter ] --END-- [ RunTime:0.001000s ]
INFO: Run Behavior\ParseTemplateBehavior [ RunTime:0.007001s ]
INFO: [ view_parse ] --END-- [ RunTime:0.007001s ]
INFO: [ view_filter ] --START--
INFO: Run Behavior\WriteHtmlCacheBehavior [ RunTime:0.000000s ]
INFO: [ view_filter ] --END-- [ RunTime:0.000000s ]
INFO: [ app_end ] --START--
INFO: Run Behavior\ShowPageTraceBehavior [ RunTime:0.000000s ]
INFO: [ app_end ] --END-- [ RunTime:0.000000s ]

[ 2016-03-26T19:43:04+08:00 ] ::1 /workspace/simpsons/trunk/server/index.php/Index/WScreen/mainMenu?timestampForLoad=1458992584548
INFO: [ app_begin ] --START--
INFO: Run Behavior\ReadHtmlCacheBehavior [ RunTime:0.000000s ]
INFO: [ app_begin ] --END-- [ RunTime:0.001000s ]
DEBUG: 
SQL: SHOW COLUMNS FROM `easy_member_user` [ RunTime:0.0020s ]
SQL: SELECT * FROM `easy_member_user` WHERE `openid` = ' OPENID' LIMIT 1   [ RunTime:0.0000s ]
SQL: UPDATE `easy_member_user` SET `photosrc`='http://wx.qlogo.cn/mmopen/g3MonUZtNHkdmzicIlibx6iaFqAc56vxLSUfpb6n5WKSYVY0ChQKkiaJSgQ1dZuTOgvLLrhJbERQQ4eMsv84eavHiaiceqxibJxCfHe/46',`lastmodifytime`='1458992584' WHERE `openid` = ' OPENID' [ RunTime:0.0010s ]
NOTIC: [8] Undefined index: access_token D:\xampp\htdocs\workspace\simpsons\trunk\server\Application\Index\Controller\WechatController.class.php 第 87 行.
NOTIC: [8] Undefined index: id D:\xampp\htdocs\workspace\simpsons\trunk\server\Application\Index\Controller\WechatController.class.php 第 89 行.
NOTIC: [8] Undefined index: access_token D:\xampp\htdocs\workspace\simpsons\trunk\server\Application\Index\Controller\WechatController.class.php 第 91 行.
INFO: [ view_parse ] --START--
INFO: [ template_filter ] --START--
INFO: Run Behavior\ContentReplaceBehavior [ RunTime:0.000000s ]
INFO: [ template_filter ] --END-- [ RunTime:0.000000s ]
INFO: Run Behavior\ParseTemplateBehavior [ RunTime:0.031002s ]
INFO: [ view_parse ] --END-- [ RunTime:0.031002s ]
INFO: [ view_filter ] --START--
INFO: Run Behavior\WriteHtmlCacheBehavior [ RunTime:0.000000s ]
INFO: [ view_filter ] --END-- [ RunTime:0.000000s ]
INFO: [ app_end ] --START--
INFO: Run Behavior\ShowPageTraceBehavior [ RunTime:0.001000s ]
INFO: [ app_end ] --END-- [ RunTime:0.001000s ]

[ 2016-03-26T19:43:04+08:00 ] ::1 /workspace/simpsons/trunk/server/index.php/Index/WScreen/index
INFO: [ app_begin ] --START--
INFO: Run Behavior\ReadHtmlCacheBehavior [ RunTime:0.001000s ]
INFO: [ app_begin ] --END-- [ RunTime:0.002000s ]
DEBUG: 
SQL: SHOW COLUMNS FROM `easy_member_user` [ RunTime:0.0030s ]
SQL: SELECT * FROM `easy_member_user` WHERE `openid` = ' OPENID' LIMIT 1   [ RunTime:0.0000s ]
SQL: UPDATE `easy_member_user` SET `photosrc`='http://wx.qlogo.cn/mmopen/g3MonUZtNHkdmzicIlibx6iaFqAc56vxLSUfpb6n5WKSYVY0ChQKkiaJSgQ1dZuTOgvLLrhJbERQQ4eMsv84eavHiaiceqxibJxCfHe/46',`lastmodifytime`='1458992584' WHERE `openid` = ' OPENID' [ RunTime:0.0000s ]
NOTIC: [8] Undefined index: access_token D:\xampp\htdocs\workspace\simpsons\trunk\server\Application\Index\Controller\WechatController.class.php 第 87 行.
NOTIC: [8] Undefined index: id D:\xampp\htdocs\workspace\simpsons\trunk\server\Application\Index\Controller\WechatController.class.php 第 89 行.
NOTIC: [8] Undefined index: access_token D:\xampp\htdocs\workspace\simpsons\trunk\server\Application\Index\Controller\WechatController.class.php 第 91 行.
SQL: SHOW COLUMNS FROM `easy_member_user` [ RunTime:0.0020s ]
SQL: SELECT `phonenumber` FROM `easy_member_user` WHERE ( userid=62 ) LIMIT 1   [ RunTime:0.0000s ]
INFO: [ view_parse ] --START--
INFO: [ template_filter ] --START--
INFO: Run Behavior\ContentReplaceBehavior [ RunTime:0.000000s ]
INFO: [ template_filter ] --END-- [ RunTime:0.000000s ]
INFO: Run Behavior\ParseTemplateBehavior [ RunTime:0.007000s ]
INFO: [ view_parse ] --END-- [ RunTime:0.007000s ]
INFO: [ view_filter ] --START--
INFO: Run Behavior\WriteHtmlCacheBehavior [ RunTime:0.000000s ]
INFO: [ view_filter ] --END-- [ RunTime:0.000000s ]
INFO: [ app_end ] --START--
INFO: Run Behavior\ShowPageTraceBehavior [ RunTime:0.001001s ]
INFO: [ app_end ] --END-- [ RunTime:0.001001s ]

