[ 2016-03-09T21:00:25+08:00 ] 127.0.0.1 /workspace/simpsons/trunk/server/index.php/Index/WScreen/index?code=00118e34f08af79b6ce0c929f885669x&state=
INFO: [ app_begin ] --START--
INFO: Run Behavior\ReadHtmlCacheBehavior [ RunTime:0.000000s ]
INFO: [ app_begin ] --END-- [ RunTime:0.001000s ]
SQL: SHOW COLUMNS FROM `easy_category` [ RunTime:0.0470s ]
SQL: SELECT * FROM `easy_category` WHERE ( isverify=1 and isshow=1 ) ORDER BY sort desc  [ RunTime:0.0000s ]
DEBUG: 

[ 2016-03-09T21:00:29+08:00 ] 127.0.0.1 /workspace/simpsons/trunk/server/index.php/Index/WScreen/index?code=00118e34f08af79b6ce0c929f885669x&state=&code=001449d5a63249caa2426a76745cc28p&state=
INFO: [ app_begin ] --START--
INFO: Run Behavior\ReadHtmlCacheBehavior [ RunTime:0.001000s ]
INFO: [ app_begin ] --END-- [ RunTime:0.001000s ]
SQL: SHOW COLUMNS FROM `easy_category` [ RunTime:0.0030s ]
SQL: SELECT * FROM `easy_category` WHERE ( isverify=1 and isshow=1 ) ORDER BY sort desc  [ RunTime:0.0000s ]
DEBUG: 
SQL: SHOW COLUMNS FROM `easy_member_user` [ RunTime:0.0400s ]
SQL: SELECT * FROM `easy_member_user` WHERE `openid` = 'oO9Rqs3wB38dm7FCGjEYwBmE5oeY' LIMIT 1   [ RunTime:0.0000s ]
SQL: UPDATE `easy_member_user` SET `nickname`='Brian',`photosrc`='http://wx.qlogo.cn/mmopen/ajNVdqHZLLD1CoqaOVO33GicvV7oyFaJ5FF0lCJZv2Zeq2ia9ibm9nbWPwhoOYjjoY10aicV8licAbn1deXzWgia886A/0' WHERE `openid` = 'oO9Rqs3wB38dm7FCGjEYwBmE5oeY' [ RunTime:0.0000s ]
NOTIC: [8] Undefined index: id D:\xampp\htdocs\workspace\simpsons\trunk\server\Application\Index\Controller\WechatController.class.php 第 72 行.
NOTIC: [8] Undefined index: id D:\xampp\htdocs\workspace\simpsons\trunk\server\Application\Index\Controller\WechatController.class.php 第 76 行.
INFO: [ view_parse ] --START--
INFO: [ template_filter ] --START--
INFO: Run Behavior\ContentReplaceBehavior [ RunTime:0.000000s ]
INFO: [ template_filter ] --END-- [ RunTime:0.000000s ]
INFO: Run Behavior\ParseTemplateBehavior [ RunTime:0.007000s ]
INFO: [ view_parse ] --END-- [ RunTime:0.007000s ]
INFO: [ view_filter ] --START--
INFO: Run Behavior\WriteHtmlCacheBehavior [ RunTime:0.000000s ]
INFO: [ view_filter ] --END-- [ RunTime:0.000000s ]
INFO: [ app_end ] --START--
INFO: Run Behavior\ShowPageTraceBehavior [ RunTime:0.001000s ]
INFO: [ app_end ] --END-- [ RunTime:0.001000s ]

[ 2016-03-09T21:00:30+08:00 ] 127.0.0.1 /workspace/simpsons/trunk/server/index.php/Index/WScreen/oriantationNotification?timestampForLoad=1457528429949
INFO: [ app_begin ] --START--
INFO: Run Behavior\ReadHtmlCacheBehavior [ RunTime:0.001000s ]
INFO: [ app_begin ] --END-- [ RunTime:0.001000s ]
SQL: SHOW COLUMNS FROM `easy_category` [ RunTime:0.0040s ]
SQL: SELECT * FROM `easy_category` WHERE ( isverify=1 and isshow=1 ) ORDER BY sort desc  [ RunTime:0.0010s ]
DEBUG: 

[ 2016-03-09T21:00:42+08:00 ] 127.0.0.1 /workspace/simpsons/trunk/server/index.php/Index/WScreen/showUserLogin?timestampForLoad=1457528442013
INFO: [ app_begin ] --START--
INFO: Run Behavior\ReadHtmlCacheBehavior [ RunTime:0.001001s ]
INFO: [ app_begin ] --END-- [ RunTime:0.002001s ]
SQL: SHOW COLUMNS FROM `easy_category` [ RunTime:0.0020s ]
SQL: SELECT * FROM `easy_category` WHERE ( isverify=1 and isshow=1 ) ORDER BY sort desc  [ RunTime:0.0000s ]
DEBUG: 

[ 2016-03-09T21:00:43+08:00 ] 127.0.0.1 /workspace/simpsons/trunk/server/index.php/Index/WScreen/showUserLogin?timestampForLoad=1457528442984
INFO: [ app_begin ] --START--
INFO: Run Behavior\ReadHtmlCacheBehavior [ RunTime:0.000000s ]
INFO: [ app_begin ] --END-- [ RunTime:0.000000s ]
SQL: SHOW COLUMNS FROM `easy_category` [ RunTime:0.0000s ]
SQL: SELECT * FROM `easy_category` WHERE ( isverify=1 and isshow=1 ) ORDER BY sort desc  [ RunTime:0.0000s ]
DEBUG: 

[ 2016-03-09T21:00:43+08:00 ] 127.0.0.1 /workspace/simpsons/trunk/server/index.php/Index/WScreen/showUserLogin?timestampForLoad=1457528443203
INFO: [ app_begin ] --START--
INFO: Run Behavior\ReadHtmlCacheBehavior [ RunTime:0.000000s ]
INFO: [ app_begin ] --END-- [ RunTime:0.000000s ]
SQL: SHOW COLUMNS FROM `easy_category` [ RunTime:0.0000s ]
SQL: SELECT * FROM `easy_category` WHERE ( isverify=1 and isshow=1 ) ORDER BY sort desc  [ RunTime:0.0000s ]
DEBUG: 

[ 2016-03-09T21:46:57+08:00 ] 127.0.0.1 /workspace/simpsons/trunk/server/index.php/Index/WScreen/index?code=00118e34f08af79b6ce0c929f885669x&state=
INFO: [ app_begin ] --START--
INFO: Run Behavior\ReadHtmlCacheBehavior [ RunTime:0.001001s ]
INFO: [ app_begin ] --END-- [ RunTime:0.001001s ]
SQL: SHOW COLUMNS FROM `easy_category` [ RunTime:0.0040s ]
SQL: SELECT * FROM `easy_category` WHERE ( isverify=1 and isshow=1 ) ORDER BY sort desc  [ RunTime:0.0010s ]
DEBUG: 

[ 2016-03-09T21:47:00+08:00 ] 127.0.0.1 /workspace/simpsons/trunk/server/index.php/Index/WScreen/index?code=00118e34f08af79b6ce0c929f885669x&state=&code=0312fcefd2bc2d7a8cc8b69cb44198am&state=
INFO: [ app_begin ] --START--
INFO: Run Behavior\ReadHtmlCacheBehavior [ RunTime:0.001001s ]
INFO: [ app_begin ] --END-- [ RunTime:0.001001s ]
SQL: SHOW COLUMNS FROM `easy_category` [ RunTime:0.0030s ]
SQL: SELECT * FROM `easy_category` WHERE ( isverify=1 and isshow=1 ) ORDER BY sort desc  [ RunTime:0.0000s ]
DEBUG: 
SQL: SHOW COLUMNS FROM `easy_member_user` [ RunTime:0.0040s ]
SQL: SELECT * FROM `easy_member_user` WHERE `openid` = 'oO9Rqs3wB38dm7FCGjEYwBmE5oeY' LIMIT 1   [ RunTime:0.0010s ]
SQL: UPDATE `easy_member_user` SET `nickname`='Brian',`photosrc`='http://wx.qlogo.cn/mmopen/ajNVdqHZLLD1CoqaOVO33GicvV7oyFaJ5FF0lCJZv2Zeq2ia9ibm9nbWPwhoOYjjoY10aicV8licAbn1deXzWgia886A/0' WHERE `openid` = 'oO9Rqs3wB38dm7FCGjEYwBmE5oeY' [ RunTime:0.0000s ]
NOTIC: [8] Undefined index: id D:\xampp\htdocs\workspace\simpsons\trunk\server\Application\Index\Controller\WechatController.class.php 第 72 行.
NOTIC: [8] Undefined index: id D:\xampp\htdocs\workspace\simpsons\trunk\server\Application\Index\Controller\WechatController.class.php 第 76 行.
INFO: [ view_parse ] --START--
INFO: [ template_filter ] --START--
INFO: Run Behavior\ContentReplaceBehavior [ RunTime:0.000000s ]
INFO: [ template_filter ] --END-- [ RunTime:0.000000s ]
INFO: Run Behavior\ParseTemplateBehavior [ RunTime:0.012001s ]
INFO: [ view_parse ] --END-- [ RunTime:0.012001s ]
INFO: [ view_filter ] --START--
INFO: Run Behavior\WriteHtmlCacheBehavior [ RunTime:0.000000s ]
INFO: [ view_filter ] --END-- [ RunTime:0.000000s ]
INFO: [ app_end ] --START--
INFO: Run Behavior\ShowPageTraceBehavior [ RunTime:0.001000s ]
INFO: [ app_end ] --END-- [ RunTime:0.001000s ]

[ 2016-03-09T21:47:01+08:00 ] 127.0.0.1 /workspace/simpsons/trunk/server/index.php/Index/WScreen/oriantationNotification?timestampForLoad=1457531221092
INFO: [ app_begin ] --START--
INFO: Run Behavior\ReadHtmlCacheBehavior [ RunTime:0.000000s ]
INFO: [ app_begin ] --END-- [ RunTime:0.001000s ]
SQL: SHOW COLUMNS FROM `easy_category` [ RunTime:0.0020s ]
SQL: SELECT * FROM `easy_category` WHERE ( isverify=1 and isshow=1 ) ORDER BY sort desc  [ RunTime:0.0010s ]
DEBUG: 

[ 2016-03-09T21:47:11+08:00 ] 127.0.0.1 /workspace/simpsons/trunk/server/index.php/Index/WScreen/showUserLogin?timestampForLoad=1457531231074
INFO: [ app_begin ] --START--
INFO: Run Behavior\ReadHtmlCacheBehavior [ RunTime:0.001000s ]
INFO: [ app_begin ] --END-- [ RunTime:0.002000s ]
SQL: SHOW COLUMNS FROM `easy_category` [ RunTime:0.0020s ]
SQL: SELECT * FROM `easy_category` WHERE ( isverify=1 and isshow=1 ) ORDER BY sort desc  [ RunTime:0.0000s ]
DEBUG: 

[ 2016-03-09T22:56:19+08:00 ] 127.0.0.1 /workspace/simpsons/trunk/server/index.php/Index/WScreen/index?code=00118e34f08af79b6ce0c929f885669x&state=&code=0312fcefd2bc2d7a8cc8b69cb44198am&state=
INFO: [ app_begin ] --START--
INFO: Run Behavior\ReadHtmlCacheBehavior [ RunTime:0.001000s ]
INFO: [ app_begin ] --END-- [ RunTime:0.003000s ]
SQL: SHOW COLUMNS FROM `easy_category` [ RunTime:0.0030s ]
SQL: SELECT * FROM `easy_category` WHERE ( isverify=1 and isshow=1 ) ORDER BY sort desc  [ RunTime:0.0010s ]
DEBUG: 

[ 2016-03-09T22:56:39+08:00 ] 127.0.0.1 /workspace/simpsons/trunk/server/index.php/Index/WScreen/index?code=00118e34f08af79b6ce0c929f885669x&state=&code=0312fcefd2bc2d7a8cc8b69cb44198am&state=&code=021350cc49dc7ba27f8e947c060cb1bD&state=
INFO: [ app_begin ] --START--
INFO: Run Behavior\ReadHtmlCacheBehavior [ RunTime:0.015600s ]
INFO: [ app_begin ] --END-- [ RunTime:0.015600s ]
SQL: SHOW COLUMNS FROM `easy_category` [ RunTime:0.0156s ]
SQL: SELECT * FROM `easy_category` WHERE ( isverify=1 and isshow=1 ) ORDER BY sort desc  [ RunTime:0.0000s ]
DEBUG: 
SQL: SHOW COLUMNS FROM `easy_member_user` [ RunTime:0.0000s ]
SQL: SELECT * FROM `easy_member_user` WHERE `openid` = 'oO9Rqs3wB38dm7FCGjEYwBmE5oeY' LIMIT 1   [ RunTime:0.0000s ]
SQL: UPDATE `easy_member_user` SET `nickname`='Brian',`photosrc`='http://wx.qlogo.cn/mmopen/ajNVdqHZLLD1CoqaOVO33GicvV7oyFaJ5FF0lCJZv2Zeq2ia9ibm9nbWPwhoOYjjoY10aicV8licAbn1deXzWgia886A/0' WHERE `openid` = 'oO9Rqs3wB38dm7FCGjEYwBmE5oeY' [ RunTime:0.0000s ]
NOTIC: [8] Undefined index: id D:\xampp\htdocs\workspace\simpsons\trunk\server\Application\Index\Controller\WechatController.class.php 第 72 行.
NOTIC: [8] Undefined index: id D:\xampp\htdocs\workspace\simpsons\trunk\server\Application\Index\Controller\WechatController.class.php 第 76 行.
INFO: [ view_parse ] --START--
INFO: [ template_filter ] --START--
INFO: Run Behavior\ContentReplaceBehavior [ RunTime:0.000000s ]
INFO: [ template_filter ] --END-- [ RunTime:0.000000s ]
INFO: Run Behavior\ParseTemplateBehavior [ RunTime:0.015600s ]
INFO: [ view_parse ] --END-- [ RunTime:0.015600s ]
INFO: [ view_filter ] --START--
INFO: Run Behavior\WriteHtmlCacheBehavior [ RunTime:0.000000s ]
INFO: [ view_filter ] --END-- [ RunTime:0.000000s ]
INFO: [ app_end ] --START--
INFO: Run Behavior\ShowPageTraceBehavior [ RunTime:0.000000s ]
INFO: [ app_end ] --END-- [ RunTime:0.000000s ]

[ 2016-03-09T22:58:42+08:00 ] ::1 /workspace/simpsons/trunk/server/index.php/Index/WScreen/index
INFO: [ app_begin ] --START--
INFO: Run Behavior\ReadHtmlCacheBehavior [ RunTime:0.015600s ]
INFO: [ app_begin ] --END-- [ RunTime:0.015600s ]
SQL: SHOW COLUMNS FROM `easy_category` [ RunTime:0.0020s ]
SQL: SELECT * FROM `easy_category` WHERE ( isverify=1 and isshow=1 ) ORDER BY sort desc  [ RunTime:0.0010s ]
DEBUG: 
INFO: [ view_parse ] --START--
INFO: [ template_filter ] --START--
INFO: Run Behavior\ContentReplaceBehavior [ RunTime:0.000000s ]
INFO: [ template_filter ] --END-- [ RunTime:0.000000s ]
NOTIC: [8] Undefined variable: message D:\xampp\htdocs\workspace\simpsons\trunk\server\Application\Runtime\Cache\Index\bf04dbfa7886155a2502952e262d518b.php 第 19 行.
INFO: Run Behavior\ParseTemplateBehavior [ RunTime:0.027002s ]
INFO: [ view_parse ] --END-- [ RunTime:0.027002s ]
INFO: [ view_filter ] --START--
INFO: Run Behavior\WriteHtmlCacheBehavior [ RunTime:0.001000s ]
INFO: [ view_filter ] --END-- [ RunTime:0.001000s ]

[ 2016-03-09T22:59:02+08:00 ] ::1 /workspace/simpsons/trunk/server/index.php/Index/WScreen/index
INFO: [ app_begin ] --START--
INFO: Run Behavior\ReadHtmlCacheBehavior [ RunTime:0.001000s ]
INFO: [ app_begin ] --END-- [ RunTime:0.001000s ]
SQL: SHOW COLUMNS FROM `easy_category` [ RunTime:0.0020s ]
SQL: SELECT * FROM `easy_category` WHERE ( isverify=1 and isshow=1 ) ORDER BY sort desc  [ RunTime:0.0000s ]
DEBUG: 
SQL: SHOW COLUMNS FROM `easy_member_user` [ RunTime:0.0030s ]
SQL: SELECT * FROM `easy_member_user` WHERE `openid` = null LIMIT 1   [ RunTime:0.0010s ]
NOTIC: [8] Undefined variable: data D:\xampp\htdocs\workspace\simpsons\trunk\server\Application\Index\Controller\WechatController.class.php 第 57 行.
NOTIC: [8] Undefined variable: data D:\xampp\htdocs\workspace\simpsons\trunk\server\Application\Index\Controller\WechatController.class.php 第 58 行.
SQL: INSERT INTO `easy_member_user` (`openid`,`nickname`,`photosrc`) VALUES (NULL,NULL,NULL) [ RunTime:0.0000s ]
NOTIC: [8] Undefined variable: data D:\xampp\htdocs\workspace\simpsons\trunk\server\Application\Index\Controller\WechatController.class.php 第 63 行.
INFO: [ view_parse ] --START--
INFO: [ template_filter ] --START--
INFO: Run Behavior\ContentReplaceBehavior [ RunTime:0.000000s ]
INFO: [ template_filter ] --END-- [ RunTime:0.000000s ]
INFO: Run Behavior\ParseTemplateBehavior [ RunTime:0.006000s ]
INFO: [ view_parse ] --END-- [ RunTime:0.006000s ]
INFO: [ view_filter ] --START--
INFO: Run Behavior\WriteHtmlCacheBehavior [ RunTime:0.001000s ]
INFO: [ view_filter ] --END-- [ RunTime:0.001000s ]
INFO: [ app_end ] --START--
INFO: Run Behavior\ShowPageTraceBehavior [ RunTime:0.002000s ]
INFO: [ app_end ] --END-- [ RunTime:0.002000s ]

[ 2016-03-09T22:59:05+08:00 ] ::1 /workspace/simpsons/trunk/server/index.php/Index/WScreen/showUserLogin?timestampForLoad=1457535545286
INFO: [ app_begin ] --START--
INFO: Run Behavior\ReadHtmlCacheBehavior [ RunTime:0.000000s ]
INFO: [ app_begin ] --END-- [ RunTime:0.001000s ]
SQL: SHOW COLUMNS FROM `easy_category` [ RunTime:0.0000s ]
SQL: SELECT * FROM `easy_category` WHERE ( isverify=1 and isshow=1 ) ORDER BY sort desc  [ RunTime:0.0000s ]
DEBUG: 
SQL: SHOW COLUMNS FROM `easy_member_user` [ RunTime:0.0000s ]
SQL: SELECT * FROM `easy_member_user` WHERE `openid` = null LIMIT 1   [ RunTime:0.0000s ]
NOTIC: [8] Undefined variable: data D:\xampp\htdocs\workspace\simpsons\trunk\server\Application\Index\Controller\WechatController.class.php 第 57 行.
NOTIC: [8] Undefined variable: data D:\xampp\htdocs\workspace\simpsons\trunk\server\Application\Index\Controller\WechatController.class.php 第 58 行.
SQL: INSERT INTO `easy_member_user` (`openid`,`nickname`,`photosrc`) VALUES (NULL,NULL,NULL) [ RunTime:0.0000s ]
NOTIC: [8] Undefined variable: data D:\xampp\htdocs\workspace\simpsons\trunk\server\Application\Index\Controller\WechatController.class.php 第 63 行.
INFO: [ view_parse ] --START--
INFO: [ template_filter ] --START--
INFO: Run Behavior\ContentReplaceBehavior [ RunTime:0.000000s ]
INFO: [ template_filter ] --END-- [ RunTime:0.000000s ]
INFO: Run Behavior\ParseTemplateBehavior [ RunTime:0.032200s ]
INFO: [ view_parse ] --END-- [ RunTime:0.032200s ]
INFO: [ view_filter ] --START--
INFO: Run Behavior\WriteHtmlCacheBehavior [ RunTime:0.000000s ]
INFO: [ view_filter ] --END-- [ RunTime:0.000000s ]
INFO: [ app_end ] --START--
INFO: Run Behavior\ShowPageTraceBehavior [ RunTime:0.000000s ]
INFO: [ app_end ] --END-- [ RunTime:0.000000s ]

[ 2016-03-09T23:08:43+08:00 ] 127.0.0.1 /workspace/simpsons/trunk/server/index.php/Index/WScreen/index?code=00118e34f08af79b6ce0c929f885669x&state=&code=0312fcefd2bc2d7a8cc8b69cb44198am&state=&code=021350cc49dc7ba27f8e947c060cb1bD&state=
INFO: [ app_begin ] --START--
INFO: Run Behavior\ReadHtmlCacheBehavior [ RunTime:0.001000s ]
INFO: [ app_begin ] --END-- [ RunTime:0.001000s ]
SQL: SHOW COLUMNS FROM `easy_category` [ RunTime:0.0020s ]
SQL: SELECT * FROM `easy_category` WHERE ( isverify=1 and isshow=1 ) ORDER BY sort desc  [ RunTime:0.0000s ]
DEBUG: 

[ 2016-03-09T23:08:46+08:00 ] 127.0.0.1 /workspace/simpsons/trunk/server/index.php/Index/WScreen/index?code=00118e34f08af79b6ce0c929f885669x&state=&code=0312fcefd2bc2d7a8cc8b69cb44198am&state=&code=021350cc49dc7ba27f8e947c060cb1bD&state=&code=0413dfcd08660877f7e3e564b44c5791&state=
INFO: [ app_begin ] --START--
INFO: Run Behavior\ReadHtmlCacheBehavior [ RunTime:0.001000s ]
INFO: [ app_begin ] --END-- [ RunTime:0.001000s ]
SQL: SHOW COLUMNS FROM `easy_category` [ RunTime:0.0030s ]
SQL: SELECT * FROM `easy_category` WHERE ( isverify=1 and isshow=1 ) ORDER BY sort desc  [ RunTime:0.0010s ]
DEBUG: 
SQL: SHOW COLUMNS FROM `easy_member_user` [ RunTime:0.0060s ]
SQL: SELECT * FROM `easy_member_user` WHERE `openid` = 'oO9Rqs3wB38dm7FCGjEYwBmE5oeY' LIMIT 1   [ RunTime:0.0010s ]
SQL: UPDATE `easy_member_user` SET `nickname`='Brian',`photosrc`='http://wx.qlogo.cn/mmopen/ajNVdqHZLLD1CoqaOVO33GicvV7oyFaJ5FF0lCJZv2Zeq2ia9ibm9nbWPwhoOYjjoY10aicV8licAbn1deXzWgia886A/0' WHERE `openid` = 'oO9Rqs3wB38dm7FCGjEYwBmE5oeY' [ RunTime:0.0010s ]
NOTIC: [8] Undefined index: id D:\xampp\htdocs\workspace\simpsons\trunk\server\Application\Index\Controller\WechatController.class.php 第 72 行.
NOTIC: [8] Undefined index: id D:\xampp\htdocs\workspace\simpsons\trunk\server\Application\Index\Controller\WechatController.class.php 第 76 行.
INFO: [ view_parse ] --START--
INFO: [ template_filter ] --START--
INFO: Run Behavior\ContentReplaceBehavior [ RunTime:0.000000s ]
INFO: [ template_filter ] --END-- [ RunTime:0.000000s ]
INFO: Run Behavior\ParseTemplateBehavior [ RunTime:0.013001s ]
INFO: [ view_parse ] --END-- [ RunTime:0.014001s ]
INFO: [ view_filter ] --START--
INFO: Run Behavior\WriteHtmlCacheBehavior [ RunTime:0.001000s ]
INFO: [ view_filter ] --END-- [ RunTime:0.001000s ]
INFO: [ app_end ] --START--
INFO: Run Behavior\ShowPageTraceBehavior [ RunTime:0.001000s ]
INFO: [ app_end ] --END-- [ RunTime:0.001000s ]

[ 2016-03-09T23:08:49+08:00 ] 127.0.0.1 /workspace/simpsons/trunk/server/index.php/Index/WScreen/showUserLogin?timestampForLoad=1457536129043
INFO: [ app_begin ] --START--
INFO: Run Behavior\ReadHtmlCacheBehavior [ RunTime:0.001000s ]
INFO: [ app_begin ] --END-- [ RunTime:0.001000s ]
SQL: SHOW COLUMNS FROM `easy_category` [ RunTime:0.0020s ]
SQL: SELECT * FROM `easy_category` WHERE ( isverify=1 and isshow=1 ) ORDER BY sort desc  [ RunTime:0.0000s ]
DEBUG: 

[ 2016-03-09T23:09:04+08:00 ] 127.0.0.1 /workspace/simpsons/trunk/server/index.php/Index/WScreen/index?code=00118e34f08af79b6ce0c929f885669x&state=&code=0312fcefd2bc2d7a8cc8b69cb44198am&state=&code=021350cc49dc7ba27f8e947c060cb1bD&state=&code=0413dfcd08660877f7e3e564b44c5791&state=
INFO: [ app_begin ] --START--
INFO: Run Behavior\ReadHtmlCacheBehavior [ RunTime:0.000000s ]
INFO: [ app_begin ] --END-- [ RunTime:0.001000s ]
SQL: SHOW COLUMNS FROM `easy_category` [ RunTime:0.0030s ]
SQL: SELECT * FROM `easy_category` WHERE ( isverify=1 and isshow=1 ) ORDER BY sort desc  [ RunTime:0.0000s ]
DEBUG: 

[ 2016-03-09T23:09:08+08:00 ] 127.0.0.1 /workspace/simpsons/trunk/server/index.php/Index/WScreen/index?code=00118e34f08af79b6ce0c929f885669x&state=&code=0312fcefd2bc2d7a8cc8b69cb44198am&state=&code=021350cc49dc7ba27f8e947c060cb1bD&state=&code=0413dfcd08660877f7e3e564b44c5791&state=&code=011a0d882dbd51d4e3c84f32f534403l&state=
INFO: [ app_begin ] --START--
INFO: Run Behavior\ReadHtmlCacheBehavior [ RunTime:0.002000s ]
INFO: [ app_begin ] --END-- [ RunTime:0.002000s ]
SQL: SHOW COLUMNS FROM `easy_category` [ RunTime:0.0030s ]
SQL: SELECT * FROM `easy_category` WHERE ( isverify=1 and isshow=1 ) ORDER BY sort desc  [ RunTime:0.0010s ]
DEBUG: 
SQL: SHOW COLUMNS FROM `easy_member_user` [ RunTime:0.0060s ]
SQL: SELECT * FROM `easy_member_user` WHERE `openid` = 'oO9Rqs3wB38dm7FCGjEYwBmE5oeY' LIMIT 1   [ RunTime:0.0000s ]
SQL: UPDATE `easy_member_user` SET `nickname`='Brian',`photosrc`='http://wx.qlogo.cn/mmopen/ajNVdqHZLLD1CoqaOVO33GicvV7oyFaJ5FF0lCJZv2Zeq2ia9ibm9nbWPwhoOYjjoY10aicV8licAbn1deXzWgia886A/0' WHERE `openid` = 'oO9Rqs3wB38dm7FCGjEYwBmE5oeY' [ RunTime:0.0000s ]
NOTIC: [8] Undefined index: id D:\xampp\htdocs\workspace\simpsons\trunk\server\Application\Index\Controller\WechatController.class.php 第 72 行.
NOTIC: [8] Undefined index: id D:\xampp\htdocs\workspace\simpsons\trunk\server\Application\Index\Controller\WechatController.class.php 第 76 行.
INFO: [ view_parse ] --START--
INFO: [ template_filter ] --START--
INFO: Run Behavior\ContentReplaceBehavior [ RunTime:0.000000s ]
INFO: [ template_filter ] --END-- [ RunTime:0.000000s ]
INFO: Run Behavior\ParseTemplateBehavior [ RunTime:0.017001s ]
INFO: [ view_parse ] --END-- [ RunTime:0.017001s ]
INFO: [ view_filter ] --START--
INFO: Run Behavior\WriteHtmlCacheBehavior [ RunTime:0.001000s ]
INFO: [ view_filter ] --END-- [ RunTime:0.001000s ]
INFO: [ app_end ] --START--
INFO: Run Behavior\ShowPageTraceBehavior [ RunTime:0.002000s ]
INFO: [ app_end ] --END-- [ RunTime:0.002000s ]

[ 2016-03-09T23:09:13+08:00 ] 127.0.0.1 /workspace/simpsons/trunk/server/index.php/Index/WScreen/showUserLogin?timestampForLoad=1457536153028
INFO: [ app_begin ] --START--
INFO: Run Behavior\ReadHtmlCacheBehavior [ RunTime:0.001001s ]
INFO: [ app_begin ] --END-- [ RunTime:0.001001s ]
SQL: SHOW COLUMNS FROM `easy_category` [ RunTime:0.0030s ]
SQL: SELECT * FROM `easy_category` WHERE ( isverify=1 and isshow=1 ) ORDER BY sort desc  [ RunTime:0.0000s ]
DEBUG: 

[ 2016-03-09T23:30:43+08:00 ] 127.0.0.1 /workspace/simpsons/trunk/server/index.php/Index/WScreen/oriantationNotification?timestampForLoad=1457537443585
INFO: [ app_begin ] --START--
INFO: Run Behavior\ReadHtmlCacheBehavior [ RunTime:0.001000s ]
INFO: [ app_begin ] --END-- [ RunTime:0.001000s ]
SQL: SHOW COLUMNS FROM `easy_category` [ RunTime:0.0040s ]
SQL: SELECT * FROM `easy_category` WHERE ( isverify=1 and isshow=1 ) ORDER BY sort desc  [ RunTime:0.0010s ]
DEBUG: 

