[ 2016-06-20T21:05:13+08:00 ] ::1 /workspace/simpsons/trunk/server/index.php/Index/WScreen/index
INFO: [ app_begin ] --START--
INFO: Run Behavior\ReadHtmlCacheBehavior [ RunTime:0.001000s ]
INFO: [ app_begin ] --END-- [ RunTime:0.001000s ]
DEBUG: 
SQL: SHOW COLUMNS FROM `easy_member_user` [ RunTime:0.0200s ]
SQL: SELECT * FROM `easy_member_user` WHERE `openid` = ' OPENID' LIMIT 1   [ RunTime:0.0000s ]
SQL: UPDATE `easy_member_user` SET `photosrc`='http://wx.qlogo.cn/mmopen/g3MonUZtNHkdmzicIlibx6iaFqAc56vxLSUfpb6n5WKSYVY0ChQKkiaJSgQ1dZuTOgvLLrhJbERQQ4eMsv84eavHiaiceqxibJxCfHe/46',`lastmodifytime`='1466427912' WHERE `openid` = ' OPENID' [ RunTime:0.0000s ]
NOTIC: [8] Undefined index: access_token D:\xampp\htdocs\workspace\simpsons\trunk\server\Application\Index\Controller\WechatController.class.php 第 88 行.
NOTIC: [8] Undefined index: access_token D:\xampp\htdocs\workspace\simpsons\trunk\server\Application\Index\Controller\WechatController.class.php 第 94 行.
NOTIC: [2048] Non-static method Org\CRM\CRMInterface::callCRM() should not be called statically D:\xampp\htdocs\workspace\simpsons\trunk\server\ThinkPHP\Library\Org\CRM\CRMInterface.class.php 第 6 行.
NOTIC: [2048] Non-static method Org\CRM\CRMInterface::prepareString() should not be called statically D:\xampp\htdocs\workspace\simpsons\trunk\server\ThinkPHP\Library\Org\CRM\CRMInterface.class.php 第 57 行.
NOTIC: [2048] Non-static method Org\CRM\CRMInterface::getURL() should not be called statically D:\xampp\htdocs\workspace\simpsons\trunk\server\ThinkPHP\Library\Org\CRM\CRMInterface.class.php 第 58 行.
NOTIC: [2048] Non-static method Org\CRM\CRMInterface::callCRMInterface() should not be called statically D:\xampp\htdocs\workspace\simpsons\trunk\server\ThinkPHP\Library\Org\CRM\CRMInterface.class.php 第 59 行.
NOTIC: [2048] Non-static method Org\CRM\CRMInterface::getURL() should not be called statically D:\xampp\htdocs\workspace\simpsons\trunk\server\ThinkPHP\Library\Org\CRM\CRMInterface.class.php 第 79 行.
NOTIC: [2048] Non-static method Org\CRM\CRMInterface::logSection() should not be called statically D:\xampp\htdocs\workspace\simpsons\trunk\server\ThinkPHP\Library\Org\CRM\CRMInterface.class.php 第 60 行.
NOTIC: [2048] Non-static method Org\CRM\CRMInterface::getLogFile() should not be called statically D:\xampp\htdocs\workspace\simpsons\trunk\server\ThinkPHP\Library\Org\CRM\CRMInterface.class.php 第 65 行.
SQL: SHOW COLUMNS FROM `easy_member_user` [ RunTime:0.0050s ]
SQL: SELECT `phonenumber` FROM `easy_member_user` WHERE ( userid=87 ) LIMIT 1   [ RunTime:0.0010s ]
NOTIC: [8] Undefined index: target D:\xampp\htdocs\workspace\simpsons\trunk\server\Application\Index\Controller\WScreenController.class.php 第 92 行.
NOTIC: [8] Undefined index: parameters D:\xampp\htdocs\workspace\simpsons\trunk\server\Application\Index\Controller\WScreenController.class.php 第 93 行.
INFO: [ view_parse ] --START--
INFO: [ template_filter ] --START--
INFO: Run Behavior\ContentReplaceBehavior [ RunTime:0.001000s ]
INFO: [ template_filter ] --END-- [ RunTime:0.001000s ]
SQL: SHOW COLUMNS FROM `easy_fields` [ RunTime:0.0280s ]
SQL: SELECT * FROM `easy_fields` WHERE `field` = 'title' LIMIT 1   [ RunTime:0.0000s ]
SQL: SELECT * FROM `easy_fields` WHERE `field` = 'description' LIMIT 1   [ RunTime:0.0000s ]
NOTIC: [8] Undefined variable: shareMainURL D:\xampp\htdocs\workspace\simpsons\trunk\server\Application\Runtime\Cache\Index\df8432994391e7b536593266112c85ea.php 第 316 行.
NOTIC: [8] Undefined variable: shareMainURL D:\xampp\htdocs\workspace\simpsons\trunk\server\Application\Runtime\Cache\Index\df8432994391e7b536593266112c85ea.php 第 330 行.
INFO: Run Behavior\ParseTemplateBehavior [ RunTime:0.141008s ]
INFO: [ view_parse ] --END-- [ RunTime:0.141008s ]
INFO: [ view_filter ] --START--
INFO: Run Behavior\WriteHtmlCacheBehavior [ RunTime:0.001000s ]
INFO: [ view_filter ] --END-- [ RunTime:0.001000s ]
INFO: [ app_end ] --START--
INFO: Run Behavior\ShowPageTraceBehavior [ RunTime:0.001001s ]
INFO: [ app_end ] --END-- [ RunTime:0.001001s ]

[ 2016-06-20T21:05:14+08:00 ] ::1 /workspace/simpsons/trunk/server/index.php/Index/WScreen/index
INFO: [ app_begin ] --START--
INFO: Run Behavior\ReadHtmlCacheBehavior [ RunTime:0.000000s ]
INFO: [ app_begin ] --END-- [ RunTime:0.001000s ]
DEBUG: 
SQL: SHOW COLUMNS FROM `easy_member_user` [ RunTime:0.0030s ]
SQL: SELECT * FROM `easy_member_user` WHERE `openid` = ' OPENID' LIMIT 1   [ RunTime:0.0000s ]
SQL: UPDATE `easy_member_user` SET `photosrc`='http://wx.qlogo.cn/mmopen/g3MonUZtNHkdmzicIlibx6iaFqAc56vxLSUfpb6n5WKSYVY0ChQKkiaJSgQ1dZuTOgvLLrhJbERQQ4eMsv84eavHiaiceqxibJxCfHe/46',`lastmodifytime`='1466427914' WHERE `openid` = ' OPENID' [ RunTime:0.0000s ]
NOTIC: [8] Undefined index: access_token D:\xampp\htdocs\workspace\simpsons\trunk\server\Application\Index\Controller\WechatController.class.php 第 88 行.
NOTIC: [8] Undefined index: access_token D:\xampp\htdocs\workspace\simpsons\trunk\server\Application\Index\Controller\WechatController.class.php 第 94 行.
NOTIC: [2048] Non-static method Org\CRM\CRMInterface::callCRM() should not be called statically D:\xampp\htdocs\workspace\simpsons\trunk\server\ThinkPHP\Library\Org\CRM\CRMInterface.class.php 第 6 行.
NOTIC: [2048] Non-static method Org\CRM\CRMInterface::prepareString() should not be called statically D:\xampp\htdocs\workspace\simpsons\trunk\server\ThinkPHP\Library\Org\CRM\CRMInterface.class.php 第 57 行.
NOTIC: [2048] Non-static method Org\CRM\CRMInterface::getURL() should not be called statically D:\xampp\htdocs\workspace\simpsons\trunk\server\ThinkPHP\Library\Org\CRM\CRMInterface.class.php 第 58 行.
NOTIC: [2048] Non-static method Org\CRM\CRMInterface::callCRMInterface() should not be called statically D:\xampp\htdocs\workspace\simpsons\trunk\server\ThinkPHP\Library\Org\CRM\CRMInterface.class.php 第 59 行.
NOTIC: [2048] Non-static method Org\CRM\CRMInterface::getURL() should not be called statically D:\xampp\htdocs\workspace\simpsons\trunk\server\ThinkPHP\Library\Org\CRM\CRMInterface.class.php 第 79 行.
NOTIC: [2048] Non-static method Org\CRM\CRMInterface::logSection() should not be called statically D:\xampp\htdocs\workspace\simpsons\trunk\server\ThinkPHP\Library\Org\CRM\CRMInterface.class.php 第 60 行.
NOTIC: [2048] Non-static method Org\CRM\CRMInterface::getLogFile() should not be called statically D:\xampp\htdocs\workspace\simpsons\trunk\server\ThinkPHP\Library\Org\CRM\CRMInterface.class.php 第 65 行.
SQL: SHOW COLUMNS FROM `easy_member_user` [ RunTime:0.0030s ]
SQL: SELECT `phonenumber` FROM `easy_member_user` WHERE ( userid=87 ) LIMIT 1   [ RunTime:0.0010s ]
NOTIC: [8] Undefined index: target D:\xampp\htdocs\workspace\simpsons\trunk\server\Application\Index\Controller\WScreenController.class.php 第 92 行.
NOTIC: [8] Undefined index: parameters D:\xampp\htdocs\workspace\simpsons\trunk\server\Application\Index\Controller\WScreenController.class.php 第 93 行.
INFO: [ view_parse ] --START--
INFO: [ template_filter ] --START--
INFO: Run Behavior\ContentReplaceBehavior [ RunTime:0.001000s ]
INFO: [ template_filter ] --END-- [ RunTime:0.001000s ]
SQL: SHOW COLUMNS FROM `easy_fields` [ RunTime:0.0040s ]
SQL: SELECT * FROM `easy_fields` WHERE `field` = 'title' LIMIT 1   [ RunTime:0.0000s ]
SQL: SELECT * FROM `easy_fields` WHERE `field` = 'description' LIMIT 1   [ RunTime:0.0000s ]
NOTIC: [8] Undefined variable: shareMainURL D:\xampp\htdocs\workspace\simpsons\trunk\server\Application\Runtime\Cache\Index\df8432994391e7b536593266112c85ea.php 第 316 行.
NOTIC: [8] Undefined variable: shareMainURL D:\xampp\htdocs\workspace\simpsons\trunk\server\Application\Runtime\Cache\Index\df8432994391e7b536593266112c85ea.php 第 330 行.
INFO: Run Behavior\ParseTemplateBehavior [ RunTime:0.121007s ]
INFO: [ view_parse ] --END-- [ RunTime:0.121007s ]
INFO: [ view_filter ] --START--
INFO: Run Behavior\WriteHtmlCacheBehavior [ RunTime:0.000000s ]
INFO: [ view_filter ] --END-- [ RunTime:0.000000s ]
INFO: [ app_end ] --START--
INFO: Run Behavior\ShowPageTraceBehavior [ RunTime:0.000000s ]
INFO: [ app_end ] --END-- [ RunTime:0.000000s ]

[ 2016-06-20T22:27:18+08:00 ] ::1 /workspace/simpsons/trunk/server/index.php/Index/WScreen/index
INFO: [ app_begin ] --START--
INFO: Run Behavior\ReadHtmlCacheBehavior [ RunTime:0.001000s ]
INFO: [ app_begin ] --END-- [ RunTime:0.001000s ]
DEBUG: 
SQL: SHOW COLUMNS FROM `easy_member_user` [ RunTime:0.0020s ]
SQL: SELECT * FROM `easy_member_user` WHERE `openid` = ' OPENID' LIMIT 1   [ RunTime:0.0000s ]
SQL: UPDATE `easy_member_user` SET `photosrc`='http://wx.qlogo.cn/mmopen/g3MonUZtNHkdmzicIlibx6iaFqAc56vxLSUfpb6n5WKSYVY0ChQKkiaJSgQ1dZuTOgvLLrhJbERQQ4eMsv84eavHiaiceqxibJxCfHe/46',`lastmodifytime`='1466432838' WHERE `openid` = ' OPENID' [ RunTime:0.0000s ]
NOTIC: [8] Undefined index: access_token D:\xampp\htdocs\workspace\simpsons\trunk\server\Application\Index\Controller\WechatController.class.php 第 88 行.
NOTIC: [8] Undefined index: access_token D:\xampp\htdocs\workspace\simpsons\trunk\server\Application\Index\Controller\WechatController.class.php 第 94 行.
SQL: SHOW COLUMNS FROM `easy_member_user` [ RunTime:0.0030s ]
SQL: SELECT `phonenumber` FROM `easy_member_user` WHERE ( userid=87 ) LIMIT 1   [ RunTime:0.0010s ]
NOTIC: [8] Undefined index: target D:\xampp\htdocs\workspace\simpsons\trunk\server\Application\Index\Controller\WScreenController.class.php 第 89 行.
NOTIC: [8] Undefined index: parameters D:\xampp\htdocs\workspace\simpsons\trunk\server\Application\Index\Controller\WScreenController.class.php 第 90 行.
INFO: [ view_parse ] --START--
INFO: [ template_filter ] --START--
INFO: Run Behavior\ContentReplaceBehavior [ RunTime:0.001000s ]
INFO: [ template_filter ] --END-- [ RunTime:0.002000s ]
SQL: SHOW COLUMNS FROM `easy_fields` [ RunTime:0.0020s ]
SQL: SELECT * FROM `easy_fields` WHERE `field` = 'title' LIMIT 1   [ RunTime:0.0000s ]
SQL: SELECT * FROM `easy_fields` WHERE `field` = 'description' LIMIT 1   [ RunTime:0.0000s ]
NOTIC: [8] Undefined variable: shareMainURL D:\xampp\htdocs\workspace\simpsons\trunk\server\Application\Runtime\Cache\Index\df8432994391e7b536593266112c85ea.php 第 316 行.
NOTIC: [8] Undefined variable: shareMainURL D:\xampp\htdocs\workspace\simpsons\trunk\server\Application\Runtime\Cache\Index\df8432994391e7b536593266112c85ea.php 第 330 行.
INFO: Run Behavior\ParseTemplateBehavior [ RunTime:0.125007s ]
INFO: [ view_parse ] --END-- [ RunTime:0.125007s ]
INFO: [ view_filter ] --START--
INFO: Run Behavior\WriteHtmlCacheBehavior [ RunTime:0.001000s ]
INFO: [ view_filter ] --END-- [ RunTime:0.001000s ]
INFO: [ app_end ] --START--
INFO: Run Behavior\ShowPageTraceBehavior [ RunTime:0.001000s ]
INFO: [ app_end ] --END-- [ RunTime:0.001000s ]

[ 2016-06-20T22:27:19+08:00 ] ::1 /workspace/simpsons/trunk/server/index.php/Index/WScreen/index
INFO: [ app_begin ] --START--
INFO: Run Behavior\ReadHtmlCacheBehavior [ RunTime:0.001000s ]
INFO: [ app_begin ] --END-- [ RunTime:0.002000s ]
DEBUG: 
SQL: SHOW COLUMNS FROM `easy_member_user` [ RunTime:0.0040s ]
SQL: SELECT * FROM `easy_member_user` WHERE `openid` = ' OPENID' LIMIT 1   [ RunTime:0.0010s ]
SQL: UPDATE `easy_member_user` SET `photosrc`='http://wx.qlogo.cn/mmopen/g3MonUZtNHkdmzicIlibx6iaFqAc56vxLSUfpb6n5WKSYVY0ChQKkiaJSgQ1dZuTOgvLLrhJbERQQ4eMsv84eavHiaiceqxibJxCfHe/46',`lastmodifytime`='1466432838' WHERE `openid` = ' OPENID' [ RunTime:0.0000s ]
NOTIC: [8] Undefined index: access_token D:\xampp\htdocs\workspace\simpsons\trunk\server\Application\Index\Controller\WechatController.class.php 第 88 行.
NOTIC: [8] Undefined index: access_token D:\xampp\htdocs\workspace\simpsons\trunk\server\Application\Index\Controller\WechatController.class.php 第 94 行.
SQL: SHOW COLUMNS FROM `easy_member_user` [ RunTime:0.0040s ]
SQL: SELECT `phonenumber` FROM `easy_member_user` WHERE ( userid=87 ) LIMIT 1   [ RunTime:0.0010s ]
NOTIC: [8] Undefined index: target D:\xampp\htdocs\workspace\simpsons\trunk\server\Application\Index\Controller\WScreenController.class.php 第 89 行.
NOTIC: [8] Undefined index: parameters D:\xampp\htdocs\workspace\simpsons\trunk\server\Application\Index\Controller\WScreenController.class.php 第 90 行.
INFO: [ view_parse ] --START--
INFO: [ template_filter ] --START--
INFO: Run Behavior\ContentReplaceBehavior [ RunTime:0.001000s ]
INFO: [ template_filter ] --END-- [ RunTime:0.001000s ]
SQL: SHOW COLUMNS FROM `easy_fields` [ RunTime:0.0030s ]
SQL: SELECT * FROM `easy_fields` WHERE `field` = 'title' LIMIT 1   [ RunTime:0.0000s ]
SQL: SELECT * FROM `easy_fields` WHERE `field` = 'description' LIMIT 1   [ RunTime:0.0000s ]
NOTIC: [8] Undefined variable: shareMainURL D:\xampp\htdocs\workspace\simpsons\trunk\server\Application\Runtime\Cache\Index\df8432994391e7b536593266112c85ea.php 第 316 行.
NOTIC: [8] Undefined variable: shareMainURL D:\xampp\htdocs\workspace\simpsons\trunk\server\Application\Runtime\Cache\Index\df8432994391e7b536593266112c85ea.php 第 330 行.
INFO: Run Behavior\ParseTemplateBehavior [ RunTime:0.114007s ]
INFO: [ view_parse ] --END-- [ RunTime:0.114007s ]
INFO: [ view_filter ] --START--
INFO: Run Behavior\WriteHtmlCacheBehavior [ RunTime:0.001000s ]
INFO: [ view_filter ] --END-- [ RunTime:0.001000s ]
INFO: [ app_end ] --START--
INFO: Run Behavior\ShowPageTraceBehavior [ RunTime:0.001000s ]
INFO: [ app_end ] --END-- [ RunTime:0.001000s ]

