[ 2016-07-26T21:01:10+08:00 ] 127.0.0.1 /workspace/simpsons/trunk/server/index.php/Index/WScreen/index
INFO: [ app_begin ] --START--
INFO: Run Behavior\ReadHtmlCacheBehavior [ RunTime:0.001000s ]
INFO: [ app_begin ] --END-- [ RunTime:0.002000s ]
DEBUG: 
SQL: SHOW COLUMNS FROM `easy_member_user` [ RunTime:0.0040s ]
SQL: SELECT * FROM `easy_member_user` WHERE `openid` = ' OPENID' LIMIT 1   [ RunTime:0.0010s ]
SQL: UPDATE `easy_member_user` SET `photosrc`='http://wx.qlogo.cn/mmopen/g3MonUZtNHkdmzicIlibx6iaFqAc56vxLSUfpb6n5WKSYVY0ChQKkiaJSgQ1dZuTOgvLLrhJbERQQ4eMsv84eavHiaiceqxibJxCfHe/46',`lastmodifytime`='1469538069' WHERE `openid` = ' OPENID' [ RunTime:0.0000s ]
NOTIC: [8] Undefined index: access_token D:\xampp\htdocs\workspace\simpsons\trunk\server\Application\Index\Controller\WechatController.class.php 第 90 行.
NOTIC: [8] Undefined index: access_token D:\xampp\htdocs\workspace\simpsons\trunk\server\Application\Index\Controller\WechatController.class.php 第 98 行.
SQL: SHOW COLUMNS FROM `easy_member_user` [ RunTime:0.0030s ]
SQL: SELECT `phonenumber` FROM `easy_member_user` WHERE ( userid=87 ) LIMIT 1   [ RunTime:0.0010s ]
NOTIC: [8] Undefined index: target D:\xampp\htdocs\workspace\simpsons\trunk\server\Application\Index\Controller\WScreenController.class.php 第 89 行.
NOTIC: [8] Undefined index: parameters D:\xampp\htdocs\workspace\simpsons\trunk\server\Application\Index\Controller\WScreenController.class.php 第 90 行.
INFO: [ view_parse ] --START--
INFO: [ template_filter ] --START--
INFO: Run Behavior\ContentReplaceBehavior [ RunTime:0.001000s ]
INFO: [ template_filter ] --END-- [ RunTime:0.001000s ]
SQL: SHOW COLUMNS FROM `easy_fields` [ RunTime:0.0020s ]
SQL: SELECT * FROM `easy_fields` WHERE `field` = 'title' LIMIT 1   [ RunTime:0.0010s ]
SQL: SELECT * FROM `easy_fields` WHERE `field` = 'description' LIMIT 1   [ RunTime:0.0000s ]
NOTIC: [8] Undefined variable: shareMainURL D:\xampp\htdocs\workspace\simpsons\trunk\server\Application\Runtime\Cache\Index\df8432994391e7b536593266112c85ea.php 第 317 行.
NOTIC: [8] Undefined variable: shareMainURL D:\xampp\htdocs\workspace\simpsons\trunk\server\Application\Runtime\Cache\Index\df8432994391e7b536593266112c85ea.php 第 331 行.
INFO: Run Behavior\ParseTemplateBehavior [ RunTime:0.197011s ]
INFO: [ view_parse ] --END-- [ RunTime:0.197011s ]
INFO: [ view_filter ] --START--
INFO: Run Behavior\WriteHtmlCacheBehavior [ RunTime:0.000000s ]
INFO: [ view_filter ] --END-- [ RunTime:0.000000s ]
INFO: [ app_end ] --START--
INFO: Run Behavior\ShowPageTraceBehavior [ RunTime:0.000000s ]
INFO: [ app_end ] --END-- [ RunTime:0.000000s ]

[ 2016-07-26T21:01:12+08:00 ] 127.0.0.1 /workspace/simpsons/trunk/server/index.php/Index/WScreen/index
INFO: [ app_begin ] --START--
INFO: Run Behavior\ReadHtmlCacheBehavior [ RunTime:0.000000s ]
INFO: [ app_begin ] --END-- [ RunTime:0.001000s ]
DEBUG: 
SQL: SHOW COLUMNS FROM `easy_member_user` [ RunTime:0.0040s ]
SQL: SELECT * FROM `easy_member_user` WHERE `openid` = ' OPENID' LIMIT 1   [ RunTime:0.0010s ]
SQL: UPDATE `easy_member_user` SET `photosrc`='http://wx.qlogo.cn/mmopen/g3MonUZtNHkdmzicIlibx6iaFqAc56vxLSUfpb6n5WKSYVY0ChQKkiaJSgQ1dZuTOgvLLrhJbERQQ4eMsv84eavHiaiceqxibJxCfHe/46',`lastmodifytime`='1469538072' WHERE `openid` = ' OPENID' [ RunTime:0.0000s ]
NOTIC: [8] Undefined index: access_token D:\xampp\htdocs\workspace\simpsons\trunk\server\Application\Index\Controller\WechatController.class.php 第 90 行.
NOTIC: [8] Undefined index: access_token D:\xampp\htdocs\workspace\simpsons\trunk\server\Application\Index\Controller\WechatController.class.php 第 98 行.
SQL: SHOW COLUMNS FROM `easy_member_user` [ RunTime:0.0030s ]
SQL: SELECT `phonenumber` FROM `easy_member_user` WHERE ( userid=87 ) LIMIT 1   [ RunTime:0.0000s ]
NOTIC: [8] Undefined index: target D:\xampp\htdocs\workspace\simpsons\trunk\server\Application\Index\Controller\WScreenController.class.php 第 89 行.
NOTIC: [8] Undefined index: parameters D:\xampp\htdocs\workspace\simpsons\trunk\server\Application\Index\Controller\WScreenController.class.php 第 90 行.
INFO: [ view_parse ] --START--
INFO: [ template_filter ] --START--
INFO: Run Behavior\ContentReplaceBehavior [ RunTime:0.001000s ]
INFO: [ template_filter ] --END-- [ RunTime:0.001000s ]
SQL: SHOW COLUMNS FROM `easy_fields` [ RunTime:0.0050s ]
SQL: SELECT * FROM `easy_fields` WHERE `field` = 'title' LIMIT 1   [ RunTime:0.0010s ]
SQL: SELECT * FROM `easy_fields` WHERE `field` = 'description' LIMIT 1   [ RunTime:0.0000s ]
NOTIC: [8] Undefined variable: shareMainURL D:\xampp\htdocs\workspace\simpsons\trunk\server\Application\Runtime\Cache\Index\df8432994391e7b536593266112c85ea.php 第 317 行.
NOTIC: [8] Undefined variable: shareMainURL D:\xampp\htdocs\workspace\simpsons\trunk\server\Application\Runtime\Cache\Index\df8432994391e7b536593266112c85ea.php 第 331 行.
INFO: Run Behavior\ParseTemplateBehavior [ RunTime:0.120007s ]
INFO: [ view_parse ] --END-- [ RunTime:0.120007s ]
INFO: [ view_filter ] --START--
INFO: Run Behavior\WriteHtmlCacheBehavior [ RunTime:0.000000s ]
INFO: [ view_filter ] --END-- [ RunTime:0.000000s ]
INFO: [ app_end ] --START--
INFO: Run Behavior\ShowPageTraceBehavior [ RunTime:0.001000s ]
INFO: [ app_end ] --END-- [ RunTime:0.001000s ]

[ 2016-07-26T21:02:48+08:00 ] 127.0.0.1 /workspace/simpsons/trunk/server/index.php/Index/WScreen/index
INFO: [ app_begin ] --START--
INFO: Run Behavior\ReadHtmlCacheBehavior [ RunTime:0.001000s ]
INFO: [ app_begin ] --END-- [ RunTime:0.001000s ]

[ 2016-07-26T21:03:23+08:00 ] 127.0.0.1 /workspace/simpsons/trunk/server/index.php/Index/WScreen/index
INFO: [ app_begin ] --START--
INFO: Run Behavior\ReadHtmlCacheBehavior [ RunTime:0.001001s ]
INFO: [ app_begin ] --END-- [ RunTime:0.001001s ]

[ 2016-07-26T21:03:57+08:00 ] 127.0.0.1 /workspace/simpsons/trunk/server/index.php/Index/WScreen/index
INFO: [ app_begin ] --START--
INFO: Run Behavior\ReadHtmlCacheBehavior [ RunTime:0.001000s ]
INFO: [ app_begin ] --END-- [ RunTime:0.001000s ]
DEBUG: 
SQL: SHOW COLUMNS FROM `easy_member_user` [ RunTime:0.0020s ]
SQL: SELECT * FROM `easy_member_user` WHERE `openid` = ' OPENID' LIMIT 1   [ RunTime:0.0000s ]
SQL: UPDATE `easy_member_user` SET `photosrc`='http://wx.qlogo.cn/mmopen/g3MonUZtNHkdmzicIlibx6iaFqAc56vxLSUfpb6n5WKSYVY0ChQKkiaJSgQ1dZuTOgvLLrhJbERQQ4eMsv84eavHiaiceqxibJxCfHe/46',`lastmodifytime`='1469538237' WHERE `openid` = ' OPENID' [ RunTime:0.0010s ]
NOTIC: [8] Undefined index: access_token D:\xampp\htdocs\workspace\simpsons\trunk\server\Application\Index\Controller\WechatController.class.php 第 90 行.
NOTIC: [8] Undefined index: access_token D:\xampp\htdocs\workspace\simpsons\trunk\server\Application\Index\Controller\WechatController.class.php 第 98 行.

[ 2016-07-26T21:04:12+08:00 ] 127.0.0.1 /workspace/simpsons/trunk/server/index.php/Index/WScreen/index
INFO: [ app_begin ] --START--
INFO: Run Behavior\ReadHtmlCacheBehavior [ RunTime:0.001000s ]
INFO: [ app_begin ] --END-- [ RunTime:0.002000s ]
DEBUG: 
SQL: SHOW COLUMNS FROM `easy_member_user` [ RunTime:0.0040s ]
SQL: SELECT * FROM `easy_member_user` WHERE `openid` = ' OPENID' LIMIT 1   [ RunTime:0.0000s ]
SQL: UPDATE `easy_member_user` SET `photosrc`='http://wx.qlogo.cn/mmopen/g3MonUZtNHkdmzicIlibx6iaFqAc56vxLSUfpb6n5WKSYVY0ChQKkiaJSgQ1dZuTOgvLLrhJbERQQ4eMsv84eavHiaiceqxibJxCfHe/46',`lastmodifytime`='1469538252' WHERE `openid` = ' OPENID' [ RunTime:0.0000s ]
NOTIC: [8] Undefined index: access_token D:\xampp\htdocs\workspace\simpsons\trunk\server\Application\Index\Controller\WechatController.class.php 第 90 行.
NOTIC: [8] Undefined index: access_token D:\xampp\htdocs\workspace\simpsons\trunk\server\Application\Index\Controller\WechatController.class.php 第 98 行.

[ 2016-07-26T21:04:50+08:00 ] 127.0.0.1 /workspace/simpsons/trunk/server/index.php/Index/WScreen/index
INFO: [ app_begin ] --START--
INFO: Run Behavior\ReadHtmlCacheBehavior [ RunTime:0.001000s ]
INFO: [ app_begin ] --END-- [ RunTime:0.001000s ]
DEBUG: 
SQL: SHOW COLUMNS FROM `easy_member_user` [ RunTime:0.0020s ]
SQL: SELECT * FROM `easy_member_user` WHERE `openid` = ' OPENID' LIMIT 1   [ RunTime:0.0010s ]
SQL: UPDATE `easy_member_user` SET `photosrc`='http://wx.qlogo.cn/mmopen/g3MonUZtNHkdmzicIlibx6iaFqAc56vxLSUfpb6n5WKSYVY0ChQKkiaJSgQ1dZuTOgvLLrhJbERQQ4eMsv84eavHiaiceqxibJxCfHe/46',`lastmodifytime`='1469538290' WHERE `openid` = ' OPENID' [ RunTime:0.0000s ]
NOTIC: [8] Undefined index: access_token D:\xampp\htdocs\workspace\simpsons\trunk\server\Application\Index\Controller\WechatController.class.php 第 90 行.
NOTIC: [8] Undefined index: access_token D:\xampp\htdocs\workspace\simpsons\trunk\server\Application\Index\Controller\WechatController.class.php 第 98 行.

[ 2016-07-26T21:05:31+08:00 ] 127.0.0.1 /workspace/simpsons/trunk/server/index.php/Index/WScreen/index
INFO: [ app_begin ] --START--
INFO: Run Behavior\ReadHtmlCacheBehavior [ RunTime:0.001000s ]
INFO: [ app_begin ] --END-- [ RunTime:0.001000s ]
DEBUG: 
SQL: SHOW COLUMNS FROM `easy_member_user` [ RunTime:0.0030s ]
SQL: SELECT * FROM `easy_member_user` WHERE `openid` = ' OPENID' LIMIT 1   [ RunTime:0.0000s ]
SQL: UPDATE `easy_member_user` SET `photosrc`='http://wx.qlogo.cn/mmopen/g3MonUZtNHkdmzicIlibx6iaFqAc56vxLSUfpb6n5WKSYVY0ChQKkiaJSgQ1dZuTOgvLLrhJbERQQ4eMsv84eavHiaiceqxibJxCfHe/46',`lastmodifytime`='1469538331' WHERE `openid` = ' OPENID' [ RunTime:0.0010s ]
NOTIC: [8] Undefined index: access_token D:\xampp\htdocs\workspace\simpsons\trunk\server\Application\Index\Controller\WechatController.class.php 第 90 行.
NOTIC: [8] Undefined index: access_token D:\xampp\htdocs\workspace\simpsons\trunk\server\Application\Index\Controller\WechatController.class.php 第 98 行.

[ 2016-07-26T21:05:32+08:00 ] 127.0.0.1 /workspace/simpsons/trunk/server/index.php/Index/WScreen/index
INFO: [ app_begin ] --START--
INFO: Run Behavior\ReadHtmlCacheBehavior [ RunTime:0.001000s ]
INFO: [ app_begin ] --END-- [ RunTime:0.002000s ]
DEBUG: 
SQL: SHOW COLUMNS FROM `easy_member_user` [ RunTime:0.0020s ]
SQL: SELECT * FROM `easy_member_user` WHERE `openid` = ' OPENID' LIMIT 1   [ RunTime:0.0000s ]
SQL: UPDATE `easy_member_user` SET `photosrc`='http://wx.qlogo.cn/mmopen/g3MonUZtNHkdmzicIlibx6iaFqAc56vxLSUfpb6n5WKSYVY0ChQKkiaJSgQ1dZuTOgvLLrhJbERQQ4eMsv84eavHiaiceqxibJxCfHe/46',`lastmodifytime`='1469538332' WHERE `openid` = ' OPENID' [ RunTime:0.0000s ]
NOTIC: [8] Undefined index: access_token D:\xampp\htdocs\workspace\simpsons\trunk\server\Application\Index\Controller\WechatController.class.php 第 90 行.
NOTIC: [8] Undefined index: access_token D:\xampp\htdocs\workspace\simpsons\trunk\server\Application\Index\Controller\WechatController.class.php 第 98 行.

[ 2016-07-26T21:05:50+08:00 ] 127.0.0.1 /workspace/simpsons/trunk/server/index.php/Index/WScreen/index
INFO: [ app_begin ] --START--
INFO: Run Behavior\ReadHtmlCacheBehavior [ RunTime:0.001000s ]
INFO: [ app_begin ] --END-- [ RunTime:0.001000s ]
DEBUG: 
SQL: SHOW COLUMNS FROM `easy_member_user` [ RunTime:0.0030s ]
SQL: SELECT * FROM `easy_member_user` WHERE `openid` = ' OPENID' LIMIT 1   [ RunTime:0.0000s ]
SQL: UPDATE `easy_member_user` SET `photosrc`='http://wx.qlogo.cn/mmopen/g3MonUZtNHkdmzicIlibx6iaFqAc56vxLSUfpb6n5WKSYVY0ChQKkiaJSgQ1dZuTOgvLLrhJbERQQ4eMsv84eavHiaiceqxibJxCfHe/46',`lastmodifytime`='1469538350' WHERE `openid` = ' OPENID' [ RunTime:0.0000s ]
NOTIC: [8] Undefined index: access_token D:\xampp\htdocs\workspace\simpsons\trunk\server\Application\Index\Controller\WechatController.class.php 第 90 行.
NOTIC: [8] Undefined index: access_token D:\xampp\htdocs\workspace\simpsons\trunk\server\Application\Index\Controller\WechatController.class.php 第 98 行.

[ 2016-07-26T21:06:16+08:00 ] 127.0.0.1 /workspace/simpsons/trunk/server/index.php/Index/WScreen/index
INFO: [ app_begin ] --START--
INFO: Run Behavior\ReadHtmlCacheBehavior [ RunTime:0.002000s ]
INFO: [ app_begin ] --END-- [ RunTime:0.002000s ]
DEBUG: 
SQL: SHOW COLUMNS FROM `easy_member_user` [ RunTime:0.0030s ]
SQL: SELECT * FROM `easy_member_user` WHERE `openid` = ' OPENID' LIMIT 1   [ RunTime:0.0010s ]
SQL: UPDATE `easy_member_user` SET `photosrc`='http://wx.qlogo.cn/mmopen/g3MonUZtNHkdmzicIlibx6iaFqAc56vxLSUfpb6n5WKSYVY0ChQKkiaJSgQ1dZuTOgvLLrhJbERQQ4eMsv84eavHiaiceqxibJxCfHe/46',`lastmodifytime`='1469538376' WHERE `openid` = ' OPENID' [ RunTime:0.0000s ]
NOTIC: [8] Undefined index: access_token D:\xampp\htdocs\workspace\simpsons\trunk\server\Application\Index\Controller\WechatController.class.php 第 90 行.
NOTIC: [8] Undefined index: access_token D:\xampp\htdocs\workspace\simpsons\trunk\server\Application\Index\Controller\WechatController.class.php 第 98 行.

[ 2016-07-26T21:06:36+08:00 ] 127.0.0.1 /workspace/simpsons/trunk/server/index.php/Index/WScreen/index
INFO: [ app_begin ] --START--
INFO: Run Behavior\ReadHtmlCacheBehavior [ RunTime:0.001000s ]
INFO: [ app_begin ] --END-- [ RunTime:0.001000s ]
DEBUG: 
SQL: SHOW COLUMNS FROM `easy_member_user` [ RunTime:0.0020s ]
SQL: SELECT * FROM `easy_member_user` WHERE `openid` = ' OPENID' LIMIT 1   [ RunTime:0.0000s ]
SQL: UPDATE `easy_member_user` SET `photosrc`='http://wx.qlogo.cn/mmopen/g3MonUZtNHkdmzicIlibx6iaFqAc56vxLSUfpb6n5WKSYVY0ChQKkiaJSgQ1dZuTOgvLLrhJbERQQ4eMsv84eavHiaiceqxibJxCfHe/46',`lastmodifytime`='1469538396' WHERE `openid` = ' OPENID' [ RunTime:0.0000s ]
NOTIC: [8] Undefined index: access_token D:\xampp\htdocs\workspace\simpsons\trunk\server\Application\Index\Controller\WechatController.class.php 第 90 行.
NOTIC: [8] Undefined index: access_token D:\xampp\htdocs\workspace\simpsons\trunk\server\Application\Index\Controller\WechatController.class.php 第 98 行.

[ 2016-07-26T21:18:24+08:00 ] 127.0.0.1 /workspace/simpsons/trunk/server/index.php/Index/WScreen/index
INFO: [ app_begin ] --START--
INFO: Run Behavior\ReadHtmlCacheBehavior [ RunTime:0.001000s ]
INFO: [ app_begin ] --END-- [ RunTime:0.002000s ]
DEBUG: 
SQL: SHOW COLUMNS FROM `easy_member_user` [ RunTime:0.0030s ]
SQL: SELECT * FROM `easy_member_user` WHERE `openid` = ' OPENID' LIMIT 1   [ RunTime:0.0000s ]
SQL: UPDATE `easy_member_user` SET `photosrc`='http://wx.qlogo.cn/mmopen/g3MonUZtNHkdmzicIlibx6iaFqAc56vxLSUfpb6n5WKSYVY0ChQKkiaJSgQ1dZuTOgvLLrhJbERQQ4eMsv84eavHiaiceqxibJxCfHe/46',`lastmodifytime`='1469539104' WHERE `openid` = ' OPENID' [ RunTime:0.0010s ]
NOTIC: [8] Undefined index: access_token D:\xampp\htdocs\workspace\simpsons\trunk\server\Application\Index\Controller\WechatController.class.php 第 90 行.
NOTIC: [8] Undefined index: access_token D:\xampp\htdocs\workspace\simpsons\trunk\server\Application\Index\Controller\WechatController.class.php 第 98 行.
SQL: SHOW COLUMNS FROM `easy_member_user` [ RunTime:0.0030s ]
SQL: SELECT `phonenumber` FROM `easy_member_user` WHERE ( userid=87 ) LIMIT 1   [ RunTime:0.0000s ]
NOTIC: [8] Undefined index: target D:\xampp\htdocs\workspace\simpsons\trunk\server\Application\Index\Controller\WScreenController.class.php 第 90 行.
NOTIC: [8] Undefined index: parameters D:\xampp\htdocs\workspace\simpsons\trunk\server\Application\Index\Controller\WScreenController.class.php 第 91 行.
INFO: [ view_parse ] --START--
INFO: [ template_filter ] --START--
INFO: Run Behavior\ContentReplaceBehavior [ RunTime:0.001001s ]
INFO: [ template_filter ] --END-- [ RunTime:0.001001s ]
SQL: SHOW COLUMNS FROM `easy_fields` [ RunTime:0.0020s ]
SQL: SELECT * FROM `easy_fields` WHERE `field` = 'title' LIMIT 1   [ RunTime:0.0000s ]
SQL: SELECT * FROM `easy_fields` WHERE `field` = 'description' LIMIT 1   [ RunTime:0.0000s ]
NOTIC: [8] Undefined variable: shareMainURL D:\xampp\htdocs\workspace\simpsons\trunk\server\Application\Runtime\Cache\Index\df8432994391e7b536593266112c85ea.php 第 317 行.
NOTIC: [8] Undefined variable: shareMainURL D:\xampp\htdocs\workspace\simpsons\trunk\server\Application\Runtime\Cache\Index\df8432994391e7b536593266112c85ea.php 第 331 行.
INFO: Run Behavior\ParseTemplateBehavior [ RunTime:0.105006s ]
INFO: [ view_parse ] --END-- [ RunTime:0.105006s ]
INFO: [ view_filter ] --START--
INFO: Run Behavior\WriteHtmlCacheBehavior [ RunTime:0.001000s ]
INFO: [ view_filter ] --END-- [ RunTime:0.001000s ]
INFO: [ app_end ] --START--
INFO: Run Behavior\ShowPageTraceBehavior [ RunTime:0.001000s ]
INFO: [ app_end ] --END-- [ RunTime:0.001000s ]

[ 2016-07-26T21:18:25+08:00 ] 127.0.0.1 /workspace/simpsons/trunk/server/index.php/Index/WScreen/index
INFO: [ app_begin ] --START--
INFO: Run Behavior\ReadHtmlCacheBehavior [ RunTime:0.001001s ]
INFO: [ app_begin ] --END-- [ RunTime:0.002001s ]
DEBUG: 
SQL: SHOW COLUMNS FROM `easy_member_user` [ RunTime:0.0070s ]
SQL: SELECT * FROM `easy_member_user` WHERE `openid` = ' OPENID' LIMIT 1   [ RunTime:0.0020s ]
SQL: UPDATE `easy_member_user` SET `photosrc`='http://wx.qlogo.cn/mmopen/g3MonUZtNHkdmzicIlibx6iaFqAc56vxLSUfpb6n5WKSYVY0ChQKkiaJSgQ1dZuTOgvLLrhJbERQQ4eMsv84eavHiaiceqxibJxCfHe/46',`lastmodifytime`='1469539105' WHERE `openid` = ' OPENID' [ RunTime:0.0030s ]
NOTIC: [8] Undefined index: access_token D:\xampp\htdocs\workspace\simpsons\trunk\server\Application\Index\Controller\WechatController.class.php 第 90 行.
NOTIC: [8] Undefined index: access_token D:\xampp\htdocs\workspace\simpsons\trunk\server\Application\Index\Controller\WechatController.class.php 第 98 行.
SQL: SHOW COLUMNS FROM `easy_member_user` [ RunTime:0.0060s ]
SQL: SELECT `phonenumber` FROM `easy_member_user` WHERE ( userid=87 ) LIMIT 1   [ RunTime:0.0010s ]
NOTIC: [8] Undefined index: target D:\xampp\htdocs\workspace\simpsons\trunk\server\Application\Index\Controller\WScreenController.class.php 第 90 行.
NOTIC: [8] Undefined index: parameters D:\xampp\htdocs\workspace\simpsons\trunk\server\Application\Index\Controller\WScreenController.class.php 第 91 行.
INFO: [ view_parse ] --START--
INFO: [ template_filter ] --START--
INFO: Run Behavior\ContentReplaceBehavior [ RunTime:0.002000s ]
INFO: [ template_filter ] --END-- [ RunTime:0.002000s ]
SQL: SHOW COLUMNS FROM `easy_fields` [ RunTime:0.0040s ]
SQL: SELECT * FROM `easy_fields` WHERE `field` = 'title' LIMIT 1   [ RunTime:0.0000s ]
SQL: SELECT * FROM `easy_fields` WHERE `field` = 'description' LIMIT 1   [ RunTime:0.0010s ]
NOTIC: [8] Undefined variable: shareMainURL D:\xampp\htdocs\workspace\simpsons\trunk\server\Application\Runtime\Cache\Index\df8432994391e7b536593266112c85ea.php 第 317 行.
NOTIC: [8] Undefined variable: shareMainURL D:\xampp\htdocs\workspace\simpsons\trunk\server\Application\Runtime\Cache\Index\df8432994391e7b536593266112c85ea.php 第 331 行.
INFO: Run Behavior\ParseTemplateBehavior [ RunTime:0.187011s ]
INFO: [ view_parse ] --END-- [ RunTime:0.187011s ]
INFO: [ view_filter ] --START--
INFO: Run Behavior\WriteHtmlCacheBehavior [ RunTime:0.001000s ]
INFO: [ view_filter ] --END-- [ RunTime:0.001000s ]
INFO: [ app_end ] --START--
INFO: Run Behavior\ShowPageTraceBehavior [ RunTime:0.002000s ]
INFO: [ app_end ] --END-- [ RunTime:0.002000s ]

[ 2016-07-26T21:18:27+08:00 ] 127.0.0.1 /workspace/simpsons/trunk/server/index.php/Index/WScreen/index
INFO: [ app_begin ] --START--
INFO: Run Behavior\ReadHtmlCacheBehavior [ RunTime:0.001000s ]
INFO: [ app_begin ] --END-- [ RunTime:0.002001s ]
DEBUG: 
SQL: SHOW COLUMNS FROM `easy_member_user` [ RunTime:0.0030s ]
SQL: SELECT * FROM `easy_member_user` WHERE `openid` = ' OPENID' LIMIT 1   [ RunTime:0.0000s ]
SQL: UPDATE `easy_member_user` SET `photosrc`='http://wx.qlogo.cn/mmopen/g3MonUZtNHkdmzicIlibx6iaFqAc56vxLSUfpb6n5WKSYVY0ChQKkiaJSgQ1dZuTOgvLLrhJbERQQ4eMsv84eavHiaiceqxibJxCfHe/46',`lastmodifytime`='1469539107' WHERE `openid` = ' OPENID' [ RunTime:0.0000s ]
NOTIC: [8] Undefined index: access_token D:\xampp\htdocs\workspace\simpsons\trunk\server\Application\Index\Controller\WechatController.class.php 第 90 行.
NOTIC: [8] Undefined index: access_token D:\xampp\htdocs\workspace\simpsons\trunk\server\Application\Index\Controller\WechatController.class.php 第 98 行.
SQL: SHOW COLUMNS FROM `easy_member_user` [ RunTime:0.0040s ]
SQL: SELECT `phonenumber` FROM `easy_member_user` WHERE ( userid=87 ) LIMIT 1   [ RunTime:0.0000s ]
NOTIC: [8] Undefined index: target D:\xampp\htdocs\workspace\simpsons\trunk\server\Application\Index\Controller\WScreenController.class.php 第 90 行.
NOTIC: [8] Undefined index: parameters D:\xampp\htdocs\workspace\simpsons\trunk\server\Application\Index\Controller\WScreenController.class.php 第 91 行.
INFO: [ view_parse ] --START--
INFO: [ template_filter ] --START--
INFO: Run Behavior\ContentReplaceBehavior [ RunTime:0.001000s ]
INFO: [ template_filter ] --END-- [ RunTime:0.001000s ]
SQL: SHOW COLUMNS FROM `easy_fields` [ RunTime:0.0030s ]
SQL: SELECT * FROM `easy_fields` WHERE `field` = 'title' LIMIT 1   [ RunTime:0.0010s ]
SQL: SELECT * FROM `easy_fields` WHERE `field` = 'description' LIMIT 1   [ RunTime:0.0000s ]
NOTIC: [8] Undefined variable: shareMainURL D:\xampp\htdocs\workspace\simpsons\trunk\server\Application\Runtime\Cache\Index\df8432994391e7b536593266112c85ea.php 第 317 行.
NOTIC: [8] Undefined variable: shareMainURL D:\xampp\htdocs\workspace\simpsons\trunk\server\Application\Runtime\Cache\Index\df8432994391e7b536593266112c85ea.php 第 331 行.
INFO: Run Behavior\ParseTemplateBehavior [ RunTime:0.111007s ]
INFO: [ view_parse ] --END-- [ RunTime:0.111007s ]
INFO: [ view_filter ] --START--
INFO: Run Behavior\WriteHtmlCacheBehavior [ RunTime:0.000000s ]
INFO: [ view_filter ] --END-- [ RunTime:0.000000s ]
INFO: [ app_end ] --START--
INFO: Run Behavior\ShowPageTraceBehavior [ RunTime:0.002000s ]
INFO: [ app_end ] --END-- [ RunTime:0.002000s ]

[ 2016-07-26T21:18:28+08:00 ] 127.0.0.1 /workspace/simpsons/trunk/server/index.php/Index/WScreen/index
INFO: [ app_begin ] --START--
INFO: Run Behavior\ReadHtmlCacheBehavior [ RunTime:0.001000s ]
INFO: [ app_begin ] --END-- [ RunTime:0.002000s ]
DEBUG: 
SQL: SHOW COLUMNS FROM `easy_member_user` [ RunTime:0.0060s ]
SQL: SELECT * FROM `easy_member_user` WHERE `openid` = ' OPENID' LIMIT 1   [ RunTime:0.0030s ]
SQL: UPDATE `easy_member_user` SET `photosrc`='http://wx.qlogo.cn/mmopen/g3MonUZtNHkdmzicIlibx6iaFqAc56vxLSUfpb6n5WKSYVY0ChQKkiaJSgQ1dZuTOgvLLrhJbERQQ4eMsv84eavHiaiceqxibJxCfHe/46',`lastmodifytime`='1469539108' WHERE `openid` = ' OPENID' [ RunTime:0.0010s ]
NOTIC: [8] Undefined index: access_token D:\xampp\htdocs\workspace\simpsons\trunk\server\Application\Index\Controller\WechatController.class.php 第 90 行.
NOTIC: [8] Undefined index: access_token D:\xampp\htdocs\workspace\simpsons\trunk\server\Application\Index\Controller\WechatController.class.php 第 98 行.
SQL: SHOW COLUMNS FROM `easy_member_user` [ RunTime:0.0050s ]
SQL: SELECT `phonenumber` FROM `easy_member_user` WHERE ( userid=87 ) LIMIT 1   [ RunTime:0.0010s ]
NOTIC: [8] Undefined index: target D:\xampp\htdocs\workspace\simpsons\trunk\server\Application\Index\Controller\WScreenController.class.php 第 90 行.
NOTIC: [8] Undefined index: parameters D:\xampp\htdocs\workspace\simpsons\trunk\server\Application\Index\Controller\WScreenController.class.php 第 91 行.
INFO: [ view_parse ] --START--
INFO: [ template_filter ] --START--
INFO: Run Behavior\ContentReplaceBehavior [ RunTime:0.001001s ]
INFO: [ template_filter ] --END-- [ RunTime:0.001001s ]
SQL: SHOW COLUMNS FROM `easy_fields` [ RunTime:0.0060s ]
SQL: SELECT * FROM `easy_fields` WHERE `field` = 'title' LIMIT 1   [ RunTime:0.0020s ]
SQL: SELECT * FROM `easy_fields` WHERE `field` = 'description' LIMIT 1   [ RunTime:0.0010s ]
NOTIC: [8] Undefined variable: shareMainURL D:\xampp\htdocs\workspace\simpsons\trunk\server\Application\Runtime\Cache\Index\df8432994391e7b536593266112c85ea.php 第 317 行.
NOTIC: [8] Undefined variable: shareMainURL D:\xampp\htdocs\workspace\simpsons\trunk\server\Application\Runtime\Cache\Index\df8432994391e7b536593266112c85ea.php 第 331 行.
INFO: Run Behavior\ParseTemplateBehavior [ RunTime:0.174010s ]
INFO: [ view_parse ] --END-- [ RunTime:0.174010s ]
INFO: [ view_filter ] --START--
INFO: Run Behavior\WriteHtmlCacheBehavior [ RunTime:0.001000s ]
INFO: [ view_filter ] --END-- [ RunTime:0.001000s ]
INFO: [ app_end ] --START--
INFO: Run Behavior\ShowPageTraceBehavior [ RunTime:0.001001s ]
INFO: [ app_end ] --END-- [ RunTime:0.001001s ]

[ 2016-07-26T21:18:56+08:00 ] 127.0.0.1 /workspace/simpsons/trunk/server/index.php/Index/WScreen/index
INFO: [ app_begin ] --START--
INFO: Run Behavior\ReadHtmlCacheBehavior [ RunTime:0.001000s ]
INFO: [ app_begin ] --END-- [ RunTime:0.001000s ]
DEBUG: 
SQL: SHOW COLUMNS FROM `easy_member_user` [ RunTime:0.0030s ]
SQL: SELECT * FROM `easy_member_user` WHERE `openid` = ' OPENID' LIMIT 1   [ RunTime:0.0010s ]
SQL: UPDATE `easy_member_user` SET `photosrc`='http://wx.qlogo.cn/mmopen/g3MonUZtNHkdmzicIlibx6iaFqAc56vxLSUfpb6n5WKSYVY0ChQKkiaJSgQ1dZuTOgvLLrhJbERQQ4eMsv84eavHiaiceqxibJxCfHe/46',`lastmodifytime`='1469539136' WHERE `openid` = ' OPENID' [ RunTime:0.0010s ]
NOTIC: [8] Undefined index: access_token D:\xampp\htdocs\workspace\simpsons\trunk\server\Application\Index\Controller\WechatController.class.php 第 90 行.
NOTIC: [8] Undefined index: access_token D:\xampp\htdocs\workspace\simpsons\trunk\server\Application\Index\Controller\WechatController.class.php 第 98 行.

