[ 2016-06-13T21:12:49+08:00 ] 127.0.0.1 /workspace/simpsons/trunk/server/index.php/Index/WScreen/index
INFO: [ app_begin ] --START--
INFO: Run Behavior\ReadHtmlCacheBehavior [ RunTime:0.008501s ]
INFO: [ app_begin ] --END-- [ RunTime:0.023003s ]
DEBUG: 
SQL: SHOW COLUMNS FROM `easy_member_user` [ RunTime:0.0540s ]
SQL: SELECT * FROM `easy_member_user` WHERE `openid` = ' OPENID' LIMIT 1   [ RunTime:0.0535s ]
SQL: UPDATE `easy_member_user` SET `photosrc`='http://wx.qlogo.cn/mmopen/g3MonUZtNHkdmzicIlibx6iaFqAc56vxLSUfpb6n5WKSYVY0ChQKkiaJSgQ1dZuTOgvLLrhJbERQQ4eMsv84eavHiaiceqxibJxCfHe/46',`lastmodifytime`='1465823568' WHERE `openid` = ' OPENID' [ RunTime:0.0110s ]
NOTIC: [8] Undefined index: access_token D:\xampp\htdocs\workspace\simpsons\trunk\server\Application\Index\Controller\WechatController.class.php 第 87 行.
NOTIC: [8] Undefined index: access_token D:\xampp\htdocs\workspace\simpsons\trunk\server\Application\Index\Controller\WechatController.class.php 第 91 行.
SQL: SHOW COLUMNS FROM `easy_member_user` [ RunTime:0.0030s ]
SQL: SELECT `phonenumber` FROM `easy_member_user` WHERE ( userid=87 ) LIMIT 1   [ RunTime:0.0005s ]
NOTIC: [8] Undefined index: target D:\xampp\htdocs\workspace\simpsons\trunk\server\Application\Index\Controller\WScreenController.class.php 第 89 行.
NOTIC: [8] Undefined index: parameters D:\xampp\htdocs\workspace\simpsons\trunk\server\Application\Index\Controller\WScreenController.class.php 第 90 行.
INFO: [ view_parse ] --START--
INFO: [ template_filter ] --START--
INFO: Run Behavior\ContentReplaceBehavior [ RunTime:0.017502s ]
INFO: [ template_filter ] --END-- [ RunTime:0.017502s ]
SQL: SHOW COLUMNS FROM `easy_fields` [ RunTime:0.0215s ]
SQL: SELECT * FROM `easy_fields` WHERE `field` = 'title' LIMIT 1   [ RunTime:0.0125s ]
SQL: SELECT * FROM `easy_fields` WHERE `field` = 'description' LIMIT 1   [ RunTime:0.0000s ]
NOTIC: [8] Undefined variable: shareMainURL D:\xampp\htdocs\workspace\simpsons\trunk\server\Application\Runtime\Cache\Index\df8432994391e7b536593266112c85ea.php 第 316 行.
NOTIC: [8] Undefined variable: shareMainURL D:\xampp\htdocs\workspace\simpsons\trunk\server\Application\Runtime\Cache\Index\df8432994391e7b536593266112c85ea.php 第 330 行.
INFO: Run Behavior\ParseTemplateBehavior [ RunTime:0.295038s ]
INFO: [ view_parse ] --END-- [ RunTime:0.295038s ]
INFO: [ view_filter ] --START--
INFO: Run Behavior\WriteHtmlCacheBehavior [ RunTime:0.017502s ]
INFO: [ view_filter ] --END-- [ RunTime:0.017502s ]
INFO: [ app_end ] --START--
INFO: Run Behavior\ShowPageTraceBehavior [ RunTime:0.016003s ]
INFO: [ app_end ] --END-- [ RunTime:0.016003s ]

[ 2016-06-13T21:12:51+08:00 ] 127.0.0.1 /workspace/simpsons/trunk/server/index.php/Index/WScreen/index
INFO: [ app_begin ] --START--
INFO: Run Behavior\ReadHtmlCacheBehavior [ RunTime:0.001000s ]
INFO: [ app_begin ] --END-- [ RunTime:0.001500s ]
DEBUG: 
SQL: SHOW COLUMNS FROM `easy_member_user` [ RunTime:0.0020s ]
SQL: SELECT * FROM `easy_member_user` WHERE `openid` = ' OPENID' LIMIT 1   [ RunTime:0.0005s ]
SQL: UPDATE `easy_member_user` SET `photosrc`='http://wx.qlogo.cn/mmopen/g3MonUZtNHkdmzicIlibx6iaFqAc56vxLSUfpb6n5WKSYVY0ChQKkiaJSgQ1dZuTOgvLLrhJbERQQ4eMsv84eavHiaiceqxibJxCfHe/46',`lastmodifytime`='1465823571' WHERE `openid` = ' OPENID' [ RunTime:0.0005s ]
NOTIC: [8] Undefined index: access_token D:\xampp\htdocs\workspace\simpsons\trunk\server\Application\Index\Controller\WechatController.class.php 第 87 行.
NOTIC: [8] Undefined index: access_token D:\xampp\htdocs\workspace\simpsons\trunk\server\Application\Index\Controller\WechatController.class.php 第 91 行.
SQL: SHOW COLUMNS FROM `easy_member_user` [ RunTime:0.0025s ]
SQL: SELECT `phonenumber` FROM `easy_member_user` WHERE ( userid=87 ) LIMIT 1   [ RunTime:0.0005s ]
NOTIC: [8] Undefined index: target D:\xampp\htdocs\workspace\simpsons\trunk\server\Application\Index\Controller\WScreenController.class.php 第 89 行.
NOTIC: [8] Undefined index: parameters D:\xampp\htdocs\workspace\simpsons\trunk\server\Application\Index\Controller\WScreenController.class.php 第 90 行.
INFO: [ view_parse ] --START--
INFO: [ template_filter ] --START--
INFO: Run Behavior\ContentReplaceBehavior [ RunTime:0.001500s ]
INFO: [ template_filter ] --END-- [ RunTime:0.001500s ]
SQL: SHOW COLUMNS FROM `easy_fields` [ RunTime:0.0020s ]
SQL: SELECT * FROM `easy_fields` WHERE `field` = 'title' LIMIT 1   [ RunTime:0.0005s ]
SQL: SELECT * FROM `easy_fields` WHERE `field` = 'description' LIMIT 1   [ RunTime:0.0000s ]
NOTIC: [8] Undefined variable: shareMainURL D:\xampp\htdocs\workspace\simpsons\trunk\server\Application\Runtime\Cache\Index\df8432994391e7b536593266112c85ea.php 第 316 行.
NOTIC: [8] Undefined variable: shareMainURL D:\xampp\htdocs\workspace\simpsons\trunk\server\Application\Runtime\Cache\Index\df8432994391e7b536593266112c85ea.php 第 330 行.
INFO: Run Behavior\ParseTemplateBehavior [ RunTime:0.121015s ]
INFO: [ view_parse ] --END-- [ RunTime:0.121515s ]
INFO: [ view_filter ] --START--
INFO: Run Behavior\WriteHtmlCacheBehavior [ RunTime:0.000500s ]
INFO: [ view_filter ] --END-- [ RunTime:0.000500s ]
INFO: [ app_end ] --START--
INFO: Run Behavior\ShowPageTraceBehavior [ RunTime:0.001000s ]
INFO: [ app_end ] --END-- [ RunTime:0.001000s ]

[ 2016-06-13T21:13:11+08:00 ] 127.0.0.1 /workspace/simpsons/trunk/server/Index/WScreen/mainMenu.html?timestampForLoad=1465823591350
INFO: [ app_begin ] --START--
INFO: Run Behavior\ReadHtmlCacheBehavior [ RunTime:0.001500s ]
INFO: [ app_begin ] --END-- [ RunTime:0.002000s ]
DEBUG: 
SQL: SHOW COLUMNS FROM `easy_member_user` [ RunTime:0.0020s ]
SQL: SELECT * FROM `easy_member_user` WHERE `openid` = ' OPENID' LIMIT 1   [ RunTime:0.0005s ]
SQL: UPDATE `easy_member_user` SET `photosrc`='http://wx.qlogo.cn/mmopen/g3MonUZtNHkdmzicIlibx6iaFqAc56vxLSUfpb6n5WKSYVY0ChQKkiaJSgQ1dZuTOgvLLrhJbERQQ4eMsv84eavHiaiceqxibJxCfHe/46',`lastmodifytime`='1465823591' WHERE `openid` = ' OPENID' [ RunTime:0.0010s ]
NOTIC: [8] Undefined index: access_token D:\xampp\htdocs\workspace\simpsons\trunk\server\Application\Index\Controller\WechatController.class.php 第 87 行.
NOTIC: [8] Undefined index: access_token D:\xampp\htdocs\workspace\simpsons\trunk\server\Application\Index\Controller\WechatController.class.php 第 91 行.
INFO: [ view_parse ] --START--
INFO: [ template_filter ] --START--
INFO: Run Behavior\ContentReplaceBehavior [ RunTime:0.000000s ]
INFO: [ template_filter ] --END-- [ RunTime:0.000000s ]
INFO: Run Behavior\ParseTemplateBehavior [ RunTime:0.056508s ]
INFO: [ view_parse ] --END-- [ RunTime:0.056508s ]
INFO: [ view_filter ] --START--
INFO: Run Behavior\WriteHtmlCacheBehavior [ RunTime:0.000500s ]
INFO: [ view_filter ] --END-- [ RunTime:0.000500s ]
INFO: [ app_end ] --START--
INFO: Run Behavior\ShowPageTraceBehavior [ RunTime:0.000500s ]
INFO: [ app_end ] --END-- [ RunTime:0.001000s ]

[ 2016-06-13T21:13:11+08:00 ] 127.0.0.1 /workspace/simpsons/trunk/server/index.php/Index/WScreen/index
INFO: [ app_begin ] --START--
INFO: Run Behavior\ReadHtmlCacheBehavior [ RunTime:0.000000s ]
INFO: [ app_begin ] --END-- [ RunTime:0.001000s ]
DEBUG: 
SQL: SHOW COLUMNS FROM `easy_member_user` [ RunTime:0.0030s ]
SQL: SELECT * FROM `easy_member_user` WHERE `openid` = ' OPENID' LIMIT 1   [ RunTime:0.0010s ]
SQL: UPDATE `easy_member_user` SET `photosrc`='http://wx.qlogo.cn/mmopen/g3MonUZtNHkdmzicIlibx6iaFqAc56vxLSUfpb6n5WKSYVY0ChQKkiaJSgQ1dZuTOgvLLrhJbERQQ4eMsv84eavHiaiceqxibJxCfHe/46',`lastmodifytime`='1465823591' WHERE `openid` = ' OPENID' [ RunTime:0.0010s ]
NOTIC: [8] Undefined index: access_token D:\xampp\htdocs\workspace\simpsons\trunk\server\Application\Index\Controller\WechatController.class.php 第 87 行.
NOTIC: [8] Undefined index: access_token D:\xampp\htdocs\workspace\simpsons\trunk\server\Application\Index\Controller\WechatController.class.php 第 91 行.
SQL: SHOW COLUMNS FROM `easy_member_user` [ RunTime:0.0025s ]
SQL: SELECT `phonenumber` FROM `easy_member_user` WHERE ( userid=87 ) LIMIT 1   [ RunTime:0.0005s ]
NOTIC: [8] Undefined index: target D:\xampp\htdocs\workspace\simpsons\trunk\server\Application\Index\Controller\WScreenController.class.php 第 89 行.
NOTIC: [8] Undefined index: parameters D:\xampp\htdocs\workspace\simpsons\trunk\server\Application\Index\Controller\WScreenController.class.php 第 90 行.
INFO: [ view_parse ] --START--
INFO: [ template_filter ] --START--
INFO: Run Behavior\ContentReplaceBehavior [ RunTime:0.001000s ]
INFO: [ template_filter ] --END-- [ RunTime:0.001500s ]
SQL: SHOW COLUMNS FROM `easy_fields` [ RunTime:0.0035s ]
SQL: SELECT * FROM `easy_fields` WHERE `field` = 'title' LIMIT 1   [ RunTime:0.0005s ]
SQL: SELECT * FROM `easy_fields` WHERE `field` = 'description' LIMIT 1   [ RunTime:0.0000s ]
NOTIC: [8] Undefined variable: shareMainURL D:\xampp\htdocs\workspace\simpsons\trunk\server\Application\Runtime\Cache\Index\df8432994391e7b536593266112c85ea.php 第 316 行.
NOTIC: [8] Undefined variable: shareMainURL D:\xampp\htdocs\workspace\simpsons\trunk\server\Application\Runtime\Cache\Index\df8432994391e7b536593266112c85ea.php 第 330 行.
INFO: Run Behavior\ParseTemplateBehavior [ RunTime:0.130516s ]
INFO: [ view_parse ] --END-- [ RunTime:0.130516s ]
INFO: [ view_filter ] --START--
INFO: Run Behavior\WriteHtmlCacheBehavior [ RunTime:0.000500s ]
INFO: [ view_filter ] --END-- [ RunTime:0.000500s ]
INFO: [ app_end ] --START--
INFO: Run Behavior\ShowPageTraceBehavior [ RunTime:0.001000s ]
INFO: [ app_end ] --END-- [ RunTime:0.001000s ]

[ 2016-06-13T21:13:16+08:00 ] 127.0.0.1 /workspace/simpsons/trunk/server/Index/WScreen/mainMenu.html?timestampForLoad=1465823596826
INFO: [ app_begin ] --START--
INFO: Run Behavior\ReadHtmlCacheBehavior [ RunTime:0.000500s ]
INFO: [ app_begin ] --END-- [ RunTime:0.001000s ]
DEBUG: 
SQL: SHOW COLUMNS FROM `easy_member_user` [ RunTime:0.0025s ]
SQL: SELECT * FROM `easy_member_user` WHERE `openid` = ' OPENID' LIMIT 1   [ RunTime:0.0010s ]
SQL: UPDATE `easy_member_user` SET `photosrc`='http://wx.qlogo.cn/mmopen/g3MonUZtNHkdmzicIlibx6iaFqAc56vxLSUfpb6n5WKSYVY0ChQKkiaJSgQ1dZuTOgvLLrhJbERQQ4eMsv84eavHiaiceqxibJxCfHe/46',`lastmodifytime`='1465823596' WHERE `openid` = ' OPENID' [ RunTime:0.0000s ]
NOTIC: [8] Undefined index: access_token D:\xampp\htdocs\workspace\simpsons\trunk\server\Application\Index\Controller\WechatController.class.php 第 87 行.
NOTIC: [8] Undefined index: access_token D:\xampp\htdocs\workspace\simpsons\trunk\server\Application\Index\Controller\WechatController.class.php 第 91 行.
INFO: [ view_parse ] --START--
INFO: [ template_filter ] --START--
INFO: Run Behavior\ContentReplaceBehavior [ RunTime:0.000000s ]
INFO: [ template_filter ] --END-- [ RunTime:0.000000s ]
INFO: Run Behavior\ParseTemplateBehavior [ RunTime:0.008001s ]
INFO: [ view_parse ] --END-- [ RunTime:0.008001s ]
INFO: [ view_filter ] --START--
INFO: Run Behavior\WriteHtmlCacheBehavior [ RunTime:0.000500s ]
INFO: [ view_filter ] --END-- [ RunTime:0.000500s ]
INFO: [ app_end ] --START--
INFO: Run Behavior\ShowPageTraceBehavior [ RunTime:0.000500s ]
INFO: [ app_end ] --END-- [ RunTime:0.000500s ]

[ 2016-06-13T21:13:17+08:00 ] 127.0.0.1 /workspace/simpsons/trunk/server/index.php/Index/WScreen/index
INFO: [ app_begin ] --START--
INFO: Run Behavior\ReadHtmlCacheBehavior [ RunTime:0.000500s ]
INFO: [ app_begin ] --END-- [ RunTime:0.001000s ]
DEBUG: 
SQL: SHOW COLUMNS FROM `easy_member_user` [ RunTime:0.0020s ]
SQL: SELECT * FROM `easy_member_user` WHERE `openid` = ' OPENID' LIMIT 1   [ RunTime:0.0005s ]
SQL: UPDATE `easy_member_user` SET `photosrc`='http://wx.qlogo.cn/mmopen/g3MonUZtNHkdmzicIlibx6iaFqAc56vxLSUfpb6n5WKSYVY0ChQKkiaJSgQ1dZuTOgvLLrhJbERQQ4eMsv84eavHiaiceqxibJxCfHe/46',`lastmodifytime`='1465823596' WHERE `openid` = ' OPENID' [ RunTime:0.0005s ]
NOTIC: [8] Undefined index: access_token D:\xampp\htdocs\workspace\simpsons\trunk\server\Application\Index\Controller\WechatController.class.php 第 87 行.
NOTIC: [8] Undefined index: access_token D:\xampp\htdocs\workspace\simpsons\trunk\server\Application\Index\Controller\WechatController.class.php 第 91 行.
SQL: SHOW COLUMNS FROM `easy_member_user` [ RunTime:0.0020s ]
SQL: SELECT `phonenumber` FROM `easy_member_user` WHERE ( userid=87 ) LIMIT 1   [ RunTime:0.0005s ]
NOTIC: [8] Undefined index: target D:\xampp\htdocs\workspace\simpsons\trunk\server\Application\Index\Controller\WScreenController.class.php 第 89 行.
NOTIC: [8] Undefined index: parameters D:\xampp\htdocs\workspace\simpsons\trunk\server\Application\Index\Controller\WScreenController.class.php 第 90 行.
INFO: [ view_parse ] --START--
INFO: [ template_filter ] --START--
INFO: Run Behavior\ContentReplaceBehavior [ RunTime:0.001500s ]
INFO: [ template_filter ] --END-- [ RunTime:0.001500s ]
SQL: SHOW COLUMNS FROM `easy_fields` [ RunTime:0.0020s ]
SQL: SELECT * FROM `easy_fields` WHERE `field` = 'title' LIMIT 1   [ RunTime:0.0000s ]
SQL: SELECT * FROM `easy_fields` WHERE `field` = 'description' LIMIT 1   [ RunTime:0.0005s ]
NOTIC: [8] Undefined variable: shareMainURL D:\xampp\htdocs\workspace\simpsons\trunk\server\Application\Runtime\Cache\Index\df8432994391e7b536593266112c85ea.php 第 316 行.
NOTIC: [8] Undefined variable: shareMainURL D:\xampp\htdocs\workspace\simpsons\trunk\server\Application\Runtime\Cache\Index\df8432994391e7b536593266112c85ea.php 第 330 行.
INFO: Run Behavior\ParseTemplateBehavior [ RunTime:0.133017s ]
INFO: [ view_parse ] --END-- [ RunTime:0.133017s ]
INFO: [ view_filter ] --START--
INFO: Run Behavior\WriteHtmlCacheBehavior [ RunTime:0.000500s ]
INFO: [ view_filter ] --END-- [ RunTime:0.000500s ]
INFO: [ app_end ] --START--
INFO: Run Behavior\ShowPageTraceBehavior [ RunTime:0.000500s ]
INFO: [ app_end ] --END-- [ RunTime:0.000500s ]

[ 2016-06-13T21:26:26+08:00 ] 127.0.0.1 /workspace/simpsons/trunk/server/index.php/Index/WScreen/index
INFO: [ app_begin ] --START--
INFO: Run Behavior\ReadHtmlCacheBehavior [ RunTime:0.008501s ]
INFO: [ app_begin ] --END-- [ RunTime:0.023503s ]
DEBUG: 
SQL: SHOW COLUMNS FROM `easy_member_user` [ RunTime:0.0035s ]
SQL: SELECT * FROM `easy_member_user` WHERE `openid` = ' OPENID' LIMIT 1   [ RunTime:0.0005s ]
SQL: UPDATE `easy_member_user` SET `photosrc`='http://wx.qlogo.cn/mmopen/g3MonUZtNHkdmzicIlibx6iaFqAc56vxLSUfpb6n5WKSYVY0ChQKkiaJSgQ1dZuTOgvLLrhJbERQQ4eMsv84eavHiaiceqxibJxCfHe/46',`lastmodifytime`='1465824386' WHERE `openid` = ' OPENID' [ RunTime:0.0000s ]
NOTIC: [8] Undefined index: access_token D:\xampp\htdocs\workspace\simpsons\trunk\server\Application\Index\Controller\WechatController.class.php 第 88 行.
NOTIC: [8] Undefined index: access_token D:\xampp\htdocs\workspace\simpsons\trunk\server\Application\Index\Controller\WechatController.class.php 第 92 行.
SQL: SHOW COLUMNS FROM `easy_member_user` [ RunTime:0.0040s ]
SQL: SELECT `phonenumber` FROM `easy_member_user` WHERE ( userid=87 ) LIMIT 1   [ RunTime:0.0005s ]
NOTIC: [8] Undefined index: target D:\xampp\htdocs\workspace\simpsons\trunk\server\Application\Index\Controller\WScreenController.class.php 第 89 行.
NOTIC: [8] Undefined index: parameters D:\xampp\htdocs\workspace\simpsons\trunk\server\Application\Index\Controller\WScreenController.class.php 第 90 行.
INFO: [ view_parse ] --START--
INFO: [ template_filter ] --START--
INFO: Run Behavior\ContentReplaceBehavior [ RunTime:0.001501s ]
INFO: [ template_filter ] --END-- [ RunTime:0.001501s ]
SQL: SHOW COLUMNS FROM `easy_fields` [ RunTime:0.0025s ]
SQL: SELECT * FROM `easy_fields` WHERE `field` = 'title' LIMIT 1   [ RunTime:0.0005s ]
SQL: SELECT * FROM `easy_fields` WHERE `field` = 'description' LIMIT 1   [ RunTime:0.0000s ]
NOTIC: [8] Undefined variable: shareMainURL D:\xampp\htdocs\workspace\simpsons\trunk\server\Application\Runtime\Cache\Index\df8432994391e7b536593266112c85ea.php 第 316 行.
NOTIC: [8] Undefined variable: shareMainURL D:\xampp\htdocs\workspace\simpsons\trunk\server\Application\Runtime\Cache\Index\df8432994391e7b536593266112c85ea.php 第 330 行.
INFO: Run Behavior\ParseTemplateBehavior [ RunTime:0.254532s ]
INFO: [ view_parse ] --END-- [ RunTime:0.254532s ]
INFO: [ view_filter ] --START--
INFO: Run Behavior\WriteHtmlCacheBehavior [ RunTime:0.027004s ]
INFO: [ view_filter ] --END-- [ RunTime:0.027004s ]
INFO: [ app_end ] --START--
INFO: Run Behavior\ShowPageTraceBehavior [ RunTime:0.015502s ]
INFO: [ app_end ] --END-- [ RunTime:0.015502s ]

[ 2016-06-13T21:26:28+08:00 ] 127.0.0.1 /workspace/simpsons/trunk/server/index.php/Index/WScreen/index
INFO: [ app_begin ] --START--
INFO: Run Behavior\ReadHtmlCacheBehavior [ RunTime:0.001500s ]
INFO: [ app_begin ] --END-- [ RunTime:0.002000s ]
DEBUG: 
SQL: SHOW COLUMNS FROM `easy_member_user` [ RunTime:0.0045s ]
SQL: SELECT * FROM `easy_member_user` WHERE `openid` = ' OPENID' LIMIT 1   [ RunTime:0.0005s ]
SQL: UPDATE `easy_member_user` SET `photosrc`='http://wx.qlogo.cn/mmopen/g3MonUZtNHkdmzicIlibx6iaFqAc56vxLSUfpb6n5WKSYVY0ChQKkiaJSgQ1dZuTOgvLLrhJbERQQ4eMsv84eavHiaiceqxibJxCfHe/46',`lastmodifytime`='1465824388' WHERE `openid` = ' OPENID' [ RunTime:0.0005s ]
NOTIC: [8] Undefined index: access_token D:\xampp\htdocs\workspace\simpsons\trunk\server\Application\Index\Controller\WechatController.class.php 第 88 行.
NOTIC: [8] Undefined index: access_token D:\xampp\htdocs\workspace\simpsons\trunk\server\Application\Index\Controller\WechatController.class.php 第 92 行.
SQL: SHOW COLUMNS FROM `easy_member_user` [ RunTime:0.0050s ]
SQL: SELECT `phonenumber` FROM `easy_member_user` WHERE ( userid=87 ) LIMIT 1   [ RunTime:0.0010s ]
NOTIC: [8] Undefined index: target D:\xampp\htdocs\workspace\simpsons\trunk\server\Application\Index\Controller\WScreenController.class.php 第 89 行.
NOTIC: [8] Undefined index: parameters D:\xampp\htdocs\workspace\simpsons\trunk\server\Application\Index\Controller\WScreenController.class.php 第 90 行.
INFO: [ view_parse ] --START--
INFO: [ template_filter ] --START--
INFO: Run Behavior\ContentReplaceBehavior [ RunTime:0.002000s ]
INFO: [ template_filter ] --END-- [ RunTime:0.002000s ]
SQL: SHOW COLUMNS FROM `easy_fields` [ RunTime:0.0040s ]
SQL: SELECT * FROM `easy_fields` WHERE `field` = 'title' LIMIT 1   [ RunTime:0.0005s ]
SQL: SELECT * FROM `easy_fields` WHERE `field` = 'description' LIMIT 1   [ RunTime:0.0000s ]
NOTIC: [8] Undefined variable: shareMainURL D:\xampp\htdocs\workspace\simpsons\trunk\server\Application\Runtime\Cache\Index\df8432994391e7b536593266112c85ea.php 第 316 行.
NOTIC: [8] Undefined variable: shareMainURL D:\xampp\htdocs\workspace\simpsons\trunk\server\Application\Runtime\Cache\Index\df8432994391e7b536593266112c85ea.php 第 330 行.
INFO: Run Behavior\ParseTemplateBehavior [ RunTime:0.288537s ]
INFO: [ view_parse ] --END-- [ RunTime:0.288537s ]
INFO: [ view_filter ] --START--
INFO: Run Behavior\WriteHtmlCacheBehavior [ RunTime:0.001000s ]
INFO: [ view_filter ] --END-- [ RunTime:0.001000s ]
INFO: [ app_end ] --START--
INFO: Run Behavior\ShowPageTraceBehavior [ RunTime:0.001000s ]
INFO: [ app_end ] --END-- [ RunTime:0.001000s ]

[ 2016-06-13T21:55:07+08:00 ] 127.0.0.1 /workspace/simpsons/trunk/server/Index/WScreen/mainMenu.html?timestampForLoad=1465826106895
INFO: [ app_begin ] --START--
INFO: Run Behavior\ReadHtmlCacheBehavior [ RunTime:0.010001s ]
INFO: [ app_begin ] --END-- [ RunTime:0.024503s ]
DEBUG: 
SQL: SHOW COLUMNS FROM `easy_member_user` [ RunTime:0.0140s ]
SQL: SELECT * FROM `easy_member_user` WHERE `openid` = ' OPENID' LIMIT 1   [ RunTime:0.0000s ]
SQL: UPDATE `easy_member_user` SET `photosrc`='http://wx.qlogo.cn/mmopen/g3MonUZtNHkdmzicIlibx6iaFqAc56vxLSUfpb6n5WKSYVY0ChQKkiaJSgQ1dZuTOgvLLrhJbERQQ4eMsv84eavHiaiceqxibJxCfHe/46',`lastmodifytime`='1465826107' WHERE `openid` = ' OPENID' [ RunTime:0.0000s ]
NOTIC: [8] Undefined index: access_token D:\xampp\htdocs\workspace\simpsons\trunk\server\Application\Index\Controller\WechatController.class.php 第 88 行.
NOTIC: [8] Undefined index: access_token D:\xampp\htdocs\workspace\simpsons\trunk\server\Application\Index\Controller\WechatController.class.php 第 92 行.
INFO: [ view_parse ] --START--
INFO: [ template_filter ] --START--
INFO: Run Behavior\ContentReplaceBehavior [ RunTime:0.000000s ]
INFO: [ template_filter ] --END-- [ RunTime:0.000000s ]
INFO: Run Behavior\ParseTemplateBehavior [ RunTime:0.069004s ]
INFO: [ view_parse ] --END-- [ RunTime:0.070004s ]
INFO: [ view_filter ] --START--
INFO: Run Behavior\WriteHtmlCacheBehavior [ RunTime:0.011000s ]
INFO: [ view_filter ] --END-- [ RunTime:0.011000s ]
INFO: [ app_end ] --START--
INFO: Run Behavior\ShowPageTraceBehavior [ RunTime:0.018002s ]
INFO: [ app_end ] --END-- [ RunTime:0.018002s ]

[ 2016-06-13T21:55:08+08:00 ] 127.0.0.1 /workspace/simpsons/trunk/server/index.php/Index/WScreen/index
INFO: [ app_begin ] --START--
INFO: Run Behavior\ReadHtmlCacheBehavior [ RunTime:0.001001s ]
INFO: [ app_begin ] --END-- [ RunTime:0.001001s ]
DEBUG: 
SQL: SHOW COLUMNS FROM `easy_member_user` [ RunTime:0.0030s ]
SQL: SELECT * FROM `easy_member_user` WHERE `openid` = ' OPENID' LIMIT 1   [ RunTime:0.0000s ]
SQL: UPDATE `easy_member_user` SET `photosrc`='http://wx.qlogo.cn/mmopen/g3MonUZtNHkdmzicIlibx6iaFqAc56vxLSUfpb6n5WKSYVY0ChQKkiaJSgQ1dZuTOgvLLrhJbERQQ4eMsv84eavHiaiceqxibJxCfHe/46',`lastmodifytime`='1465826108' WHERE `openid` = ' OPENID' [ RunTime:0.0010s ]
NOTIC: [8] Undefined index: access_token D:\xampp\htdocs\workspace\simpsons\trunk\server\Application\Index\Controller\WechatController.class.php 第 88 行.
NOTIC: [8] Undefined index: access_token D:\xampp\htdocs\workspace\simpsons\trunk\server\Application\Index\Controller\WechatController.class.php 第 92 行.
SQL: SHOW COLUMNS FROM `easy_member_user` [ RunTime:0.0340s ]
SQL: SELECT `phonenumber` FROM `easy_member_user` WHERE ( userid=87 ) LIMIT 1   [ RunTime:0.0010s ]
NOTIC: [8] Undefined index: target D:\xampp\htdocs\workspace\simpsons\trunk\server\Application\Index\Controller\WScreenController.class.php 第 89 行.
NOTIC: [8] Undefined index: parameters D:\xampp\htdocs\workspace\simpsons\trunk\server\Application\Index\Controller\WScreenController.class.php 第 90 行.
INFO: [ view_parse ] --START--
INFO: [ template_filter ] --START--
INFO: Run Behavior\ContentReplaceBehavior [ RunTime:0.001000s ]
INFO: [ template_filter ] --END-- [ RunTime:0.001000s ]
SQL: SHOW COLUMNS FROM `easy_fields` [ RunTime:0.0130s ]
SQL: SELECT * FROM `easy_fields` WHERE `field` = 'title' LIMIT 1   [ RunTime:0.0010s ]
SQL: SELECT * FROM `easy_fields` WHERE `field` = 'description' LIMIT 1   [ RunTime:0.0000s ]
NOTIC: [8] Undefined variable: shareMainURL D:\xampp\htdocs\workspace\simpsons\trunk\server\Application\Runtime\Cache\Index\df8432994391e7b536593266112c85ea.php 第 316 行.
NOTIC: [8] Undefined variable: shareMainURL D:\xampp\htdocs\workspace\simpsons\trunk\server\Application\Runtime\Cache\Index\df8432994391e7b536593266112c85ea.php 第 330 行.
INFO: Run Behavior\ParseTemplateBehavior [ RunTime:0.194011s ]
INFO: [ view_parse ] --END-- [ RunTime:0.195011s ]
INFO: [ view_filter ] --START--
INFO: Run Behavior\WriteHtmlCacheBehavior [ RunTime:0.000000s ]
INFO: [ view_filter ] --END-- [ RunTime:0.000000s ]
INFO: [ app_end ] --START--
INFO: Run Behavior\ShowPageTraceBehavior [ RunTime:0.001000s ]
INFO: [ app_end ] --END-- [ RunTime:0.001000s ]

[ 2016-06-13T21:55:10+08:00 ] 127.0.0.1 /workspace/simpsons/trunk/server/Index/WScreen/mainMenu.html?timestampForLoad=1465826109894
INFO: [ app_begin ] --START--
INFO: Run Behavior\ReadHtmlCacheBehavior [ RunTime:0.001000s ]
INFO: [ app_begin ] --END-- [ RunTime:0.001000s ]
DEBUG: 
SQL: SHOW COLUMNS FROM `easy_member_user` [ RunTime:0.0020s ]
SQL: SELECT * FROM `easy_member_user` WHERE `openid` = ' OPENID' LIMIT 1   [ RunTime:0.0010s ]
SQL: UPDATE `easy_member_user` SET `photosrc`='http://wx.qlogo.cn/mmopen/g3MonUZtNHkdmzicIlibx6iaFqAc56vxLSUfpb6n5WKSYVY0ChQKkiaJSgQ1dZuTOgvLLrhJbERQQ4eMsv84eavHiaiceqxibJxCfHe/46',`lastmodifytime`='1465826109' WHERE `openid` = ' OPENID' [ RunTime:0.0000s ]
NOTIC: [8] Undefined index: access_token D:\xampp\htdocs\workspace\simpsons\trunk\server\Application\Index\Controller\WechatController.class.php 第 88 行.
NOTIC: [8] Undefined index: access_token D:\xampp\htdocs\workspace\simpsons\trunk\server\Application\Index\Controller\WechatController.class.php 第 92 行.
INFO: [ view_parse ] --START--
INFO: [ template_filter ] --START--
INFO: Run Behavior\ContentReplaceBehavior [ RunTime:0.001000s ]
INFO: [ template_filter ] --END-- [ RunTime:0.001000s ]
INFO: Run Behavior\ParseTemplateBehavior [ RunTime:0.006000s ]
INFO: [ view_parse ] --END-- [ RunTime:0.006000s ]
INFO: [ view_filter ] --START--
INFO: Run Behavior\WriteHtmlCacheBehavior [ RunTime:0.000000s ]
INFO: [ view_filter ] --END-- [ RunTime:0.001000s ]
INFO: [ app_end ] --START--
INFO: Run Behavior\ShowPageTraceBehavior [ RunTime:0.001000s ]
INFO: [ app_end ] --END-- [ RunTime:0.001000s ]

[ 2016-06-13T21:55:10+08:00 ] 127.0.0.1 /workspace/simpsons/trunk/server/index.php/Index/WScreen/index
INFO: [ app_begin ] --START--
INFO: Run Behavior\ReadHtmlCacheBehavior [ RunTime:0.000000s ]
INFO: [ app_begin ] --END-- [ RunTime:0.001000s ]
DEBUG: 
SQL: SHOW COLUMNS FROM `easy_member_user` [ RunTime:0.0030s ]
SQL: SELECT * FROM `easy_member_user` WHERE `openid` = ' OPENID' LIMIT 1   [ RunTime:0.0010s ]
SQL: UPDATE `easy_member_user` SET `photosrc`='http://wx.qlogo.cn/mmopen/g3MonUZtNHkdmzicIlibx6iaFqAc56vxLSUfpb6n5WKSYVY0ChQKkiaJSgQ1dZuTOgvLLrhJbERQQ4eMsv84eavHiaiceqxibJxCfHe/46',`lastmodifytime`='1465826110' WHERE `openid` = ' OPENID' [ RunTime:0.0010s ]
NOTIC: [8] Undefined index: access_token D:\xampp\htdocs\workspace\simpsons\trunk\server\Application\Index\Controller\WechatController.class.php 第 88 行.
NOTIC: [8] Undefined index: access_token D:\xampp\htdocs\workspace\simpsons\trunk\server\Application\Index\Controller\WechatController.class.php 第 92 行.
SQL: SHOW COLUMNS FROM `easy_member_user` [ RunTime:0.0030s ]
SQL: SELECT `phonenumber` FROM `easy_member_user` WHERE ( userid=87 ) LIMIT 1   [ RunTime:0.0010s ]
NOTIC: [8] Undefined index: target D:\xampp\htdocs\workspace\simpsons\trunk\server\Application\Index\Controller\WScreenController.class.php 第 89 行.
NOTIC: [8] Undefined index: parameters D:\xampp\htdocs\workspace\simpsons\trunk\server\Application\Index\Controller\WScreenController.class.php 第 90 行.
INFO: [ view_parse ] --START--
INFO: [ template_filter ] --START--
INFO: Run Behavior\ContentReplaceBehavior [ RunTime:0.001000s ]
INFO: [ template_filter ] --END-- [ RunTime:0.001000s ]
SQL: SHOW COLUMNS FROM `easy_fields` [ RunTime:0.0020s ]
SQL: SELECT * FROM `easy_fields` WHERE `field` = 'title' LIMIT 1   [ RunTime:0.0010s ]
SQL: SELECT * FROM `easy_fields` WHERE `field` = 'description' LIMIT 1   [ RunTime:0.0010s ]
NOTIC: [8] Undefined variable: shareMainURL D:\xampp\htdocs\workspace\simpsons\trunk\server\Application\Runtime\Cache\Index\df8432994391e7b536593266112c85ea.php 第 316 行.
NOTIC: [8] Undefined variable: shareMainURL D:\xampp\htdocs\workspace\simpsons\trunk\server\Application\Runtime\Cache\Index\df8432994391e7b536593266112c85ea.php 第 330 行.
INFO: Run Behavior\ParseTemplateBehavior [ RunTime:0.128007s ]
INFO: [ view_parse ] --END-- [ RunTime:0.128007s ]
INFO: [ view_filter ] --START--
INFO: Run Behavior\WriteHtmlCacheBehavior [ RunTime:0.001000s ]
INFO: [ view_filter ] --END-- [ RunTime:0.001000s ]
INFO: [ app_end ] --START--
INFO: Run Behavior\ShowPageTraceBehavior [ RunTime:0.001001s ]
INFO: [ app_end ] --END-- [ RunTime:0.001001s ]

[ 2016-06-13T21:55:12+08:00 ] 127.0.0.1 /workspace/simpsons/trunk/server/Index/WScreen/personalInfoPopup.html?timestampForLoad=1465826112156
INFO: [ app_begin ] --START--
INFO: Run Behavior\ReadHtmlCacheBehavior [ RunTime:0.001000s ]
INFO: [ app_begin ] --END-- [ RunTime:0.001000s ]
DEBUG: 
SQL: SHOW COLUMNS FROM `easy_member_user` [ RunTime:0.0380s ]
SQL: SELECT * FROM `easy_member_user` WHERE `openid` = ' OPENID' LIMIT 1   [ RunTime:0.0010s ]
SQL: UPDATE `easy_member_user` SET `photosrc`='http://wx.qlogo.cn/mmopen/g3MonUZtNHkdmzicIlibx6iaFqAc56vxLSUfpb6n5WKSYVY0ChQKkiaJSgQ1dZuTOgvLLrhJbERQQ4eMsv84eavHiaiceqxibJxCfHe/46',`lastmodifytime`='1465826112' WHERE `openid` = ' OPENID' [ RunTime:0.0010s ]
NOTIC: [8] Undefined index: access_token D:\xampp\htdocs\workspace\simpsons\trunk\server\Application\Index\Controller\WechatController.class.php 第 88 行.
NOTIC: [8] Undefined index: access_token D:\xampp\htdocs\workspace\simpsons\trunk\server\Application\Index\Controller\WechatController.class.php 第 92 行.
SQL: SHOW COLUMNS FROM `easy_member_user` [ RunTime:0.0030s ]
SQL: SELECT * FROM `easy_member_user` WHERE ( userid=87 ) LIMIT 1   [ RunTime:0.0000s ]
INFO: [ view_parse ] --START--
INFO: [ template_filter ] --START--
INFO: Run Behavior\ContentReplaceBehavior [ RunTime:0.000000s ]
INFO: [ template_filter ] --END-- [ RunTime:0.000000s ]
INFO: Run Behavior\ParseTemplateBehavior [ RunTime:0.066004s ]
INFO: [ view_parse ] --END-- [ RunTime:0.066004s ]
INFO: [ view_filter ] --START--
INFO: Run Behavior\WriteHtmlCacheBehavior [ RunTime:0.001000s ]
INFO: [ view_filter ] --END-- [ RunTime:0.001000s ]
INFO: [ view_parse ] --START--
INFO: [ template_filter ] --START--
INFO: Run Behavior\ContentReplaceBehavior [ RunTime:0.000000s ]
INFO: [ template_filter ] --END-- [ RunTime:-0.053003s ]
INFO: Run Behavior\ParseTemplateBehavior [ RunTime:0.037002s ]
INFO: [ view_parse ] --END-- [ RunTime:-0.008001s ]
INFO: [ view_filter ] --START--
INFO: Run Behavior\WriteHtmlCacheBehavior [ RunTime:0.000000s ]
INFO: [ view_filter ] --END-- [ RunTime:-0.044003s ]
INFO: [ app_end ] --START--
INFO: Run Behavior\ShowPageTraceBehavior [ RunTime:0.001000s ]
INFO: [ app_end ] --END-- [ RunTime:0.001000s ]

[ 2016-06-13T21:55:13+08:00 ] 127.0.0.1 /workspace/simpsons/trunk/server/index.php/Index/WScreen/index
INFO: [ app_begin ] --START--
INFO: Run Behavior\ReadHtmlCacheBehavior [ RunTime:0.001000s ]
INFO: [ app_begin ] --END-- [ RunTime:0.002000s ]
DEBUG: 
SQL: SHOW COLUMNS FROM `easy_member_user` [ RunTime:0.0030s ]
SQL: SELECT * FROM `easy_member_user` WHERE `openid` = ' OPENID' LIMIT 1   [ RunTime:0.0000s ]
SQL: UPDATE `easy_member_user` SET `photosrc`='http://wx.qlogo.cn/mmopen/g3MonUZtNHkdmzicIlibx6iaFqAc56vxLSUfpb6n5WKSYVY0ChQKkiaJSgQ1dZuTOgvLLrhJbERQQ4eMsv84eavHiaiceqxibJxCfHe/46',`lastmodifytime`='1465826113' WHERE `openid` = ' OPENID' [ RunTime:0.0000s ]
NOTIC: [8] Undefined index: access_token D:\xampp\htdocs\workspace\simpsons\trunk\server\Application\Index\Controller\WechatController.class.php 第 88 行.
NOTIC: [8] Undefined index: access_token D:\xampp\htdocs\workspace\simpsons\trunk\server\Application\Index\Controller\WechatController.class.php 第 92 行.
SQL: SHOW COLUMNS FROM `easy_member_user` [ RunTime:0.0030s ]
SQL: SELECT `phonenumber` FROM `easy_member_user` WHERE ( userid=87 ) LIMIT 1   [ RunTime:0.0000s ]
NOTIC: [8] Undefined index: target D:\xampp\htdocs\workspace\simpsons\trunk\server\Application\Index\Controller\WScreenController.class.php 第 89 行.
NOTIC: [8] Undefined index: parameters D:\xampp\htdocs\workspace\simpsons\trunk\server\Application\Index\Controller\WScreenController.class.php 第 90 行.
INFO: [ view_parse ] --START--
INFO: [ template_filter ] --START--
INFO: Run Behavior\ContentReplaceBehavior [ RunTime:0.001000s ]
INFO: [ template_filter ] --END-- [ RunTime:0.001000s ]
SQL: SHOW COLUMNS FROM `easy_fields` [ RunTime:0.0030s ]
SQL: SELECT * FROM `easy_fields` WHERE `field` = 'title' LIMIT 1   [ RunTime:0.0000s ]
SQL: SELECT * FROM `easy_fields` WHERE `field` = 'description' LIMIT 1   [ RunTime:0.0010s ]
NOTIC: [8] Undefined variable: shareMainURL D:\xampp\htdocs\workspace\simpsons\trunk\server\Application\Runtime\Cache\Index\df8432994391e7b536593266112c85ea.php 第 316 行.
NOTIC: [8] Undefined variable: shareMainURL D:\xampp\htdocs\workspace\simpsons\trunk\server\Application\Runtime\Cache\Index\df8432994391e7b536593266112c85ea.php 第 330 行.
INFO: Run Behavior\ParseTemplateBehavior [ RunTime:0.133008s ]
INFO: [ view_parse ] --END-- [ RunTime:0.133008s ]
INFO: [ view_filter ] --START--
INFO: Run Behavior\WriteHtmlCacheBehavior [ RunTime:0.001000s ]
INFO: [ view_filter ] --END-- [ RunTime:0.001000s ]
INFO: [ app_end ] --START--
INFO: Run Behavior\ShowPageTraceBehavior [ RunTime:0.002000s ]
INFO: [ app_end ] --END-- [ RunTime:0.002000s ]

[ 2016-06-13T22:11:46+08:00 ] 127.0.0.1 /workspace/simpsons/trunk/server/index.php/Index/WScreen/index
INFO: [ app_begin ] --START--
INFO: Run Behavior\ReadHtmlCacheBehavior [ RunTime:0.000500s ]
INFO: [ app_begin ] --END-- [ RunTime:0.001000s ]
DEBUG: 
SQL: SHOW COLUMNS FROM `easy_member_user` [ RunTime:0.0140s ]
SQL: SELECT * FROM `easy_member_user` WHERE `openid` = ' OPENID' LIMIT 1   [ RunTime:0.0000s ]
SQL: UPDATE `easy_member_user` SET `photosrc`='http://wx.qlogo.cn/mmopen/g3MonUZtNHkdmzicIlibx6iaFqAc56vxLSUfpb6n5WKSYVY0ChQKkiaJSgQ1dZuTOgvLLrhJbERQQ4eMsv84eavHiaiceqxibJxCfHe/46',`lastmodifytime`='1465827106' WHERE `openid` = ' OPENID' [ RunTime:0.0000s ]
NOTIC: [8] Undefined index: access_token D:\xampp\htdocs\workspace\simpsons\trunk\server\Application\Index\Controller\WechatController.class.php 第 88 行.
NOTIC: [8] Undefined index: access_token D:\xampp\htdocs\workspace\simpsons\trunk\server\Application\Index\Controller\WechatController.class.php 第 92 行.
SQL: SHOW COLUMNS FROM `easy_member_user` [ RunTime:0.0130s ]
SQL: SELECT `phonenumber` FROM `easy_member_user` WHERE ( userid=87 ) LIMIT 1   [ RunTime:0.0000s ]
NOTIC: [8] Undefined index: target D:\xampp\htdocs\workspace\simpsons\trunk\server\Application\Index\Controller\WScreenController.class.php 第 90 行.
NOTIC: [8] Undefined index: parameters D:\xampp\htdocs\workspace\simpsons\trunk\server\Application\Index\Controller\WScreenController.class.php 第 91 行.
INFO: [ view_parse ] --START--
INFO: [ template_filter ] --START--
INFO: Run Behavior\ContentReplaceBehavior [ RunTime:0.001000s ]
INFO: [ template_filter ] --END-- [ RunTime:0.001000s ]
SQL: SHOW COLUMNS FROM `easy_fields` [ RunTime:0.0035s ]
SQL: SELECT * FROM `easy_fields` WHERE `field` = 'title' LIMIT 1   [ RunTime:0.0005s ]
SQL: SELECT * FROM `easy_fields` WHERE `field` = 'description' LIMIT 1   [ RunTime:0.0005s ]
NOTIC: [8] Undefined variable: shareMainURL D:\xampp\htdocs\workspace\simpsons\trunk\server\Application\Runtime\Cache\Index\df8432994391e7b536593266112c85ea.php 第 316 行.
NOTIC: [8] Undefined variable: shareMainURL D:\xampp\htdocs\workspace\simpsons\trunk\server\Application\Runtime\Cache\Index\df8432994391e7b536593266112c85ea.php 第 330 行.
INFO: Run Behavior\ParseTemplateBehavior [ RunTime:0.137017s ]
INFO: [ view_parse ] --END-- [ RunTime:0.137017s ]
INFO: [ view_filter ] --START--
INFO: Run Behavior\WriteHtmlCacheBehavior [ RunTime:0.000500s ]
INFO: [ view_filter ] --END-- [ RunTime:0.001000s ]
INFO: [ app_end ] --START--
INFO: Run Behavior\ShowPageTraceBehavior [ RunTime:0.001000s ]
INFO: [ app_end ] --END-- [ RunTime:0.001000s ]

[ 2016-06-13T22:11:49+08:00 ] 127.0.0.1 /workspace/simpsons/trunk/server/index.php/Index/WScreen/index
INFO: [ app_begin ] --START--
INFO: Run Behavior\ReadHtmlCacheBehavior [ RunTime:0.001501s ]
INFO: [ app_begin ] --END-- [ RunTime:0.002501s ]
DEBUG: 
SQL: SHOW COLUMNS FROM `easy_member_user` [ RunTime:0.0060s ]
SQL: SELECT * FROM `easy_member_user` WHERE `openid` = ' OPENID' LIMIT 1   [ RunTime:0.0005s ]
SQL: UPDATE `easy_member_user` SET `photosrc`='http://wx.qlogo.cn/mmopen/g3MonUZtNHkdmzicIlibx6iaFqAc56vxLSUfpb6n5WKSYVY0ChQKkiaJSgQ1dZuTOgvLLrhJbERQQ4eMsv84eavHiaiceqxibJxCfHe/46',`lastmodifytime`='1465827108' WHERE `openid` = ' OPENID' [ RunTime:0.0005s ]
NOTIC: [8] Undefined index: access_token D:\xampp\htdocs\workspace\simpsons\trunk\server\Application\Index\Controller\WechatController.class.php 第 88 行.
NOTIC: [8] Undefined index: access_token D:\xampp\htdocs\workspace\simpsons\trunk\server\Application\Index\Controller\WechatController.class.php 第 92 行.
SQL: SHOW COLUMNS FROM `easy_member_user` [ RunTime:0.1120s ]
SQL: SELECT `phonenumber` FROM `easy_member_user` WHERE ( userid=87 ) LIMIT 1   [ RunTime:0.0005s ]
NOTIC: [8] Undefined index: target D:\xampp\htdocs\workspace\simpsons\trunk\server\Application\Index\Controller\WScreenController.class.php 第 90 行.
NOTIC: [8] Undefined index: parameters D:\xampp\htdocs\workspace\simpsons\trunk\server\Application\Index\Controller\WScreenController.class.php 第 91 行.
INFO: [ view_parse ] --START--
INFO: [ template_filter ] --START--
INFO: Run Behavior\ContentReplaceBehavior [ RunTime:0.001500s ]
INFO: [ template_filter ] --END-- [ RunTime:0.001500s ]
SQL: SHOW COLUMNS FROM `easy_fields` [ RunTime:0.0045s ]
SQL: SELECT * FROM `easy_fields` WHERE `field` = 'title' LIMIT 1   [ RunTime:0.0015s ]
SQL: SELECT * FROM `easy_fields` WHERE `field` = 'description' LIMIT 1   [ RunTime:0.0005s ]
NOTIC: [8] Undefined variable: shareMainURL D:\xampp\htdocs\workspace\simpsons\trunk\server\Application\Runtime\Cache\Index\df8432994391e7b536593266112c85ea.php 第 316 行.
NOTIC: [8] Undefined variable: shareMainURL D:\xampp\htdocs\workspace\simpsons\trunk\server\Application\Runtime\Cache\Index\df8432994391e7b536593266112c85ea.php 第 330 行.
INFO: Run Behavior\ParseTemplateBehavior [ RunTime:0.157020s ]
INFO: [ view_parse ] --END-- [ RunTime:0.157520s ]
INFO: [ view_filter ] --START--
INFO: Run Behavior\WriteHtmlCacheBehavior [ RunTime:0.000500s ]
INFO: [ view_filter ] --END-- [ RunTime:0.000500s ]
INFO: [ app_end ] --START--
INFO: Run Behavior\ShowPageTraceBehavior [ RunTime:0.001001s ]
INFO: [ app_end ] --END-- [ RunTime:0.001001s ]

[ 2016-06-13T22:11:55+08:00 ] 127.0.0.1 /workspace/simpsons/trunk/server/Index/WScreen/mainMenu.html?timestampForLoad=1465827115475
INFO: [ app_begin ] --START--
INFO: Run Behavior\ReadHtmlCacheBehavior [ RunTime:0.000500s ]
INFO: [ app_begin ] --END-- [ RunTime:0.001500s ]
DEBUG: 
SQL: SHOW COLUMNS FROM `easy_member_user` [ RunTime:0.0025s ]
SQL: SELECT * FROM `easy_member_user` WHERE `openid` = ' OPENID' LIMIT 1   [ RunTime:0.0005s ]
SQL: UPDATE `easy_member_user` SET `photosrc`='http://wx.qlogo.cn/mmopen/g3MonUZtNHkdmzicIlibx6iaFqAc56vxLSUfpb6n5WKSYVY0ChQKkiaJSgQ1dZuTOgvLLrhJbERQQ4eMsv84eavHiaiceqxibJxCfHe/46',`lastmodifytime`='1465827115' WHERE `openid` = ' OPENID' [ RunTime:0.0000s ]
NOTIC: [8] Undefined index: access_token D:\xampp\htdocs\workspace\simpsons\trunk\server\Application\Index\Controller\WechatController.class.php 第 88 行.
NOTIC: [8] Undefined index: access_token D:\xampp\htdocs\workspace\simpsons\trunk\server\Application\Index\Controller\WechatController.class.php 第 92 行.
INFO: [ view_parse ] --START--
INFO: [ template_filter ] --START--
INFO: Run Behavior\ContentReplaceBehavior [ RunTime:0.000000s ]
INFO: [ template_filter ] --END-- [ RunTime:0.000000s ]
INFO: Run Behavior\ParseTemplateBehavior [ RunTime:0.011001s ]
INFO: [ view_parse ] --END-- [ RunTime:0.011501s ]
INFO: [ view_filter ] --START--
INFO: Run Behavior\WriteHtmlCacheBehavior [ RunTime:0.000500s ]
INFO: [ view_filter ] --END-- [ RunTime:0.000500s ]
INFO: [ app_end ] --START--
INFO: Run Behavior\ShowPageTraceBehavior [ RunTime:0.001000s ]
INFO: [ app_end ] --END-- [ RunTime:0.001000s ]

[ 2016-06-13T22:11:55+08:00 ] 127.0.0.1 /workspace/simpsons/trunk/server/index.php/Index/WScreen/index
INFO: [ app_begin ] --START--
INFO: Run Behavior\ReadHtmlCacheBehavior [ RunTime:0.000500s ]
INFO: [ app_begin ] --END-- [ RunTime:0.001000s ]
DEBUG: 
SQL: SHOW COLUMNS FROM `easy_member_user` [ RunTime:0.0055s ]
SQL: SELECT * FROM `easy_member_user` WHERE `openid` = ' OPENID' LIMIT 1   [ RunTime:0.0020s ]
SQL: UPDATE `easy_member_user` SET `photosrc`='http://wx.qlogo.cn/mmopen/g3MonUZtNHkdmzicIlibx6iaFqAc56vxLSUfpb6n5WKSYVY0ChQKkiaJSgQ1dZuTOgvLLrhJbERQQ4eMsv84eavHiaiceqxibJxCfHe/46',`lastmodifytime`='1465827115' WHERE `openid` = ' OPENID' [ RunTime:0.0015s ]
NOTIC: [8] Undefined index: access_token D:\xampp\htdocs\workspace\simpsons\trunk\server\Application\Index\Controller\WechatController.class.php 第 88 行.
NOTIC: [8] Undefined index: access_token D:\xampp\htdocs\workspace\simpsons\trunk\server\Application\Index\Controller\WechatController.class.php 第 92 行.
SQL: SHOW COLUMNS FROM `easy_member_user` [ RunTime:0.0030s ]
SQL: SELECT `phonenumber` FROM `easy_member_user` WHERE ( userid=87 ) LIMIT 1   [ RunTime:0.0005s ]
NOTIC: [8] Undefined index: target D:\xampp\htdocs\workspace\simpsons\trunk\server\Application\Index\Controller\WScreenController.class.php 第 90 行.
NOTIC: [8] Undefined index: parameters D:\xampp\htdocs\workspace\simpsons\trunk\server\Application\Index\Controller\WScreenController.class.php 第 91 行.
INFO: [ view_parse ] --START--
INFO: [ template_filter ] --START--
INFO: Run Behavior\ContentReplaceBehavior [ RunTime:0.000500s ]
INFO: [ template_filter ] --END-- [ RunTime:0.001500s ]
SQL: SHOW COLUMNS FROM `easy_fields` [ RunTime:0.0025s ]
SQL: SELECT * FROM `easy_fields` WHERE `field` = 'title' LIMIT 1   [ RunTime:0.0000s ]
SQL: SELECT * FROM `easy_fields` WHERE `field` = 'description' LIMIT 1   [ RunTime:0.0005s ]
NOTIC: [8] Undefined variable: shareMainURL D:\xampp\htdocs\workspace\simpsons\trunk\server\Application\Runtime\Cache\Index\df8432994391e7b536593266112c85ea.php 第 316 行.
NOTIC: [8] Undefined variable: shareMainURL D:\xampp\htdocs\workspace\simpsons\trunk\server\Application\Runtime\Cache\Index\df8432994391e7b536593266112c85ea.php 第 330 行.
INFO: Run Behavior\ParseTemplateBehavior [ RunTime:0.144018s ]
INFO: [ view_parse ] --END-- [ RunTime:0.144518s ]
INFO: [ view_filter ] --START--
INFO: Run Behavior\WriteHtmlCacheBehavior [ RunTime:0.000500s ]
INFO: [ view_filter ] --END-- [ RunTime:0.000500s ]
INFO: [ app_end ] --START--
INFO: Run Behavior\ShowPageTraceBehavior [ RunTime:0.001000s ]
INFO: [ app_end ] --END-- [ RunTime:0.001000s ]

[ 2016-06-13T22:12:38+08:00 ] 127.0.0.1 /workspace/simpsons/trunk/server/index.php/Index/WScreen/index
INFO: [ app_begin ] --START--
INFO: Run Behavior\ReadHtmlCacheBehavior [ RunTime:0.001000s ]
INFO: [ app_begin ] --END-- [ RunTime:0.001501s ]

[ 2016-06-13T22:12:52+08:00 ] 127.0.0.1 /workspace/simpsons/trunk/server/index.php/Index/WScreen/index
INFO: [ app_begin ] --START--
INFO: Run Behavior\ReadHtmlCacheBehavior [ RunTime:0.000500s ]
INFO: [ app_begin ] --END-- [ RunTime:0.001000s ]

[ 2016-06-13T22:13:26+08:00 ] 127.0.0.1 /workspace/simpsons/trunk/server/index.php/Index/WScreen/index
INFO: [ app_begin ] --START--
INFO: Run Behavior\ReadHtmlCacheBehavior [ RunTime:0.000500s ]
INFO: [ app_begin ] --END-- [ RunTime:0.001500s ]

[ 2016-06-13T22:13:28+08:00 ] 127.0.0.1 /workspace/simpsons/trunk/server/index.php/Index/WScreen/index
INFO: [ app_begin ] --START--
INFO: Run Behavior\ReadHtmlCacheBehavior [ RunTime:0.000500s ]
INFO: [ app_begin ] --END-- [ RunTime:0.000500s ]

